[Trace]
AppStart24649156=21131123-15:26:35 : APP StartDLL() 1.1.0.10(build20210909)
21131123-15:26:35:24649187=Enter API ASD_Allocate_Scope() Port[0x0000000A]  Ver=1.1.0.10(build20210909)
21131123-15:26:35:24649281=Port Allocated OK!
21131123-15:26:35:24649296=Enter API ASD_Open_COMM_HCTL() Com[10]
21131123-15:26:35:24649328=DDBUG CCOMM_THREAD::start_thread  1
21131123-15:26:35:24649343=S2 COMM_HCTL::Com_Thread_Start() enter loop......

21131123-15:26:35:24649359=Enter CASD_SCOPE::SetCommObject()
21131123-15:26:35:24649406=initCommScope(): Dev(3, 7, 0), ScoptType=501, CH_Size=8, 
21131123-15:26:35:24649437=Scope_Second=1, Base_Second=20, nBufSize=160001, new_dDSP_Data_Ts=0.125000, strTimeFormat=%0.3f(ms)
21131123-15:26:35:24649453=Enter CASD_SCOPE::Scope_Write_Settings() 
21131123-15:26:35:24649468=Enter CSCOPE_WORKER::Scope_Write_Setting_Before_Run() 
21131123-15:26:35:24649484=Enter CSCOPE_COMM::resetScpComm()
21131123-15:26:35:24649500=COMM_HCT::SetScopeDecoder
21131123-15:26:35:24649531=Enter CSCOPE_COMM::resetScpComm() OK
21131123-15:26:35:24649546=CH[1] is 32Bit=1, CmdVal=0x0C698
21131123-15:26:35:24649578=CH[2] is 32Bit=1, CmdVal=0x0C69A
21131123-15:26:35:24649593=CH[3] is 32Bit=1, CmdVal=0x0C698
21131123-15:26:35:24649609=CH[4] is 32Bit=1, CmdVal=0x0C69A
21131123-15:26:35:24649625=CH[5] is 32Bit=1, CmdVal=0x0C69C
21131123-15:26:35:24649640=CH[6] is 32Bit=1, CmdVal=0x0C6AA
21131123-15:26:35:24649656=CH[7] is 32Bit=1, CmdVal=0x0C69C
21131123-15:26:35:24649671=Enter CSCOPE_WORKER::Arrange_CH_32bit() OK
21131123-15:26:35:24649687=Sample rate=8000, ScopeTimeSec=1, PM_Data_Size=800, 
21131123-15:26:35:24649703=CSCOPE_PACKET_PARSER::initAllocation(8)
21131123-15:26:35:24649718=Enter CScope_Decoder::Setup_Paraer()
21131123-15:26:35:24649734=Decide_CH_Get_Func() : CH[0] b32=1, CH_DataType=2 
21131123-15:26:35:24649750=Decide_CH_Get_Func() : CH[1] b32=1, CH_DataType=2
21131123-15:26:35:24649765=Decide_CH_Get_Func() : CH[2] b32=1, CH_DataType=2
21131123-15:26:35:24649781=Decide_CH_Get_Func() : CH[3] b32=1, CH_DataType=2
21131123-15:26:35:24649796=Decide_CH_Get_Func() : CH[4] b32=1, CH_DataType=2
21131123-15:26:35:24649812=Decide_CH_Get_Func() : CH[5] b32=1, CH_DataType=2
21131123-15:26:35:24649828=Decide_CH_Get_Func() : CH[6] b32=1, CH_DataType=2
21131123-15:26:35:24649843=Enter CScope_Decoder::resetScpDecoder() OK
21131123-15:26:35:24649859=   call m_pScpCom->WriteScopeCmd_Start()
21131123-15:26:35:24649875=CH1 P0-4 nCmdVal=0xC698(50840)

21131123-15:26:35:24649890=Enter COMM_HCT::Write_N_RTU()
21131123-15:26:35:24649906=CH2 P0-6 nCmdVal=0xC69A(50842)

21131123-15:26:35:24649921=Enter COMM_HCT::Write_N_RTU()
21131123-15:26:35:24649937=CH3 P0-5 nCmdVal=0xC698(50840)

21131123-15:26:35:24649953=Enter COMM_HCT::Write_N_RTU()
21131123-15:26:35:24649968=Enter COMM_HCT::Write_N_RTU()

21131123-15:26:35:24649984=CH5 P0-65 nCmdVal=0xC69C(50844)

21131123-15:26:35:24650000=CH6 P0-67 nCmdVal=0xC6AA(50858)

21131123-15:26:35:24650015=Enter COMM_HCT::Write_N_RTU()
21131123-15:26:35:24650031=Enter COMM_HCT::Write_N_RTU()

21131123-15:26:35:24650046=CH8 P0-68 nCmdVal=0xC6AA(50858)

21131123-15:26:35:24650062=Enter COMM_HCT::Write_N_RTU()
21131123-15:26:35:24650078=Enter CSCOPE_COMM::Write_CH_Cmd() OK
21131123-15:26:35:24650093=Enter CSCOPE_WORKER::WriteScopeCmd_Start() OK
21131123-15:26:35:24650109=Enter CASD_SCOPE::Scope_Run() OK! 
21131123-15:26:36:24650125=Enter API ASD_Scope_Run() OK
