[Trace]
AppStart182170078=21130316-10:40:13 : APP StartDLL() 1.1.0.10(build20210909)
21130316-10:40:13:182170093=Enter API ASD_Allocate_Scope() Port[0x0000000C]  Ver=1.1.0.10(build20210909)
21130316-10:40:13:182170156=Port Allocated OK!
21130316-10:40:13:182170171=Enter API ASD_Open_COMM_HCTL() Com[12]
21130316-10:40:13:182170187=DDBUG CCOMM_THREAD::start_thread  1
21130316-10:40:13:182170218=S2 COMM_HCTL::Com_Thread_Start() enter loop......

21130316-10:40:13:182170234=Enter CASD_SCOPE::SetCommObject()
21130316-10:40:13:182170296=initCommScope(): Dev(3, 7, 0), ScoptType=501, CH_Size=8, 
21130316-10:40:13:182170312=Scope_Second=1, Base_Second=20, nBufSize=160001, new_dDSP_Data_Ts=0.125000, strTimeFormat=%0.3f(ms)
21130316-10:40:14:182170328=Enter CASD_SCOPE::Scope_Write_Settings() 
21130316-10:40:14:182170343=Enter CSCOPE_WORKER::Scope_Write_Setting_Before_Run() 
21130316-10:40:14:182170359=Enter CSCOPE_COMM::resetScpComm()
21130316-10:40:14:182170375=COMM_HCT::SetScopeDecoder
21130316-10:40:14:182170390=Enter CSCOPE_COMM::resetScpComm() OK
21130316-10:40:14:182170406=CH[1] is 32Bit=1, CmdVal=0x0C598
21130316-10:40:14:182170421=CH[2] is 32Bit=1, CmdVal=0x0C59A
21130316-10:40:14:182170437=CH[3] is 32Bit=1, CmdVal=0x0C598
21130316-10:40:14:182170453=CH[4] is 32Bit=1, CmdVal=0x0C59A
21130316-10:40:14:182170468=CH[5] is 32Bit=1, CmdVal=0x0C59C
21130316-10:40:14:182170484=CH[6] is 32Bit=1, CmdVal=0x0C5AA
21130316-10:40:14:182170500=CH[7] is 32Bit=1, CmdVal=0x0C59C
21130316-10:40:14:182170515=Enter CSCOPE_WORKER::Arrange_CH_32bit() OK
21130316-10:40:14:182170531=Sample rate=8000, ScopeTimeSec=1, PM_Data_Size=800, 
21130316-10:40:14:182170546=CSCOPE_PACKET_PARSER::initAllocation(8)
21130316-10:40:14:182170562=Enter CScope_Decoder::Setup_Paraer()
21130316-10:40:14:182170578=Decide_CH_Get_Func() : CH[0] b32=1, CH_DataType=2 
21130316-10:40:14:182170593=Decide_CH_Get_Func() : CH[1] b32=1, CH_DataType=2
21130316-10:40:14:182170609=Decide_CH_Get_Func() : CH[2] b32=1, CH_DataType=2
21130316-10:40:14:182170625=Decide_CH_Get_Func() : CH[3] b32=1, CH_DataType=2
21130316-10:40:14:182170640=Decide_CH_Get_Func() : CH[4] b32=1, CH_DataType=2
21130316-10:40:14:182170656=Decide_CH_Get_Func() : CH[5] b32=1, CH_DataType=2
21130316-10:40:14:182170671=Decide_CH_Get_Func() : CH[6] b32=1, CH_DataType=2
21130316-10:40:14:182170687=Enter CScope_Decoder::resetScpDecoder() OK
21130316-10:40:14:182170703=   call m_pScpCom->WriteScopeCmd_Start()
21130316-10:40:14:182170718=CH1 P0-4 nCmdVal=0xC598(50584)

21130316-10:40:14:182170734=CH2 P0-6 nCmdVal=0xC59A(50586)

21130316-10:40:14:182170750=CH3 P0-5 nCmdVal=0xC598(50584)

21130316-10:40:14:182170765=CH4 P0-7 nCmdVal=0xC59A(50586)

21130316-10:40:14:182170781=CH5 P0-65 nCmdVal=0xC59C(50588)

21130316-10:40:14:182170796=CH6 P0-67 nCmdVal=0xC5AA(50602)

21130316-10:40:14:182170812=CH7 P0-66 nCmdVal=0xC59C(50588)

21130316-10:40:14:182170828=CH8 P0-68 nCmdVal=0xC5AA(50602)

21130316-10:40:14:182170843=Enter COMM_HCT::Write_N_RTU()
21130316-10:40:14:182170859=Enter CSCOPE_COMM::Write_CH_Cmd() OK
21130316-10:40:14:182170875=Enter CSCOPE_WORKER::WriteScopeCmd_Start() OK
21130316-10:40:14:182170890=Enter CASD_SCOPE::Scope_Run() OK! 
21130316-10:40:14:182170906=Enter API ASD_Scope_Run() OK
21130316-10:40:41:182197437=Enter API ASD_Scope_Reset_Before_Run() Port[0x0000000C]
21130316-10:40:41:182197453=Enter CASD_SCOPE::Scope_Reset_Before_Run() 
21130316-10:40:41:182197468=Enter CSCOPE_WORKER::Scope_Reset_CH_Before_Run() 
21130316-10:40:41:182197484=Enter CSCOPE_COMM::resetScpComm()
21130316-10:40:41:182197500=COMM_HCT::SetScopeDecoder
21130316-10:40:41:182197515=Enter CSCOPE_COMM::resetScpComm() OK
21130316-10:40:41:182197531=Sample rate=8000, ScopeTimeSec=1, PM_Data_Size=800, 
21130316-10:40:41:182197546=CSCOPE_PACKET_PARSER::initAllocation(8)
21130316-10:40:41:182197562=Enter CScope_Decoder::Setup_Paraer()
21130316-10:40:41:182197578=Decide_CH_Get_Func() : CH[0] b32=1, CH_DataType=2 
21130316-10:40:41:182197593=Decide_CH_Get_Func() : CH[1] b32=1, CH_DataType=2
21130316-10:40:41:182197609=Decide_CH_Get_Func() : CH[2] b32=1, CH_DataType=2
21130316-10:40:41:182197625=Decide_CH_Get_Func() : CH[3] b32=1, CH_DataType=2
21130316-10:40:41:182197640=Decide_CH_Get_Func() : CH[4] b32=1, CH_DataType=2
21130316-10:40:41:182197656=Decide_CH_Get_Func() : CH[5] b32=1, CH_DataType=2
21130316-10:40:41:182197671=Decide_CH_Get_Func() : CH[6] b32=1, CH_DataType=2
21130316-10:40:41:182197687=Enter CScope_Decoder::resetScpDecoder() OK
21130316-10:40:41:182197703=Scope_Reset_CH_Before_Run() time=0, 47, 172, 0 
21130316-10:40:41:182197718=Enter CSCOPE_WORKER::Scope_Reset_CH_Before_Run() OK
21130316-10:40:41:182197734=Enter CASD_SCOPE::Scope_Reset_Before_Run() OK! 
21130316-10:40:41:182197750=ASD_Scope_Reset_Before_Run() time=0, 281
21130316-10:40:41:182197765=ASD_Scope_Reset_Before_Run() OK
21130316-10:40:41:182197781=Enter COMM_HCT::Write_N_RTU()
21130316-10:40:54:182211281=Enter CASD_SCOPE::Scope_Stop()
21130316-10:40:54:182211312=Enter CSCOPE_WORKER::StopScope()
21130316-10:40:55:182211328=Enter CSCOPE_COMM::WriteScopeCmd_Stop()
21130316-10:40:55:182211343=Enter CSCOPE_COMM::Close_ScpCmd()
21130316-10:40:55:182211359=Enter CSCOPE_COMM::StopScope()
21130316-10:40:55:182211375=Enter COMM_HCT::Write_N_RTU()
21130316-10:40:55:182211437=Enter COMM_HCT::Write_N_RTU()
21130316-10:40:55:182211453=mr_pCommASD->Write_N(3,8) time=0, 0
21130316-10:40:55:182211468=Enter CSCOPE_COMM::StopScope() OK
21130316-10:40:55:182211484=CSCOPE_COMM::Close_ScpCmd() time=125, 125
21130316-10:40:55:182211500=Enter CSCOPE_COMM::Close_ScpCmd() OK
21130316-10:40:55:182211515=Enter CSCOPE_COMM::WriteScopeCmd_Stop() OK
21130316-10:40:55:182211531=Enter CSCOPE_WORKER::StopScope() OK
21130316-10:40:55:182211546=Enter CASD_SCOPE::Scope_Stop() OK
21130316-10:40:55:182211562=Enter API ASD_Close_COMM() Port[0x0000000C]
21130316-10:40:55:182211593=COMM_HCTL::Com_Thread_Start() loop end! 

21130316-10:40:55:182211609=Enter API ASD_Free_Scope() Port[0x0000000C]
21130316-10:40:55:182211625=Call CASD_SCOPE::Close_COMM()
21130316-10:40:55:182211640=Call CASD_SCOPE::Close_COMM()
AppEnd182211640=21130316-10:40:55 : call EndLog Port[0x0000000C]
AppStart182212734=21130316-10:40:56 : APP StartDLL() 1.1.0.10(build20210909)
21130316-10:40:56:182212750=Enter API ASD_Allocate_Scope() Port[0x0000000C]  Ver=1.1.0.10(build20210909)
21130316-10:40:56:182212765=Port Allocated OK!
21130316-10:40:56:182212781=Enter API ASD_Open_COMM_HCTL() Com[12]
21130316-10:40:56:182212796=DDBUG CCOMM_THREAD::start_thread  1
21130316-10:40:56:182212828=S2 COMM_HCTL::Com_Thread_Start() enter loop......

21130316-10:40:56:182212859=Enter CASD_SCOPE::SetCommObject()
21130316-10:40:56:182212875=initCommScope(): Dev(3, 7, 0), ScoptType=501, CH_Size=8, 
21130316-10:40:56:182212890=Scope_Second=1, Base_Second=20, nBufSize=160001, new_dDSP_Data_Ts=0.125000, strTimeFormat=%0.3f(ms)
21130316-10:40:56:182212906=Enter CASD_SCOPE::Scope_Write_Settings() 
21130316-10:40:56:182212921=Enter CSCOPE_WORKER::Scope_Write_Setting_Before_Run() 
21130316-10:40:56:182212937=Enter CSCOPE_COMM::resetScpComm()
21130316-10:40:56:182212953=COMM_HCT::SetScopeDecoder
21130316-10:40:56:182212968=Enter CSCOPE_COMM::resetScpComm() OK
21130316-10:40:56:182212984=CH[1] is 32Bit=1, CmdVal=0x0C598
21130316-10:40:56:182213000=CH[2] is 32Bit=1, CmdVal=0x0C59A
21130316-10:40:56:182213015=CH[3] is 32Bit=1, CmdVal=0x0C598
21130316-10:40:56:182213031=CH[4] is 32Bit=1, CmdVal=0x0C59A
21130316-10:40:56:182213046=CH[5] is 32Bit=1, CmdVal=0x0C59C
21130316-10:40:56:182213062=CH[6] is 32Bit=1, CmdVal=0x0C5AA
21130316-10:40:56:182213078=CH[7] is 32Bit=1, CmdVal=0x0C59C
21130316-10:40:56:182213093=Enter CSCOPE_WORKER::Arrange_CH_32bit() OK
21130316-10:40:56:182213109=Sample rate=8000, ScopeTimeSec=1, PM_Data_Size=800, 
21130316-10:40:56:182213125=CSCOPE_PACKET_PARSER::initAllocation(8)
21130316-10:40:56:182213140=Enter CScope_Decoder::Setup_Paraer()
21130316-10:40:56:182213156=Decide_CH_Get_Func() : CH[0] b32=1, CH_DataType=2 
21130316-10:40:56:182213171=Decide_CH_Get_Func() : CH[1] b32=1, CH_DataType=2
21130316-10:40:56:182213187=Decide_CH_Get_Func() : CH[2] b32=1, CH_DataType=2
21130316-10:40:56:182213203=Decide_CH_Get_Func() : CH[3] b32=1, CH_DataType=2
21130316-10:40:56:182213218=Decide_CH_Get_Func() : CH[4] b32=1, CH_DataType=2
21130316-10:40:56:182213234=Decide_CH_Get_Func() : CH[5] b32=1, CH_DataType=2
21130316-10:40:56:182213250=Decide_CH_Get_Func() : CH[6] b32=1, CH_DataType=2
21130316-10:40:56:182213265=Enter CScope_Decoder::resetScpDecoder() OK
21130316-10:40:56:182213296=   call m_pScpCom->WriteScopeCmd_Start()
21130316-10:40:56:182213312=Enter CSCOPE_COMM::Write_CH_Cmd()
21130316-10:40:57:182213312=CH1 P0-4 nCmdVal=0xC598(50584)

21130316-10:40:57:182213328=Enter COMM_HCT::Write_N_RTU()
21130316-10:40:57:182213343=Enter COMM_HCT::Write_N_RTU()

21130316-10:40:57:182213359=CH3 P0-5 nCmdVal=0xC598(50584)

21130316-10:40:57:182213375=Enter COMM_HCT::Write_N_RTU()
21130316-10:40:57:182213390=Enter COMM_HCT::Write_N_RTU()

21130316-10:40:57:182213406=CH5 P0-65 nCmdVal=0xC59C(50588)

21130316-10:40:57:182213421=Enter COMM_HCT::Write_N_RTU()
21130316-10:40:57:182213437=Enter COMM_HCT::Write_N_RTU()

21130316-10:40:57:182213453=CH7 P0-66 nCmdVal=0xC59C(50588)

21130316-10:40:57:182213468=CH8 P0-68 nCmdVal=0xC5AA(50602)

21130316-10:40:57:182213484=Enter COMM_HCT::Write_N_RTU()
21130316-10:40:57:182213500=Enter CSCOPE_COMM::Write_CH_Cmd() OK
21130316-10:40:57:182213515=Enter CSCOPE_WORKER::WriteScopeCmd_Start() OK
21130316-10:40:57:182213531=Enter CASD_SCOPE::Scope_Run() OK! 
21130316-10:40:57:182213546=Enter API ASD_Scope_Run() OK
AppStart182226515=21130316-10:41:10 : APP StartDLL() 1.1.0.10(build20210909)
21130316-10:41:10:182226531=Enter API ASD_Allocate_Scope() Port[0x0000000C]  Ver=1.1.0.10(build20210909)
21130316-10:41:10:182226609=Port Allocated OK!
21130316-10:41:10:182226625=Enter API ASD_Open_COMM_HCTL() Com[12]
21130316-10:41:10:182226656=DDBUG CCOMM_THREAD::start_thread  1
21130316-10:41:10:182226687=S2 COMM_HCTL::Com_Thread_Start() enter loop......

21130316-10:41:10:182226703=Enter CASD_SCOPE::SetCommObject()
21130316-10:41:10:182226734=initCommScope(): Dev(3, 7, 0), ScoptType=501, CH_Size=8, 
21130316-10:41:10:182226750=Scope_Second=1, Base_Second=20, nBufSize=160001, new_dDSP_Data_Ts=0.125000, strTimeFormat=%0.3f(ms)
21130316-10:41:10:182226765=Enter CASD_SCOPE::Scope_Write_Settings() 
21130316-10:41:10:182226781=Enter CSCOPE_WORKER::Scope_Write_Setting_Before_Run() 
21130316-10:41:10:182226796=Enter CSCOPE_COMM::resetScpComm()
21130316-10:41:10:182226812=COMM_HCT::SetScopeDecoder
21130316-10:41:10:182226828=Enter CSCOPE_COMM::resetScpComm() OK
21130316-10:41:10:182226843=CH[1] is 32Bit=1, CmdVal=0x0C598
21130316-10:41:10:182226875=CH[2] is 32Bit=1, CmdVal=0x0C59A
21130316-10:41:10:182226890=CH[3] is 32Bit=1, CmdVal=0x0C598
21130316-10:41:10:182226906=CH[4] is 32Bit=1, CmdVal=0x0C59A
21130316-10:41:10:182226921=CH[5] is 32Bit=1, CmdVal=0x0C59C
21130316-10:41:10:182226937=CH[6] is 32Bit=1, CmdVal=0x0C5AA
21130316-10:41:10:182226953=CH[7] is 32Bit=1, CmdVal=0x0C59C
21130316-10:41:10:182226968=Enter CSCOPE_WORKER::Arrange_CH_32bit() OK
21130316-10:41:10:182226984=Sample rate=8000, ScopeTimeSec=1, PM_Data_Size=800, 
21130316-10:41:10:182227000=CSCOPE_PACKET_PARSER::initAllocation(8)
21130316-10:41:10:182227015=Enter CScope_Decoder::Setup_Paraer()
21130316-10:41:10:182227031=Decide_CH_Get_Func() : CH[0] b32=1, CH_DataType=2 
21130316-10:41:10:182227062=Decide_CH_Get_Func() : CH[1] b32=1, CH_DataType=2
21130316-10:41:10:182227078=Decide_CH_Get_Func() : CH[2] b32=1, CH_DataType=2
21130316-10:41:10:182227093=Decide_CH_Get_Func() : CH[3] b32=1, CH_DataType=2
21130316-10:41:10:182227109=Decide_CH_Get_Func() : CH[4] b32=1, CH_DataType=2
21130316-10:41:10:182227125=Decide_CH_Get_Func() : CH[5] b32=1, CH_DataType=2
21130316-10:41:10:182227140=Decide_CH_Get_Func() : CH[6] b32=1, CH_DataType=2
21130316-10:41:10:182227156=Enter CScope_Decoder::resetScpDecoder() OK
21130316-10:41:10:182227171=   call m_pScpCom->WriteScopeCmd_Start()
21130316-10:41:10:182227187=CH1 P0-4 nCmdVal=0xC598(50584)

21130316-10:41:10:182227203=Enter COMM_HCT::Write_N_RTU()
21130316-10:41:10:182227218=CH2 P0-6 nCmdVal=0xC59A(50586)

21130316-10:41:10:182227234=Enter COMM_HCT::Write_N_RTU()
21130316-10:41:10:182227250=Enter COMM_HCT::Write_N_RTU()

21130316-10:41:10:182227265=CH4 P0-7 nCmdVal=0xC59A(50586)

21130316-10:41:10:182227281=CH5 P0-65 nCmdVal=0xC59C(50588)

21130316-10:41:10:182227296=Enter COMM_HCT::Write_N_RTU()
21130316-10:41:10:182227312=CH6 P0-67 nCmdVal=0xC5AA(50602)

21130316-10:41:11:182227312=Enter COMM_HCT::Write_N_RTU()
21130316-10:41:11:182227328=CH7 P0-66 nCmdVal=0xC59C(50588)

21130316-10:41:11:182227343=CH8 P0-68 nCmdVal=0xC5AA(50602)

21130316-10:41:11:182227359=Enter COMM_HCT::Write_N_RTU()
21130316-10:41:11:182227375=Enter CSCOPE_COMM::Write_CH_Cmd() OK
21130316-10:41:11:182227390=Enter CSCOPE_WORKER::WriteScopeCmd_Start() OK
21130316-10:41:11:182227406=Enter CASD_SCOPE::Scope_Run() OK! 
21130316-10:41:11:182227421=Enter API ASD_Scope_Run() OK
