[Trace]
AppStart202731906=21120727-16:44:4 : APP StartDLL() 1.1.0.10(build20210909)
21120727-16:44:4:202731921=Enter API ASD_Allocate_Scope() Port[0x00000005]  Ver=1.1.0.10(build20210909)
21120727-16:44:4:202732000=Port Allocated OK!
21120727-16:44:4:202732015=Enter API ASD_Open_COMM_HCTL() Com[5]
21120727-16:44:6:202734078=ASD_Open_COMM_HCTL() exception! :Open HCTL COMM failed!
AppStart202739734=21120727-16:44:12 : APP StartDLL() 1.1.0.10(build20210909)
21120727-16:44:12:202739750=Enter API ASD_Allocate_Scope() Port[0x00000004]  Ver=1.1.0.10(build20210909)
21120727-16:44:12:202739765=Port Allocated OK!
21120727-16:44:12:202739781=Enter API ASD_Open_COMM_HCTL() Com[4]
21120727-16:44:12:202739796=DDBUG CCOMM_THREAD::start_thread  1
21120727-16:44:12:202739812=Enter CASD_SCOPE::SetCommObject()
21120727-16:44:12:202739828=S2 COMM_HCTL::Com_Thread_Start() enter loop......

21120727-16:44:12:202739843=initCommScope(): Dev(3, 7, 0), ScoptType=501, CH_Size=8, 
21120727-16:44:12:202739859=Scope_Second=1, Base_Second=20, nBufSize=160001, new_dDSP_Data_Ts=0.125000, strTimeFormat=%0.3f(ms)
21120727-16:44:12:202739875=Enter CASD_SCOPE::Scope_Write_Settings() 
21120727-16:44:12:202739890=Enter CSCOPE_WORKER::Scope_Write_Setting_Before_Run() 
21120727-16:44:12:202739906=Enter CSCOPE_COMM::resetScpComm()
21120727-16:44:12:202739921=COMM_HCT::SetScopeDecoder
21120727-16:44:12:202739937=Enter CSCOPE_COMM::resetScpComm() OK
21120727-16:44:12:202739953=CH[1] is 32Bit=1, CmdVal=0x0C598
21120727-16:44:12:202739968=CH[2] is 32Bit=1, CmdVal=0x0C59A
21120727-16:44:12:202739984=CH[3] is 32Bit=1, CmdVal=0x0C598
21120727-16:44:12:202740000=CH[4] is 32Bit=1, CmdVal=0x0C59A
21120727-16:44:12:202740015=CH[5] is 32Bit=1, CmdVal=0x0C59C
21120727-16:44:12:202740031=CH[6] is 32Bit=1, CmdVal=0x0C5AA
21120727-16:44:12:202740046=CH[7] is 32Bit=1, CmdVal=0x0C59C
21120727-16:44:12:202740062=Enter CSCOPE_WORKER::Arrange_CH_32bit() OK
21120727-16:44:12:202740078=Sample rate=8000, ScopeTimeSec=1, PM_Data_Size=800, 
21120727-16:44:12:202740093=CSCOPE_PACKET_PARSER::initAllocation(8)
21120727-16:44:12:202740109=Enter CScope_Decoder::Setup_Paraer()
21120727-16:44:12:202740125=Decide_CH_Get_Func() : CH[0] b32=1, CH_DataType=2 
21120727-16:44:12:202740140=Decide_CH_Get_Func() : CH[1] b32=1, CH_DataType=2
21120727-16:44:12:202740156=Decide_CH_Get_Func() : CH[2] b32=1, CH_DataType=2
21120727-16:44:12:202740171=Decide_CH_Get_Func() : CH[3] b32=1, CH_DataType=2
21120727-16:44:12:202740187=Decide_CH_Get_Func() : CH[4] b32=1, CH_DataType=2
21120727-16:44:12:202740203=Decide_CH_Get_Func() : CH[5] b32=1, CH_DataType=2
21120727-16:44:12:202740218=Decide_CH_Get_Func() : CH[6] b32=1, CH_DataType=2
21120727-16:44:12:202740234=Enter CScope_Decoder::resetScpDecoder() OK
21120727-16:44:12:202740250=   call m_pScpCom->WriteScopeCmd_Start()
21120727-16:44:12:202740265=CH1 P0-4 nCmdVal=0xC598(50584)

21120727-16:44:12:202740281=Enter COMM_HCT::Write_N_RTU()
21120727-16:44:12:202740296=Enter COMM_HCT::Write_N_RTU()

21120727-16:44:12:202740312=Enter COMM_HCT::Write_N_RTU()

21120727-16:44:12:202740328=Enter COMM_HCT::Write_N_RTU()

21120727-16:44:12:202740343=Enter COMM_HCT::Write_N_RTU()

21120727-16:44:12:202740359=Enter COMM_HCT::Write_N_RTU()

21120727-16:44:12:202740375=Enter COMM_HCT::Write_N_RTU()

21120727-16:44:12:202740390=Enter COMM_HCT::Write_N_RTU()

21120727-16:44:12:202740406=Enter CSCOPE_COMM::Write_CH_Cmd() OK
21120727-16:44:12:202740421=Enter CSCOPE_WORKER::WriteScopeCmd_Start() OK
21120727-16:44:12:202740437=Enter CASD_SCOPE::Scope_Run() OK! 
21120727-16:44:12:202740453=Enter API ASD_Scope_Run() OK
21120727-16:44:17:202744875=Enter API ASD_Scope_Reset_Before_Run() Port[0x00000004]
21120727-16:44:17:202744984=Enter CASD_SCOPE::Scope_Reset_Before_Run() 
21120727-16:44:17:202745000=Enter CSCOPE_WORKER::Scope_Reset_CH_Before_Run() 
21120727-16:44:17:202745015=Enter CSCOPE_COMM::resetScpComm()
21120727-16:44:17:202745031=COMM_HCT::SetScopeDecoder
21120727-16:44:17:202745046=Enter CSCOPE_COMM::resetScpComm() OK
21120727-16:44:17:202745062=Sample rate=8000, ScopeTimeSec=1, PM_Data_Size=800, 
21120727-16:44:17:202745078=CSCOPE_PACKET_PARSER::initAllocation(8)
21120727-16:44:17:202745109=Enter CScope_Decoder::Setup_Paraer()
21120727-16:44:17:202745125=Decide_CH_Get_Func() : CH[0] b32=1, CH_DataType=2 
21120727-16:44:17:202745156=Decide_CH_Get_Func() : CH[1] b32=1, CH_DataType=2
21120727-16:44:17:202745171=Decide_CH_Get_Func() : CH[2] b32=1, CH_DataType=2
21120727-16:44:17:202745203=Decide_CH_Get_Func() : CH[3] b32=1, CH_DataType=2
21120727-16:44:17:202745218=Decide_CH_Get_Func() : CH[4] b32=1, CH_DataType=2
21120727-16:44:17:202745234=Decide_CH_Get_Func() : CH[5] b32=1, CH_DataType=2
21120727-16:44:17:202745250=Decide_CH_Get_Func() : CH[6] b32=1, CH_DataType=2
21120727-16:44:17:202745312=Decide_CH_Get_Func() : CH[7] b32=1, CH_DataType=2
21120727-16:44:17:202745390=Enter CScope_Decoder::resetScpDecoder() OK
21120727-16:44:17:202745421=Scope_Reset_CH_Before_Run() time=0, 46, 360, 0 
21120727-16:44:17:202745453=Enter CSCOPE_WORKER::Scope_Reset_CH_Before_Run() OK
21120727-16:44:17:202745468=Enter CASD_SCOPE::Scope_Reset_Before_Run() OK! 
21120727-16:44:18:202745531=ASD_Scope_Reset_Before_Run() time=0, 547
21120727-16:44:18:202745562=ASD_Scope_Reset_Before_Run() OK
21120727-16:44:18:202745609=Enter COMM_HCT::Write_N_RTU()
21120727-16:44:25:202752890=Enter COMM_HCT::Write_N_RTU()
21120727-16:44:28:202756437=Enter API ASD_Scope_Stop() Port[0x00000004]
21120727-16:44:28:202756468=Enter CASD_SCOPE::Scope_Stop()
21120727-16:44:29:202756500=Enter CSCOPE_WORKER::StopScope()
21120727-16:44:29:202756546=Enter CSCOPE_COMM::WriteScopeCmd_Stop()
21120727-16:44:29:202756562=Enter CSCOPE_COMM::Close_ScpCmd()
21120727-16:44:29:202756593=Enter CSCOPE_COMM::StopScope()
21120727-16:44:29:202756609=Enter COMM_HCT::Write_N_RTU()
21120727-16:44:29:202756671=Enter COMM_HCT::Write_N_RTU()
21120727-16:44:29:202756859=mr_pCommASD->Write_N(3,8) time=172, 172
21120727-16:44:29:202756875=Enter CSCOPE_COMM::StopScope() OK
21120727-16:44:29:202756890=CSCOPE_COMM::Close_ScpCmd() time=297, 297
21120727-16:44:29:202757015=Enter CSCOPE_COMM::Close_ScpCmd() OK
21120727-16:44:29:202757031=Enter CSCOPE_COMM::WriteScopeCmd_Stop() OK
21120727-16:44:29:202757046=Enter CSCOPE_WORKER::StopScope() OK
21120727-16:44:29:202757062=Enter CASD_SCOPE::Scope_Stop() OK
21120727-16:44:29:202757109= API ASD_Scope_Stop() OK
21120727-16:44:29:202757296=Enter API ASD_Scope_Reset_Before_Run() Port[0x00000004]
21120727-16:44:29:202757312=Enter CASD_SCOPE::Scope_Reset_Before_Run() 
21120727-16:44:29:202757343=Enter CSCOPE_WORKER::Scope_Reset_CH_Before_Run() 
21120727-16:44:29:202757359=Enter CSCOPE_COMM::resetScpComm()
21120727-16:44:29:202757375=COMM_HCT::SetScopeDecoder
21120727-16:44:29:202757390=Enter CSCOPE_COMM::resetScpComm() OK
21120727-16:44:29:202757406=Sample rate=8000, ScopeTimeSec=1, PM_Data_Size=800, 
21120727-16:44:29:202757421=CSCOPE_PACKET_PARSER::initAllocation(8)
21120727-16:44:29:202757453=Enter CScope_Decoder::Setup_Paraer()
21120727-16:44:30:202757484=Decide_CH_Get_Func() : CH[0] b32=1, CH_DataType=2 
21120727-16:44:30:202757515=Decide_CH_Get_Func() : CH[1] b32=1, CH_DataType=2
21120727-16:44:30:202757531=Decide_CH_Get_Func() : CH[2] b32=1, CH_DataType=2
21120727-16:44:30:202757546=Decide_CH_Get_Func() : CH[3] b32=1, CH_DataType=2
21120727-16:44:30:202757562=Decide_CH_Get_Func() : CH[4] b32=1, CH_DataType=2
21120727-16:44:30:202757578=Decide_CH_Get_Func() : CH[5] b32=1, CH_DataType=2
21120727-16:44:30:202757593=Decide_CH_Get_Func() : CH[6] b32=1, CH_DataType=2
21120727-16:44:30:202757718=Enter CScope_Decoder::resetScpDecoder() OK
21120727-16:44:30:202757750=Scope_Reset_CH_Before_Run() time=0, 47, 344, 0 
21120727-16:44:30:202757781=Enter CSCOPE_WORKER::Scope_Reset_CH_Before_Run() OK
21120727-16:44:30:202757796=Enter CASD_SCOPE::Scope_Reset_Before_Run() OK! 
21120727-16:44:30:202757812=ASD_Scope_Reset_Before_Run() time=0, 484
21120727-16:44:30:202757828=ASD_Scope_Reset_Before_Run() OK
