[Trace]
AppStart204152328=21130329-16:45:3 : APP StartDLL() 1.1.0.10(build20210909)
21130329-16:45:3:204152328=Enter API ASD_Allocate_Scope() Port[0x0000000C]  Ver=1.1.0.10(build20210909)
21130329-16:45:3:204152406=Port Allocated OK!
21130329-16:45:3:204152421=Enter API ASD_Open_COMM_HCTL() Com[12]
21130329-16:45:3:204152437=DDBUG CCOMM_THREAD::start_thread  1
21130329-16:45:3:204152468=S2 COMM_HCTL::Com_Thread_Start() enter loop......

21130329-16:45:3:204152484=Enter CASD_SCOPE::SetCommObject()
21130329-16:45:3:204152515=initCommScope(): Dev(3, 7, 0), ScoptType=501, CH_Size=8, 
21130329-16:45:3:204152531=Scope_Second=1, Base_Second=20, nBufSize=160001, new_dDSP_Data_Ts=0.125000, strTimeFormat=%0.3f(ms)
21130329-16:45:3:204152562=Enter CASD_SCOPE::Scope_Write_Settings() 
21130329-16:45:4:204152578=Enter CSCOPE_WORKER::Scope_Write_Setting_Before_Run() 
21130329-16:45:4:204152593=Enter CSCOPE_COMM::resetScpComm()
21130329-16:45:4:204152609=COMM_HCT::SetScopeDecoder
21130329-16:45:4:204152625=Enter CSCOPE_COMM::resetScpComm() OK
21130329-16:45:4:204152640=CH[1] is 32Bit=1, CmdVal=0x0C598
21130329-16:45:4:204152656=CH[2] is 32Bit=1, CmdVal=0x0C59A
21130329-16:45:4:204152671=CH[3] is 32Bit=1, CmdVal=0x0C598
21130329-16:45:4:204152687=CH[4] is 32Bit=1, CmdVal=0x0C59A
21130329-16:45:4:204152703=CH[5] is 32Bit=1, CmdVal=0x0C59C
21130329-16:45:4:204152718=CH[6] is 32Bit=1, CmdVal=0x0C5AA
21130329-16:45:4:204152734=CH[7] is 32Bit=1, CmdVal=0x0C59C
21130329-16:45:4:204152750=Enter CSCOPE_WORKER::Arrange_CH_32bit() OK
21130329-16:45:4:204152765=Sample rate=8000, ScopeTimeSec=1, PM_Data_Size=800, 
21130329-16:45:4:204152781=CSCOPE_PACKET_PARSER::initAllocation(8)
21130329-16:45:4:204152796=Enter CScope_Decoder::Setup_Paraer()
21130329-16:45:4:204152812=Decide_CH_Get_Func() : CH[0] b32=1, CH_DataType=2 
21130329-16:45:4:204152828=Decide_CH_Get_Func() : CH[1] b32=1, CH_DataType=2
21130329-16:45:4:204152843=Decide_CH_Get_Func() : CH[2] b32=1, CH_DataType=2
21130329-16:45:4:204152859=Decide_CH_Get_Func() : CH[3] b32=1, CH_DataType=2
21130329-16:45:4:204152875=Decide_CH_Get_Func() : CH[4] b32=1, CH_DataType=2
21130329-16:45:4:204152890=Decide_CH_Get_Func() : CH[5] b32=1, CH_DataType=2
21130329-16:45:4:204152906=Decide_CH_Get_Func() : CH[6] b32=1, CH_DataType=2
21130329-16:45:4:204152921=Enter CScope_Decoder::resetScpDecoder() OK
21130329-16:45:4:204152937=   call m_pScpCom->WriteScopeCmd_Start()
21130329-16:45:4:204152953=CH1 P0-4 nCmdVal=0xC598(50584)

21130329-16:45:4:204152968=Enter COMM_HCT::Write_N_RTU()
21130329-16:45:4:204152984=Enter COMM_HCT::Write_N_RTU()

21130329-16:45:4:204153000=Enter COMM_HCT::Write_N_RTU()

21130329-16:45:4:204153015=Enter COMM_HCT::Write_N_RTU()

21130329-16:45:4:204153031=Enter COMM_HCT::Write_N_RTU()

21130329-16:45:4:204153046=Enter COMM_HCT::Write_N_RTU()

21130329-16:45:4:204153062=Enter COMM_HCT::Write_N_RTU()

21130329-16:45:4:204153078=Enter COMM_HCT::Write_N_RTU()

21130329-16:45:4:204153093=Enter CSCOPE_COMM::Write_CH_Cmd() OK
21130329-16:45:4:204153109=Enter CSCOPE_WORKER::WriteScopeCmd_Start() OK
21130329-16:45:4:204153125=Enter CASD_SCOPE::Scope_Run() OK! 
21130329-16:45:4:204153140=Enter API ASD_Scope_Run() OK
21130329-16:45:8:204156703=Enter CASD_SCOPE::Scope_Reset_Before_Run() 
21130329-16:45:8:204156734=Enter CSCOPE_WORKER::Scope_Reset_CH_Before_Run() 
21130329-16:45:8:204156750=Enter CSCOPE_COMM::resetScpComm()
21130329-16:45:8:204156765=COMM_HCT::SetScopeDecoder
21130329-16:45:8:204156781=Enter CSCOPE_COMM::resetScpComm() OK
21130329-16:45:8:204156796=Sample rate=8000, ScopeTimeSec=1, PM_Data_Size=800, 
21130329-16:45:8:204156812=CSCOPE_PACKET_PARSER::initAllocation(8)
21130329-16:45:8:204156828=Enter CScope_Decoder::Setup_Paraer()
21130329-16:45:8:204156843=Decide_CH_Get_Func() : CH[0] b32=1, CH_DataType=2 
21130329-16:45:8:204156859=Decide_CH_Get_Func() : CH[1] b32=1, CH_DataType=2
21130329-16:45:8:204156875=Decide_CH_Get_Func() : CH[2] b32=1, CH_DataType=2
21130329-16:45:8:204156890=Decide_CH_Get_Func() : CH[3] b32=1, CH_DataType=2
21130329-16:45:8:204156906=Decide_CH_Get_Func() : CH[4] b32=1, CH_DataType=2
21130329-16:45:8:204156921=Decide_CH_Get_Func() : CH[5] b32=1, CH_DataType=2
21130329-16:45:8:204156937=Decide_CH_Get_Func() : CH[6] b32=1, CH_DataType=2
21130329-16:45:8:204156953=Enter CScope_Decoder::resetScpDecoder() OK
21130329-16:45:8:204156968=Scope_Reset_CH_Before_Run() time=0, 47, 172, 0 
21130329-16:45:8:204156984=Enter CSCOPE_WORKER::Scope_Reset_CH_Before_Run() OK
21130329-16:45:8:204157000=Enter CASD_SCOPE::Scope_Reset_Before_Run() OK! 
21130329-16:45:8:204157015=ASD_Scope_Reset_Before_Run() time=0, 297
21130329-16:45:8:204157031=ASD_Scope_Reset_Before_Run() OK
21130329-16:45:8:204157046=Enter COMM_HCT::Write_N_RTU()
21130329-16:45:15:204164484=Enter COMM_HCT::Write_N_RTU()
21130329-16:45:33:204182062=Enter API ASD_Scope_Stop() Port[0x0000000C]
21130329-16:45:33:204182078=Enter CASD_SCOPE::Scope_Stop()
21130329-16:45:33:204182093=Enter CSCOPE_WORKER::StopScope()
21130329-16:45:33:204182109=Enter CSCOPE_COMM::WriteScopeCmd_Stop()
21130329-16:45:33:204182125=Enter CSCOPE_COMM::Close_ScpCmd()
21130329-16:45:33:204182140=Enter CSCOPE_COMM::StopScope()
21130329-16:45:33:204182156=Enter COMM_HCT::Write_N_RTU()
21130329-16:45:33:204182203=Enter COMM_HCT::Write_N_RTU()
21130329-16:45:33:204182234=mr_pCommASD->Write_N(3,8) time=15, 15
21130329-16:45:33:204182250=Enter CSCOPE_COMM::StopScope() OK
21130329-16:45:33:204182265=CSCOPE_COMM::Close_ScpCmd() time=125, 125
21130329-16:45:33:204182281=Enter CSCOPE_COMM::Close_ScpCmd() OK
21130329-16:45:33:204182296=Enter CSCOPE_COMM::WriteScopeCmd_Stop() OK
21130329-16:45:33:204182312=Enter CSCOPE_WORKER::StopScope() OK
21130329-16:45:33:204182328=Enter CASD_SCOPE::Scope_Stop() OK
21130329-16:45:33:204182343=Enter API ASD_Scope_Reset_Before_Run() Port[0x0000000C]
21130329-16:45:33:204182359=Enter CASD_SCOPE::Scope_Reset_Before_Run() 
21130329-16:45:33:204182375=Enter CSCOPE_WORKER::Scope_Reset_CH_Before_Run() 
21130329-16:45:33:204182390=Enter CSCOPE_COMM::resetScpComm()
21130329-16:45:33:204182406=COMM_HCT::SetScopeDecoder
21130329-16:45:33:204182421=Enter CSCOPE_COMM::resetScpComm() OK
21130329-16:45:33:204182437=Sample rate=8000, ScopeTimeSec=1, PM_Data_Size=800, 
21130329-16:45:33:204182453=CSCOPE_PACKET_PARSER::initAllocation(8)
21130329-16:45:33:204182468=Enter CScope_Decoder::Setup_Paraer()
21130329-16:45:33:204182484=Decide_CH_Get_Func() : CH[0] b32=1, CH_DataType=2 
21130329-16:45:33:204182500=Decide_CH_Get_Func() : CH[1] b32=1, CH_DataType=2
21130329-16:45:33:204182515=Decide_CH_Get_Func() : CH[2] b32=1, CH_DataType=2
21130329-16:45:33:204182531=Decide_CH_Get_Func() : CH[3] b32=1, CH_DataType=2
21130329-16:45:33:204182546=Decide_CH_Get_Func() : CH[4] b32=1, CH_DataType=2
21130329-16:45:33:204182562=Decide_CH_Get_Func() : CH[5] b32=1, CH_DataType=2
21130329-16:45:34:204182578=Decide_CH_Get_Func() : CH[6] b32=1, CH_DataType=2
21130329-16:45:34:204182593=Enter CScope_Decoder::resetScpDecoder() OK
21130329-16:45:34:204182609=Scope_Reset_CH_Before_Run() time=0, 46, 172, 0 
21130329-16:45:34:204182625=Enter CSCOPE_WORKER::Scope_Reset_CH_Before_Run() OK
21130329-16:45:34:204182640=Enter CASD_SCOPE::Scope_Reset_Before_Run() OK! 
21130329-16:45:34:204182656=ASD_Scope_Reset_Before_Run() time=0, 297
21130329-16:45:34:204182671=ASD_Scope_Reset_Before_Run() OK
AppStart1264640=21130330-17:58:8 : APP StartDLL() 1.1.0.10(build20210909)
21130330-17:58:8:1264703=Enter API ASD_Allocate_Scope() Port[0x0000000C]  Ver=1.1.0.10(build20210909)
21130330-17:58:8:1264875=Port Allocated OK!
21130330-17:58:8:1264890=Enter API ASD_Open_COMM_HCTL() Com[12]
21130330-17:58:9:1264921=DDBUG CCOMM_THREAD::start_thread  1
21130330-17:58:9:1264953=DDBUG CCOMM_THREAD::start_thread  end
21130330-17:58:9:1264984=S2 COMM_HCTL::Com_Thread_Start() enter loop......

21130330-17:58:9:1265015=Enter CASD_SCOPE::SetCommObject()
21130330-17:58:9:1265078=initCommScope(): Dev(3, 7, 0), ScoptType=501, CH_Size=8, 
21130330-17:58:9:1265156=Scope_Second=1, Base_Second=20, nBufSize=160001, new_dDSP_Data_Ts=0.125000, strTimeFormat=%0.3f(ms)
21130330-17:58:9:1265203=Enter CASD_SCOPE::Scope_Write_Settings() 
21130330-17:58:9:1265218=Enter CSCOPE_WORKER::Scope_Write_Setting_Before_Run() 
21130330-17:58:9:1265250=Enter CSCOPE_COMM::resetScpComm()
21130330-17:58:9:1265265=COMM_HCT::SetScopeDecoder
21130330-17:58:9:1265296=Enter CSCOPE_COMM::resetScpComm() OK
21130330-17:58:9:1265312=CH[1] is 32Bit=1, CmdVal=0x0C598
21130330-17:58:9:1265359=CH[2] is 32Bit=1, CmdVal=0x0C59A
21130330-17:58:9:1265390=CH[3] is 32Bit=1, CmdVal=0x0C598
21130330-17:58:9:1265406=CH[4] is 32Bit=1, CmdVal=0x0C59A
21130330-17:58:9:1265421=CH[5] is 32Bit=1, CmdVal=0x0C59C
21130330-17:58:9:1265484=CH[6] is 32Bit=1, CmdVal=0x0C5AA
21130330-17:58:9:1265546=CH[7] is 32Bit=1, CmdVal=0x0C59C
21130330-17:58:9:1265609=Enter CSCOPE_WORKER::Arrange_CH_32bit() OK
21130330-17:58:9:1265671=Enter CScope_Decoder::resetScpDecoder() 
21130330-17:58:9:1265781=Sample rate=8000, ScopeTimeSec=1, PM_Data_Size=800,
21130330-17:58:9:1265796=CSCOPE_PACKET_PARSER::initAllocation(8)
21130330-17:58:9:1265843=Enter CScope_Decoder::Setup_Paraer()
21130330-17:58:9:1265859=call PacketParser.Decide_CH_Get_Func() 
21130330-17:58:9:1265890=Decide_CH_Get_Func() : CH[0] b32=1, CH_DataType=2
21130330-17:58:10:1265937=Decide_CH_Get_Func() : CH[1] b32=1, CH_DataType=2
21130330-17:58:10:1265984=Decide_CH_Get_Func() : CH[2] b32=1, CH_DataType=2
21130330-17:58:10:1266000=Decide_CH_Get_Func() : CH[3] b32=1, CH_DataType=2
21130330-17:58:10:1266046=Decide_CH_Get_Func() : CH[4] b32=1, CH_DataType=2
21130330-17:58:10:1266078=Decide_CH_Get_Func() : CH[5] b32=1, CH_DataType=2
21130330-17:58:10:1266093=Decide_CH_Get_Func() : CH[6] b32=1, CH_DataType=2
21130330-17:58:10:1266140=Decide_CH_Get_Func() : CH[7] b32=1, CH_DataType=2
21130330-17:58:10:1266171=Enter CScope_Decoder::resetScpDecoder() OK
21130330-17:58:10:1266218=   call m_pScpCom->WriteScopeCmd_Start()
21130330-17:58:10:1266250=CH1 P0-4 nCmdVal=0xC598(50584)

21130330-17:58:10:1266296=Enter COMM_HCT::Write_N_RTU()
21130330-17:58:10:1266437=CH2 P0-6 nCmdVal=0xC59A(50586)

21130330-17:58:10:1266546=Enter COMM_HCT::Write_N_RTU()
21130330-17:58:10:1266562=CH3 P0-5 nCmdVal=0xC598(50584)

21130330-17:58:10:1266593=Enter COMM_HCT::Write_N_RTU()
21130330-17:58:10:1266609=CH4 P0-7 nCmdVal=0xC59A(50586)

21130330-17:58:10:1266640=Enter COMM_HCT::Write_N_RTU()
21130330-17:58:10:1266656=CH5 P0-65 nCmdVal=0xC59C(50588)

21130330-17:58:10:1266687=Enter COMM_HCT::Write_N_RTU()
21130330-17:58:10:1266734=CH6 P0-67 nCmdVal=0xC5AA(50602)

21130330-17:58:10:1266750=Enter COMM_HCT::Write_N_RTU()
21130330-17:58:10:1266765=CH7 P0-66 nCmdVal=0xC59C(50588)

21130330-17:58:10:1266796=Enter COMM_HCT::Write_N_RTU()
21130330-17:58:10:1266828=CH8 P0-68 nCmdVal=0xC5AA(50602)

21130330-17:58:10:1266859=Enter COMM_HCT::Write_N_RTU()
21130330-17:58:10:1266875=Enter CSCOPE_COMM::Write_CH_Cmd() OK
21130330-17:58:11:1266921=Enter CSCOPE_WORKER::WriteScopeCmd_Start() OK
21130330-17:58:11:1266937=Enter CASD_SCOPE::Scope_Run() OK! 
21130330-17:58:11:1266984=Enter API ASD_Scope_Run() OK
21130330-17:58:21:1277062=COMM_HCTL::Com_Thread_Start() loop end! 

AppStart1284406=21130330-17:58:28 : APP StartDLL() 1.1.0.10(build20210909)
21130330-17:58:28:1284437=Enter API ASD_Allocate_Scope() Port[0x0000000C]  Ver=1.1.0.10(build20210909)
21130330-17:58:28:1284468=Port Allocated OK!
21130330-17:58:28:1284484=Enter API ASD_Open_COMM_HCTL() Com[12]
21130330-17:58:28:1284515=DDBUG CCOMM_THREAD::start_thread  1
21130330-17:58:28:1284546=DDBUG CCOMM_THREAD::start_thread  end
21130330-17:58:28:1284562=S2 COMM_HCTL::Com_Thread_Start() enter loop......

21130330-17:58:28:1284593=Enter CASD_SCOPE::SetCommObject()
21130330-17:58:28:1284609=initCommScope(): Dev(3, 7, 0), ScoptType=501, CH_Size=8, 
21130330-17:58:28:1284625=Scope_Second=1, Base_Second=20, nBufSize=160001, new_dDSP_Data_Ts=0.125000, strTimeFormat=%0.3f(ms)
21130330-17:58:28:1284640=Enter CASD_SCOPE::Scope_Write_Settings() 
21130330-17:58:28:1284656=Enter CSCOPE_WORKER::Scope_Write_Setting_Before_Run() 
21130330-17:58:28:1284671=Enter CSCOPE_COMM::resetScpComm()
21130330-17:58:28:1284687=COMM_HCT::SetScopeDecoder
21130330-17:58:28:1284703=Enter CSCOPE_COMM::resetScpComm() OK
21130330-17:58:28:1284718=CH[1] is 32Bit=1, CmdVal=0x0C598
21130330-17:58:28:1284750=CH[2] is 32Bit=1, CmdVal=0x0C59A
21130330-17:58:28:1284765=CH[3] is 32Bit=1, CmdVal=0x0C598
21130330-17:58:28:1284781=CH[4] is 32Bit=1, CmdVal=0x0C59A
21130330-17:58:28:1284796=CH[5] is 32Bit=1, CmdVal=0x0C59C
21130330-17:58:28:1284812=CH[6] is 32Bit=1, CmdVal=0x0C5AA
21130330-17:58:28:1284828=CH[7] is 32Bit=1, CmdVal=0x0C59C
21130330-17:58:28:1284843=Enter CSCOPE_WORKER::Arrange_CH_32bit() OK
21130330-17:58:28:1284875=Sample rate=8000, ScopeTimeSec=1, PM_Data_Size=800, 
21130330-17:58:28:1284890=CSCOPE_PACKET_PARSER::initAllocation(8)
21130330-17:58:29:1284921=Enter CScope_Decoder::Setup_Paraer()
21130330-17:58:29:1284937=Decide_CH_Get_Func() : CH[0] b32=1, CH_DataType=2 
21130330-17:58:29:1284968=Decide_CH_Get_Func() : CH[1] b32=1, CH_DataType=2
21130330-17:58:29:1284984=Decide_CH_Get_Func() : CH[2] b32=1, CH_DataType=2
21130330-17:58:29:1285000=Decide_CH_Get_Func() : CH[3] b32=1, CH_DataType=2
21130330-17:58:29:1285015=Decide_CH_Get_Func() : CH[4] b32=1, CH_DataType=2
21130330-17:58:29:1285031=Decide_CH_Get_Func() : CH[5] b32=1, CH_DataType=2
21130330-17:58:29:1285046=Decide_CH_Get_Func() : CH[6] b32=1, CH_DataType=2
21130330-17:58:29:1285062=Enter CScope_Decoder::resetScpDecoder() OK
21130330-17:58:29:1285093=   call m_pScpCom->WriteScopeCmd_Start()
21130330-17:58:29:1285109=CH1 P0-4 nCmdVal=0xC598(50584)

21130330-17:58:29:1285125=Enter COMM_HCT::Write_N_RTU()
21130330-17:58:29:1285140=CH2 P0-6 nCmdVal=0xC59A(50586)

21130330-17:58:29:1285156=CH3 P0-5 nCmdVal=0xC598(50584)

21130330-17:58:29:1285171=Enter COMM_HCT::Write_N_RTU()
21130330-17:58:29:1285187=CH4 P0-7 nCmdVal=0xC59A(50586)

21130330-17:58:29:1285203=CH5 P0-65 nCmdVal=0xC59C(50588)

21130330-17:58:29:1285218=Enter COMM_HCT::Write_N_RTU()
21130330-17:58:29:1285234=CH6 P0-67 nCmdVal=0xC5AA(50602)

21130330-17:58:29:1285250=CH7 P0-66 nCmdVal=0xC59C(50588)

21130330-17:58:29:1285265=Enter COMM_HCT::Write_N_RTU()
21130330-17:58:29:1285281=CH8 P0-68 nCmdVal=0xC5AA(50602)

21130330-17:58:29:1285296=Enter COMM_HCT::Write_N_RTU()
21130330-17:58:29:1285312=Enter CSCOPE_COMM::Write_CH_Cmd() OK
21130330-17:58:29:1285328=Enter CSCOPE_WORKER::WriteScopeCmd_Start() OK
21130330-17:58:29:1285343=Enter CASD_SCOPE::Scope_Run() OK! 
21130330-17:58:29:1285359=Enter API ASD_Scope_Run() OK
21130330-17:58:32:1288296=Enter API ASD_Scope_Reset_Before_Run() Port[0x0000000C]
21130330-17:58:32:1288312=Enter CASD_SCOPE::Scope_Reset_Before_Run() 
21130330-17:58:32:1288343=Enter CSCOPE_WORKER::Scope_Reset_CH_Before_Run() 
21130330-17:58:32:1288375=Enter CSCOPE_COMM::resetScpComm()
21130330-17:58:32:1288390=COMM_HCT::SetScopeDecoder
21130330-17:58:32:1288406=Enter CSCOPE_COMM::resetScpComm() OK
21130330-17:58:32:1288421=Sample rate=8000, ScopeTimeSec=1, PM_Data_Size=800, 
21130330-17:58:32:1288437=CSCOPE_PACKET_PARSER::initAllocation(8)
21130330-17:58:32:1288468=Enter CScope_Decoder::Setup_Paraer()
21130330-17:58:32:1288484=Decide_CH_Get_Func() : CH[0] b32=1, CH_DataType=2 
21130330-17:58:32:1288515=Decide_CH_Get_Func() : CH[1] b32=1, CH_DataType=2
21130330-17:58:32:1288531=Decide_CH_Get_Func() : CH[2] b32=1, CH_DataType=2
21130330-17:58:32:1288546=Decide_CH_Get_Func() : CH[3] b32=1, CH_DataType=2
21130330-17:58:32:1288562=Decide_CH_Get_Func() : CH[4] b32=1, CH_DataType=2
21130330-17:58:32:1288578=Decide_CH_Get_Func() : CH[5] b32=1, CH_DataType=2
21130330-17:58:32:1288609=Decide_CH_Get_Func() : CH[6] b32=1, CH_DataType=2
21130330-17:58:32:1288625=Enter CScope_Decoder::resetScpDecoder() OK
21130330-17:58:32:1288656=Scope_Reset_CH_Before_Run() time=0, 47, 234, 0 
21130330-17:58:32:1288671=Enter CSCOPE_WORKER::Scope_Reset_CH_Before_Run() OK
21130330-17:58:32:1288687=Enter CASD_SCOPE::Scope_Reset_Before_Run() OK! 
21130330-17:58:32:1288703=ASD_Scope_Reset_Before_Run() time=0, 375
21130330-17:58:32:1288718=ASD_Scope_Reset_Before_Run() OK
21130330-17:58:32:1288734=Enter COMM_HCT::Write_N_RTU()
AppStart56167406=21130331-9:13:11 : APP StartDLL() 1.1.0.10(build20210909)
21130331-9:13:11:56167437=Enter API ASD_Allocate_Scope() Port[0x0000000C]  Ver=1.1.0.10(build20210909)
21130331-9:13:11:56167515=Port Allocated OK!
21130331-9:13:11:56167531=Enter API ASD_Open_COMM_HCTL() Com[12]
21130331-9:13:11:56167546=DDBUG CCOMM_THREAD::start_thread  1
21130331-9:13:11:56167578=S2 COMM_HCTL::Com_Thread_Start() enter loop......

21130331-9:13:11:56167593=Enter CASD_SCOPE::SetCommObject()
21130331-9:13:11:56167625=initCommScope(): Dev(3, 7, 0), ScoptType=501, CH_Size=8, 
21130331-9:13:11:56167656=Scope_Second=1, Base_Second=20, nBufSize=160001, new_dDSP_Data_Ts=0.125000, strTimeFormat=%0.3f(ms)
21130331-9:13:11:56167671=Enter CASD_SCOPE::Scope_Write_Settings() 
21130331-9:13:11:56167687=Enter CSCOPE_WORKER::Scope_Write_Setting_Before_Run() 
21130331-9:13:11:56167703=Enter CSCOPE_COMM::resetScpComm()
21130331-9:13:11:56167718=COMM_HCT::SetScopeDecoder
21130331-9:13:11:56167734=Enter CSCOPE_COMM::resetScpComm() OK
21130331-9:13:11:56167750=CH[1] is 32Bit=1, CmdVal=0x0C598
21130331-9:13:11:56167765=CH[2] is 32Bit=1, CmdVal=0x0C59A
21130331-9:13:11:56167781=CH[3] is 32Bit=1, CmdVal=0x0C598
21130331-9:13:11:56167796=CH[4] is 32Bit=1, CmdVal=0x0C59A
21130331-9:13:11:56167812=CH[5] is 32Bit=1, CmdVal=0x0C59C
21130331-9:13:12:56167828=CH[6] is 32Bit=1, CmdVal=0x0C5AA
21130331-9:13:12:56167843=CH[7] is 32Bit=1, CmdVal=0x0C59C
21130331-9:13:12:56167859=Enter CSCOPE_WORKER::Arrange_CH_32bit() OK
21130331-9:13:12:56167875=Sample rate=8000, ScopeTimeSec=1, PM_Data_Size=800, 
21130331-9:13:12:56167890=CSCOPE_PACKET_PARSER::initAllocation(8)
21130331-9:13:12:56167906=Enter CScope_Decoder::Setup_Paraer()
21130331-9:13:12:56167921=Decide_CH_Get_Func() : CH[0] b32=1, CH_DataType=2 
21130331-9:13:12:56167953=Decide_CH_Get_Func() : CH[1] b32=1, CH_DataType=2
21130331-9:13:12:56167968=Decide_CH_Get_Func() : CH[2] b32=1, CH_DataType=2
21130331-9:13:12:56167984=Decide_CH_Get_Func() : CH[3] b32=1, CH_DataType=2
21130331-9:13:12:56168000=Decide_CH_Get_Func() : CH[4] b32=1, CH_DataType=2
21130331-9:13:12:56168015=Decide_CH_Get_Func() : CH[5] b32=1, CH_DataType=2
21130331-9:13:12:56168031=Decide_CH_Get_Func() : CH[6] b32=1, CH_DataType=2
21130331-9:13:12:56168046=Enter CScope_Decoder::resetScpDecoder() OK
21130331-9:13:12:56168062=   call m_pScpCom->WriteScopeCmd_Start()
21130331-9:13:12:56168078=CH1 P0-4 nCmdVal=0xC598(50584)

21130331-9:13:12:56168093=CH2 P0-6 nCmdVal=0xC59A(50586)

21130331-9:13:12:56168109=Enter COMM_HCT::Write_N_RTU()
21130331-9:13:12:56168125=Enter COMM_HCT::Write_N_RTU()

21130331-9:13:12:56168140=Enter COMM_HCT::Write_N_RTU()

21130331-9:13:12:56168156=CH5 P0-65 nCmdVal=0xC59C(50588)

21130331-9:13:12:56168171=Enter COMM_HCT::Write_N_RTU()
21130331-9:13:12:56168187=Enter COMM_HCT::Write_N_RTU()

21130331-9:13:12:56168203=CH7 P0-66 nCmdVal=0xC59C(50588)

21130331-9:13:12:56168218=Enter COMM_HCT::Write_N_RTU()
21130331-9:13:12:56168234=Enter COMM_HCT::Write_N_RTU()

21130331-9:13:12:56168265=Enter CSCOPE_COMM::Write_CH_Cmd() OK
21130331-9:13:12:56168281=Enter CSCOPE_WORKER::WriteScopeCmd_Start() OK
21130331-9:13:12:56168296=Enter CASD_SCOPE::Scope_Run() OK! 
21130331-9:13:12:56168312=Enter API ASD_Scope_Run() OK
21130331-9:13:14:56170187=Enter API ASD_Scope_Reset_Before_Run() Port[0x0000000C]
21130331-9:13:14:56170203=Enter CASD_SCOPE::Scope_Reset_Before_Run() 
21130331-9:13:14:56170218=Enter CSCOPE_WORKER::Scope_Reset_CH_Before_Run() 
21130331-9:13:14:56170234=Enter CSCOPE_COMM::resetScpComm()
21130331-9:13:14:56170250=COMM_HCT::SetScopeDecoder
21130331-9:13:14:56170265=Enter CSCOPE_COMM::resetScpComm() OK
21130331-9:13:14:56170281=Sample rate=8000, ScopeTimeSec=1, PM_Data_Size=800, 
21130331-9:13:14:56170296=CSCOPE_PACKET_PARSER::initAllocation(8)
21130331-9:13:14:56170312=Enter CScope_Decoder::Setup_Paraer()
21130331-9:13:14:56170328=Decide_CH_Get_Func() : CH[0] b32=1, CH_DataType=2 
21130331-9:13:14:56170359=Decide_CH_Get_Func() : CH[1] b32=1, CH_DataType=2
21130331-9:13:14:56170375=Decide_CH_Get_Func() : CH[2] b32=1, CH_DataType=2
21130331-9:13:14:56170390=Decide_CH_Get_Func() : CH[3] b32=1, CH_DataType=2
21130331-9:13:14:56170406=Decide_CH_Get_Func() : CH[4] b32=1, CH_DataType=2
21130331-9:13:14:56170421=Decide_CH_Get_Func() : CH[5] b32=1, CH_DataType=2
21130331-9:13:14:56170437=Decide_CH_Get_Func() : CH[6] b32=1, CH_DataType=2
21130331-9:13:14:56170453=Enter CScope_Decoder::resetScpDecoder() OK
21130331-9:13:14:56170468=Scope_Reset_CH_Before_Run() time=0, 47, 188, 0 
21130331-9:13:14:56170484=Enter CSCOPE_WORKER::Scope_Reset_CH_Before_Run() OK
21130331-9:13:14:56170500=Enter CASD_SCOPE::Scope_Reset_Before_Run() OK! 
21130331-9:13:14:56170515=ASD_Scope_Reset_Before_Run() time=0, 297
21130331-9:13:14:56170531=ASD_Scope_Reset_Before_Run() OK
21130331-9:13:14:56170546=Enter COMM_HCT::Write_N_RTU()
21130331-9:13:19:56174875=Enter COMM_HCT::Write_N_RTU()
21130331-9:13:36:56192656=Enter API ASD_Scope_Stop() Port[0x0000000C]
21130331-9:13:36:56192671=Enter CASD_SCOPE::Scope_Stop()
21130331-9:13:36:56192687=Enter CSCOPE_WORKER::StopScope()
21130331-9:13:36:56192703=Enter CSCOPE_COMM::WriteScopeCmd_Stop()
21130331-9:13:36:56192718=Enter CSCOPE_COMM::Close_ScpCmd()
21130331-9:13:36:56192734=Enter CSCOPE_COMM::StopScope()
21130331-9:13:36:56192750=Enter COMM_HCT::Write_N_RTU()
21130331-9:13:36:56192812=Enter COMM_HCT::Write_N_RTU()
21130331-9:13:37:56192828=mr_pCommASD->Write_N(3,8) time=0, 0
21130331-9:13:37:56192843=Enter CSCOPE_COMM::StopScope() OK
21130331-9:13:37:56192859=CSCOPE_COMM::Close_ScpCmd() time=125, 125
21130331-9:13:37:56192875=Enter CSCOPE_COMM::Close_ScpCmd() OK
21130331-9:13:37:56192890=Enter CSCOPE_COMM::WriteScopeCmd_Stop() OK
21130331-9:13:37:56192906=Enter CSCOPE_WORKER::StopScope() OK
21130331-9:13:37:56192921=Enter CASD_SCOPE::Scope_Stop() OK
21130331-9:13:37:56192937=Enter API ASD_Scope_Reset_Before_Run() Port[0x0000000C]
21130331-9:13:37:56192953=Enter CASD_SCOPE::Scope_Reset_Before_Run() 
21130331-9:13:37:56192968=Enter CSCOPE_WORKER::Scope_Reset_CH_Before_Run() 
21130331-9:13:37:56192984=Enter CSCOPE_COMM::resetScpComm()
21130331-9:13:37:56193000=COMM_HCT::SetScopeDecoder
21130331-9:13:37:56193015=Enter CSCOPE_COMM::resetScpComm() OK
21130331-9:13:37:56193031=Sample rate=8000, ScopeTimeSec=1, PM_Data_Size=800, 
21130331-9:13:37:56193046=CSCOPE_PACKET_PARSER::initAllocation(8)
21130331-9:13:37:56193062=Enter CScope_Decoder::Setup_Paraer()
21130331-9:13:37:56193078=Decide_CH_Get_Func() : CH[0] b32=1, CH_DataType=2 
21130331-9:13:37:56193093=Decide_CH_Get_Func() : CH[1] b32=1, CH_DataType=2
21130331-9:13:37:56193109=Decide_CH_Get_Func() : CH[2] b32=1, CH_DataType=2
21130331-9:13:37:56193125=Decide_CH_Get_Func() : CH[3] b32=1, CH_DataType=2
21130331-9:13:37:56193140=Decide_CH_Get_Func() : CH[4] b32=1, CH_DataType=2
21130331-9:13:37:56193156=Decide_CH_Get_Func() : CH[5] b32=1, CH_DataType=2
21130331-9:13:37:56193171=Decide_CH_Get_Func() : CH[6] b32=1, CH_DataType=2
21130331-9:13:37:56193187=Enter CScope_Decoder::resetScpDecoder() OK
21130331-9:13:37:56193218=Scope_Reset_CH_Before_Run() time=0, 47, 188, 0 
21130331-9:13:37:56193234=Enter CSCOPE_WORKER::Scope_Reset_CH_Before_Run() OK
21130331-9:13:37:56193250=Enter CASD_SCOPE::Scope_Reset_Before_Run() OK! 
21130331-9:13:37:56193265=ASD_Scope_Reset_Before_Run() time=0, 313
21130331-9:13:37:56193281=ASD_Scope_Reset_Before_Run() OK
AppStart56258500=21130331-9:14:42 : APP StartDLL() 1.1.0.10(build20210909)
21130331-9:14:42:56258515=Enter API ASD_Allocate_Scope() Port[0x0000000C]  Ver=1.1.0.10(build20210909)
21130331-9:14:42:56258578=Port Allocated OK!
21130331-9:14:42:56258609=Enter API ASD_Open_COMM_HCTL() Com[12]
21130331-9:14:42:56258625=DDBUG CCOMM_THREAD::start_thread  1
21130331-9:14:42:56258640=S2 COMM_HCTL::Com_Thread_Start() enter loop......

21130331-9:14:42:56258671=Enter CASD_SCOPE::SetCommObject()
21130331-9:14:42:56258718=initCommScope(): Dev(3, 7, 0), ScoptType=501, CH_Size=8, 
21130331-9:14:42:56258734=Scope_Second=1, Base_Second=20, nBufSize=160001, new_dDSP_Data_Ts=0.125000, strTimeFormat=%0.3f(ms)
21130331-9:14:42:56258750=Enter CASD_SCOPE::Scope_Write_Settings() 
21130331-9:14:42:56258765=Enter CSCOPE_WORKER::Scope_Write_Setting_Before_Run() 
21130331-9:14:42:56258781=Enter CSCOPE_COMM::resetScpComm()
21130331-9:14:42:56258796=COMM_HCT::SetScopeDecoder
21130331-9:14:42:56258812=Enter CSCOPE_COMM::resetScpComm() OK
21130331-9:14:43:56258828=CH[1] is 32Bit=1, CmdVal=0x0C598
21130331-9:14:43:56258843=CH[2] is 32Bit=1, CmdVal=0x0C59A
21130331-9:14:43:56258859=CH[3] is 32Bit=1, CmdVal=0x0C598
21130331-9:14:43:56258875=CH[4] is 32Bit=1, CmdVal=0x0C59A
21130331-9:14:43:56258890=CH[5] is 32Bit=1, CmdVal=0x0C59C
21130331-9:14:43:56258906=CH[6] is 32Bit=1, CmdVal=0x0C5AA
21130331-9:14:43:56258921=CH[7] is 32Bit=1, CmdVal=0x0C59C
21130331-9:14:43:56258937=Enter CSCOPE_WORKER::Arrange_CH_32bit() OK
21130331-9:14:43:56258953=Sample rate=8000, ScopeTimeSec=1, PM_Data_Size=800, 
21130331-9:14:43:56258968=CSCOPE_PACKET_PARSER::initAllocation(8)
21130331-9:14:43:56258984=Enter CScope_Decoder::Setup_Paraer()
21130331-9:14:43:56259000=Decide_CH_Get_Func() : CH[0] b32=1, CH_DataType=2 
21130331-9:14:43:56259015=Decide_CH_Get_Func() : CH[1] b32=1, CH_DataType=2
21130331-9:14:43:56259031=Decide_CH_Get_Func() : CH[2] b32=1, CH_DataType=2
21130331-9:14:43:56259046=Decide_CH_Get_Func() : CH[3] b32=1, CH_DataType=2
21130331-9:14:43:56259062=Decide_CH_Get_Func() : CH[4] b32=1, CH_DataType=2
21130331-9:14:43:56259078=Decide_CH_Get_Func() : CH[5] b32=1, CH_DataType=2
21130331-9:14:43:56259093=Decide_CH_Get_Func() : CH[6] b32=1, CH_DataType=2
21130331-9:14:43:56259109=Enter CScope_Decoder::resetScpDecoder() OK
21130331-9:14:43:56259125=   call m_pScpCom->WriteScopeCmd_Start()
21130331-9:14:43:56259140=CH1 P0-4 nCmdVal=0xC598(50584)

21130331-9:14:43:56259156=CH2 P0-6 nCmdVal=0xC59A(50586)

21130331-9:14:43:56259171=Enter COMM_HCT::Write_N_RTU()
21130331-9:14:43:56259187=Enter COMM_HCT::Write_N_RTU()

21130331-9:14:43:56259203=Enter COMM_HCT::Write_N_RTU()

21130331-9:14:43:56259218=CH5 P0-65 nCmdVal=0xC59C(50588)

21130331-9:14:43:56259234=Enter COMM_HCT::Write_N_RTU()
21130331-9:14:43:56259250=Enter COMM_HCT::Write_N_RTU()

21130331-9:14:43:56259265=CH7 P0-66 nCmdVal=0xC59C(50588)

21130331-9:14:43:56259281=Enter COMM_HCT::Write_N_RTU()
21130331-9:14:43:56259296=Enter COMM_HCT::Write_N_RTU()

21130331-9:14:43:56259312=Enter CSCOPE_COMM::Write_CH_Cmd() OK
21130331-9:14:43:56259328=Enter CSCOPE_WORKER::WriteScopeCmd_Start() OK
21130331-9:14:43:56259343=Enter CASD_SCOPE::Scope_Run() OK! 
21130331-9:14:43:56259359=Enter API ASD_Scope_Run() OK
21130331-9:14:45:56261250=Enter CASD_SCOPE::Scope_Reset_Before_Run() 
21130331-9:14:45:56261281=Enter CSCOPE_WORKER::Scope_Reset_CH_Before_Run() 
21130331-9:14:45:56261296=Enter CSCOPE_COMM::resetScpComm()
21130331-9:14:45:56261312=COMM_HCT::SetScopeDecoder
21130331-9:14:45:56261328=Enter CSCOPE_COMM::resetScpComm() OK
21130331-9:14:45:56261343=Sample rate=8000, ScopeTimeSec=1, PM_Data_Size=800, 
21130331-9:14:45:56261359=CSCOPE_PACKET_PARSER::initAllocation(8)
21130331-9:14:45:56261375=Enter CScope_Decoder::Setup_Paraer()
21130331-9:14:45:56261390=Decide_CH_Get_Func() : CH[0] b32=1, CH_DataType=2 
21130331-9:14:45:56261406=Decide_CH_Get_Func() : CH[1] b32=1, CH_DataType=2
21130331-9:14:45:56261421=Decide_CH_Get_Func() : CH[2] b32=1, CH_DataType=2
21130331-9:14:45:56261437=Decide_CH_Get_Func() : CH[3] b32=1, CH_DataType=2
21130331-9:14:45:56261453=Decide_CH_Get_Func() : CH[4] b32=1, CH_DataType=2
21130331-9:14:45:56261468=Decide_CH_Get_Func() : CH[5] b32=1, CH_DataType=2
21130331-9:14:45:56261484=Decide_CH_Get_Func() : CH[6] b32=1, CH_DataType=2
21130331-9:14:45:56261500=Enter CScope_Decoder::resetScpDecoder() OK
21130331-9:14:45:56261515=Scope_Reset_CH_Before_Run() time=0, 47, 172, 0 
21130331-9:14:45:56261531=Enter CSCOPE_WORKER::Scope_Reset_CH_Before_Run() OK
21130331-9:14:45:56261546=Enter CASD_SCOPE::Scope_Reset_Before_Run() OK! 
21130331-9:14:45:56261562=ASD_Scope_Reset_Before_Run() time=0, 296
21130331-9:14:45:56261578=ASD_Scope_Reset_Before_Run() OK
21130331-9:14:45:56261593=Enter COMM_HCT::Write_N_RTU()
21130331-9:14:53:56268953=Enter COMM_HCT::Write_N_RTU()
21130331-9:15:10:56286734=Enter CASD_SCOPE::Scope_Stop()
21130331-9:15:10:56286750=Enter CSCOPE_WORKER::StopScope()
21130331-9:15:10:56286765=Enter CSCOPE_COMM::WriteScopeCmd_Stop()
21130331-9:15:10:56286781=Enter CSCOPE_COMM::Close_ScpCmd()
21130331-9:15:10:56286796=Enter CSCOPE_COMM::StopScope()
21130331-9:15:10:56286812=Enter COMM_HCT::Write_N_RTU()
21130331-9:15:11:56286859=Enter COMM_HCT::Write_N_RTU()
21130331-9:15:11:56286875=mr_pCommASD->Write_N(3,8) time=0, 0
21130331-9:15:11:56286890=Enter CSCOPE_COMM::StopScope() OK
21130331-9:15:11:56286906=CSCOPE_COMM::Close_ScpCmd() time=109, 109
21130331-9:15:11:56286921=Enter CSCOPE_COMM::Close_ScpCmd() OK
21130331-9:15:11:56286937=Enter CSCOPE_COMM::WriteScopeCmd_Stop() OK
21130331-9:15:11:56286953=Enter CSCOPE_WORKER::StopScope() OK
21130331-9:15:11:56286968=Enter CASD_SCOPE::Scope_Stop() OK
21130331-9:15:11:56286984=Enter API ASD_Scope_Reset_Before_Run() Port[0x0000000C]
21130331-9:15:11:56287000=Enter CASD_SCOPE::Scope_Reset_Before_Run() 
21130331-9:15:11:56287015=Enter CSCOPE_WORKER::Scope_Reset_CH_Before_Run() 
21130331-9:15:11:56287031=Enter CSCOPE_COMM::resetScpComm()
21130331-9:15:11:56287046=COMM_HCT::SetScopeDecoder
21130331-9:15:11:56287062=Enter CSCOPE_COMM::resetScpComm() OK
21130331-9:15:11:56287078=Sample rate=8000, ScopeTimeSec=1, PM_Data_Size=800, 
21130331-9:15:11:56287093=CSCOPE_PACKET_PARSER::initAllocation(8)
21130331-9:15:11:56287109=Enter CScope_Decoder::Setup_Paraer()
21130331-9:15:11:56287125=Decide_CH_Get_Func() : CH[0] b32=1, CH_DataType=2 
21130331-9:15:11:56287140=Decide_CH_Get_Func() : CH[1] b32=1, CH_DataType=2
21130331-9:15:11:56287156=Decide_CH_Get_Func() : CH[2] b32=1, CH_DataType=2
21130331-9:15:11:56287171=Decide_CH_Get_Func() : CH[3] b32=1, CH_DataType=2
21130331-9:15:11:56287187=Decide_CH_Get_Func() : CH[4] b32=1, CH_DataType=2
21130331-9:15:11:56287203=Decide_CH_Get_Func() : CH[5] b32=1, CH_DataType=2
21130331-9:15:11:56287218=Decide_CH_Get_Func() : CH[6] b32=1, CH_DataType=2
21130331-9:15:11:56287234=Enter CScope_Decoder::resetScpDecoder() OK
21130331-9:15:11:56287250=Scope_Reset_CH_Before_Run() time=0, 47, 172, 0 
21130331-9:15:11:56287265=Enter CSCOPE_WORKER::Scope_Reset_CH_Before_Run() OK
21130331-9:15:11:56287281=Enter CASD_SCOPE::Scope_Reset_Before_Run() OK! 
21130331-9:15:11:56287296=ASD_Scope_Reset_Before_Run() time=0, 297
21130331-9:15:11:56287312=ASD_Scope_Reset_Before_Run() OK
21130331-9:16:8:56343906=Enter COMM_HCT::Write_N_RTU()
21130331-9:16:58:56394203=Enter API ASD_Scope_Stop() Port[0x0000000C]
21130331-9:16:58:56394218=Enter CASD_SCOPE::Scope_Stop()
21130331-9:16:58:56394234=Enter CSCOPE_WORKER::StopScope()
21130331-9:16:58:56394250=Enter CSCOPE_COMM::WriteScopeCmd_Stop()
21130331-9:16:58:56394265=Enter CSCOPE_COMM::Close_ScpCmd()
21130331-9:16:58:56394281=Enter CSCOPE_COMM::StopScope()
21130331-9:16:58:56394296=Enter COMM_HCT::Write_N_RTU()
21130331-9:16:58:56394359=Enter COMM_HCT::Write_N_RTU()
21130331-9:16:58:56394375=mr_pCommASD->Write_N(3,8) time=0, 0
21130331-9:16:58:56394390=Enter CSCOPE_COMM::StopScope() OK
21130331-9:16:58:56394406=CSCOPE_COMM::Close_ScpCmd() time=125, 125
21130331-9:16:58:56394421=Enter CSCOPE_COMM::Close_ScpCmd() OK
21130331-9:16:58:56394437=Enter CSCOPE_COMM::WriteScopeCmd_Stop() OK
21130331-9:16:58:56394453=Enter CSCOPE_WORKER::StopScope() OK
21130331-9:16:58:56394468=Enter CASD_SCOPE::Scope_Stop() OK
21130331-9:16:58:56394484=Enter API ASD_Close_COMM() Port[0x0000000C]
21130331-9:16:58:56394515=COMM_HCTL::Com_Thread_Start() loop end! 

21130331-9:16:58:56394531=Enter API ASD_Free_Scope() Port[0x0000000C]
21130331-9:16:58:56394562=Call CASD_SCOPE::Close_COMM()
21130331-9:16:58:56394578=Call CASD_SCOPE::Close_COMM()
AppEnd56394578=21130331-9:16:58 : call EndLog Port[0x0000000C]
AppStart56887578=21130331-9:25:11 : APP StartDLL() 1.1.0.10(build20210909)
21130331-9:25:11:56887609=Enter API ASD_Allocate_Scope() Port[0x0000000C]  Ver=1.1.0.10(build20210909)
21130331-9:25:11:56887625=Port Allocated OK!
21130331-9:25:11:56887656=Enter API ASD_Open_COMM_HCTL() Com[12]
21130331-9:25:11:56887671=ASD_Open_COMM_HCTL() exception! :Open HCTL COMM failed!
AppStart56898328=21130331-9:25:22 : APP StartDLL() 1.1.0.10(build20210909)
21130331-9:25:22:56898343=Enter API ASD_Allocate_Scope() Port[0x0000000C]  Ver=1.1.0.10(build20210909)
21130331-9:25:22:56898375=Port Allocated OK!
21130331-9:25:22:56898390=Enter API ASD_Open_COMM_HCTL() Com[12]
21130331-9:25:22:56898406=DDBUG CCOMM_THREAD::start_thread  1
21130331-9:25:22:56898421=S2 COMM_HCTL::Com_Thread_Start() enter loop......

21130331-9:25:22:56898437=Enter CASD_SCOPE::SetCommObject()
21130331-9:25:22:56898453=initCommScope(): Dev(3, 7, 0), ScoptType=501, CH_Size=8, 
21130331-9:25:22:56898468=Scope_Second=1, Base_Second=20, nBufSize=160001, new_dDSP_Data_Ts=0.125000, strTimeFormat=%0.3f(ms)
21130331-9:25:22:56898484=Enter CASD_SCOPE::Scope_Write_Settings() 
21130331-9:25:22:56898500=Enter CSCOPE_WORKER::Scope_Write_Setting_Before_Run() 
21130331-9:25:22:56898515=Enter CSCOPE_COMM::resetScpComm()
21130331-9:25:22:56898531=COMM_HCT::SetScopeDecoder
21130331-9:25:22:56898546=Enter CSCOPE_COMM::resetScpComm() OK
21130331-9:25:22:56898562=CH[1] is 32Bit=1, CmdVal=0x0C598
21130331-9:25:22:56898578=CH[2] is 32Bit=1, CmdVal=0x0C59A
21130331-9:25:22:56898593=CH[3] is 32Bit=1, CmdVal=0x0C598
21130331-9:25:22:56898609=CH[4] is 32Bit=1, CmdVal=0x0C59A
21130331-9:25:22:56898625=CH[5] is 32Bit=1, CmdVal=0x0C59C
21130331-9:25:22:56898640=CH[6] is 32Bit=1, CmdVal=0x0C5AA
21130331-9:25:22:56898656=CH[7] is 32Bit=1, CmdVal=0x0C59C
21130331-9:25:22:56898671=Enter CSCOPE_WORKER::Arrange_CH_32bit() OK
21130331-9:25:22:56898687=Sample rate=8000, ScopeTimeSec=1, PM_Data_Size=800, 
21130331-9:25:22:56898703=CSCOPE_PACKET_PARSER::initAllocation(8)
21130331-9:25:22:56898718=Enter CScope_Decoder::Setup_Paraer()
21130331-9:25:22:56898734=Decide_CH_Get_Func() : CH[0] b32=1, CH_DataType=2 
21130331-9:25:22:56898750=Decide_CH_Get_Func() : CH[1] b32=1, CH_DataType=2
21130331-9:25:22:56898765=Decide_CH_Get_Func() : CH[2] b32=1, CH_DataType=2
21130331-9:25:22:56898781=Decide_CH_Get_Func() : CH[3] b32=1, CH_DataType=2
21130331-9:25:22:56898796=Decide_CH_Get_Func() : CH[4] b32=1, CH_DataType=2
21130331-9:25:23:56898812=Decide_CH_Get_Func() : CH[5] b32=1, CH_DataType=2
21130331-9:25:23:56898828=Decide_CH_Get_Func() : CH[6] b32=1, CH_DataType=2
21130331-9:25:23:56898843=Enter CScope_Decoder::resetScpDecoder() OK
21130331-9:25:23:56898859=   call m_pScpCom->WriteScopeCmd_Start()
21130331-9:25:23:56898875=CH1 P0-4 nCmdVal=0xC598(50584)

21130331-9:25:23:56898890=Enter COMM_HCT::Write_N_RTU()
21130331-9:25:23:56898906=Enter COMM_HCT::Write_N_RTU()

21130331-9:25:23:56898921=CH3 P0-5 nCmdVal=0xC598(50584)

21130331-9:25:23:56898937=Enter COMM_HCT::Write_N_RTU()
21130331-9:25:23:56898953=Enter COMM_HCT::Write_N_RTU()

21130331-9:25:23:56898968=CH5 P0-65 nCmdVal=0xC59C(50588)

21130331-9:25:23:56898984=Enter COMM_HCT::Write_N_RTU()
21130331-9:25:23:56899000=CH6 P0-67 nCmdVal=0xC5AA(50602)

21130331-9:25:23:56899015=Enter COMM_HCT::Write_N_RTU()
21130331-9:25:23:56899031=CH7 P0-66 nCmdVal=0xC59C(50588)

21130331-9:25:23:56899046=CH8 P0-68 nCmdVal=0xC5AA(50602)

21130331-9:25:23:56899062=Enter COMM_HCT::Write_N_RTU()
21130331-9:25:23:56899093=Enter CSCOPE_COMM::Write_CH_Cmd() OK
21130331-9:25:23:56899109=Enter CSCOPE_WORKER::WriteScopeCmd_Start() OK
21130331-9:25:23:56899125=Enter CASD_SCOPE::Scope_Run() OK! 
21130331-9:25:23:56899140=Enter API ASD_Scope_Run() OK
21130331-9:25:25:56901312=Enter CASD_SCOPE::Scope_Reset_Before_Run() 
21130331-9:25:25:56901343=Enter CSCOPE_WORKER::Scope_Reset_CH_Before_Run() 
21130331-9:25:25:56901359=Enter CSCOPE_COMM::resetScpComm()
21130331-9:25:25:56901375=COMM_HCT::SetScopeDecoder
21130331-9:25:25:56901390=Enter CSCOPE_COMM::resetScpComm() OK
21130331-9:25:25:56901406=Sample rate=8000, ScopeTimeSec=1, PM_Data_Size=800, 
21130331-9:25:25:56901421=CSCOPE_PACKET_PARSER::initAllocation(8)
21130331-9:25:25:56901437=Enter CScope_Decoder::Setup_Paraer()
21130331-9:25:25:56901468=call PacketParser.Decide_CH_Get_Func() 
21130331-9:25:25:56901484=Decide_CH_Get_Func() : CH[0] b32=1, CH_DataType=2
21130331-9:25:25:56901500=Decide_CH_Get_Func() : CH[1] b32=1, CH_DataType=2
21130331-9:25:25:56901515=Decide_CH_Get_Func() : CH[2] b32=1, CH_DataType=2
21130331-9:25:25:56901531=Decide_CH_Get_Func() : CH[3] b32=1, CH_DataType=2
21130331-9:25:25:56901546=Decide_CH_Get_Func() : CH[4] b32=1, CH_DataType=2
21130331-9:25:25:56901562=Decide_CH_Get_Func() : CH[5] b32=1, CH_DataType=2
21130331-9:25:25:56901578=Decide_CH_Get_Func() : CH[6] b32=1, CH_DataType=2
21130331-9:25:25:56901609=Enter CScope_Decoder::resetScpDecoder() OK
21130331-9:25:25:56901640=Scope_Reset_CH_Before_Run() time=0, 47, 235, 0 
21130331-9:25:25:56901656=Enter CSCOPE_WORKER::Scope_Reset_CH_Before_Run() OK
21130331-9:25:25:56901671=Enter CASD_SCOPE::Scope_Reset_Before_Run() OK! 
21130331-9:25:25:56901687=ASD_Scope_Reset_Before_Run() time=0, 359
21130331-9:25:25:56901718=ASD_Scope_Reset_Before_Run() OK
21130331-9:25:25:56901750=Enter COMM_HCT::Write_N_RTU()
21130331-9:26:11:56946984=Enter API ASD_Scope_Stop() Port[0x0000000C]
21130331-9:26:11:56947015=Enter CASD_SCOPE::Scope_Stop()
21130331-9:26:11:56947031=Enter CSCOPE_WORKER::StopScope()
21130331-9:26:11:56947062=Enter CSCOPE_COMM::WriteScopeCmd_Stop()
21130331-9:26:11:56947093=Enter CSCOPE_COMM::Close_ScpCmd()
21130331-9:26:11:56947109=Enter CSCOPE_COMM::StopScope()
21130331-9:26:11:56947140=Enter COMM_HCT::Write_N_RTU()
21130331-9:26:11:56947203=Enter COMM_HCT::Write_N_RTU()
21130331-9:26:11:56947218=mr_pCommASD->Write_N(3,8) time=0, 0
21130331-9:26:11:56947234=Enter CSCOPE_COMM::StopScope() OK
21130331-9:26:11:56947250=CSCOPE_COMM::Close_ScpCmd() time=141, 141
21130331-9:26:11:56947265=Enter CSCOPE_COMM::Close_ScpCmd() OK
21130331-9:26:11:56947281=Enter CSCOPE_COMM::WriteScopeCmd_Stop() OK
21130331-9:26:11:56947296=Enter CSCOPE_WORKER::StopScope() OK
21130331-9:26:11:56947312=Enter CASD_SCOPE::Scope_Stop() OK
21130331-9:26:11:56947328= API ASD_Scope_Stop() OK
21130331-9:26:11:56947343=Enter API ASD_Scope_Reset_Before_Run() Port[0x0000000C]
21130331-9:26:11:56947359=Enter CASD_SCOPE::Scope_Reset_Before_Run() 
21130331-9:26:11:56947375=Enter CSCOPE_WORKER::Scope_Reset_CH_Before_Run() 
21130331-9:26:11:56947390=Enter CSCOPE_COMM::resetScpComm()
21130331-9:26:11:56947406=COMM_HCT::SetScopeDecoder
21130331-9:26:11:56947437=Enter CSCOPE_COMM::resetScpComm() OK
21130331-9:26:11:56947453=Sample rate=8000, ScopeTimeSec=1, PM_Data_Size=800, 
21130331-9:26:11:56947468=CSCOPE_PACKET_PARSER::initAllocation(8)
21130331-9:26:11:56947484=Enter CScope_Decoder::Setup_Paraer()
21130331-9:26:11:56947500=Decide_CH_Get_Func() : CH[0] b32=1, CH_DataType=2 
21130331-9:26:11:56947515=Decide_CH_Get_Func() : CH[1] b32=1, CH_DataType=2
21130331-9:26:11:56947531=Decide_CH_Get_Func() : CH[2] b32=1, CH_DataType=2
21130331-9:26:11:56947546=Decide_CH_Get_Func() : CH[3] b32=1, CH_DataType=2
21130331-9:26:11:56947562=Decide_CH_Get_Func() : CH[4] b32=1, CH_DataType=2
21130331-9:26:11:56947578=Decide_CH_Get_Func() : CH[5] b32=1, CH_DataType=2
21130331-9:26:11:56947593=Decide_CH_Get_Func() : CH[6] b32=1, CH_DataType=2
21130331-9:26:11:56947609=Enter CScope_Decoder::resetScpDecoder() OK
21130331-9:26:11:56947625=Scope_Reset_CH_Before_Run() time=0, 62, 172, 0 
21130331-9:26:11:56947640=Enter CSCOPE_WORKER::Scope_Reset_CH_Before_Run() OK
21130331-9:26:11:56947656=Enter CASD_SCOPE::Scope_Reset_Before_Run() OK! 
21130331-9:26:11:56947671=ASD_Scope_Reset_Before_Run() time=0, 313
21130331-9:26:11:56947687=ASD_Scope_Reset_Before_Run() OK
21130331-9:39:31:57747078=Enter API ASD_Scope_Stop() Port[0x0000000C]
21130331-9:39:31:57747093=Enter CASD_SCOPE::Scope_Stop()
21130331-9:39:31:57747109=Enter CSCOPE_WORKER::StopScope()
21130331-9:39:31:57747125=Enter CSCOPE_COMM::WriteScopeCmd_Stop()
21130331-9:39:31:57747140=Enter CSCOPE_COMM::Close_ScpCmd()
21130331-9:39:31:57747156=Enter CSCOPE_COMM::StopScope()
21130331-9:39:31:57747171=Enter COMM_HCT::Write_N_RTU()
21130331-9:39:31:57747234=Enter COMM_HCT::Write_N_RTU()
21130331-9:39:31:57747250=mr_pCommASD->Write_N(3,8) time=0, 0
21130331-9:39:31:57747265=Enter CSCOPE_COMM::StopScope() OK
21130331-9:39:31:57747281=CSCOPE_COMM::Close_ScpCmd() time=125, 125
21130331-9:39:31:57747296=Enter CSCOPE_COMM::Close_ScpCmd() OK
21130331-9:39:31:57747312=Enter CSCOPE_COMM::WriteScopeCmd_Stop() OK
21130331-9:39:31:57747328=Enter CSCOPE_WORKER::StopScope() OK
21130331-9:39:31:57747343=Enter CASD_SCOPE::Scope_Stop() OK
21130331-9:39:31:57747359=Enter API ASD_Close_COMM() Port[0x0000000C]
21130331-9:39:31:57747390=COMM_HCTL::Com_Thread_Start() loop end! 

21130331-9:39:31:57747406=Enter API ASD_Free_Scope() Port[0x0000000C]
21130331-9:39:31:57747421=Call CASD_SCOPE::Close_COMM()
21130331-9:39:31:57747437=Call CASD_SCOPE::Close_COMM()
AppEnd57747437=21130331-9:39:31 : call EndLog Port[0x0000000C]
AppStart57752703=21130331-9:39:36 : APP StartDLL() 1.1.0.10(build20210909)
21130331-9:39:36:57752718=Enter API ASD_Allocate_Scope() Port[0x0000000C]  Ver=1.1.0.10(build20210909)
21130331-9:39:36:57752750=Port Allocated OK!
21130331-9:39:36:57752765=Enter API ASD_Open_COMM_HCTL() Com[12]
21130331-9:39:36:57752781=DDBUG CCOMM_THREAD::start_thread  1
21130331-9:39:37:57752812=S2 COMM_HCTL::Com_Thread_Start() enter loop......

21130331-9:39:37:57752843=Enter CASD_SCOPE::SetCommObject()
21130331-9:39:37:57752859=initCommScope(): Dev(3, 7, 0), ScoptType=501, CH_Size=8, 
21130331-9:39:37:57752875=Scope_Second=1, Base_Second=20, nBufSize=160001, new_dDSP_Data_Ts=0.125000, strTimeFormat=%0.3f(ms)
21130331-9:39:37:57752890=Enter CASD_SCOPE::Scope_Write_Settings() 
21130331-9:39:37:57752906=Enter CSCOPE_WORKER::Scope_Write_Setting_Before_Run() 
21130331-9:39:37:57752921=Enter CSCOPE_COMM::resetScpComm()
21130331-9:39:37:57752937=COMM_HCT::SetScopeDecoder
21130331-9:39:37:57752953=Enter CSCOPE_COMM::resetScpComm() OK
21130331-9:39:37:57752968=CH[1] is 32Bit=1, CmdVal=0x0C598
21130331-9:39:37:57752984=CH[2] is 32Bit=1, CmdVal=0x0C59A
21130331-9:39:37:57753000=CH[3] is 32Bit=1, CmdVal=0x0C598
21130331-9:39:37:57753015=CH[4] is 32Bit=1, CmdVal=0x0C59A
21130331-9:39:37:57753031=CH[5] is 32Bit=1, CmdVal=0x0C59C
21130331-9:39:37:57753046=CH[6] is 32Bit=1, CmdVal=0x0C5AA
21130331-9:39:37:57753062=CH[7] is 32Bit=1, CmdVal=0x0C59C
21130331-9:39:37:57753078=Enter CSCOPE_WORKER::Arrange_CH_32bit() OK
21130331-9:39:37:57753093=Sample rate=8000, ScopeTimeSec=1, PM_Data_Size=800, 
21130331-9:39:37:57753109=CSCOPE_PACKET_PARSER::initAllocation(8)
21130331-9:39:37:57753125=Enter CScope_Decoder::Setup_Paraer()
21130331-9:39:37:57753140=Decide_CH_Get_Func() : CH[0] b32=1, CH_DataType=2 
21130331-9:39:37:57753156=Decide_CH_Get_Func() : CH[1] b32=1, CH_DataType=2
21130331-9:39:37:57753171=Decide_CH_Get_Func() : CH[2] b32=1, CH_DataType=2
21130331-9:39:37:57753187=Decide_CH_Get_Func() : CH[3] b32=1, CH_DataType=2
21130331-9:39:37:57753203=Decide_CH_Get_Func() : CH[4] b32=1, CH_DataType=2
21130331-9:39:37:57753218=Decide_CH_Get_Func() : CH[5] b32=1, CH_DataType=2
21130331-9:39:37:57753234=Decide_CH_Get_Func() : CH[6] b32=1, CH_DataType=2
21130331-9:39:37:57753250=Enter CScope_Decoder::resetScpDecoder() OK
21130331-9:39:37:57753265=   call m_pScpCom->WriteScopeCmd_Start()
21130331-9:39:37:57753281=CH1 P0-4 nCmdVal=0xC598(50584)

21130331-9:39:37:57753296=CH2 P0-6 nCmdVal=0xC59A(50586)

21130331-9:39:37:57753312=Enter COMM_HCT::Write_N_RTU()
21130331-9:39:37:57753328=Enter COMM_HCT::Write_N_RTU()

21130331-9:39:37:57753343=CH4 P0-7 nCmdVal=0xC59A(50586)

21130331-9:39:37:57753359=Enter COMM_HCT::Write_N_RTU()
21130331-9:39:37:57753375=Enter COMM_HCT::Write_N_RTU()

21130331-9:39:37:57753390=CH6 P0-67 nCmdVal=0xC5AA(50602)

21130331-9:39:37:57753406=Enter COMM_HCT::Write_N_RTU()
21130331-9:39:37:57753421=Enter COMM_HCT::Write_N_RTU()

21130331-9:39:37:57753437=Enter COMM_HCT::Write_N_RTU()

21130331-9:39:37:57753453=Enter CSCOPE_COMM::Write_CH_Cmd() OK
21130331-9:39:37:57753468=Enter CSCOPE_WORKER::WriteScopeCmd_Start() OK
21130331-9:39:37:57753484=Enter CASD_SCOPE::Scope_Run() OK! 
21130331-9:39:37:57753500=Enter API ASD_Scope_Run() OK
21130331-9:39:40:57755890=Enter API ASD_Scope_Reset_Before_Run() Port[0x0000000C]
21130331-9:39:40:57755906=Enter CASD_SCOPE::Scope_Reset_Before_Run() 
21130331-9:39:40:57755921=Enter CSCOPE_WORKER::Scope_Reset_CH_Before_Run() 
21130331-9:39:40:57755937=Enter CSCOPE_COMM::resetScpComm()
21130331-9:39:40:57755953=COMM_HCT::SetScopeDecoder
21130331-9:39:40:57755968=Enter CSCOPE_COMM::resetScpComm() OK
21130331-9:39:40:57755984=Sample rate=8000, ScopeTimeSec=1, PM_Data_Size=800, 
21130331-9:39:40:57756000=CSCOPE_PACKET_PARSER::initAllocation(8)
21130331-9:39:40:57756015=Enter CScope_Decoder::Setup_Paraer()
21130331-9:39:40:57756031=Decide_CH_Get_Func() : CH[0] b32=1, CH_DataType=2 
21130331-9:39:40:57756062=Decide_CH_Get_Func() : CH[1] b32=1, CH_DataType=2
21130331-9:39:40:57756078=Decide_CH_Get_Func() : CH[2] b32=1, CH_DataType=2
21130331-9:39:40:57756093=Decide_CH_Get_Func() : CH[3] b32=1, CH_DataType=2
21130331-9:39:40:57756109=Decide_CH_Get_Func() : CH[4] b32=1, CH_DataType=2
21130331-9:39:40:57756125=Decide_CH_Get_Func() : CH[5] b32=1, CH_DataType=2
21130331-9:39:40:57756140=Decide_CH_Get_Func() : CH[6] b32=1, CH_DataType=2
21130331-9:39:40:57756156=Enter CScope_Decoder::resetScpDecoder() OK
21130331-9:39:40:57756171=Scope_Reset_CH_Before_Run() time=0, 47, 188, 0 
21130331-9:39:40:57756187=Enter CSCOPE_WORKER::Scope_Reset_CH_Before_Run() OK
21130331-9:39:40:57756218=Enter CASD_SCOPE::Scope_Reset_Before_Run() OK! 
21130331-9:39:40:57756234=ASD_Scope_Reset_Before_Run() time=0, 312
21130331-9:39:40:57756250=ASD_Scope_Reset_Before_Run() OK
21130331-9:39:40:57756265=Enter COMM_HCT::Write_N_RTU()
21130331-9:39:57:57773031=Enter CASD_SCOPE::Scope_Stop()
21130331-9:39:57:57773062=Enter CSCOPE_WORKER::StopScope()
21130331-9:39:57:57773078=Enter CSCOPE_COMM::WriteScopeCmd_Stop()
21130331-9:39:57:57773093=Enter CSCOPE_COMM::Close_ScpCmd()
21130331-9:39:57:57773109=Enter CSCOPE_COMM::StopScope()
21130331-9:39:57:57773125=Enter COMM_HCT::Write_N_RTU()
21130331-9:39:57:57773187=Enter COMM_HCT::Write_N_RTU()
21130331-9:39:57:57773203=mr_pCommASD->Write_N(3,8) time=0, 0
21130331-9:39:57:57773218=Enter CSCOPE_COMM::StopScope() OK
21130331-9:39:57:57773234=CSCOPE_COMM::Close_ScpCmd() time=125, 125
21130331-9:39:57:57773250=Enter CSCOPE_COMM::Close_ScpCmd() OK
21130331-9:39:57:57773265=Enter CSCOPE_COMM::WriteScopeCmd_Stop() OK
21130331-9:39:57:57773281=Enter CSCOPE_WORKER::StopScope() OK
21130331-9:39:57:57773296=Enter CASD_SCOPE::Scope_Stop() OK
21130331-9:39:57:57773312=Enter API ASD_Close_COMM() Port[0x0000000C]
21130331-9:39:57:57773328=Call CASD_SCOPE::Close_COMM()
21130331-9:39:57:57773343=Enter API ASD_Free_Scope() Port[0x0000000C] 

21130331-9:39:57:57773375=Call CASD_SCOPE::Close_COMM()
21130331-9:39:57:57773390=Call CASD_SCOPE::Close_COMM()
AppEnd57773390=21130331-9:39:57 : call EndLog Port[0x0000000C]
