[Trace]
AppStart261308140=21120728-9:0:20 : APP StartDLL() 1.1.0.10(build20210909)
21120728-9:0:20:261308156=Enter API ASD_Allocate_Scope() Port[0x00000010]  Ver=1.1.0.10(build20210909)
21120728-9:0:20:261308218=Port Allocated OK!
21120728-9:0:20:261308234=Enter API ASD_Open_COMM_HCTL() Com[16]
21120728-9:0:20:261308250=DDBUG CCOMM_THREAD::start_thread  1
21120728-9:0:20:261308265=Enter CASD_SCOPE::SetCommObject()
21120728-9:0:20:261308296=S2 COMM_HCTL::Com_Thread_Start() enter loop......

21120728-9:0:20:261308328=initCommScope(): Dev(3, 7, 0), ScoptType=501, CH_Size=8, 
21120728-9:0:20:261308359=Scope_Second=1, Base_Second=20, nBufSize=160001, new_dDSP_Data_Ts=0.125000, strTimeFormat=%0.3f(ms)
21120728-9:0:20:261308375=Enter CASD_SCOPE::Scope_Write_Settings() 
21120728-9:0:20:261308390=Enter CSCOPE_WORKER::Scope_Write_Setting_Before_Run() 
21120728-9:0:20:261308406=Enter CSCOPE_COMM::resetScpComm()
21120728-9:0:20:261308421=COMM_HCT::SetScopeDecoder
21120728-9:0:20:261308437=Enter CSCOPE_COMM::resetScpComm() OK
21120728-9:0:20:261308453=CH[1] is 32Bit=1, CmdVal=0x0C598
21120728-9:0:20:261308468=CH[2] is 32Bit=1, CmdVal=0x0C59A
21120728-9:0:20:261308484=CH[3] is 32Bit=1, CmdVal=0x0C598
21120728-9:0:20:261308500=CH[4] is 32Bit=1, CmdVal=0x0C59A
21120728-9:0:20:261308515=CH[5] is 32Bit=1, CmdVal=0x0C59C
21120728-9:0:20:261308531=CH[6] is 32Bit=1, CmdVal=0x0C5AA
21120728-9:0:20:261308546=CH[7] is 32Bit=1, CmdVal=0x0C59C
21120728-9:0:20:261308562=Enter CSCOPE_WORKER::Arrange_CH_32bit() OK
21120728-9:0:20:261308578=Sample rate=8000, ScopeTimeSec=1, PM_Data_Size=800, 
21120728-9:0:20:261308593=CSCOPE_PACKET_PARSER::initAllocation(8)
21120728-9:0:20:261308609=Enter CScope_Decoder::Setup_Paraer()
21120728-9:0:20:261308625=Decide_CH_Get_Func() : CH[0] b32=1, CH_DataType=2 
21120728-9:0:20:261308640=Decide_CH_Get_Func() : CH[1] b32=1, CH_DataType=2
21120728-9:0:20:261308656=Decide_CH_Get_Func() : CH[2] b32=1, CH_DataType=2
21120728-9:0:20:261308671=Decide_CH_Get_Func() : CH[3] b32=1, CH_DataType=2
21120728-9:0:20:261308687=Decide_CH_Get_Func() : CH[4] b32=1, CH_DataType=2
21120728-9:0:20:261308703=Decide_CH_Get_Func() : CH[5] b32=1, CH_DataType=2
21120728-9:0:20:261308718=Decide_CH_Get_Func() : CH[6] b32=1, CH_DataType=2
21120728-9:0:20:261308734=Enter CScope_Decoder::resetScpDecoder() OK
21120728-9:0:20:261308750=   call m_pScpCom->WriteScopeCmd_Start()
21120728-9:0:20:261308765=Enter CSCOPE_COMM::Write_CH_Cmd()
21120728-9:0:21:261308765=CH1 P0-4 nCmdVal=0xC598(50584)

21120728-9:0:21:261308781=CH2 P0-6 nCmdVal=0xC59A(50586)

21120728-9:0:21:261308796=Enter COMM_HCT::Write_N_RTU()
21120728-9:0:21:261308812=Enter COMM_HCT::Write_N_RTU()

21120728-9:0:21:261308828=Enter COMM_HCT::Write_N_RTU()

21120728-9:0:21:261308843=Enter COMM_HCT::Write_N_RTU()

21120728-9:0:21:261308859=Enter COMM_HCT::Write_N_RTU()

21120728-9:0:21:261308875=Enter COMM_HCT::Write_N_RTU()

21120728-9:0:21:261308890=Enter COMM_HCT::Write_N_RTU()

21120728-9:0:21:261308906=Enter CSCOPE_COMM::Write_CH_Cmd() OK
21120728-9:0:21:261308921=Enter CSCOPE_WORKER::WriteScopeCmd_Start() OK
21120728-9:0:21:261308937=Enter CASD_SCOPE::Scope_Run() OK! 
21120728-9:0:21:261308953=Enter API ASD_Scope_Run() OK
21120728-9:0:23:261311671=Enter API ASD_Scope_Reset_Before_Run() Port[0x00000010]
21120728-9:0:23:261311687=Enter CASD_SCOPE::Scope_Reset_Before_Run() 
21120728-9:0:23:261311750=Enter CSCOPE_WORKER::Scope_Reset_CH_Before_Run() 
21120728-9:0:23:261311765=Enter CSCOPE_COMM::resetScpComm()
21120728-9:0:24:261311781=COMM_HCT::SetScopeDecoder
21120728-9:0:24:261311796=Enter CSCOPE_COMM::resetScpComm() OK
21120728-9:0:24:261311828=Enter CScope_Decoder::resetScpDecoder() 
21120728-9:0:24:261311843=Sample rate=8000, ScopeTimeSec=1, PM_Data_Size=800,
21120728-9:0:24:261311859=CSCOPE_PACKET_PARSER::initAllocation(8)
21120728-9:0:24:261311875=Enter CScope_Decoder::Setup_Paraer()
21120728-9:0:24:261311890=Decide_CH_Get_Func() : CH[0] b32=1, CH_DataType=2 
21120728-9:0:24:261311906=Decide_CH_Get_Func() : CH[1] b32=1, CH_DataType=2
21120728-9:0:24:261311921=Decide_CH_Get_Func() : CH[2] b32=1, CH_DataType=2
21120728-9:0:24:261311937=Decide_CH_Get_Func() : CH[3] b32=1, CH_DataType=2
21120728-9:0:24:261311953=Decide_CH_Get_Func() : CH[4] b32=1, CH_DataType=2
21120728-9:0:24:261311968=Decide_CH_Get_Func() : CH[5] b32=1, CH_DataType=2
21120728-9:0:24:261311984=Decide_CH_Get_Func() : CH[6] b32=1, CH_DataType=2
21120728-9:0:24:261312000=Enter CScope_Decoder::resetScpDecoder() OK
21120728-9:0:24:261312015=Scope_Reset_CH_Before_Run() time=0, 62, 188, 0 
21120728-9:0:24:261312031=Enter CSCOPE_WORKER::Scope_Reset_CH_Before_Run() OK
21120728-9:0:24:261312046=Enter CASD_SCOPE::Scope_Reset_Before_Run() OK! 
21120728-9:0:24:261312062=ASD_Scope_Reset_Before_Run() time=0, 359
21120728-9:0:24:261312078=ASD_Scope_Reset_Before_Run() OK
21120728-9:0:24:261312093=Enter COMM_HCT::Write_N_RTU()
21120728-9:0:29:261317234=Enter COMM_HCT::Write_N_RTU()
21120728-9:0:32:261320578=Enter CASD_SCOPE::Scope_Stop()
21120728-9:0:32:261320609=Enter CSCOPE_WORKER::StopScope()
21120728-9:0:32:261320625=Enter CSCOPE_COMM::WriteScopeCmd_Stop()
21120728-9:0:32:261320640=Enter CSCOPE_COMM::Close_ScpCmd()
21120728-9:0:32:261320656=Enter CSCOPE_COMM::StopScope()
21120728-9:0:32:261320671=Enter COMM_HCT::Write_N_RTU()
21120728-9:0:32:261320734=Enter COMM_HCT::Write_N_RTU()
21120728-9:0:32:261320750=mr_pCommASD->Write_N(3,8) time=0, 0
21120728-9:0:32:261320765=Enter CSCOPE_COMM::StopScope() OK
21120728-9:0:33:261320781=CSCOPE_COMM::Close_ScpCmd() time=125, 125
21120728-9:0:33:261320796=Enter CSCOPE_COMM::Close_ScpCmd() OK
21120728-9:0:33:261320812=Enter CSCOPE_COMM::WriteScopeCmd_Stop() OK
21120728-9:0:33:261320828=Enter CSCOPE_WORKER::StopScope() OK
21120728-9:0:33:261320843=Enter CASD_SCOPE::Scope_Stop() OK
21120728-9:0:33:261320859=Enter API ASD_Scope_Reset_Before_Run() Port[0x00000010]
21120728-9:0:33:261320875=Enter CASD_SCOPE::Scope_Reset_Before_Run() 
21120728-9:0:33:261320890=Enter CSCOPE_WORKER::Scope_Reset_CH_Before_Run() 
21120728-9:0:33:261320906=Enter CSCOPE_COMM::resetScpComm()
21120728-9:0:33:261320921=COMM_HCT::SetScopeDecoder
21120728-9:0:33:261320937=Enter CSCOPE_COMM::resetScpComm() OK
21120728-9:0:33:261320953=Sample rate=8000, ScopeTimeSec=1, PM_Data_Size=800, 
21120728-9:0:33:261320968=CSCOPE_PACKET_PARSER::initAllocation(8)
21120728-9:0:33:261320984=Enter CScope_Decoder::Setup_Paraer()
21120728-9:0:33:261321000=Decide_CH_Get_Func() : CH[0] b32=1, CH_DataType=2 
21120728-9:0:33:261321015=Decide_CH_Get_Func() : CH[1] b32=1, CH_DataType=2
21120728-9:0:33:261321031=Decide_CH_Get_Func() : CH[2] b32=1, CH_DataType=2
21120728-9:0:33:261321046=Decide_CH_Get_Func() : CH[3] b32=1, CH_DataType=2
21120728-9:0:33:261321062=Decide_CH_Get_Func() : CH[4] b32=1, CH_DataType=2
21120728-9:0:33:261321078=Decide_CH_Get_Func() : CH[5] b32=1, CH_DataType=2
21120728-9:0:33:261321093=Decide_CH_Get_Func() : CH[6] b32=1, CH_DataType=2
21120728-9:0:33:261321109=Enter CScope_Decoder::resetScpDecoder() OK
21120728-9:0:33:261321140=Scope_Reset_CH_Before_Run() time=0, 47, 188, 0 
21120728-9:0:33:261321156=Enter CSCOPE_WORKER::Scope_Reset_CH_Before_Run() OK
21120728-9:0:33:261321171=Enter CASD_SCOPE::Scope_Reset_Before_Run() OK! 
21120728-9:0:33:261321187=ASD_Scope_Reset_Before_Run() time=0, 312
21120728-9:0:33:261321203=ASD_Scope_Reset_Before_Run() OK
AppStart261374437=21120728-9:1:26 : APP StartDLL() 1.1.0.10(build20210909)
21120728-9:1:26:261374453=Enter API ASD_Allocate_Scope() Port[0x00000010]  Ver=1.1.0.10(build20210909)
21120728-9:1:26:261374531=Port Allocated OK!
21120728-9:1:26:261374562=Enter API ASD_Open_COMM_HCTL() Com[16]
21120728-9:1:26:261374578=DDBUG CCOMM_THREAD::start_thread  1
21120728-9:1:26:261374593=S2 COMM_HCTL::Com_Thread_Start() enter loop......

21120728-9:1:26:261374625=Enter CASD_SCOPE::SetCommObject()
21120728-9:1:26:261374687=initCommScope(): Dev(3, 7, 0), ScoptType=501, CH_Size=8, 
21120728-9:1:26:261374703=Scope_Second=1, Base_Second=20, nBufSize=160001, new_dDSP_Data_Ts=0.125000, strTimeFormat=%0.3f(ms)
21120728-9:1:26:261374734=Enter CASD_SCOPE::Scope_Write_Settings() 
21120728-9:1:26:261374765=Enter CSCOPE_WORKER::Scope_Write_Setting_Before_Run() 
21120728-9:1:27:261374781=Enter CSCOPE_COMM::resetScpComm()
21120728-9:1:27:261374796=COMM_HCT::SetScopeDecoder
21120728-9:1:27:261374812=Enter CSCOPE_COMM::resetScpComm() OK
21120728-9:1:27:261374828=CH[1] is 32Bit=1, CmdVal=0x0C598
21120728-9:1:27:261374859=CH[2] is 32Bit=1, CmdVal=0x0C59A
21120728-9:1:27:261374875=CH[3] is 32Bit=1, CmdVal=0x0C598
21120728-9:1:27:261374890=CH[4] is 32Bit=1, CmdVal=0x0C59A
21120728-9:1:27:261374906=CH[5] is 32Bit=1, CmdVal=0x0C59C
21120728-9:1:27:261374921=CH[6] is 32Bit=1, CmdVal=0x0C5AA
21120728-9:1:27:261374937=CH[7] is 32Bit=1, CmdVal=0x0C59C
21120728-9:1:27:261374953=Enter CSCOPE_WORKER::Arrange_CH_32bit() OK
21120728-9:1:27:261374984=Sample rate=8000, ScopeTimeSec=1, PM_Data_Size=800, 
21120728-9:1:27:261375000=CSCOPE_PACKET_PARSER::initAllocation(8)
21120728-9:1:27:261375015=Enter CScope_Decoder::Setup_Paraer()
21120728-9:1:27:261375031=Decide_CH_Get_Func() : CH[0] b32=1, CH_DataType=2 
21120728-9:1:27:261375062=Decide_CH_Get_Func() : CH[1] b32=1, CH_DataType=2
21120728-9:1:27:261375078=Decide_CH_Get_Func() : CH[2] b32=1, CH_DataType=2
21120728-9:1:27:261375093=Decide_CH_Get_Func() : CH[3] b32=1, CH_DataType=2
21120728-9:1:27:261375109=Decide_CH_Get_Func() : CH[4] b32=1, CH_DataType=2
21120728-9:1:27:261375125=Decide_CH_Get_Func() : CH[5] b32=1, CH_DataType=2
21120728-9:1:27:261375140=Decide_CH_Get_Func() : CH[6] b32=1, CH_DataType=2
21120728-9:1:27:261375156=Decide_CH_Get_Func() : CH[7] b32=1, CH_DataType=2
21120728-9:1:27:261375171=Enter CScope_Decoder::resetScpDecoder() OK
21120728-9:1:27:261375203=   call m_pScpCom->WriteScopeCmd_Start()
21120728-9:1:27:261375218=CH1 P0-4 nCmdVal=0xC598(50584)

21120728-9:1:27:261375234=Enter COMM_HCT::Write_N_RTU()
21120728-9:1:27:261375250=Enter COMM_HCT::Write_N_RTU()

21120728-9:1:27:261375265=Enter COMM_HCT::Write_N_RTU()

21120728-9:1:27:261375281=CH4 P0-7 nCmdVal=0xC59A(50586)

21120728-9:1:27:261375296=CH5 P0-65 nCmdVal=0xC59C(50588)

21120728-9:1:27:261375312=Enter COMM_HCT::Write_N_RTU()
21120728-9:1:27:261375328=Enter COMM_HCT::Write_N_RTU()

21120728-9:1:27:261375343=CH7 P0-66 nCmdVal=0xC59C(50588)

21120728-9:1:27:261375359=Enter COMM_HCT::Write_N_RTU()
21120728-9:1:27:261375375=CH8 P0-68 nCmdVal=0xC5AA(50602)

21120728-9:1:27:261375390=Enter COMM_HCT::Write_N_RTU()
21120728-9:1:27:261375421=Enter CSCOPE_COMM::Write_CH_Cmd() OK
21120728-9:1:27:261375437=Enter CSCOPE_WORKER::WriteScopeCmd_Start() OK
21120728-9:1:27:261375453=Enter CASD_SCOPE::Scope_Run() OK! 
21120728-9:1:27:261375468=Enter API ASD_Scope_Run() OK
21120728-9:1:30:261377812=Enter CASD_SCOPE::Scope_Reset_Before_Run() 
21120728-9:1:30:261377843=Enter CSCOPE_WORKER::Scope_Reset_CH_Before_Run() 
21120728-9:1:30:261377859=Enter CSCOPE_COMM::resetScpComm()
21120728-9:1:30:261377875=COMM_HCT::SetScopeDecoder
21120728-9:1:30:261377890=Enter CSCOPE_COMM::resetScpComm() OK
21120728-9:1:30:261377906=Sample rate=8000, ScopeTimeSec=1, PM_Data_Size=800, 
21120728-9:1:30:261377921=CSCOPE_PACKET_PARSER::initAllocation(8)
21120728-9:1:30:261377937=Enter CScope_Decoder::Setup_Paraer()
21120728-9:1:30:261377953=Decide_CH_Get_Func() : CH[0] b32=1, CH_DataType=2 
21120728-9:1:30:261377984=Decide_CH_Get_Func() : CH[1] b32=1, CH_DataType=2
21120728-9:1:30:261378000=Decide_CH_Get_Func() : CH[2] b32=1, CH_DataType=2
21120728-9:1:30:261378015=Decide_CH_Get_Func() : CH[3] b32=1, CH_DataType=2
21120728-9:1:30:261378031=Decide_CH_Get_Func() : CH[4] b32=1, CH_DataType=2
21120728-9:1:30:261378046=Decide_CH_Get_Func() : CH[5] b32=1, CH_DataType=2
21120728-9:1:30:261378062=Decide_CH_Get_Func() : CH[6] b32=1, CH_DataType=2
21120728-9:1:30:261378078=Enter CScope_Decoder::resetScpDecoder() OK
21120728-9:1:30:261378093=Scope_Reset_CH_Before_Run() time=0, 47, 188, 0 
21120728-9:1:30:261378109=Enter CSCOPE_WORKER::Scope_Reset_CH_Before_Run() OK
21120728-9:1:30:261378125=Enter CASD_SCOPE::Scope_Reset_Before_Run() OK! 
21120728-9:1:30:261378140=ASD_Scope_Reset_Before_Run() time=0, 313
21120728-9:1:30:261378156=ASD_Scope_Reset_Before_Run() OK
21120728-9:1:30:261378171=Enter COMM_HCT::Write_N_RTU()
21120728-9:1:35:261383046=Enter COMM_HCT::Write_N_RTU()
21120728-9:1:38:261386546=Enter API ASD_Scope_Stop() Port[0x00000010]
21120728-9:1:38:261386562=Enter CASD_SCOPE::Scope_Stop()
21120728-9:1:38:261386593=Enter CSCOPE_WORKER::StopScope()
21120728-9:1:38:261386609=Enter CSCOPE_COMM::WriteScopeCmd_Stop()
21120728-9:1:38:261386625=Enter CSCOPE_COMM::Close_ScpCmd()
21120728-9:1:38:261386640=Enter CSCOPE_COMM::StopScope()
21120728-9:1:38:261386656=Enter COMM_HCT::Write_N_RTU()
21120728-9:1:38:261386718=Enter COMM_HCT::Write_N_RTU()
21120728-9:1:38:261386734=mr_pCommASD->Write_N(3,8) time=0, 0
21120728-9:1:38:261386750=Enter CSCOPE_COMM::StopScope() OK
21120728-9:1:39:261386781=CSCOPE_COMM::Close_ScpCmd() time=140, 140
21120728-9:1:39:261386796=Enter CSCOPE_COMM::Close_ScpCmd() OK
21120728-9:1:39:261386812=Enter CSCOPE_COMM::WriteScopeCmd_Stop() OK
21120728-9:1:39:261386828=Enter CSCOPE_WORKER::StopScope() OK
21120728-9:1:39:261386843=Enter CASD_SCOPE::Scope_Stop() OK
21120728-9:1:39:261386859=Enter API ASD_Scope_Reset_Before_Run() Port[0x00000010]
21120728-9:1:39:261386875=Enter CASD_SCOPE::Scope_Reset_Before_Run() 
21120728-9:1:39:261386906=Enter CSCOPE_WORKER::Scope_Reset_CH_Before_Run() 
21120728-9:1:39:261386921=Enter CSCOPE_COMM::resetScpComm()
21120728-9:1:39:261386937=COMM_HCT::SetScopeDecoder
21120728-9:1:39:261386984=Enter CSCOPE_COMM::resetScpComm() OK
21120728-9:1:39:261387000=Enter CScope_Decoder::resetScpDecoder() 
21120728-9:1:39:261387031=Sample rate=8000, ScopeTimeSec=1, PM_Data_Size=800,
21120728-9:1:39:261387046=CSCOPE_PACKET_PARSER::initAllocation(8)
21120728-9:1:39:261387062=Enter CScope_Decoder::Setup_Paraer()
21120728-9:1:39:261387078=Decide_CH_Get_Func() : CH[0] b32=1, CH_DataType=2 
21120728-9:1:39:261387109=Decide_CH_Get_Func() : CH[1] b32=1, CH_DataType=2
21120728-9:1:39:261387125=Decide_CH_Get_Func() : CH[2] b32=1, CH_DataType=2
21120728-9:1:39:261387140=Decide_CH_Get_Func() : CH[3] b32=1, CH_DataType=2
21120728-9:1:39:261387156=Decide_CH_Get_Func() : CH[4] b32=1, CH_DataType=2
21120728-9:1:39:261387171=Decide_CH_Get_Func() : CH[5] b32=1, CH_DataType=2
21120728-9:1:39:261387187=Decide_CH_Get_Func() : CH[6] b32=1, CH_DataType=2
21120728-9:1:39:261387203=Enter CScope_Decoder::resetScpDecoder() OK
21120728-9:1:39:261387234=Scope_Reset_CH_Before_Run() time=0, 78, 234, 0 
21120728-9:1:39:261387250=Enter CSCOPE_WORKER::Scope_Reset_CH_Before_Run() OK
21120728-9:1:39:261387265=Enter CASD_SCOPE::Scope_Reset_Before_Run() OK! 
21120728-9:1:39:261387281=ASD_Scope_Reset_Before_Run() time=0, 390
21120728-9:1:39:261387296=ASD_Scope_Reset_Before_Run() OK
21120728-9:3:4:261472062=Enter COMM_HCT::Write_N_RTU()
21120728-9:3:7:261475578=Enter API ASD_Scope_Stop() Port[0x00000010]
21120728-9:3:7:261475593=Enter CASD_SCOPE::Scope_Stop()
21120728-9:3:7:261475609=Enter CSCOPE_WORKER::StopScope()
21120728-9:3:7:261475625=Enter CSCOPE_COMM::WriteScopeCmd_Stop()
21120728-9:3:7:261475640=Enter CSCOPE_COMM::Close_ScpCmd()
21120728-9:3:7:261475656=Enter CSCOPE_COMM::StopScope()
21120728-9:3:7:261475671=Enter COMM_HCT::Write_N_RTU()
21120728-9:3:7:261475718=Enter COMM_HCT::Write_N_RTU()
21120728-9:3:7:261475750=mr_pCommASD->Write_N(3,8) time=16, 16
21120728-9:3:7:261475765=Enter CSCOPE_COMM::StopScope() OK
21120728-9:3:8:261475781=CSCOPE_COMM::Close_ScpCmd() time=125, 125
21120728-9:3:8:261475796=Enter CSCOPE_COMM::Close_ScpCmd() OK
21120728-9:3:8:261475812=Enter CSCOPE_COMM::WriteScopeCmd_Stop() OK
21120728-9:3:8:261475828=Enter CSCOPE_WORKER::StopScope() OK
21120728-9:3:8:261475843=Enter CASD_SCOPE::Scope_Stop() OK
21120728-9:3:8:261475859=Enter API ASD_Scope_Reset_Before_Run() Port[0x00000010]
21120728-9:3:8:261475875=Enter CASD_SCOPE::Scope_Reset_Before_Run() 
21120728-9:3:8:261475890=Enter CSCOPE_WORKER::Scope_Reset_CH_Before_Run() 
21120728-9:3:8:261475906=Enter CSCOPE_COMM::resetScpComm()
21120728-9:3:8:261475921=COMM_HCT::SetScopeDecoder
21120728-9:3:8:261475937=Enter CSCOPE_COMM::resetScpComm() OK
21120728-9:3:8:261475953=Sample rate=8000, ScopeTimeSec=1, PM_Data_Size=800, 
21120728-9:3:8:261475968=CSCOPE_PACKET_PARSER::initAllocation(8)
21120728-9:3:8:261475984=Enter CScope_Decoder::Setup_Paraer()
21120728-9:3:8:261476000=Decide_CH_Get_Func() : CH[0] b32=1, CH_DataType=2 
21120728-9:3:8:261476031=Decide_CH_Get_Func() : CH[1] b32=1, CH_DataType=2
21120728-9:3:8:261476046=Decide_CH_Get_Func() : CH[2] b32=1, CH_DataType=2
21120728-9:3:8:261476062=Decide_CH_Get_Func() : CH[3] b32=1, CH_DataType=2
21120728-9:3:8:261476078=Decide_CH_Get_Func() : CH[4] b32=1, CH_DataType=2
21120728-9:3:8:261476093=Decide_CH_Get_Func() : CH[5] b32=1, CH_DataType=2
21120728-9:3:8:261476109=Decide_CH_Get_Func() : CH[6] b32=1, CH_DataType=2
21120728-9:3:8:261476125=Enter CScope_Decoder::resetScpDecoder() OK
21120728-9:3:8:261476156=Scope_Reset_CH_Before_Run() time=0, 47, 203, 0 
21120728-9:3:8:261476171=Enter CSCOPE_WORKER::Scope_Reset_CH_Before_Run() OK
21120728-9:3:8:261476187=Enter CASD_SCOPE::Scope_Reset_Before_Run() OK! 
21120728-9:3:8:261476203=ASD_Scope_Reset_Before_Run() time=0, 312
21120728-9:3:8:261476218=ASD_Scope_Reset_Before_Run() OK
AppStart261612609=21120728-9:5:24 : APP StartDLL() 1.1.0.10(build20210909)
21120728-9:5:24:261612640=Enter API ASD_Allocate_Scope() Port[0x00000010]  Ver=1.1.0.10(build20210909)
21120728-9:5:24:261612718=Port Allocated OK!
21120728-9:5:24:261612734=Enter API ASD_Open_COMM_HCTL() Com[16]
21120728-9:5:24:261612750=DDBUG CCOMM_THREAD::start_thread  1
21120728-9:5:25:261612781=S2 COMM_HCTL::Com_Thread_Start() enter loop......

21120728-9:5:25:261612812=Enter CASD_SCOPE::SetCommObject()
21120728-9:5:25:261612875=initCommScope(): Dev(3, 7, 0), ScoptType=501, CH_Size=8, 
21120728-9:5:25:261612890=Scope_Second=1, Base_Second=20, nBufSize=160001, new_dDSP_Data_Ts=0.125000, strTimeFormat=%0.3f(ms)
21120728-9:5:25:261612921=Enter CASD_SCOPE::Scope_Write_Settings() 
21120728-9:5:25:261612937=Enter CSCOPE_WORKER::Scope_Write_Setting_Before_Run() 
21120728-9:5:25:261612953=Enter CSCOPE_COMM::resetScpComm()
21120728-9:5:25:261612968=COMM_HCT::SetScopeDecoder
21120728-9:5:25:261612984=Enter CSCOPE_COMM::resetScpComm() OK
21120728-9:5:25:261613000=CH[1] is 32Bit=1, CmdVal=0x0C598
21120728-9:5:25:261613031=CH[2] is 32Bit=1, CmdVal=0x0C59A
21120728-9:5:25:261613046=CH[3] is 32Bit=1, CmdVal=0x0C598
21120728-9:5:25:261613062=CH[4] is 32Bit=1, CmdVal=0x0C59A
21120728-9:5:25:261613078=CH[5] is 32Bit=1, CmdVal=0x0C59C
21120728-9:5:25:261613093=CH[6] is 32Bit=1, CmdVal=0x0C5AA
21120728-9:5:25:261613109=CH[7] is 32Bit=1, CmdVal=0x0C59C
21120728-9:5:25:261613125=Enter CSCOPE_WORKER::Arrange_CH_32bit() OK
21120728-9:5:25:261613156=Sample rate=8000, ScopeTimeSec=1, PM_Data_Size=800, 
21120728-9:5:25:261613171=CSCOPE_PACKET_PARSER::initAllocation(8)
21120728-9:5:25:261613187=Enter CScope_Decoder::Setup_Paraer()
21120728-9:5:25:261613203=Decide_CH_Get_Func() : CH[0] b32=1, CH_DataType=2 
21120728-9:5:25:261613234=Decide_CH_Get_Func() : CH[1] b32=1, CH_DataType=2
21120728-9:5:25:261613250=Decide_CH_Get_Func() : CH[2] b32=1, CH_DataType=2
21120728-9:5:25:261613265=Decide_CH_Get_Func() : CH[3] b32=1, CH_DataType=2
21120728-9:5:25:261613281=Decide_CH_Get_Func() : CH[4] b32=1, CH_DataType=2
21120728-9:5:25:261613296=Decide_CH_Get_Func() : CH[5] b32=1, CH_DataType=2
21120728-9:5:25:261613312=Decide_CH_Get_Func() : CH[6] b32=1, CH_DataType=2
21120728-9:5:25:261613328=Enter CScope_Decoder::resetScpDecoder() OK
21120728-9:5:25:261613359=   call m_pScpCom->WriteScopeCmd_Start()
21120728-9:5:25:261613375=CH1 P0-4 nCmdVal=0xC598(50584)

21120728-9:5:25:261613390=Enter COMM_HCT::Write_N_RTU()
21120728-9:5:25:261613406=CH2 P0-6 nCmdVal=0xC59A(50586)

21120728-9:5:25:261613421=Enter COMM_HCT::Write_N_RTU()
21120728-9:5:25:261613437=Enter COMM_HCT::Write_N_RTU()

21120728-9:5:25:261613453=CH4 P0-7 nCmdVal=0xC59A(50586)

21120728-9:5:25:261613468=Enter COMM_HCT::Write_N_RTU()
21120728-9:5:25:261613484=CH5 P0-65 nCmdVal=0xC59C(50588)

21120728-9:5:25:261613500=Enter COMM_HCT::Write_N_RTU()
21120728-9:5:25:261613515=CH6 P0-67 nCmdVal=0xC5AA(50602)

21120728-9:5:25:261613531=Enter COMM_HCT::Write_N_RTU()
21120728-9:5:25:261613546=Enter COMM_HCT::Write_N_RTU()

21120728-9:5:25:261613562=CH8 P0-68 nCmdVal=0xC5AA(50602)

21120728-9:5:25:261613578=Enter COMM_HCT::Write_N_RTU()
21120728-9:5:25:261613609=Enter CSCOPE_COMM::Write_CH_Cmd() OK
21120728-9:5:25:261613625=Enter CSCOPE_WORKER::WriteScopeCmd_Start() OK
21120728-9:5:25:261613640=Enter CASD_SCOPE::Scope_Run() OK! 
21120728-9:5:25:261613656=Enter API ASD_Scope_Run() OK
21120728-9:5:28:261615875=Enter CASD_SCOPE::Scope_Reset_Before_Run() 
21120728-9:5:28:261615906=Enter CSCOPE_WORKER::Scope_Reset_CH_Before_Run() 
21120728-9:5:28:261615921=Enter CSCOPE_COMM::resetScpComm()
21120728-9:5:28:261615937=COMM_HCT::SetScopeDecoder
21120728-9:5:28:261615953=Enter CSCOPE_COMM::resetScpComm() OK
21120728-9:5:28:261615968=Sample rate=8000, ScopeTimeSec=1, PM_Data_Size=800, 
21120728-9:5:28:261615984=CSCOPE_PACKET_PARSER::initAllocation(8)
21120728-9:5:28:261616000=Enter CScope_Decoder::Setup_Paraer()
21120728-9:5:28:261616015=Decide_CH_Get_Func() : CH[0] b32=1, CH_DataType=2 
21120728-9:5:28:261616046=Decide_CH_Get_Func() : CH[1] b32=1, CH_DataType=2
21120728-9:5:28:261616062=Decide_CH_Get_Func() : CH[2] b32=1, CH_DataType=2
21120728-9:5:28:261616078=Decide_CH_Get_Func() : CH[3] b32=1, CH_DataType=2
21120728-9:5:28:261616093=Decide_CH_Get_Func() : CH[4] b32=1, CH_DataType=2
21120728-9:5:28:261616109=Decide_CH_Get_Func() : CH[5] b32=1, CH_DataType=2
21120728-9:5:28:261616125=Decide_CH_Get_Func() : CH[6] b32=1, CH_DataType=2
21120728-9:5:28:261616140=Enter CScope_Decoder::resetScpDecoder() OK
21120728-9:5:28:261616171=Scope_Reset_CH_Before_Run() time=0, 47, 203, 0 
21120728-9:5:28:261616187=Enter CSCOPE_WORKER::Scope_Reset_CH_Before_Run() OK
21120728-9:5:28:261616203=Enter CASD_SCOPE::Scope_Reset_Before_Run() OK! 
21120728-9:5:28:261616218=ASD_Scope_Reset_Before_Run() time=0, 328
21120728-9:5:28:261616234=ASD_Scope_Reset_Before_Run() OK
21120728-9:5:28:261616250=Enter COMM_HCT::Write_N_RTU()
21120728-9:5:37:261625546=Enter COMM_HCT::Write_N_RTU()
21120728-9:5:41:261629000=Enter API ASD_Scope_Stop() Port[0x00000010]
21120728-9:5:41:261629015=Enter CASD_SCOPE::Scope_Stop()
21120728-9:5:41:261629046=Enter CSCOPE_WORKER::StopScope()
21120728-9:5:41:261629062=Enter CSCOPE_COMM::WriteScopeCmd_Stop()
21120728-9:5:41:261629078=Enter CSCOPE_COMM::Close_ScpCmd()
21120728-9:5:41:261629093=Enter CSCOPE_COMM::StopScope()
21120728-9:5:41:261629109=Enter COMM_HCT::Write_N_RTU()
21120728-9:5:41:261629171=Enter COMM_HCT::Write_N_RTU()
21120728-9:5:41:261629203=mr_pCommASD->Write_N(3,8) time=16, 16
21120728-9:5:41:261629218=Enter CSCOPE_COMM::StopScope() OK
21120728-9:5:41:261629234=CSCOPE_COMM::Close_ScpCmd() time=140, 140
21120728-9:5:41:261629250=Enter CSCOPE_COMM::Close_ScpCmd() OK
21120728-9:5:41:261629265=Enter CSCOPE_COMM::WriteScopeCmd_Stop() OK
21120728-9:5:41:261629281=Enter CSCOPE_WORKER::StopScope() OK
21120728-9:5:41:261629296=Enter CASD_SCOPE::Scope_Stop() OK
21120728-9:5:41:261629312=Enter API ASD_Scope_Reset_Before_Run() Port[0x00000010]
21120728-9:5:41:261629328=Enter CASD_SCOPE::Scope_Reset_Before_Run() 
21120728-9:5:41:261629359=Enter CSCOPE_WORKER::Scope_Reset_CH_Before_Run() 
21120728-9:5:41:261629375=Enter CSCOPE_COMM::resetScpComm()
21120728-9:5:41:261629390=COMM_HCT::SetScopeDecoder
21120728-9:5:41:261629406=Enter CSCOPE_COMM::resetScpComm() OK
21120728-9:5:41:261629421=Sample rate=8000, ScopeTimeSec=1, PM_Data_Size=800, 
21120728-9:5:41:261629437=CSCOPE_PACKET_PARSER::initAllocation(8)
21120728-9:5:41:261629468=Enter CScope_Decoder::Setup_Paraer()
21120728-9:5:41:261629484=Decide_CH_Get_Func() : CH[0] b32=1, CH_DataType=2 
21120728-9:5:41:261629515=Decide_CH_Get_Func() : CH[1] b32=1, CH_DataType=2
21120728-9:5:41:261629531=Decide_CH_Get_Func() : CH[2] b32=1, CH_DataType=2
21120728-9:5:41:261629578=Decide_CH_Get_Func() : CH[3] b32=1, CH_DataType=2
21120728-9:5:41:261629593=Decide_CH_Get_Func() : CH[4] b32=1, CH_DataType=2
21120728-9:5:41:261629640=Decide_CH_Get_Func() : CH[5] b32=1, CH_DataType=2
21120728-9:5:41:261629671=Decide_CH_Get_Func() : CH[6] b32=1, CH_DataType=2
21120728-9:5:41:261629687=Enter CScope_Decoder::resetScpDecoder() OK
21120728-9:5:41:261629718=Scope_Reset_CH_Before_Run() time=0, 47, 297, 0 
21120728-9:5:41:261629734=Enter CSCOPE_WORKER::Scope_Reset_CH_Before_Run() OK
21120728-9:5:41:261629750=Enter CASD_SCOPE::Scope_Reset_Before_Run() OK! 
21120728-9:5:42:261629765=ASD_Scope_Reset_Before_Run() time=0, 422
21120728-9:5:42:261629781=ASD_Scope_Reset_Before_Run() OK
AppStart262754578=21120728-9:24:26 : APP StartDLL() 1.1.0.10(build20210909)
21120728-9:24:26:262754578=Enter API ASD_Allocate_Scope() Port[0x00000010]  Ver=1.1.0.10(build20210909)
21120728-9:24:26:262754718=Port Allocated OK!
21120728-9:24:26:262754734=Enter API ASD_Open_COMM_HCTL() Com[16]
21120728-9:24:27:262754765=DDBUG CCOMM_THREAD::start_thread  1
21120728-9:24:27:262754781=S2 COMM_HCTL::Com_Thread_Start() enter loop......

21120728-9:24:27:262754796=Enter CASD_SCOPE::SetCommObject()
21120728-9:24:27:262754843=initCommScope(): Dev(3, 7, 0), ScoptType=501, CH_Size=8, 
21120728-9:24:27:262754859=Scope_Second=1, Base_Second=20, nBufSize=160001, new_dDSP_Data_Ts=0.125000, strTimeFormat=%0.3f(ms)
21120728-9:24:27:262754890=Enter CASD_SCOPE::Scope_Write_Settings() 
21120728-9:24:27:262754906=Enter CSCOPE_WORKER::Scope_Write_Setting_Before_Run() 
21120728-9:24:27:262754921=Enter CSCOPE_COMM::resetScpComm()
21120728-9:24:27:262754953=COMM_HCT::SetScopeDecoder
21120728-9:24:27:262754968=Enter CSCOPE_COMM::resetScpComm() OK
21120728-9:24:27:262755000=CH[1] is 32Bit=1, CmdVal=0x0C598
21120728-9:24:27:262755015=CH[2] is 32Bit=1, CmdVal=0x0C59A
21120728-9:24:27:262755031=CH[3] is 32Bit=1, CmdVal=0x0C598
21120728-9:24:27:262755046=CH[4] is 32Bit=1, CmdVal=0x0C59A
21120728-9:24:27:262755062=CH[5] is 32Bit=1, CmdVal=0x0C59C
21120728-9:24:27:262755078=CH[6] is 32Bit=1, CmdVal=0x0C5AA
21120728-9:24:27:262755093=CH[7] is 32Bit=1, CmdVal=0x0C59C
21120728-9:24:27:262755109=Enter CSCOPE_WORKER::Arrange_CH_32bit() OK
21120728-9:24:27:262755125=Sample rate=8000, ScopeTimeSec=1, PM_Data_Size=800, 
21120728-9:24:27:262755140=CSCOPE_PACKET_PARSER::initAllocation(8)
21120728-9:24:27:262755156=Enter CScope_Decoder::Setup_Paraer()
21120728-9:24:27:262755171=Decide_CH_Get_Func() : CH[0] b32=1, CH_DataType=2 
21120728-9:24:27:262755187=Decide_CH_Get_Func() : CH[1] b32=1, CH_DataType=2
21120728-9:24:27:262755203=Decide_CH_Get_Func() : CH[2] b32=1, CH_DataType=2
21120728-9:24:27:262755218=Decide_CH_Get_Func() : CH[3] b32=1, CH_DataType=2
21120728-9:24:27:262755234=Decide_CH_Get_Func() : CH[4] b32=1, CH_DataType=2
21120728-9:24:27:262755250=Decide_CH_Get_Func() : CH[5] b32=1, CH_DataType=2
21120728-9:24:27:262755265=Decide_CH_Get_Func() : CH[6] b32=1, CH_DataType=2
21120728-9:24:27:262755281=Enter CScope_Decoder::resetScpDecoder() OK
21120728-9:24:27:262755296=   call m_pScpCom->WriteScopeCmd_Start()
21120728-9:24:27:262755312=CH1 P0-4 nCmdVal=0xC598(50584)

21120728-9:24:27:262755328=CH2 P0-6 nCmdVal=0xC59A(50586)

21120728-9:24:27:262755343=CH3 P0-5 nCmdVal=0xC598(50584)

21120728-9:24:27:262755359=Enter COMM_HCT::Write_N_RTU()
21120728-9:24:27:262755375=CH4 P0-7 nCmdVal=0xC59A(50586)

21120728-9:24:27:262755390=CH5 P0-65 nCmdVal=0xC59C(50588)

21120728-9:24:27:262755406=CH6 P0-67 nCmdVal=0xC5AA(50602)

21120728-9:24:27:262755421=CH7 P0-66 nCmdVal=0xC59C(50588)

21120728-9:24:27:262755437=CH8 P0-68 nCmdVal=0xC5AA(50602)

21120728-9:24:27:262755453=Enter COMM_HCT::Write_N_RTU()
21120728-9:24:27:262755468=Enter CSCOPE_COMM::Write_CH_Cmd() OK
21120728-9:24:27:262755484=Enter CSCOPE_WORKER::WriteScopeCmd_Start() OK
21120728-9:24:27:262755500=Enter CASD_SCOPE::Scope_Run() OK! 
21120728-9:24:27:262755515=Enter API ASD_Scope_Run() OK
21120728-9:24:30:262758000=Enter API ASD_Scope_Reset_Before_Run() Port[0x00000010]
21120728-9:24:30:262758015=Enter CASD_SCOPE::Scope_Reset_Before_Run() 
21120728-9:24:30:262758062=Enter CSCOPE_WORKER::Scope_Reset_CH_Before_Run() 
21120728-9:24:30:262758125=Enter CSCOPE_COMM::resetScpComm()
21120728-9:24:30:262758156=COMM_HCT::SetScopeDecoder
21120728-9:24:30:262758187=Enter CSCOPE_COMM::resetScpComm() OK
21120728-9:24:30:262758421=Enter CScope_Decoder::resetScpDecoder() 
21120728-9:24:30:262758453=Sample rate=8000, ScopeTimeSec=1, PM_Data_Size=800,
21120728-9:24:30:262758515=CSCOPE_PACKET_PARSER::initAllocation(8)
21120728-9:24:30:262758562=Enter CScope_Decoder::Setup_Paraer()
21120728-9:24:30:262758593=call PacketParser.Decide_CH_Get_Func() 
21120728-9:24:30:262758609=Decide_CH_Get_Func() : CH[0] b32=1, CH_DataType=2
21120728-9:24:30:262758656=Decide_CH_Get_Func() : CH[1] b32=1, CH_DataType=2
21120728-9:24:30:262758703=Decide_CH_Get_Func() : CH[2] b32=1, CH_DataType=2
21120728-9:24:30:262758718=Decide_CH_Get_Func() : CH[3] b32=1, CH_DataType=2
21120728-9:24:30:262758734=Decide_CH_Get_Func() : CH[4] b32=1, CH_DataType=2
21120728-9:24:31:262758781=Decide_CH_Get_Func() : CH[5] b32=1, CH_DataType=2
21120728-9:24:31:262758812=Decide_CH_Get_Func() : CH[6] b32=1, CH_DataType=2
21120728-9:24:31:262758843=Decide_CH_Get_Func() : CH[7] b32=1, CH_DataType=2
21120728-9:24:31:262758859=Enter CScope_Decoder::resetScpDecoder() OK
21120728-9:24:31:262758906=Scope_Reset_CH_Before_Run() time=0, 297, 484, 0 
21120728-9:24:31:262758953=Enter CSCOPE_WORKER::Scope_Reset_CH_Before_Run() OK
21120728-9:24:31:262758984=Enter CASD_SCOPE::Scope_Reset_Before_Run() OK! 
21120728-9:24:31:262759046=ASD_Scope_Reset_Before_Run() time=0, 1016
21120728-9:24:31:262759078=ASD_Scope_Reset_Before_Run() OK
21120728-9:24:31:262759140=Enter COMM_HCT::Write_N_RTU()
21120728-9:24:37:262764968=Enter COMM_HCT::Write_N_RTU()
21120728-9:24:40:262768546=Enter API ASD_Scope_Stop() Port[0x00000010]
21120728-9:24:40:262768562=Enter CASD_SCOPE::Scope_Stop()
21120728-9:24:40:262768593=Enter CSCOPE_WORKER::StopScope()
21120728-9:24:40:262768609=Enter CSCOPE_COMM::WriteScopeCmd_Stop()
21120728-9:24:40:262768625=Enter CSCOPE_COMM::Close_ScpCmd()
21120728-9:24:40:262768640=Enter CSCOPE_COMM::StopScope()
21120728-9:24:40:262768656=Enter COMM_HCT::Write_N_RTU()
21120728-9:24:40:262768718=Enter COMM_HCT::Write_N_RTU()
21120728-9:24:40:262768750=mr_pCommASD->Write_N(3,8) time=16, 16
21120728-9:24:41:262768765=Enter CSCOPE_COMM::StopScope() OK
21120728-9:24:41:262768781=CSCOPE_COMM::Close_ScpCmd() time=140, 140
21120728-9:24:41:262768796=Enter CSCOPE_COMM::Close_ScpCmd() OK
21120728-9:24:41:262768812=Enter CSCOPE_COMM::WriteScopeCmd_Stop() OK
21120728-9:24:41:262768828=Enter CSCOPE_WORKER::StopScope() OK
21120728-9:24:41:262768843=Enter CASD_SCOPE::Scope_Stop() OK
21120728-9:24:41:262768859=Enter API ASD_Scope_Reset_Before_Run() Port[0x00000010]
21120728-9:24:41:262768875=Enter CASD_SCOPE::Scope_Reset_Before_Run() 
21120728-9:24:41:262768906=Enter CSCOPE_WORKER::Scope_Reset_CH_Before_Run() 
21120728-9:24:41:262768921=Enter CSCOPE_COMM::resetScpComm()
21120728-9:24:41:262768937=COMM_HCT::SetScopeDecoder
21120728-9:24:41:262768953=Enter CSCOPE_COMM::resetScpComm() OK
21120728-9:24:41:262768968=Sample rate=8000, ScopeTimeSec=1, PM_Data_Size=800, 
21120728-9:24:41:262768984=CSCOPE_PACKET_PARSER::initAllocation(8)
21120728-9:24:41:262769015=Enter CScope_Decoder::Setup_Paraer()
21120728-9:24:41:262769031=Decide_CH_Get_Func() : CH[0] b32=1, CH_DataType=2 
21120728-9:24:41:262769062=Decide_CH_Get_Func() : CH[1] b32=1, CH_DataType=2
21120728-9:24:41:262769078=Decide_CH_Get_Func() : CH[2] b32=1, CH_DataType=2
21120728-9:24:41:262769093=Decide_CH_Get_Func() : CH[3] b32=1, CH_DataType=2
21120728-9:24:41:262769109=Decide_CH_Get_Func() : CH[4] b32=1, CH_DataType=2
21120728-9:24:41:262769125=Decide_CH_Get_Func() : CH[5] b32=1, CH_DataType=2
21120728-9:24:41:262769140=Decide_CH_Get_Func() : CH[6] b32=1, CH_DataType=2
21120728-9:24:41:262769156=Enter CScope_Decoder::resetScpDecoder() OK
21120728-9:24:41:262769187=Scope_Reset_CH_Before_Run() time=0, 47, 218, 0 
21120728-9:24:41:262769203=Enter CSCOPE_WORKER::Scope_Reset_CH_Before_Run() OK
21120728-9:24:41:262769218=Enter CASD_SCOPE::Scope_Reset_Before_Run() OK! 
21120728-9:24:41:262769234=ASD_Scope_Reset_Before_Run() time=0, 343
21120728-9:24:41:262769265=ASD_Scope_Reset_Before_Run() OK
21120728-9:24:45:262772843=Enter COMM_HCT::Write_N_RTU()
21120728-9:24:48:262776375=Enter CASD_SCOPE::Scope_Stop()
21120728-9:24:48:262776406=Enter CSCOPE_WORKER::StopScope()
21120728-9:24:48:262776421=Enter CSCOPE_COMM::WriteScopeCmd_Stop()
21120728-9:24:48:262776437=Enter CSCOPE_COMM::Close_ScpCmd()
21120728-9:24:48:262776453=Enter CSCOPE_COMM::StopScope()
21120728-9:24:48:262776468=Enter COMM_HCT::Write_N_RTU()
21120728-9:24:48:262776531=Enter COMM_HCT::Write_N_RTU()
21120728-9:24:48:262776562=mr_pCommASD->Write_N(3,8) time=15, 15
21120728-9:24:48:262776578=Enter CSCOPE_COMM::StopScope() OK
21120728-9:24:48:262776609=CSCOPE_COMM::Close_ScpCmd() time=156, 156
21120728-9:24:48:262776687=Enter CSCOPE_COMM::Close_ScpCmd() OK
21120728-9:24:48:262776718=Enter CSCOPE_COMM::WriteScopeCmd_Stop() OK
21120728-9:24:48:262776734=Enter CSCOPE_WORKER::StopScope() OK
21120728-9:24:48:262776750=Enter CASD_SCOPE::Scope_Stop() OK
21120728-9:24:49:262776765=Enter API ASD_Scope_Reset_Before_Run() Port[0x00000010]
21120728-9:24:49:262776781=Enter CASD_SCOPE::Scope_Reset_Before_Run() 
21120728-9:24:49:262776812=Enter CSCOPE_WORKER::Scope_Reset_CH_Before_Run() 
21120728-9:24:49:262776828=Enter CSCOPE_COMM::resetScpComm()
21120728-9:24:49:262776859=COMM_HCT::SetScopeDecoder
21120728-9:24:49:262776890=Enter CSCOPE_COMM::resetScpComm() OK
21120728-9:24:49:262776906=Sample rate=8000, ScopeTimeSec=1, PM_Data_Size=800, 
21120728-9:24:49:262776921=CSCOPE_PACKET_PARSER::initAllocation(8)
21120728-9:24:49:262776953=Enter CScope_Decoder::Setup_Paraer()
21120728-9:24:49:262776968=Decide_CH_Get_Func() : CH[0] b32=1, CH_DataType=2 
21120728-9:24:49:262777000=Decide_CH_Get_Func() : CH[1] b32=1, CH_DataType=2
21120728-9:24:49:262777015=Decide_CH_Get_Func() : CH[2] b32=1, CH_DataType=2
21120728-9:24:49:262777031=Decide_CH_Get_Func() : CH[3] b32=1, CH_DataType=2
21120728-9:24:49:262777046=Decide_CH_Get_Func() : CH[4] b32=1, CH_DataType=2
21120728-9:24:49:262777062=Decide_CH_Get_Func() : CH[5] b32=1, CH_DataType=2
21120728-9:24:49:262777078=Decide_CH_Get_Func() : CH[6] b32=1, CH_DataType=2
21120728-9:24:49:262777093=Enter CScope_Decoder::resetScpDecoder() OK
21120728-9:24:49:262777140=Scope_Reset_CH_Before_Run() time=0, 78, 235, 0 
21120728-9:24:49:262777156=Enter CSCOPE_WORKER::Scope_Reset_CH_Before_Run() OK
21120728-9:24:49:262777171=Enter CASD_SCOPE::Scope_Reset_Before_Run() OK! 
21120728-9:24:49:262777187=ASD_Scope_Reset_Before_Run() time=0, 390
21120728-9:24:49:262777203=ASD_Scope_Reset_Before_Run() OK
21120728-9:26:40:262888250=Enter COMM_HCT::Write_N_RTU()
21120728-9:26:43:262891218=Enter API ASD_Scope_Stop() Port[0x00000010]
21120728-9:26:43:262891234=Enter CASD_SCOPE::Scope_Stop()
21120728-9:26:43:262891265=Enter CSCOPE_WORKER::StopScope()
21120728-9:26:43:262891281=Enter CSCOPE_COMM::WriteScopeCmd_Stop()
21120728-9:26:43:262891296=Enter CSCOPE_COMM::Close_ScpCmd()
21120728-9:26:43:262891328=Enter CSCOPE_COMM::StopScope()
21120728-9:26:43:262891343=Enter COMM_HCT::Write_N_RTU()
21120728-9:26:43:262891406=Enter COMM_HCT::Write_N_RTU()
21120728-9:26:43:262891437=mr_pCommASD->Write_N(3,8) time=15, 15
21120728-9:26:43:262891453=Enter CSCOPE_COMM::StopScope() OK
21120728-9:26:43:262891468=CSCOPE_COMM::Close_ScpCmd() time=141, 141
21120728-9:26:43:262891484=Enter CSCOPE_COMM::Close_ScpCmd() OK
21120728-9:26:43:262891500=Enter CSCOPE_COMM::WriteScopeCmd_Stop() OK
21120728-9:26:43:262891515=Enter CSCOPE_WORKER::StopScope() OK
21120728-9:26:43:262891531=Enter CASD_SCOPE::Scope_Stop() OK
21120728-9:26:43:262891546=Enter API ASD_Scope_Reset_Before_Run() Port[0x00000010]
21120728-9:26:43:262891562=Enter CASD_SCOPE::Scope_Reset_Before_Run() 
21120728-9:26:43:262891593=Enter CSCOPE_WORKER::Scope_Reset_CH_Before_Run() 
21120728-9:26:43:262891609=Enter CSCOPE_COMM::resetScpComm()
21120728-9:26:43:262891640=COMM_HCT::SetScopeDecoder
21120728-9:26:43:262891656=Enter CSCOPE_COMM::resetScpComm() OK
21120728-9:26:43:262891671=Sample rate=8000, ScopeTimeSec=1, PM_Data_Size=800, 
21120728-9:26:43:262891687=CSCOPE_PACKET_PARSER::initAllocation(8)
21120728-9:26:43:262891718=Enter CScope_Decoder::Setup_Paraer()
21120728-9:26:43:262891734=Decide_CH_Get_Func() : CH[0] b32=1, CH_DataType=2 
21120728-9:26:44:262891765=Decide_CH_Get_Func() : CH[1] b32=1, CH_DataType=2
21120728-9:26:44:262891781=Decide_CH_Get_Func() : CH[2] b32=1, CH_DataType=2
21120728-9:26:44:262891796=Decide_CH_Get_Func() : CH[3] b32=1, CH_DataType=2
21120728-9:26:44:262891812=Decide_CH_Get_Func() : CH[4] b32=1, CH_DataType=2
21120728-9:26:44:262891828=Decide_CH_Get_Func() : CH[5] b32=1, CH_DataType=2
21120728-9:26:44:262891843=Decide_CH_Get_Func() : CH[6] b32=1, CH_DataType=2
21120728-9:26:44:262891859=Enter CScope_Decoder::resetScpDecoder() OK
21120728-9:26:44:262891890=Scope_Reset_CH_Before_Run() time=0, 63, 219, 0 
21120728-9:26:44:262891906=Enter CSCOPE_WORKER::Scope_Reset_CH_Before_Run() OK
21120728-9:26:44:262891921=Enter CASD_SCOPE::Scope_Reset_Before_Run() OK! 
21120728-9:26:44:262891937=ASD_Scope_Reset_Before_Run() time=0, 359
21120728-9:26:44:262891953=ASD_Scope_Reset_Before_Run() OK
21120728-9:26:45:262893406=Enter COMM_HCT::Write_N_RTU()
21120728-9:26:49:262896937=Enter API ASD_Scope_Stop() Port[0x00000010]
21120728-9:26:49:262896953=Enter CASD_SCOPE::Scope_Stop()
21120728-9:26:49:262896984=Enter CSCOPE_WORKER::StopScope()
21120728-9:26:49:262897000=Enter CSCOPE_COMM::WriteScopeCmd_Stop()
21120728-9:26:49:262897015=Enter CSCOPE_COMM::Close_ScpCmd()
21120728-9:26:49:262897031=Enter CSCOPE_COMM::StopScope()
21120728-9:26:49:262897046=Enter COMM_HCT::Write_N_RTU()
21120728-9:26:49:262897109=Enter COMM_HCT::Write_N_RTU()
21120728-9:26:49:262897125=mr_pCommASD->Write_N(3,8) time=16, 16
21120728-9:26:49:262897156=Enter CSCOPE_COMM::StopScope() OK
21120728-9:26:49:262897171=CSCOPE_COMM::Close_ScpCmd() time=141, 141
21120728-9:26:49:262897187=Enter CSCOPE_COMM::Close_ScpCmd() OK
21120728-9:26:49:262897203=Enter CSCOPE_COMM::WriteScopeCmd_Stop() OK
21120728-9:26:49:262897218=Enter CSCOPE_WORKER::StopScope() OK
21120728-9:26:49:262897234=Enter CASD_SCOPE::Scope_Stop() OK
21120728-9:26:49:262897250=Enter API ASD_Scope_Reset_Before_Run() Port[0x00000010]
21120728-9:26:49:262897265=Enter CASD_SCOPE::Scope_Reset_Before_Run() 
21120728-9:26:49:262897296=Enter CSCOPE_WORKER::Scope_Reset_CH_Before_Run() 
21120728-9:26:49:262897328=Enter CSCOPE_COMM::resetScpComm()
21120728-9:26:49:262897343=COMM_HCT::SetScopeDecoder
21120728-9:26:49:262897359=Enter CSCOPE_COMM::resetScpComm() OK
21120728-9:26:49:262897375=Sample rate=8000, ScopeTimeSec=1, PM_Data_Size=800, 
21120728-9:26:49:262897406=CSCOPE_PACKET_PARSER::initAllocation(8)
21120728-9:26:49:262897437=Enter CScope_Decoder::Setup_Paraer()
21120728-9:26:49:262897453=Decide_CH_Get_Func() : CH[0] b32=1, CH_DataType=2 
21120728-9:26:49:262897484=Decide_CH_Get_Func() : CH[1] b32=1, CH_DataType=2
21120728-9:26:49:262897500=Decide_CH_Get_Func() : CH[2] b32=1, CH_DataType=2
21120728-9:26:49:262897546=Decide_CH_Get_Func() : CH[3] b32=1, CH_DataType=2
21120728-9:26:49:262897578=Decide_CH_Get_Func() : CH[4] b32=1, CH_DataType=2
21120728-9:26:49:262897609=Decide_CH_Get_Func() : CH[5] b32=1, CH_DataType=2
21120728-9:26:49:262897640=Decide_CH_Get_Func() : CH[6] b32=1, CH_DataType=2
21120728-9:26:49:262897656=Enter CScope_Decoder::resetScpDecoder() OK
21120728-9:26:49:262897687=Scope_Reset_CH_Before_Run() time=0, 47, 312, 0 
21120728-9:26:49:262897703=Enter CSCOPE_WORKER::Scope_Reset_CH_Before_Run() OK
21120728-9:26:49:262897718=Enter CASD_SCOPE::Scope_Reset_Before_Run() OK! 
21120728-9:26:49:262897734=ASD_Scope_Reset_Before_Run() time=0, 453
21120728-9:26:49:262897750=ASD_Scope_Reset_Before_Run() OK
AppStart278050359=21120728-13:39:21 : APP StartDLL() 1.1.0.10(build20210909)
21120728-13:39:21:278050390=Enter API ASD_Allocate_Scope() Port[0x00000005]  Ver=1.1.0.10(build20210909)
21120728-13:39:21:278050515=Port Allocated OK!
21120728-13:39:21:278050546=Enter API ASD_Open_COMM_HCTL() Com[5]
21120728-13:39:23:278052812=ASD_Open_COMM_HCTL() exception! :Open HCTL COMM failed!
AppStart278089328=21120728-13:40:0 : APP StartDLL() 1.1.0.10(build20210909)
21120728-13:40:0:278089359=Enter API ASD_Allocate_Scope() Port[0x0000000F]  Ver=1.1.0.10(build20210909)
21120728-13:40:0:278089484=Port Allocated OK!
21120728-13:40:0:278089515=Enter API ASD_Open_COMM_HCTL() Com[15]
21120728-13:40:0:278089546=DDBUG CCOMM_THREAD::start_thread  1
21120728-13:40:0:278089609=DDBUG CCOMM_THREAD::start_thread  end
21120728-13:40:0:278089625=S2 COMM_HCTL::Com_Thread_Start() enter loop......

21120728-13:40:0:278089656=Enter CASD_SCOPE::SetCommObject()
21120728-13:40:0:278089781=initCommScope(): Dev(3, 7, 0), ScoptType=501, CH_Size=8, 
21120728-13:40:0:278089796=Scope_Second=1, Base_Second=20, nBufSize=160001, new_dDSP_Data_Ts=0.125000, strTimeFormat=%0.3f(ms)
21120728-13:40:0:278089828=Enter CASD_SCOPE::Scope_Write_Settings() 
21120728-13:40:0:278089843=Enter CSCOPE_WORKER::Scope_Write_Setting_Before_Run() 
21120728-13:40:0:278089859=Enter CSCOPE_COMM::resetScpComm()
21120728-13:40:0:278089875=COMM_HCT::SetScopeDecoder
21120728-13:40:0:278089890=Enter CSCOPE_COMM::resetScpComm() OK
21120728-13:40:1:278089906=CH[1] is 32Bit=1, CmdVal=0x0C598
21120728-13:40:1:278089937=CH[2] is 32Bit=1, CmdVal=0x0C59A
21120728-13:40:1:278089953=CH[3] is 32Bit=1, CmdVal=0x0C598
21120728-13:40:1:278089968=CH[4] is 32Bit=1, CmdVal=0x0C59A
21120728-13:40:1:278089984=CH[5] is 32Bit=1, CmdVal=0x0C59C
21120728-13:40:1:278090000=CH[6] is 32Bit=1, CmdVal=0x0C5AA
21120728-13:40:1:278090015=CH[7] is 32Bit=1, CmdVal=0x0C59C
21120728-13:40:1:278090031=Enter CSCOPE_WORKER::Arrange_CH_32bit() OK
21120728-13:40:1:278090078=Sample rate=8000, ScopeTimeSec=1, PM_Data_Size=800, 
21120728-13:40:1:278090109=CSCOPE_PACKET_PARSER::initAllocation(8)
21120728-13:40:1:278090125=Enter CScope_Decoder::Setup_Paraer()
21120728-13:40:1:278090140=call PacketParser.Decide_CH_Get_Func() 
21120728-13:40:1:278090156=Decide_CH_Get_Func() : CH[0] b32=1, CH_DataType=2
21120728-13:40:1:278090187=Decide_CH_Get_Func() : CH[1] b32=1, CH_DataType=2
21120728-13:40:1:278090203=Decide_CH_Get_Func() : CH[2] b32=1, CH_DataType=2
21120728-13:40:1:278090218=Decide_CH_Get_Func() : CH[3] b32=1, CH_DataType=2
21120728-13:40:1:278090234=Decide_CH_Get_Func() : CH[4] b32=1, CH_DataType=2
21120728-13:40:1:278090250=Decide_CH_Get_Func() : CH[5] b32=1, CH_DataType=2
21120728-13:40:1:278090265=Decide_CH_Get_Func() : CH[6] b32=1, CH_DataType=2
21120728-13:40:1:278090281=Enter CScope_Decoder::resetScpDecoder() OK
21120728-13:40:1:278090312=   call m_pScpCom->WriteScopeCmd_Start()
21120728-13:40:1:278090328=CH1 P0-4 nCmdVal=0xC598(50584)

21120728-13:40:1:278090343=Enter COMM_HCT::Write_N_RTU()
21120728-13:40:1:278090359=CH2 P0-6 nCmdVal=0xC59A(50586)

21120728-13:40:1:278090375=Enter COMM_HCT::Write_N_RTU()
21120728-13:40:1:278090390=CH3 P0-5 nCmdVal=0xC598(50584)

21120728-13:40:1:278090406=Enter COMM_HCT::Write_N_RTU()
21120728-13:40:1:278090421=CH4 P0-7 nCmdVal=0xC59A(50586)

21120728-13:40:1:278090437=Enter COMM_HCT::Write_N_RTU()
21120728-13:40:1:278090453=CH5 P0-65 nCmdVal=0xC59C(50588)

21120728-13:40:1:278090468=Enter COMM_HCT::Write_N_RTU()
21120728-13:40:1:278090484=Enter COMM_HCT::Write_N_RTU()

21120728-13:40:1:278090500=CH7 P0-66 nCmdVal=0xC59C(50588)

21120728-13:40:1:278090515=Enter COMM_HCT::Write_N_RTU()
21120728-13:40:1:278090531=Enter COMM_HCT::Write_N_RTU()

21120728-13:40:1:278090562=Enter CSCOPE_COMM::Write_CH_Cmd() OK
21120728-13:40:1:278090578=Enter CSCOPE_WORKER::WriteScopeCmd_Start() OK
21120728-13:40:1:278090593=Enter CASD_SCOPE::Scope_Run() OK! 
21120728-13:40:1:278090609=Enter API ASD_Scope_Run() OK
21120728-13:40:3:278092750=Enter API ASD_Scope_Reset_Before_Run() Port[0x0000000F]
21120728-13:40:3:278092765=Enter CASD_SCOPE::Scope_Reset_Before_Run() 
21120728-13:40:3:278092781=Enter CSCOPE_WORKER::Scope_Reset_CH_Before_Run() 
21120728-13:40:3:278092796=Enter CSCOPE_COMM::resetScpComm()
21120728-13:40:3:278092812=COMM_HCT::SetScopeDecoder
21120728-13:40:3:278092828=Enter CSCOPE_COMM::resetScpComm() OK
21120728-13:40:3:278092843=Sample rate=8000, ScopeTimeSec=1, PM_Data_Size=800, 
21120728-13:40:3:278092859=CSCOPE_PACKET_PARSER::initAllocation(8)
21120728-13:40:3:278092875=Enter CScope_Decoder::Setup_Paraer()
21120728-13:40:3:278092890=call PacketParser.Decide_CH_Get_Func() 
21120728-13:40:4:278092890=Decide_CH_Get_Func() : CH[0] b32=1, CH_DataType=2
21120728-13:40:4:278092921=Decide_CH_Get_Func() : CH[1] b32=1, CH_DataType=2
21120728-13:40:4:278092937=Decide_CH_Get_Func() : CH[2] b32=1, CH_DataType=2
21120728-13:40:4:278092953=Decide_CH_Get_Func() : CH[3] b32=1, CH_DataType=2
21120728-13:40:4:278092968=Decide_CH_Get_Func() : CH[4] b32=1, CH_DataType=2
21120728-13:40:4:278092984=Decide_CH_Get_Func() : CH[5] b32=1, CH_DataType=2
21120728-13:40:4:278093000=Decide_CH_Get_Func() : CH[6] b32=1, CH_DataType=2
21120728-13:40:4:278093015=Enter CScope_Decoder::resetScpDecoder() OK
21120728-13:40:4:278093046=Scope_Reset_CH_Before_Run() time=0, 47, 203, 0 
21120728-13:40:4:278093062=Enter CSCOPE_WORKER::Scope_Reset_CH_Before_Run() OK
21120728-13:40:4:278093093=Enter CASD_SCOPE::Scope_Reset_Before_Run() OK! 
21120728-13:40:4:278093109=ASD_Scope_Reset_Before_Run() time=0, 328
21120728-13:40:4:278093140=ASD_Scope_Reset_Before_Run() OK
21120728-13:40:4:278093156=Enter COMM_HCT::Write_N_RTU()
21120728-13:40:8:278097609=Enter COMM_HCT::Write_N_RTU()
21120728-13:40:11:278100640=Enter API ASD_Scope_Stop() Port[0x0000000F]
21120728-13:40:11:278100656=Enter CASD_SCOPE::Scope_Stop()
21120728-13:40:11:278100687=Enter CSCOPE_WORKER::StopScope()
21120728-13:40:11:278100703=Enter CSCOPE_COMM::WriteScopeCmd_Stop()
21120728-13:40:11:278100718=Enter CSCOPE_COMM::Close_ScpCmd()
21120728-13:40:11:278100734=Enter CSCOPE_COMM::StopScope()
21120728-13:40:11:278100750=Enter COMM_HCT::Write_N_RTU()
21120728-13:40:11:278100828=Enter COMM_HCT::Write_N_RTU()
21120728-13:40:11:278100843=mr_pCommASD->Write_N(3,8) time=0, 0
21120728-13:40:11:278100890=Enter CSCOPE_COMM::StopScope() OK
21120728-13:40:12:278100906=CSCOPE_COMM::Close_ScpCmd() time=172, 172
21120728-13:40:12:278100937=Enter CSCOPE_COMM::Close_ScpCmd() OK
21120728-13:40:12:278100968=Enter CSCOPE_COMM::WriteScopeCmd_Stop() OK
21120728-13:40:12:278101015=Enter CSCOPE_WORKER::StopScope() OK
21120728-13:40:12:278101031=Enter CASD_SCOPE::Scope_Stop() OK
21120728-13:40:12:278101046= API ASD_Scope_Stop() OK
21120728-13:40:12:278101062=Enter API ASD_Scope_Reset_Before_Run() Port[0x0000000F]
21120728-13:40:12:278101078=Enter CASD_SCOPE::Scope_Reset_Before_Run() 
21120728-13:40:12:278101125=Enter CSCOPE_WORKER::Scope_Reset_CH_Before_Run() 
21120728-13:40:12:278101140=Enter CSCOPE_COMM::resetScpComm()
21120728-13:40:12:278101156=COMM_HCT::SetScopeDecoder
21120728-13:40:12:278101171=Enter CSCOPE_COMM::resetScpComm() OK
21120728-13:40:12:278101187=Sample rate=8000, ScopeTimeSec=1, PM_Data_Size=800, 
21120728-13:40:12:278101203=CSCOPE_PACKET_PARSER::initAllocation(8)
21120728-13:40:12:278101234=Enter CScope_Decoder::Setup_Paraer()
21120728-13:40:12:278101250=Decide_CH_Get_Func() : CH[0] b32=1, CH_DataType=2 
21120728-13:40:12:278101281=Decide_CH_Get_Func() : CH[1] b32=1, CH_DataType=2
21120728-13:40:12:278101312=Decide_CH_Get_Func() : CH[2] b32=1, CH_DataType=2
21120728-13:40:12:278101328=Decide_CH_Get_Func() : CH[3] b32=1, CH_DataType=2
21120728-13:40:12:278101359=Decide_CH_Get_Func() : CH[4] b32=1, CH_DataType=2
21120728-13:40:12:278101390=Decide_CH_Get_Func() : CH[5] b32=1, CH_DataType=2
21120728-13:40:12:278101421=Decide_CH_Get_Func() : CH[6] b32=1, CH_DataType=2
21120728-13:40:12:278101437=Enter CScope_Decoder::resetScpDecoder() OK
21120728-13:40:12:278101468=Scope_Reset_CH_Before_Run() time=0, 46, 282, 0 
21120728-13:40:12:278101484=Enter CSCOPE_WORKER::Scope_Reset_CH_Before_Run() OK
21120728-13:40:12:278101500=Enter CASD_SCOPE::Scope_Reset_Before_Run() OK! 
21120728-13:40:12:278101531=ASD_Scope_Reset_Before_Run() time=0, 437
21120728-13:40:12:278101546=ASD_Scope_Reset_Before_Run() OK
AppStart278174843=21120728-13:41:25 : APP StartDLL() 1.1.0.10(build20210909)
21120728-13:41:25:278174875=Enter API ASD_Allocate_Scope() Port[0x0000000F]  Ver=1.1.0.10(build20210909)
21120728-13:41:26:278174953=Port Allocated OK!
21120728-13:41:26:278174968=Enter API ASD_Open_COMM_HCTL() Com[15]
21120728-13:41:26:278174984=DDBUG CCOMM_THREAD::start_thread  1
21120728-13:41:26:278175015=S2 COMM_HCTL::Com_Thread_Start() enter loop......

21120728-13:41:26:278175046=Enter CASD_SCOPE::SetCommObject()
21120728-13:41:26:278175109=initCommScope(): Dev(3, 7, 0), ScoptType=501, CH_Size=8, 
21120728-13:41:26:278175125=Scope_Second=1, Base_Second=20, nBufSize=160001, new_dDSP_Data_Ts=0.125000, strTimeFormat=%0.3f(ms)
21120728-13:41:26:278175140=Enter CASD_SCOPE::Scope_Write_Settings() 
21120728-13:41:26:278175171=Enter CSCOPE_WORKER::Scope_Write_Setting_Before_Run() 
21120728-13:41:26:278175187=Enter CSCOPE_COMM::resetScpComm()
21120728-13:41:26:278175203=COMM_HCT::SetScopeDecoder
21120728-13:41:26:278175218=Enter CSCOPE_COMM::resetScpComm() OK
21120728-13:41:26:278175234=CH[1] is 32Bit=1, CmdVal=0x0C598
21120728-13:41:26:278175265=CH[2] is 32Bit=1, CmdVal=0x0C59A
21120728-13:41:26:278175281=CH[3] is 32Bit=1, CmdVal=0x0C598
21120728-13:41:26:278175296=CH[4] is 32Bit=1, CmdVal=0x0C59A
21120728-13:41:26:278175312=CH[5] is 32Bit=1, CmdVal=0x0C59C
21120728-13:41:26:278175328=CH[6] is 32Bit=1, CmdVal=0x0C5AA
21120728-13:41:26:278175343=CH[7] is 32Bit=1, CmdVal=0x0C59C
21120728-13:41:26:278175359=Enter CSCOPE_WORKER::Arrange_CH_32bit() OK
21120728-13:41:26:278175390=Sample rate=8000, ScopeTimeSec=1, PM_Data_Size=800, 
21120728-13:41:26:278175406=CSCOPE_PACKET_PARSER::initAllocation(8)
21120728-13:41:26:278175437=Enter CScope_Decoder::Setup_Paraer()
21120728-13:41:26:278175453=Decide_CH_Get_Func() : CH[0] b32=1, CH_DataType=2 
21120728-13:41:26:278175484=Decide_CH_Get_Func() : CH[1] b32=1, CH_DataType=2
21120728-13:41:26:278175500=Decide_CH_Get_Func() : CH[2] b32=1, CH_DataType=2
21120728-13:41:26:278175515=Decide_CH_Get_Func() : CH[3] b32=1, CH_DataType=2
21120728-13:41:26:278175531=Decide_CH_Get_Func() : CH[4] b32=1, CH_DataType=2
21120728-13:41:26:278175546=Decide_CH_Get_Func() : CH[5] b32=1, CH_DataType=2
21120728-13:41:26:278175562=Decide_CH_Get_Func() : CH[6] b32=1, CH_DataType=2
21120728-13:41:26:278175578=Enter CScope_Decoder::resetScpDecoder() OK
21120728-13:41:26:278175609=   call m_pScpCom->WriteScopeCmd_Start()
21120728-13:41:26:278175625=Enter CSCOPE_COMM::Write_CH_Cmd()
21120728-13:41:26:278175640=Enter COMM_HCT::Write_N_RTU()

21120728-13:41:26:278175656=CH2 P0-6 nCmdVal=0xC59A(50586)

21120728-13:41:26:278175671=Enter COMM_HCT::Write_N_RTU()
21120728-13:41:26:278175687=Enter COMM_HCT::Write_N_RTU()

21120728-13:41:26:278175703=CH4 P0-7 nCmdVal=0xC59A(50586)

21120728-13:41:26:278175718=Enter COMM_HCT::Write_N_RTU()
21120728-13:41:26:278175734=CH5 P0-65 nCmdVal=0xC59C(50588)

21120728-13:41:26:278175750=Enter COMM_HCT::Write_N_RTU()
21120728-13:41:26:278175765=CH6 P0-67 nCmdVal=0xC5AA(50602)

21120728-13:41:26:278175781=Enter COMM_HCT::Write_N_RTU()
21120728-13:41:26:278175796=Enter COMM_HCT::Write_N_RTU()

21120728-13:41:26:278175812=CH8 P0-68 nCmdVal=0xC5AA(50602)

21120728-13:41:26:278175828=Enter COMM_HCT::Write_N_RTU()
21120728-13:41:26:278175859=Enter CSCOPE_COMM::Write_CH_Cmd() OK
21120728-13:41:26:278175875=Enter CSCOPE_WORKER::WriteScopeCmd_Start() OK
21120728-13:41:27:278175890=Enter CASD_SCOPE::Scope_Run() OK! 
21120728-13:41:27:278175906=Enter API ASD_Scope_Run() OK
21120728-13:41:29:278177921=Enter API ASD_Scope_Reset_Before_Run() Port[0x0000000F]
21120728-13:41:29:278177937=Enter CASD_SCOPE::Scope_Reset_Before_Run() 
21120728-13:41:29:278177968=Enter CSCOPE_WORKER::Scope_Reset_CH_Before_Run() 
21120728-13:41:29:278177984=Enter CSCOPE_COMM::resetScpComm()
21120728-13:41:29:278178000=COMM_HCT::SetScopeDecoder
21120728-13:41:29:278178031=Enter CSCOPE_COMM::resetScpComm() OK
21120728-13:41:29:278178046=Enter CScope_Decoder::resetScpDecoder() 
21120728-13:41:29:278178078=Sample rate=8000, ScopeTimeSec=1, PM_Data_Size=800,
21120728-13:41:29:278178093=CSCOPE_PACKET_PARSER::initAllocation(8)
21120728-13:41:29:278178140=Enter CScope_Decoder::Setup_Paraer()
21120728-13:41:29:278178156=Decide_CH_Get_Func() : CH[0] b32=1, CH_DataType=2 
21120728-13:41:29:278178218=Decide_CH_Get_Func() : CH[1] b32=1, CH_DataType=2
21120728-13:41:29:278178234=Decide_CH_Get_Func() : CH[2] b32=1, CH_DataType=2
21120728-13:41:29:278178250=Decide_CH_Get_Func() : CH[3] b32=1, CH_DataType=2
21120728-13:41:29:278178265=Decide_CH_Get_Func() : CH[4] b32=1, CH_DataType=2
21120728-13:41:29:278178281=Decide_CH_Get_Func() : CH[5] b32=1, CH_DataType=2
21120728-13:41:29:278178312=Decide_CH_Get_Func() : CH[6] b32=1, CH_DataType=2
21120728-13:41:29:278178328=Enter CScope_Decoder::resetScpDecoder() OK
21120728-13:41:29:278178375=Scope_Reset_CH_Before_Run() time=0, 63, 328, 0 
21120728-13:41:29:278178390=Enter CSCOPE_WORKER::Scope_Reset_CH_Before_Run() OK
21120728-13:41:29:278178406=Enter CASD_SCOPE::Scope_Reset_Before_Run() OK! 
21120728-13:41:29:278178421=ASD_Scope_Reset_Before_Run() time=0, 469
21120728-13:41:29:278178453=ASD_Scope_Reset_Before_Run() OK
21120728-13:41:29:278178484=Enter COMM_HCT::Write_N_RTU()
21120728-13:41:34:278183046=Enter COMM_HCT::Write_N_RTU()
21120728-13:41:37:278186046=Enter API ASD_Scope_Stop() Port[0x0000000F]
21120728-13:41:37:278186062=Enter CASD_SCOPE::Scope_Stop()
21120728-13:41:37:278186093=Enter CSCOPE_WORKER::StopScope()
21120728-13:41:37:278186109=Enter CSCOPE_COMM::WriteScopeCmd_Stop()
21120728-13:41:37:278186125=Enter CSCOPE_COMM::Close_ScpCmd()
21120728-13:41:37:278186140=Enter CSCOPE_COMM::StopScope()
21120728-13:41:37:278186156=Enter COMM_HCT::Write_N_RTU()
21120728-13:41:37:278186218=Enter COMM_HCT::Write_N_RTU()
21120728-13:41:37:278186250=mr_pCommASD->Write_N(3,8) time=16, 16
21120728-13:41:37:278186265=Enter CSCOPE_COMM::StopScope() OK
21120728-13:41:37:278186281=CSCOPE_COMM::Close_ScpCmd() time=140, 140
21120728-13:41:37:278186296=Enter CSCOPE_COMM::Close_ScpCmd() OK
21120728-13:41:37:278186312=Enter CSCOPE_COMM::WriteScopeCmd_Stop() OK
21120728-13:41:37:278186328=Enter CSCOPE_WORKER::StopScope() OK
21120728-13:41:37:278186343=Enter CASD_SCOPE::Scope_Stop() OK
21120728-13:41:37:278186359=Enter API ASD_Scope_Reset_Before_Run() Port[0x0000000F]
21120728-13:41:37:278186375=Enter CASD_SCOPE::Scope_Reset_Before_Run() 
21120728-13:41:37:278186390=Enter CSCOPE_WORKER::Scope_Reset_CH_Before_Run() 
21120728-13:41:37:278186406=Enter CSCOPE_COMM::resetScpComm()
21120728-13:41:37:278186421=COMM_HCT::SetScopeDecoder
21120728-13:41:37:278186437=Enter CSCOPE_COMM::resetScpComm() OK
21120728-13:41:37:278186453=Sample rate=8000, ScopeTimeSec=1, PM_Data_Size=800, 
21120728-13:41:37:278186468=CSCOPE_PACKET_PARSER::initAllocation(8)
21120728-13:41:37:278186500=Enter CScope_Decoder::Setup_Paraer()
21120728-13:41:37:278186515=Decide_CH_Get_Func() : CH[0] b32=1, CH_DataType=2 
21120728-13:41:37:278186546=Decide_CH_Get_Func() : CH[1] b32=1, CH_DataType=2
21120728-13:41:37:278186562=Decide_CH_Get_Func() : CH[2] b32=1, CH_DataType=2
21120728-13:41:37:278186578=Decide_CH_Get_Func() : CH[3] b32=1, CH_DataType=2
21120728-13:41:37:278186593=Decide_CH_Get_Func() : CH[4] b32=1, CH_DataType=2
21120728-13:41:37:278186609=Decide_CH_Get_Func() : CH[5] b32=1, CH_DataType=2
21120728-13:41:37:278186625=Decide_CH_Get_Func() : CH[6] b32=1, CH_DataType=2
21120728-13:41:37:278186640=Enter CScope_Decoder::resetScpDecoder() OK
21120728-13:41:37:278186671=Scope_Reset_CH_Before_Run() time=0, 47, 219, 0 
21120728-13:41:37:278186687=Enter CSCOPE_WORKER::Scope_Reset_CH_Before_Run() OK
21120728-13:41:37:278186703=Enter CASD_SCOPE::Scope_Reset_Before_Run() OK! 
21120728-13:41:37:278186718=ASD_Scope_Reset_Before_Run() time=0, 328
21120728-13:41:37:278186734=ASD_Scope_Reset_Before_Run() OK
AppStart280460015=21120728-14:19:31 : APP StartDLL() 1.1.0.10(build20210909)
21120728-14:19:31:280460046=Enter API ASD_Allocate_Scope() Port[0x0000000F]  Ver=1.1.0.10(build20210909)
21120728-14:19:31:280460125=Port Allocated OK!
21120728-14:19:31:280460156=Enter API ASD_Open_COMM_HCTL() Com[15]
21120728-14:19:31:280460187=DDBUG CCOMM_THREAD::start_thread  1
21120728-14:19:31:280460218=S2 COMM_HCTL::Com_Thread_Start() enter loop......

21120728-14:19:31:280460250=Enter CASD_SCOPE::SetCommObject()
21120728-14:19:31:280460343=initCommScope(): Dev(3, 7, 0), ScoptType=501, CH_Size=8, 
21120728-14:19:31:280460375=Scope_Second=1, Base_Second=20, nBufSize=160001, new_dDSP_Data_Ts=0.125000, strTimeFormat=%0.3f(ms)
21120728-14:19:31:280460406=Enter CASD_SCOPE::Scope_Write_Settings() 
21120728-14:19:31:280460421=Enter CSCOPE_WORKER::Scope_Write_Setting_Before_Run() 
21120728-14:19:31:280460437=Enter CSCOPE_COMM::resetScpComm()
21120728-14:19:31:280460453=COMM_HCT::SetScopeDecoder
21120728-14:19:31:280460484=Enter CSCOPE_COMM::resetScpComm() OK
21120728-14:19:31:280460500=CH[1] is 32Bit=1, CmdVal=0x0C598
21120728-14:19:31:280460531=CH[2] is 32Bit=1, CmdVal=0x0C59A
21120728-14:19:31:280460546=CH[3] is 32Bit=1, CmdVal=0x0C598
21120728-14:19:31:280460562=CH[4] is 32Bit=1, CmdVal=0x0C59A
21120728-14:19:31:280460578=CH[5] is 32Bit=1, CmdVal=0x0C59C
21120728-14:19:31:280460593=CH[6] is 32Bit=1, CmdVal=0x0C5AA
21120728-14:19:31:280460609=CH[7] is 32Bit=1, CmdVal=0x0C59C
21120728-14:19:31:280460625=Enter CSCOPE_WORKER::Arrange_CH_32bit() OK
21120728-14:19:31:280460656=Sample rate=8000, ScopeTimeSec=1, PM_Data_Size=800, 
21120728-14:19:31:280460671=CSCOPE_PACKET_PARSER::initAllocation(8)
21120728-14:19:31:280460687=Enter CScope_Decoder::Setup_Paraer()
21120728-14:19:31:280460703=Decide_CH_Get_Func() : CH[0] b32=1, CH_DataType=2 
21120728-14:19:31:280460734=Decide_CH_Get_Func() : CH[1] b32=1, CH_DataType=2
21120728-14:19:31:280460750=Decide_CH_Get_Func() : CH[2] b32=1, CH_DataType=2
21120728-14:19:31:280460765=Decide_CH_Get_Func() : CH[3] b32=1, CH_DataType=2
21120728-14:19:31:280460781=Decide_CH_Get_Func() : CH[4] b32=1, CH_DataType=2
21120728-14:19:31:280460796=Decide_CH_Get_Func() : CH[5] b32=1, CH_DataType=2
21120728-14:19:31:280460812=Decide_CH_Get_Func() : CH[6] b32=1, CH_DataType=2
21120728-14:19:31:280460828=Decide_CH_Get_Func() : CH[7] b32=1, CH_DataType=2
21120728-14:19:32:280460828=Enter CScope_Decoder::resetScpDecoder() OK
21120728-14:19:32:280460859=   call m_pScpCom->WriteScopeCmd_Start()
21120728-14:19:32:280460875=CH1 P0-4 nCmdVal=0xC598(50584)

21120728-14:19:32:280460890=Enter COMM_HCT::Write_N_RTU()
21120728-14:19:32:280460906=CH2 P0-6 nCmdVal=0xC59A(50586)

21120728-14:19:32:280460921=Enter COMM_HCT::Write_N_RTU()
21120728-14:19:32:280460937=Enter COMM_HCT::Write_N_RTU()

21120728-14:19:32:280460968=Enter COMM_HCT::Write_N_RTU()

21120728-14:19:32:280461000=CH5 P0-65 nCmdVal=0xC59C(50588)

21120728-14:19:32:280461015=Enter COMM_HCT::Write_N_RTU()
21120728-14:19:32:280461031=CH6 P0-67 nCmdVal=0xC5AA(50602)

21120728-14:19:32:280461046=Enter COMM_HCT::Write_N_RTU()
21120728-14:19:32:280461062=Enter COMM_HCT::Write_N_RTU()

21120728-14:19:32:280461093=Enter COMM_HCT::Write_N_RTU()

21120728-14:19:32:280461125=Enter CSCOPE_COMM::Write_CH_Cmd() OK
21120728-14:19:32:280461140=Enter CSCOPE_WORKER::WriteScopeCmd_Start() OK
21120728-14:19:32:280461156=Enter CASD_SCOPE::Scope_Run() OK! 
21120728-14:19:32:280461171=Enter API ASD_Scope_Run() OK
21120728-14:19:36:280465437=Enter API ASD_Scope_Reset_Before_Run() Port[0x0000000F]
21120728-14:19:36:280465453=Enter CASD_SCOPE::Scope_Reset_Before_Run() 
21120728-14:19:36:280465484=Enter CSCOPE_WORKER::Scope_Reset_CH_Before_Run() 
21120728-14:19:36:280465500=Enter CSCOPE_COMM::resetScpComm()
21120728-14:19:36:280465515=COMM_HCT::SetScopeDecoder
21120728-14:19:36:280465531=Enter CSCOPE_COMM::resetScpComm() OK
21120728-14:19:36:280465546=Sample rate=8000, ScopeTimeSec=1, PM_Data_Size=800, 
21120728-14:19:36:280465562=CSCOPE_PACKET_PARSER::initAllocation(8)
21120728-14:19:36:280465593=Enter CScope_Decoder::Setup_Paraer()
21120728-14:19:36:280465609=Decide_CH_Get_Func() : CH[0] b32=1, CH_DataType=2 
21120728-14:19:36:280465640=Decide_CH_Get_Func() : CH[1] b32=1, CH_DataType=2
21120728-14:19:36:280465656=Decide_CH_Get_Func() : CH[2] b32=1, CH_DataType=2
21120728-14:19:36:280465671=Decide_CH_Get_Func() : CH[3] b32=1, CH_DataType=2
21120728-14:19:36:280465687=Decide_CH_Get_Func() : CH[4] b32=1, CH_DataType=2
21120728-14:19:36:280465703=Decide_CH_Get_Func() : CH[5] b32=1, CH_DataType=2
21120728-14:19:36:280465718=Decide_CH_Get_Func() : CH[6] b32=1, CH_DataType=2
21120728-14:19:36:280465734=Enter CScope_Decoder::resetScpDecoder() OK
21120728-14:19:36:280465765=Scope_Reset_CH_Before_Run() time=0, 47, 219, 0 
21120728-14:19:36:280465781=Enter CSCOPE_WORKER::Scope_Reset_CH_Before_Run() OK
21120728-14:19:36:280465796=Enter CASD_SCOPE::Scope_Reset_Before_Run() OK! 
21120728-14:19:36:280465812=ASD_Scope_Reset_Before_Run() time=0, 343
21120728-14:19:36:280465828=ASD_Scope_Reset_Before_Run() OK
21120728-14:19:37:280465843=Enter COMM_HCT::Write_N_RTU()
21120728-14:19:41:280470281=Enter COMM_HCT::Write_N_RTU()
21120728-14:19:49:280478140=Enter API ASD_Scope_Stop() Port[0x0000000F]
21120728-14:19:49:280478156=Enter CASD_SCOPE::Scope_Stop()
21120728-14:19:49:280478187=Enter CSCOPE_WORKER::StopScope()
21120728-14:19:49:280478203=Enter CSCOPE_COMM::WriteScopeCmd_Stop()
21120728-14:19:49:280478218=Enter CSCOPE_COMM::Close_ScpCmd()
21120728-14:19:49:280478234=Enter CSCOPE_COMM::StopScope()
21120728-14:19:49:280478250=Enter COMM_HCT::Write_N_RTU()
21120728-14:19:49:280478312=Enter COMM_HCT::Write_N_RTU()
21120728-14:19:49:280478343=mr_pCommASD->Write_N(3,8) time=16, 16
21120728-14:19:49:280478359=Enter CSCOPE_COMM::StopScope() OK
21120728-14:19:49:280478375=CSCOPE_COMM::Close_ScpCmd() time=141, 141
21120728-14:19:49:280478390=Enter CSCOPE_COMM::Close_ScpCmd() OK
21120728-14:19:49:280478406=Enter CSCOPE_COMM::WriteScopeCmd_Stop() OK
21120728-14:19:49:280478421=Enter CSCOPE_WORKER::StopScope() OK
21120728-14:19:49:280478437=Enter CASD_SCOPE::Scope_Stop() OK
21120728-14:19:49:280478453=Enter API ASD_Scope_Reset_Before_Run() Port[0x0000000F]
21120728-14:19:49:280478468=Enter CASD_SCOPE::Scope_Reset_Before_Run() 
21120728-14:19:49:280478484=Enter CSCOPE_WORKER::Scope_Reset_CH_Before_Run() 
21120728-14:19:49:280478500=Enter CSCOPE_COMM::resetScpComm()
21120728-14:19:49:280478515=COMM_HCT::SetScopeDecoder
21120728-14:19:49:280478531=Enter CSCOPE_COMM::resetScpComm() OK
21120728-14:19:49:280478546=Sample rate=8000, ScopeTimeSec=1, PM_Data_Size=800, 
21120728-14:19:49:280478562=CSCOPE_PACKET_PARSER::initAllocation(8)
21120728-14:19:49:280478593=Enter CScope_Decoder::Setup_Paraer()
21120728-14:19:49:280478609=Decide_CH_Get_Func() : CH[0] b32=1, CH_DataType=2 
21120728-14:19:49:280478640=Decide_CH_Get_Func() : CH[1] b32=1, CH_DataType=2
21120728-14:19:49:280478656=Decide_CH_Get_Func() : CH[2] b32=1, CH_DataType=2
21120728-14:19:49:280478687=Decide_CH_Get_Func() : CH[3] b32=1, CH_DataType=2
21120728-14:19:49:280478703=Decide_CH_Get_Func() : CH[4] b32=1, CH_DataType=2
21120728-14:19:49:280478718=Decide_CH_Get_Func() : CH[5] b32=1, CH_DataType=2
21120728-14:19:49:280478734=Decide_CH_Get_Func() : CH[6] b32=1, CH_DataType=2
21120728-14:19:49:280478750=Enter CScope_Decoder::resetScpDecoder() OK
21120728-14:19:49:280478781=Scope_Reset_CH_Before_Run() time=0, 47, 234, 0 
21120728-14:19:49:280478796=Enter CSCOPE_WORKER::Scope_Reset_CH_Before_Run() OK
21120728-14:19:49:280478812=Enter CASD_SCOPE::Scope_Reset_Before_Run() OK! 
21120728-14:19:49:280478828=ASD_Scope_Reset_Before_Run() time=0, 344
21120728-14:19:50:280478843=ASD_Scope_Reset_Before_Run() OK
AppStart280637296=21120728-14:22:28 : APP StartDLL() 1.1.0.10(build20210909)
21120728-14:22:28:280637312=Enter API ASD_Allocate_Scope() Port[0x0000000F]  Ver=1.1.0.10(build20210909)
21120728-14:22:28:280637390=Port Allocated OK!
21120728-14:22:28:280637421=Enter API ASD_Open_COMM_HCTL() Com[15]
21120728-14:22:28:280637437=DDBUG CCOMM_THREAD::start_thread  1
21120728-14:22:28:280637468=S2 COMM_HCTL::Com_Thread_Start() enter loop......

21120728-14:22:28:280637500=Enter CASD_SCOPE::SetCommObject()
21120728-14:22:28:280637562=initCommScope(): Dev(3, 7, 0), ScoptType=501, CH_Size=8, 
21120728-14:22:28:280637578=Scope_Second=1, Base_Second=20, nBufSize=160001, new_dDSP_Data_Ts=0.125000, strTimeFormat=%0.3f(ms)
21120728-14:22:28:280637609=Enter CASD_SCOPE::Scope_Write_Settings() 
21120728-14:22:28:280637625=Enter CSCOPE_WORKER::Scope_Write_Setting_Before_Run() 
21120728-14:22:28:280637640=Enter CSCOPE_COMM::resetScpComm()
21120728-14:22:28:280637656=COMM_HCT::SetScopeDecoder
21120728-14:22:28:280637671=Enter CSCOPE_COMM::resetScpComm() OK
21120728-14:22:28:280637687=CH[1] is 32Bit=1, CmdVal=0x0C598
21120728-14:22:28:280637718=CH[2] is 32Bit=1, CmdVal=0x0C59A
21120728-14:22:28:280637734=CH[3] is 32Bit=1, CmdVal=0x0C598
21120728-14:22:28:280637750=CH[4] is 32Bit=1, CmdVal=0x0C59A
21120728-14:22:28:280637765=CH[5] is 32Bit=1, CmdVal=0x0C59C
21120728-14:22:28:280637781=CH[6] is 32Bit=1, CmdVal=0x0C5AA
21120728-14:22:28:280637796=CH[7] is 32Bit=1, CmdVal=0x0C59C
21120728-14:22:28:280637812=Enter CSCOPE_WORKER::Arrange_CH_32bit() OK
21120728-14:22:29:280637843=Sample rate=8000, ScopeTimeSec=1, PM_Data_Size=800, 
21120728-14:22:29:280637859=CSCOPE_PACKET_PARSER::initAllocation(8)
21120728-14:22:29:280637890=Enter CScope_Decoder::Setup_Paraer()
21120728-14:22:29:280637906=Decide_CH_Get_Func() : CH[0] b32=1, CH_DataType=2 
21120728-14:22:29:280637937=Decide_CH_Get_Func() : CH[1] b32=1, CH_DataType=2
21120728-14:22:29:280637953=Decide_CH_Get_Func() : CH[2] b32=1, CH_DataType=2
21120728-14:22:29:280637968=Decide_CH_Get_Func() : CH[3] b32=1, CH_DataType=2
21120728-14:22:29:280637984=Decide_CH_Get_Func() : CH[4] b32=1, CH_DataType=2
21120728-14:22:29:280638000=Decide_CH_Get_Func() : CH[5] b32=1, CH_DataType=2
21120728-14:22:29:280638015=Decide_CH_Get_Func() : CH[6] b32=1, CH_DataType=2
21120728-14:22:29:280638031=Enter CScope_Decoder::resetScpDecoder() OK
21120728-14:22:29:280638062=   call m_pScpCom->WriteScopeCmd_Start()
21120728-14:22:29:280638078=CH1 P0-4 nCmdVal=0xC598(50584)

21120728-14:22:29:280638093=Enter COMM_HCT::Write_N_RTU()
21120728-14:22:29:280638109=CH2 P0-6 nCmdVal=0xC59A(50586)

21120728-14:22:29:280638125=Enter COMM_HCT::Write_N_RTU()
21120728-14:22:29:280638140=Enter COMM_HCT::Write_N_RTU()

21120728-14:22:29:280638171=CH4 P0-7 nCmdVal=0xC59A(50586)

21120728-14:22:29:280638187=Enter COMM_HCT::Write_N_RTU()
21120728-14:22:29:280638203=CH5 P0-65 nCmdVal=0xC59C(50588)

21120728-14:22:29:280638218=Enter COMM_HCT::Write_N_RTU()
21120728-14:22:29:280638234=CH6 P0-67 nCmdVal=0xC5AA(50602)

21120728-14:22:29:280638250=Enter COMM_HCT::Write_N_RTU()
21120728-14:22:29:280638265=CH7 P0-66 nCmdVal=0xC59C(50588)

21120728-14:22:29:280638281=Enter COMM_HCT::Write_N_RTU()
21120728-14:22:29:280638296=CH8 P0-68 nCmdVal=0xC5AA(50602)

21120728-14:22:29:280638312=Enter COMM_HCT::Write_N_RTU()
21120728-14:22:29:280638343=Enter CSCOPE_COMM::Write_CH_Cmd() OK
21120728-14:22:29:280638359=Enter CSCOPE_WORKER::WriteScopeCmd_Start() OK
21120728-14:22:29:280638375=Enter CASD_SCOPE::Scope_Run() OK! 
21120728-14:22:29:280638390=Enter API ASD_Scope_Run() OK
21120728-14:22:31:280640609=Enter API ASD_Scope_Reset_Before_Run() Port[0x0000000F]
21120728-14:22:31:280640625=Enter CASD_SCOPE::Scope_Reset_Before_Run() 
21120728-14:22:31:280640671=Enter CSCOPE_WORKER::Scope_Reset_CH_Before_Run() 
21120728-14:22:31:280640687=Enter CSCOPE_COMM::resetScpComm()
21120728-14:22:31:280640703=COMM_HCT::SetScopeDecoder
21120728-14:22:31:280640718=Enter CSCOPE_COMM::resetScpComm() OK
21120728-14:22:31:280640734=Sample rate=8000, ScopeTimeSec=1, PM_Data_Size=800, 
21120728-14:22:31:280640750=CSCOPE_PACKET_PARSER::initAllocation(8)
21120728-14:22:31:280640781=Enter CScope_Decoder::Setup_Paraer()
21120728-14:22:31:280640796=Decide_CH_Get_Func() : CH[0] b32=1, CH_DataType=2 
21120728-14:22:32:280640843=Decide_CH_Get_Func() : CH[1] b32=1, CH_DataType=2
21120728-14:22:32:280640875=Decide_CH_Get_Func() : CH[2] b32=1, CH_DataType=2
21120728-14:22:32:280640906=Decide_CH_Get_Func() : CH[3] b32=1, CH_DataType=2
21120728-14:22:32:280640921=Decide_CH_Get_Func() : CH[4] b32=1, CH_DataType=2
21120728-14:22:32:280640937=Decide_CH_Get_Func() : CH[5] b32=1, CH_DataType=2
21120728-14:22:32:280640968=Decide_CH_Get_Func() : CH[6] b32=1, CH_DataType=2
21120728-14:22:32:280641000=Decide_CH_Get_Func() : CH[7] b32=1, CH_DataType=2
21120728-14:22:32:280641046=Enter CScope_Decoder::resetScpDecoder() OK
21120728-14:22:32:280641078=Scope_Reset_CH_Before_Run() time=0, 47, 344, 0 
21120728-14:22:32:280641093=Enter CSCOPE_WORKER::Scope_Reset_CH_Before_Run() OK
21120728-14:22:32:280641109=Enter CASD_SCOPE::Scope_Reset_Before_Run() OK! 
21120728-14:22:32:280641140=ASD_Scope_Reset_Before_Run() time=0, 516
21120728-14:22:32:280641156=ASD_Scope_Reset_Before_Run() OK
21120728-14:22:32:280641187=Enter COMM_HCT::Write_N_RTU()
21120728-14:22:38:280647015=Enter COMM_HCT::Write_N_RTU()
21120728-14:22:46:280655078=Enter CASD_SCOPE::Scope_Stop()
21120728-14:22:46:280655109=Enter CSCOPE_WORKER::StopScope()
21120728-14:22:46:280655125=Enter CSCOPE_COMM::WriteScopeCmd_Stop()
21120728-14:22:46:280655156=Enter CSCOPE_COMM::Close_ScpCmd()
21120728-14:22:46:280655171=Enter CSCOPE_COMM::StopScope()
21120728-14:22:46:280655187=Enter COMM_HCT::Write_N_RTU()
21120728-14:22:46:280655250=Enter COMM_HCT::Write_N_RTU()
21120728-14:22:46:280655281=mr_pCommASD->Write_N(3,8) time=15, 15
21120728-14:22:46:280655296=Enter CSCOPE_COMM::StopScope() OK
21120728-14:22:46:280655312=CSCOPE_COMM::Close_ScpCmd() time=140, 140
21120728-14:22:46:280655328=Enter CSCOPE_COMM::Close_ScpCmd() OK
21120728-14:22:46:280655343=Enter CSCOPE_COMM::WriteScopeCmd_Stop() OK
21120728-14:22:46:280655359=Enter CSCOPE_WORKER::StopScope() OK
21120728-14:22:46:280655375=Enter CASD_SCOPE::Scope_Stop() OK
21120728-14:22:46:280655390=Enter API ASD_Scope_Reset_Before_Run() Port[0x0000000F]
21120728-14:22:46:280655406=Enter CASD_SCOPE::Scope_Reset_Before_Run() 
21120728-14:22:46:280655437=Enter CSCOPE_WORKER::Scope_Reset_CH_Before_Run() 
21120728-14:22:46:280655453=Enter CSCOPE_COMM::resetScpComm()
21120728-14:22:46:280655468=COMM_HCT::SetScopeDecoder
21120728-14:22:46:280655484=Enter CSCOPE_COMM::resetScpComm() OK
21120728-14:22:46:280655500=Sample rate=8000, ScopeTimeSec=1, PM_Data_Size=800, 
21120728-14:22:46:280655515=CSCOPE_PACKET_PARSER::initAllocation(8)
21120728-14:22:46:280655531=Enter CScope_Decoder::Setup_Paraer()
21120728-14:22:46:280655546=Decide_CH_Get_Func() : CH[0] b32=1, CH_DataType=2 
21120728-14:22:46:280655578=Decide_CH_Get_Func() : CH[1] b32=1, CH_DataType=2
21120728-14:22:46:280655593=Decide_CH_Get_Func() : CH[2] b32=1, CH_DataType=2
21120728-14:22:46:280655609=Decide_CH_Get_Func() : CH[3] b32=1, CH_DataType=2
21120728-14:22:46:280655625=Decide_CH_Get_Func() : CH[4] b32=1, CH_DataType=2
21120728-14:22:46:280655640=Decide_CH_Get_Func() : CH[5] b32=1, CH_DataType=2
21120728-14:22:46:280655656=Decide_CH_Get_Func() : CH[6] b32=1, CH_DataType=2
21120728-14:22:46:280655671=Enter CScope_Decoder::resetScpDecoder() OK
21120728-14:22:46:280655703=Scope_Reset_CH_Before_Run() time=0, 47, 203, 0 
21120728-14:22:46:280655718=Enter CSCOPE_WORKER::Scope_Reset_CH_Before_Run() OK
21120728-14:22:46:280655734=Enter CASD_SCOPE::Scope_Reset_Before_Run() OK! 
21120728-14:22:46:280655750=ASD_Scope_Reset_Before_Run() time=0, 328
21120728-14:22:46:280655765=ASD_Scope_Reset_Before_Run() OK
21120728-14:23:20:280689453=Enter API ASD_Scope_Stop() Port[0x0000000F]
21120728-14:23:20:280689468=Enter CASD_SCOPE::Scope_Stop()
21120728-14:23:20:280689500=Enter CSCOPE_WORKER::StopScope()
21120728-14:23:20:280689515=Enter CSCOPE_COMM::WriteScopeCmd_Stop()
21120728-14:23:20:280689531=Enter CSCOPE_COMM::Close_ScpCmd()
21120728-14:23:20:280689546=Enter CSCOPE_COMM::StopScope()
21120728-14:23:20:280689562=Enter COMM_HCT::Write_N_RTU()
21120728-14:23:20:280689656=Enter COMM_HCT::Write_N_RTU()
21120728-14:23:20:280689718=mr_pCommASD->Write_N(3,8) time=47, 47
21120728-14:23:20:280689734=Enter CSCOPE_COMM::StopScope() OK
21120728-14:23:20:280689750=CSCOPE_COMM::Close_ScpCmd() time=203, 203
21120728-14:23:20:280689765=Enter CSCOPE_COMM::Close_ScpCmd() OK
21120728-14:23:20:280689781=Enter CSCOPE_COMM::WriteScopeCmd_Stop() OK
21120728-14:23:20:280689796=Enter CSCOPE_WORKER::StopScope() OK
21120728-14:23:20:280689812=Enter CASD_SCOPE::Scope_Stop() OK
21120728-14:23:21:280689828= API ASD_Scope_Stop() OK
21120728-14:23:21:280689843=Enter API ASD_Close_COMM() Port[0x0000000F]
21120728-14:23:21:280689875=Call CASD_SCOPE::Close_COMM()
21120728-14:23:21:280689890=COMM_HCTL::Com_Thread_Start() loop end! 

21120728-14:23:21:280689921=Enter API ASD_Free_Scope() Port[0x0000000F]
21120728-14:23:21:280689953=Call CASD_SCOPE::Close_COMM()
21120728-14:23:21:280689968=Call CASD_SCOPE::Close_COMM()
AppEnd280689984=21120728-14:23:21 : call EndLog Port[0x0000000F]
AppStart280975843=21120728-14:28:7 : APP StartDLL() 1.1.0.10(build20210909)
21120728-14:28:7:280975875=Enter API ASD_Allocate_Scope() Port[0x0000000F]  Ver=1.1.0.10(build20210909)
21120728-14:28:7:280975890=Port Allocated OK!
21120728-14:28:7:280975906=Enter API ASD_Open_COMM_HCTL() Com[15]
21120728-14:28:7:280975921=DDBUG CCOMM_THREAD::start_thread  1
21120728-14:28:7:280975937=S2 COMM_HCTL::Com_Thread_Start() enter loop......

21120728-14:28:7:280975968=Enter CASD_SCOPE::SetCommObject()
21120728-14:28:7:280975984=initCommScope(): Dev(3, 7, 0), ScoptType=501, CH_Size=8, 
21120728-14:28:7:280976015=Scope_Second=1, Base_Second=20, nBufSize=160001, new_dDSP_Data_Ts=0.125000, strTimeFormat=%0.3f(ms)
21120728-14:28:7:280976031=Enter CASD_SCOPE::Scope_Write_Settings() 
21120728-14:28:7:280976046=Enter CSCOPE_WORKER::Scope_Write_Setting_Before_Run() 
21120728-14:28:7:280976062=Enter CSCOPE_COMM::resetScpComm()
21120728-14:28:7:280976078=COMM_HCT::SetScopeDecoder
21120728-14:28:7:280976093=Enter CSCOPE_COMM::resetScpComm() OK
21120728-14:28:7:280976125=CH[1] is 32Bit=1, CmdVal=0x0C598
21120728-14:28:7:280976156=CH[2] is 32Bit=1, CmdVal=0x0C59A
21120728-14:28:7:280976171=CH[3] is 32Bit=1, CmdVal=0x0C598
21120728-14:28:7:280976187=CH[4] is 32Bit=1, CmdVal=0x0C59A
21120728-14:28:7:280976203=CH[5] is 32Bit=1, CmdVal=0x0C59C
21120728-14:28:7:280976218=CH[6] is 32Bit=1, CmdVal=0x0C5AA
21120728-14:28:7:280976234=CH[7] is 32Bit=1, CmdVal=0x0C59C
21120728-14:28:7:280976250=Enter CSCOPE_WORKER::Arrange_CH_32bit() OK
21120728-14:28:7:280976281=Sample rate=8000, ScopeTimeSec=1, PM_Data_Size=800, 
21120728-14:28:7:280976296=CSCOPE_PACKET_PARSER::initAllocation(8)
21120728-14:28:7:280976312=Enter CScope_Decoder::Setup_Paraer()
21120728-14:28:7:280976328=Decide_CH_Get_Func() : CH[0] b32=1, CH_DataType=2 
21120728-14:28:7:280976359=Decide_CH_Get_Func() : CH[1] b32=1, CH_DataType=2
21120728-14:28:7:280976375=Decide_CH_Get_Func() : CH[2] b32=1, CH_DataType=2
21120728-14:28:7:280976390=Decide_CH_Get_Func() : CH[3] b32=1, CH_DataType=2
21120728-14:28:7:280976406=Decide_CH_Get_Func() : CH[4] b32=1, CH_DataType=2
21120728-14:28:7:280976421=Decide_CH_Get_Func() : CH[5] b32=1, CH_DataType=2
21120728-14:28:7:280976437=Decide_CH_Get_Func() : CH[6] b32=1, CH_DataType=2
21120728-14:28:7:280976453=Enter CScope_Decoder::resetScpDecoder() OK
21120728-14:28:7:280976484=   call m_pScpCom->WriteScopeCmd_Start()
21120728-14:28:7:280976500=CH1 P0-4 nCmdVal=0xC598(50584)

21120728-14:28:7:280976515=Enter COMM_HCT::Write_N_RTU()
21120728-14:28:7:280976531=CH2 P0-6 nCmdVal=0xC59A(50586)

21120728-14:28:7:280976546=Enter COMM_HCT::Write_N_RTU()
21120728-14:28:7:280976562=Enter COMM_HCT::Write_N_RTU()

21120728-14:28:7:280976593=CH4 P0-7 nCmdVal=0xC59A(50586)

21120728-14:28:7:280976609=Enter COMM_HCT::Write_N_RTU()
21120728-14:28:7:280976625=CH5 P0-65 nCmdVal=0xC59C(50588)

21120728-14:28:7:280976640=CH6 P0-67 nCmdVal=0xC5AA(50602)

21120728-14:28:7:280976656=Enter COMM_HCT::Write_N_RTU()
21120728-14:28:7:280976671=CH7 P0-66 nCmdVal=0xC59C(50588)

21120728-14:28:7:280976687=Enter COMM_HCT::Write_N_RTU()
21120728-14:28:7:280976703=Enter COMM_HCT::Write_N_RTU()

21120728-14:28:7:280976734=Enter CSCOPE_COMM::Write_CH_Cmd() OK
21120728-14:28:7:280976750=Enter CSCOPE_WORKER::WriteScopeCmd_Start() OK
21120728-14:28:7:280976765=Enter CASD_SCOPE::Scope_Run() OK! 
21120728-14:28:7:280976781=Enter API ASD_Scope_Run() OK
21120728-14:28:10:280979203=Enter CASD_SCOPE::Scope_Reset_Before_Run() 
21120728-14:28:10:280979234=Enter CSCOPE_WORKER::Scope_Reset_CH_Before_Run() 
21120728-14:28:10:280979250=Enter CSCOPE_COMM::resetScpComm()
21120728-14:28:10:280979265=COMM_HCT::SetScopeDecoder
21120728-14:28:10:280979281=Enter CSCOPE_COMM::resetScpComm() OK
21120728-14:28:10:280979296=Sample rate=8000, ScopeTimeSec=1, PM_Data_Size=800, 
21120728-14:28:10:280979312=CSCOPE_PACKET_PARSER::initAllocation(8)
21120728-14:28:10:280979343=Enter CScope_Decoder::Setup_Paraer()
21120728-14:28:10:280979359=Decide_CH_Get_Func() : CH[0] b32=1, CH_DataType=2 
21120728-14:28:10:280979390=Decide_CH_Get_Func() : CH[1] b32=1, CH_DataType=2
21120728-14:28:10:280979406=Decide_CH_Get_Func() : CH[2] b32=1, CH_DataType=2
21120728-14:28:10:280979421=Decide_CH_Get_Func() : CH[3] b32=1, CH_DataType=2
21120728-14:28:10:280979437=Decide_CH_Get_Func() : CH[4] b32=1, CH_DataType=2
21120728-14:28:10:280979453=Decide_CH_Get_Func() : CH[5] b32=1, CH_DataType=2
21120728-14:28:10:280979468=Decide_CH_Get_Func() : CH[6] b32=1, CH_DataType=2
21120728-14:28:10:280979484=Enter CScope_Decoder::resetScpDecoder() OK
21120728-14:28:10:280979515=Scope_Reset_CH_Before_Run() time=0, 47, 219, 0 
21120728-14:28:10:280979531=Enter CSCOPE_WORKER::Scope_Reset_CH_Before_Run() OK
21120728-14:28:10:280979546=Enter CASD_SCOPE::Scope_Reset_Before_Run() OK! 
21120728-14:28:10:280979562=ASD_Scope_Reset_Before_Run() time=0, 343
21120728-14:28:10:280979578=ASD_Scope_Reset_Before_Run() OK
21120728-14:28:10:280979593=Enter COMM_HCT::Write_N_RTU()
21120728-14:28:14:280983796=Enter COMM_HCT::Write_N_RTU()
21120728-14:28:18:280987046=Enter API ASD_Scope_Stop() Port[0x0000000F]
21120728-14:28:18:280987062=Enter CASD_SCOPE::Scope_Stop()
21120728-14:28:18:280987093=Enter CSCOPE_WORKER::StopScope()
21120728-14:28:18:280987109=Enter CSCOPE_COMM::WriteScopeCmd_Stop()
21120728-14:28:18:280987125=Enter CSCOPE_COMM::Close_ScpCmd()
21120728-14:28:18:280987140=Enter CSCOPE_COMM::StopScope()
21120728-14:28:18:280987156=Enter COMM_HCT::Write_N_RTU()
21120728-14:28:18:280987218=Enter COMM_HCT::Write_N_RTU()
21120728-14:28:18:280987250=mr_pCommASD->Write_N(3,8) time=16, 16
21120728-14:28:18:280987265=Enter CSCOPE_COMM::StopScope() OK
21120728-14:28:18:280987281=CSCOPE_COMM::Close_ScpCmd() time=140, 140
21120728-14:28:18:280987296=Enter CSCOPE_COMM::Close_ScpCmd() OK
21120728-14:28:18:280987312=Enter CSCOPE_COMM::WriteScopeCmd_Stop() OK
21120728-14:28:18:280987328=Enter CSCOPE_WORKER::StopScope() OK
21120728-14:28:18:280987343=Enter CASD_SCOPE::Scope_Stop() OK
21120728-14:28:18:280987359=Enter API ASD_Scope_Reset_Before_Run() Port[0x0000000F]
21120728-14:28:18:280987375=Enter CASD_SCOPE::Scope_Reset_Before_Run() 
21120728-14:28:18:280987390=Enter CSCOPE_WORKER::Scope_Reset_CH_Before_Run() 
21120728-14:28:18:280987406=Enter CSCOPE_COMM::resetScpComm()
21120728-14:28:18:280987421=COMM_HCT::SetScopeDecoder
21120728-14:28:18:280987437=Enter CSCOPE_COMM::resetScpComm() OK
21120728-14:28:18:280987453=Sample rate=8000, ScopeTimeSec=1, PM_Data_Size=800, 
21120728-14:28:18:280987468=CSCOPE_PACKET_PARSER::initAllocation(8)
21120728-14:28:18:280987500=Enter CScope_Decoder::Setup_Paraer()
21120728-14:28:18:280987531=Decide_CH_Get_Func() : CH[0] b32=1, CH_DataType=2 
21120728-14:28:18:280987562=Decide_CH_Get_Func() : CH[1] b32=1, CH_DataType=2
21120728-14:28:18:280987578=Decide_CH_Get_Func() : CH[2] b32=1, CH_DataType=2
21120728-14:28:18:280987593=Decide_CH_Get_Func() : CH[3] b32=1, CH_DataType=2
21120728-14:28:18:280987609=Decide_CH_Get_Func() : CH[4] b32=1, CH_DataType=2
21120728-14:28:18:280987625=Decide_CH_Get_Func() : CH[5] b32=1, CH_DataType=2
21120728-14:28:18:280987640=Decide_CH_Get_Func() : CH[6] b32=1, CH_DataType=2
21120728-14:28:18:280987656=Enter CScope_Decoder::resetScpDecoder() OK
21120728-14:28:18:280987687=Scope_Reset_CH_Before_Run() time=0, 47, 234, 0 
21120728-14:28:18:280987703=Enter CSCOPE_WORKER::Scope_Reset_CH_Before_Run() OK
21120728-14:28:18:280987734=Enter CASD_SCOPE::Scope_Reset_Before_Run() OK! 
21120728-14:28:18:280987765=ASD_Scope_Reset_Before_Run() time=0, 375
21120728-14:28:18:280987781=ASD_Scope_Reset_Before_Run() OK
21120728-14:28:20:280989812=Enter COMM_HCT::Write_N_RTU()
21120728-14:28:24:280992921=Enter API ASD_Scope_Stop() Port[0x0000000F]
21120728-14:28:24:280992937=Enter CASD_SCOPE::Scope_Stop()
21120728-14:28:24:280992968=Enter CSCOPE_WORKER::StopScope()
21120728-14:28:24:280992984=Enter CSCOPE_COMM::WriteScopeCmd_Stop()
21120728-14:28:24:280993015=Enter CSCOPE_COMM::Close_ScpCmd()
21120728-14:28:24:280993031=Enter CSCOPE_COMM::StopScope()
21120728-14:28:24:280993046=Enter COMM_HCT::Write_N_RTU()
21120728-14:28:24:280993109=Enter COMM_HCT::Write_N_RTU()
21120728-14:28:24:280993140=mr_pCommASD->Write_N(3,8) time=16, 16
21120728-14:28:24:280993156=Enter CSCOPE_COMM::StopScope() OK
21120728-14:28:24:280993171=CSCOPE_COMM::Close_ScpCmd() time=141, 141
21120728-14:28:24:280993187=Enter CSCOPE_COMM::Close_ScpCmd() OK
21120728-14:28:24:280993203=Enter CSCOPE_COMM::WriteScopeCmd_Stop() OK
21120728-14:28:24:280993218=Enter CSCOPE_WORKER::StopScope() OK
21120728-14:28:24:280993250=Enter CASD_SCOPE::Scope_Stop() OK
21120728-14:28:24:280993265=Enter API ASD_Scope_Reset_Before_Run() Port[0x0000000F]
21120728-14:28:24:280993281=Enter CASD_SCOPE::Scope_Reset_Before_Run() 
21120728-14:28:24:280993312=Enter CSCOPE_WORKER::Scope_Reset_CH_Before_Run() 
21120728-14:28:24:280993328=Enter CSCOPE_COMM::resetScpComm()
21120728-14:28:24:280993343=COMM_HCT::SetScopeDecoder
21120728-14:28:24:280993359=Enter CSCOPE_COMM::resetScpComm() OK
21120728-14:28:24:280993375=Enter CScope_Decoder::resetScpDecoder() 
21120728-14:28:24:280993390=Sample rate=8000, ScopeTimeSec=1, PM_Data_Size=800,
21120728-14:28:24:280993421=CSCOPE_PACKET_PARSER::initAllocation(8)
21120728-14:28:24:280993437=Enter CScope_Decoder::Setup_Paraer()
21120728-14:28:24:280993484=Decide_CH_Get_Func() : CH[0] b32=1, CH_DataType=2 
21120728-14:28:24:280993546=Decide_CH_Get_Func() : CH[1] b32=1, CH_DataType=2
21120728-14:28:24:280993578=Decide_CH_Get_Func() : CH[2] b32=1, CH_DataType=2
21120728-14:28:24:280993671=Decide_CH_Get_Func() : CH[3] b32=1, CH_DataType=2
21120728-14:28:24:280993718=Decide_CH_Get_Func() : CH[4] b32=1, CH_DataType=2
21120728-14:28:24:280993734=Decide_CH_Get_Func() : CH[5] b32=1, CH_DataType=2
21120728-14:28:24:280993750=Decide_CH_Get_Func() : CH[6] b32=1, CH_DataType=2
21120728-14:28:24:280993796=Decide_CH_Get_Func() : CH[7] b32=1, CH_DataType=2
21120728-14:28:24:280993812=Enter CScope_Decoder::resetScpDecoder() OK
21120728-14:28:25:280993859=Scope_Reset_CH_Before_Run() time=0, 47, 484, 0 
21120728-14:28:25:280993875=Enter CSCOPE_WORKER::Scope_Reset_CH_Before_Run() OK
21120728-14:28:25:280993906=Enter CASD_SCOPE::Scope_Reset_Before_Run() OK! 
21120728-14:28:25:280993921=ASD_Scope_Reset_Before_Run() time=0, 625
21120728-14:28:25:280993953=ASD_Scope_Reset_Before_Run() OK
