[Trace]
AppStart18057875=21131012-13:8:24 : APP StartDLL() 1.1.0.10(build20210909)
21131012-13:8:24:18057890=Enter API ASD_Allocate_Scope() Port[0x00000005]  Ver=1.1.0.10(build20210909)
21131012-13:8:24:18058015=Port Allocated OK!
21131012-13:8:24:18058031=Enter API ASD_Open_COMM_HCTL() Com[5]
21131012-13:8:26:18059734=ASD_Open_COMM_HCTL() exception! :Open HCTL COMM failed!
AppStart18530453=21131012-13:16:17 : APP StartDLL() 1.1.0.10(build20210909)
21131012-13:16:17:18530468=Enter API ASD_Allocate_Scope() Port[0x00000005]  Ver=1.1.0.10(build20210909)
21131012-13:16:17:18530484=Port Allocated OK!
21131012-13:16:17:18530500=Enter API ASD_Open_COMM_HCTL() Com[5]
21131012-13:16:19:18532234=ASD_Open_COMM_HCTL() exception! :Open HCTL COMM failed!
AppStart18538187=21131012-13:16:25 : APP StartDLL() 1.1.0.10(build20210909)
21131012-13:16:25:18538203=Enter API ASD_Allocate_Scope() Port[0x00000005]  Ver=1.1.0.10(build20210909)
21131012-13:16:25:18538218=Port Allocated OK!
21131012-13:16:25:18538234=Enter API ASD_Open_COMM_HCTL() Com[5]
21131012-13:16:26:18539906=ASD_Open_COMM_HCTL() exception! :Open HCTL COMM failed!
AppStart18541125=21131012-13:16:28 : APP StartDLL() 1.1.0.10(build20210909)
21131012-13:16:28:18541125=Enter API ASD_Allocate_Scope() Port[0x00000005]  Ver=1.1.0.10(build20210909)
21131012-13:16:28:18541156=Port Allocated OK!
21131012-13:16:28:18541171=Enter API ASD_Open_COMM_HCTL() Com[5]
21131012-13:16:29:18542859=ASD_Open_COMM_HCTL() exception! :Open HCTL COMM failed!
AppStart18571640=21131012-13:16:58 : APP StartDLL() 1.1.0.10(build20210909)
21131012-13:16:58:18571656=Enter API ASD_Allocate_Scope() Port[0x00000004]  Ver=1.1.0.10(build20210909)
21131012-13:16:58:18571734=Port Allocated OK!
21131012-13:16:58:18571765=Enter API ASD_Open_COMM_HCTL() Com[4]
21131012-13:16:58:18571796=DDBUG CCOMM_THREAD::start_thread  1
21131012-13:16:58:18571812=S2 COMM_HCTL::Com_Thread_Start() enter loop......

21131012-13:16:58:18571828=Enter CASD_SCOPE::SetCommObject()
21131012-13:16:58:18571890=initCommScope(): Dev(3, 7, 0), ScoptType=501, CH_Size=8, 
21131012-13:16:58:18571921=Scope_Second=1, Base_Second=20, nBufSize=160001, new_dDSP_Data_Ts=0.125000, strTimeFormat=%0.3f(ms)
21131012-13:16:58:18571937=Enter CASD_SCOPE::Scope_Write_Settings() 
21131012-13:16:58:18571953=Enter CSCOPE_WORKER::Scope_Write_Setting_Before_Run() 
21131012-13:16:58:18571968=Enter CSCOPE_COMM::resetScpComm()
21131012-13:16:58:18571984=COMM_HCT::SetScopeDecoder
21131012-13:16:59:18572000=Enter CSCOPE_COMM::resetScpComm() OK
21131012-13:16:59:18572015=CH[1] is 32Bit=1, CmdVal=0x0C698
21131012-13:16:59:18572031=CH[2] is 32Bit=1, CmdVal=0x0C69A
21131012-13:16:59:18572046=CH[3] is 32Bit=1, CmdVal=0x0C698
21131012-13:16:59:18572062=CH[4] is 32Bit=1, CmdVal=0x0C69A
21131012-13:16:59:18572078=CH[5] is 32Bit=1, CmdVal=0x0C69C
21131012-13:16:59:18572093=CH[6] is 32Bit=1, CmdVal=0x0C6AA
21131012-13:16:59:18572109=CH[7] is 32Bit=1, CmdVal=0x0C69C
21131012-13:16:59:18572125=Enter CSCOPE_WORKER::Arrange_CH_32bit() OK
21131012-13:16:59:18572140=Sample rate=8000, ScopeTimeSec=1, PM_Data_Size=800, 
21131012-13:16:59:18572156=CSCOPE_PACKET_PARSER::initAllocation(8)
21131012-13:16:59:18572171=Enter CScope_Decoder::Setup_Paraer()
21131012-13:16:59:18572187=Decide_CH_Get_Func() : CH[0] b32=1, CH_DataType=2 
21131012-13:16:59:18572203=Decide_CH_Get_Func() : CH[1] b32=1, CH_DataType=2
21131012-13:16:59:18572218=Decide_CH_Get_Func() : CH[2] b32=1, CH_DataType=2
21131012-13:16:59:18572234=Decide_CH_Get_Func() : CH[3] b32=1, CH_DataType=2
21131012-13:16:59:18572250=Decide_CH_Get_Func() : CH[4] b32=1, CH_DataType=2
21131012-13:16:59:18572265=Decide_CH_Get_Func() : CH[5] b32=1, CH_DataType=2
21131012-13:16:59:18572281=Decide_CH_Get_Func() : CH[6] b32=1, CH_DataType=2
21131012-13:16:59:18572296=Enter CScope_Decoder::resetScpDecoder() OK
21131012-13:16:59:18572312=   call m_pScpCom->WriteScopeCmd_Start()
21131012-13:16:59:18572328=CH1 P0-4 nCmdVal=0xC698(50840)

21131012-13:16:59:18572343=CH2 P0-6 nCmdVal=0xC69A(50842)

21131012-13:16:59:18572359=Enter COMM_HCT::Write_N_RTU()
21131012-13:16:59:18572375=Enter COMM_HCT::Write_N_RTU()

21131012-13:16:59:18572390=Enter COMM_HCT::Write_N_RTU()

21131012-13:16:59:18572406=CH5 P0-65 nCmdVal=0xC69C(50844)

21131012-13:16:59:18572421=Enter COMM_HCT::Write_N_RTU()
21131012-13:16:59:18572437=Enter COMM_HCT::Write_N_RTU()

21131012-13:16:59:18572453=CH7 P0-66 nCmdVal=0xC69C(50844)

21131012-13:16:59:18572468=Enter COMM_HCT::Write_N_RTU()
21131012-13:16:59:18572484=CH8 P0-68 nCmdVal=0xC6AA(50858)

21131012-13:16:59:18572500=Enter COMM_HCT::Write_N_RTU()
21131012-13:16:59:18572515=Enter CSCOPE_COMM::Write_CH_Cmd() OK
21131012-13:16:59:18572531=Enter CSCOPE_WORKER::WriteScopeCmd_Start() OK
21131012-13:16:59:18572546=Enter CASD_SCOPE::Scope_Run() OK! 
21131012-13:16:59:18572562=Enter API ASD_Scope_Run() OK
21131012-13:17:1:18574796=Enter CASD_SCOPE::Scope_Reset_Before_Run() 
21131012-13:17:1:18574828=Enter CSCOPE_WORKER::Scope_Reset_CH_Before_Run() 
21131012-13:17:1:18574843=Enter CSCOPE_COMM::resetScpComm()
21131012-13:17:1:18574859=COMM_HCT::SetScopeDecoder
21131012-13:17:1:18574875=Enter CSCOPE_COMM::resetScpComm() OK
21131012-13:17:1:18574890=Sample rate=8000, ScopeTimeSec=1, PM_Data_Size=800, 
21131012-13:17:1:18574906=CSCOPE_PACKET_PARSER::initAllocation(8)
21131012-13:17:1:18574921=Enter CScope_Decoder::Setup_Paraer()
21131012-13:17:1:18574937=Decide_CH_Get_Func() : CH[0] b32=1, CH_DataType=2 
21131012-13:17:1:18574953=Decide_CH_Get_Func() : CH[1] b32=1, CH_DataType=2
21131012-13:17:1:18574968=Decide_CH_Get_Func() : CH[2] b32=1, CH_DataType=2
21131012-13:17:1:18574984=Decide_CH_Get_Func() : CH[3] b32=1, CH_DataType=2
21131012-13:17:2:18575000=Decide_CH_Get_Func() : CH[4] b32=1, CH_DataType=2
21131012-13:17:2:18575015=Decide_CH_Get_Func() : CH[5] b32=1, CH_DataType=2
21131012-13:17:2:18575031=Decide_CH_Get_Func() : CH[6] b32=1, CH_DataType=2
21131012-13:17:2:18575046=Enter CScope_Decoder::resetScpDecoder() OK
21131012-13:17:2:18575062=Scope_Reset_CH_Before_Run() time=0, 47, 171, 0 
21131012-13:17:2:18575078=Enter CSCOPE_WORKER::Scope_Reset_CH_Before_Run() OK
21131012-13:17:2:18575093=Enter CASD_SCOPE::Scope_Reset_Before_Run() OK! 
21131012-13:17:2:18575109=ASD_Scope_Reset_Before_Run() time=0, 297
21131012-13:17:2:18575125=ASD_Scope_Reset_Before_Run() OK
21131012-13:17:2:18575140=Enter COMM_HCT::Write_N_RTU()
21131012-13:17:12:18585093=Enter COMM_HCT::Write_N_RTU()
21131012-13:17:27:18600187=Enter CASD_SCOPE::Scope_Stop()
21131012-13:17:27:18600218=Enter CSCOPE_WORKER::StopScope()
21131012-13:17:27:18600234=Enter CSCOPE_COMM::WriteScopeCmd_Stop()
21131012-13:17:27:18600250=Enter CSCOPE_COMM::Close_ScpCmd()
21131012-13:17:27:18600265=Enter CSCOPE_COMM::StopScope()
21131012-13:17:27:18600281=Enter COMM_HCT::Write_N_RTU()
21131012-13:17:27:18600328=Enter COMM_HCT::Write_N_RTU()
21131012-13:17:27:18600359=mr_pCommASD->Write_N(3,8) time=15, 15
21131012-13:17:27:18600375=Enter CSCOPE_COMM::StopScope() OK
21131012-13:17:27:18600390=CSCOPE_COMM::Close_ScpCmd() time=125, 125
21131012-13:17:27:18600406=Enter CSCOPE_COMM::Close_ScpCmd() OK
21131012-13:17:27:18600421=Enter CSCOPE_COMM::WriteScopeCmd_Stop() OK
21131012-13:17:27:18600437=Enter CSCOPE_WORKER::StopScope() OK
21131012-13:17:27:18600453=Enter CASD_SCOPE::Scope_Stop() OK
21131012-13:17:27:18600468=Enter API ASD_Scope_Reset_Before_Run() Port[0x00000004]
21131012-13:17:27:18600484=Enter CASD_SCOPE::Scope_Reset_Before_Run() 
21131012-13:17:27:18600500=Enter CSCOPE_WORKER::Scope_Reset_CH_Before_Run() 
21131012-13:17:27:18600515=Enter CSCOPE_COMM::resetScpComm()
21131012-13:17:27:18600531=COMM_HCT::SetScopeDecoder
21131012-13:17:27:18600546=Enter CSCOPE_COMM::resetScpComm() OK
21131012-13:17:27:18600562=Sample rate=8000, ScopeTimeSec=1, PM_Data_Size=800, 
21131012-13:17:27:18600578=CSCOPE_PACKET_PARSER::initAllocation(8)
21131012-13:17:27:18600593=Enter CScope_Decoder::Setup_Paraer()
21131012-13:17:27:18600609=Decide_CH_Get_Func() : CH[0] b32=1, CH_DataType=2 
21131012-13:17:27:18600640=Decide_CH_Get_Func() : CH[1] b32=1, CH_DataType=2
21131012-13:17:27:18600656=Decide_CH_Get_Func() : CH[2] b32=1, CH_DataType=2
21131012-13:17:27:18600671=Decide_CH_Get_Func() : CH[3] b32=1, CH_DataType=2
21131012-13:17:27:18600687=Decide_CH_Get_Func() : CH[4] b32=1, CH_DataType=2
21131012-13:17:27:18600703=Decide_CH_Get_Func() : CH[5] b32=1, CH_DataType=2
21131012-13:17:27:18600718=Decide_CH_Get_Func() : CH[6] b32=1, CH_DataType=2
21131012-13:17:27:18600734=Enter CScope_Decoder::resetScpDecoder() OK
21131012-13:17:27:18600765=Scope_Reset_CH_Before_Run() time=0, 46, 204, 0 
21131012-13:17:27:18600781=Enter CSCOPE_WORKER::Scope_Reset_CH_Before_Run() OK
21131012-13:17:27:18600796=Enter CASD_SCOPE::Scope_Reset_Before_Run() OK! 
21131012-13:17:27:18600812=ASD_Scope_Reset_Before_Run() time=0, 328
21131012-13:17:27:18600828=ASD_Scope_Reset_Before_Run() OK
AppStart18735812=21131012-13:19:42 : APP StartDLL() 1.1.0.10(build20210909)
21131012-13:19:42:18735828=Enter API ASD_Allocate_Scope() Port[0x00000004]  Ver=1.1.0.10(build20210909)
21131012-13:19:42:18735937=Port Allocated OK!
21131012-13:19:42:18735968=Enter API ASD_Open_COMM_HCTL() Com[4]
21131012-13:19:43:18736000=DDBUG CCOMM_THREAD::start_thread  1
21131012-13:19:43:18736015=DDBUG CCOMM_THREAD::start_thread  end
21131012-13:19:43:18736031=Enter CASD_SCOPE::SetCommObject()
21131012-13:19:43:18736062=S2 COMM_HCTL::Com_Thread_Start() enter loop......

21131012-13:19:43:18736093=initCommScope(): Dev(3, 7, 0), ScoptType=501, CH_Size=8, 
21131012-13:19:43:18736140=Scope_Second=1, Base_Second=20, nBufSize=160001, new_dDSP_Data_Ts=0.125000, strTimeFormat=%0.3f(ms)
21131012-13:19:43:18736156=Enter CASD_SCOPE::Scope_Write_Settings() 
21131012-13:19:43:18736203=Enter CSCOPE_WORKER::Scope_Write_Setting_Before_Run() 
21131012-13:19:43:18736265=Enter CSCOPE_COMM::resetScpComm()
21131012-13:19:43:18736281=COMM_HCT::SetScopeDecoder
21131012-13:19:43:18736296=Enter CSCOPE_COMM::resetScpComm() OK
21131012-13:19:43:18736328=CH[1] is 32Bit=1, CmdVal=0x0C698
21131012-13:19:43:18736359=CH[2] is 32Bit=1, CmdVal=0x0C69A
21131012-13:19:43:18736375=CH[3] is 32Bit=1, CmdVal=0x0C698
21131012-13:19:43:18736390=CH[4] is 32Bit=1, CmdVal=0x0C69A
21131012-13:19:43:18736406=CH[5] is 32Bit=1, CmdVal=0x0C69C
21131012-13:19:43:18736421=CH[6] is 32Bit=1, CmdVal=0x0C6AA
21131012-13:19:43:18736437=CH[7] is 32Bit=1, CmdVal=0x0C69C
21131012-13:19:43:18736453=Enter CSCOPE_WORKER::Arrange_CH_32bit() OK
21131012-13:19:43:18736484=Sample rate=8000, ScopeTimeSec=1, PM_Data_Size=800, 
21131012-13:19:43:18736500=CSCOPE_PACKET_PARSER::initAllocation(8)
21131012-13:19:43:18736531=Enter CScope_Decoder::Setup_Paraer()
21131012-13:19:43:18736562=Decide_CH_Get_Func() : CH[0] b32=1, CH_DataType=2 
21131012-13:19:43:18736593=Decide_CH_Get_Func() : CH[1] b32=1, CH_DataType=2
21131012-13:19:43:18736625=Decide_CH_Get_Func() : CH[2] b32=1, CH_DataType=2
21131012-13:19:43:18736656=Decide_CH_Get_Func() : CH[3] b32=1, CH_DataType=2
21131012-13:19:43:18736687=Decide_CH_Get_Func() : CH[4] b32=1, CH_DataType=2
21131012-13:19:43:18736703=Decide_CH_Get_Func() : CH[5] b32=1, CH_DataType=2
21131012-13:19:43:18736734=Decide_CH_Get_Func() : CH[6] b32=1, CH_DataType=2
21131012-13:19:43:18736750=Enter CScope_Decoder::resetScpDecoder() OK
21131012-13:19:43:18736781=   call m_pScpCom->WriteScopeCmd_Start()
21131012-13:19:43:18736796=CH1 P0-4 nCmdVal=0xC698(50840)

21131012-13:19:43:18736812=Enter COMM_HCT::Write_N_RTU()
21131012-13:19:43:18736828=CH2 P0-6 nCmdVal=0xC69A(50842)

21131012-13:19:43:18736843=Enter COMM_HCT::Write_N_RTU()
21131012-13:19:43:18736875=CH3 P0-5 nCmdVal=0xC698(50840)

21131012-13:19:43:18736906=Enter COMM_HCT::Write_N_RTU()
21131012-13:19:43:18736921=CH4 P0-7 nCmdVal=0xC69A(50842)

21131012-13:19:43:18736937=Enter COMM_HCT::Write_N_RTU()
21131012-13:19:43:18736953=CH5 P0-65 nCmdVal=0xC69C(50844)

21131012-13:19:43:18736968=Enter COMM_HCT::Write_N_RTU()
21131012-13:19:44:18736984=Enter COMM_HCT::Write_N_RTU()

21131012-13:19:44:18737015=CH7 P0-66 nCmdVal=0xC69C(50844)

21131012-13:19:44:18737031=Enter COMM_HCT::Write_N_RTU()
21131012-13:19:44:18737046=CH8 P0-68 nCmdVal=0xC6AA(50858)

21131012-13:19:44:18737062=Enter COMM_HCT::Write_N_RTU()
21131012-13:19:44:18737078=Enter CSCOPE_COMM::Write_CH_Cmd() OK
21131012-13:19:44:18737109=Enter CSCOPE_WORKER::WriteScopeCmd_Start() OK
21131012-13:19:44:18737140=Enter CASD_SCOPE::Scope_Run() OK! 
21131012-13:19:44:18737156=Enter API ASD_Scope_Run() OK
21131012-13:19:46:18739359=Enter CASD_SCOPE::Scope_Reset_Before_Run() 
21131012-13:19:46:18739390=Enter CSCOPE_WORKER::Scope_Reset_CH_Before_Run() 
21131012-13:19:46:18739406=Enter CSCOPE_COMM::resetScpComm()
21131012-13:19:46:18739421=COMM_HCT::SetScopeDecoder
21131012-13:19:46:18739437=Enter CSCOPE_COMM::resetScpComm() OK
21131012-13:19:46:18739453=Sample rate=8000, ScopeTimeSec=1, PM_Data_Size=800, 
21131012-13:19:46:18739468=CSCOPE_PACKET_PARSER::initAllocation(8)
21131012-13:19:46:18739484=Enter CScope_Decoder::Setup_Paraer()
21131012-13:19:46:18739500=Decide_CH_Get_Func() : CH[0] b32=1, CH_DataType=2 
21131012-13:19:46:18739531=Decide_CH_Get_Func() : CH[1] b32=1, CH_DataType=2
21131012-13:19:46:18739546=Decide_CH_Get_Func() : CH[2] b32=1, CH_DataType=2
21131012-13:19:46:18739562=Decide_CH_Get_Func() : CH[3] b32=1, CH_DataType=2
21131012-13:19:46:18739578=Decide_CH_Get_Func() : CH[4] b32=1, CH_DataType=2
21131012-13:19:46:18739593=Decide_CH_Get_Func() : CH[5] b32=1, CH_DataType=2
21131012-13:19:46:18739625=Decide_CH_Get_Func() : CH[6] b32=1, CH_DataType=2
21131012-13:19:46:18739640=Enter CScope_Decoder::resetScpDecoder() OK
21131012-13:19:46:18739671=Scope_Reset_CH_Before_Run() time=0, 47, 219, 0 
21131012-13:19:46:18739687=Enter CSCOPE_WORKER::Scope_Reset_CH_Before_Run() OK
21131012-13:19:46:18739703=Enter CASD_SCOPE::Scope_Reset_Before_Run() OK! 
21131012-13:19:46:18739718=ASD_Scope_Reset_Before_Run() time=0, 344
21131012-13:19:46:18739734=ASD_Scope_Reset_Before_Run() OK
21131012-13:19:46:18739750=Enter COMM_HCT::Write_N_RTU()
21131012-13:19:55:18748062=Enter COMM_HCT::Write_N_RTU()
21131012-13:20:10:18763484=Enter API ASD_Scope_Stop() Port[0x00000004]
21131012-13:20:10:18763500=Enter CASD_SCOPE::Scope_Stop()
21131012-13:20:10:18763515=Enter CSCOPE_WORKER::StopScope()
21131012-13:20:10:18763531=Enter CSCOPE_COMM::WriteScopeCmd_Stop()
21131012-13:20:10:18763546=Enter CSCOPE_COMM::Close_ScpCmd()
21131012-13:20:10:18763562=Enter CSCOPE_COMM::StopScope()
21131012-13:20:10:18763578=Enter COMM_HCT::Write_N_RTU()
21131012-13:20:10:18763640=Enter COMM_HCT::Write_N_RTU()
21131012-13:20:10:18763656=mr_pCommASD->Write_N(3,8) time=0, 0
21131012-13:20:10:18763671=Enter CSCOPE_COMM::StopScope() OK
21131012-13:20:10:18763687=CSCOPE_COMM::Close_ScpCmd() time=125, 125
21131012-13:20:10:18763703=Enter CSCOPE_COMM::Close_ScpCmd() OK
21131012-13:20:10:18763718=Enter CSCOPE_COMM::WriteScopeCmd_Stop() OK
21131012-13:20:10:18763734=Enter CSCOPE_WORKER::StopScope() OK
21131012-13:20:10:18763750=Enter CASD_SCOPE::Scope_Stop() OK
21131012-13:20:10:18763765=Enter API ASD_Scope_Reset_Before_Run() Port[0x00000004]
21131012-13:20:10:18763781=Enter CASD_SCOPE::Scope_Reset_Before_Run() 
21131012-13:20:10:18763796=Enter CSCOPE_WORKER::Scope_Reset_CH_Before_Run() 
21131012-13:20:10:18763812=Enter CSCOPE_COMM::resetScpComm()
21131012-13:20:10:18763828=COMM_HCT::SetScopeDecoder
21131012-13:20:10:18763843=Enter CSCOPE_COMM::resetScpComm() OK
21131012-13:20:10:18763859=Sample rate=8000, ScopeTimeSec=1, PM_Data_Size=800, 
21131012-13:20:10:18763875=CSCOPE_PACKET_PARSER::initAllocation(8)
21131012-13:20:10:18763890=Enter CScope_Decoder::Setup_Paraer()
21131012-13:20:10:18763906=Decide_CH_Get_Func() : CH[0] b32=1, CH_DataType=2 
21131012-13:20:10:18763937=Decide_CH_Get_Func() : CH[1] b32=1, CH_DataType=2
21131012-13:20:10:18763953=Decide_CH_Get_Func() : CH[2] b32=1, CH_DataType=2
21131012-13:20:10:18763968=Decide_CH_Get_Func() : CH[3] b32=1, CH_DataType=2
21131012-13:20:10:18763984=Decide_CH_Get_Func() : CH[4] b32=1, CH_DataType=2
21131012-13:20:11:18764000=Decide_CH_Get_Func() : CH[5] b32=1, CH_DataType=2
21131012-13:20:11:18764015=Decide_CH_Get_Func() : CH[6] b32=1, CH_DataType=2
21131012-13:20:11:18764031=Enter CScope_Decoder::resetScpDecoder() OK
21131012-13:20:11:18764062=Scope_Reset_CH_Before_Run() time=0, 47, 203, 0 
21131012-13:20:11:18764078=Enter CSCOPE_WORKER::Scope_Reset_CH_Before_Run() OK
21131012-13:20:11:18764093=Enter CASD_SCOPE::Scope_Reset_Before_Run() OK! 
21131012-13:20:11:18764109=ASD_Scope_Reset_Before_Run() time=0, 312
21131012-13:20:11:18764125=ASD_Scope_Reset_Before_Run() OK
AppStart18958421=21131012-13:23:25 : APP StartDLL() 1.1.0.10(build20210909)
21131012-13:23:25:18958437=Enter API ASD_Allocate_Scope() Port[0x00000004]  Ver=1.1.0.10(build20210909)
21131012-13:23:25:18958546=Port Allocated OK!
21131012-13:23:25:18958562=Enter API ASD_Open_COMM_HCTL() Com[4]
21131012-13:23:25:18958593=DDBUG CCOMM_THREAD::start_thread  1
21131012-13:23:25:18958609=S2 COMM_HCTL::Com_Thread_Start() enter loop......

21131012-13:23:25:18958640=Enter CASD_SCOPE::SetCommObject()
21131012-13:23:25:18958703=initCommScope(): Dev(3, 7, 0), ScoptType=501, CH_Size=8, 
21131012-13:23:25:18958734=Scope_Second=1, Base_Second=20, nBufSize=160001, new_dDSP_Data_Ts=0.125000, strTimeFormat=%0.3f(ms)
21131012-13:23:25:18958750=Enter CASD_SCOPE::Scope_Write_Settings() 
21131012-13:23:25:18958765=Enter CSCOPE_WORKER::Scope_Write_Setting_Before_Run() 
21131012-13:23:25:18958781=Enter CSCOPE_COMM::resetScpComm()
21131012-13:23:25:18958796=COMM_HCT::SetScopeDecoder
21131012-13:23:25:18958812=Enter CSCOPE_COMM::resetScpComm() OK
21131012-13:23:25:18958828=CH[1] is 32Bit=1, CmdVal=0x0C698
21131012-13:23:25:18958859=CH[2] is 32Bit=1, CmdVal=0x0C69A
21131012-13:23:25:18958875=CH[3] is 32Bit=1, CmdVal=0x0C698
21131012-13:23:25:18958890=CH[4] is 32Bit=1, CmdVal=0x0C69A
21131012-13:23:25:18958906=CH[5] is 32Bit=1, CmdVal=0x0C69C
21131012-13:23:25:18958921=CH[6] is 32Bit=1, CmdVal=0x0C6AA
21131012-13:23:25:18958937=CH[7] is 32Bit=1, CmdVal=0x0C69C
21131012-13:23:25:18958953=Enter CSCOPE_WORKER::Arrange_CH_32bit() OK
21131012-13:23:26:18958984=Sample rate=8000, ScopeTimeSec=1, PM_Data_Size=800, 
21131012-13:23:26:18959000=CSCOPE_PACKET_PARSER::initAllocation(8)
21131012-13:23:26:18959031=Enter CScope_Decoder::Setup_Paraer()
21131012-13:23:26:18959046=Decide_CH_Get_Func() : CH[0] b32=1, CH_DataType=2 
21131012-13:23:26:18959078=Decide_CH_Get_Func() : CH[1] b32=1, CH_DataType=2
21131012-13:23:26:18959093=Decide_CH_Get_Func() : CH[2] b32=1, CH_DataType=2
21131012-13:23:26:18959109=Decide_CH_Get_Func() : CH[3] b32=1, CH_DataType=2
21131012-13:23:26:18959125=Decide_CH_Get_Func() : CH[4] b32=1, CH_DataType=2
21131012-13:23:26:18959156=Decide_CH_Get_Func() : CH[5] b32=1, CH_DataType=2
21131012-13:23:26:18959171=Decide_CH_Get_Func() : CH[6] b32=1, CH_DataType=2
21131012-13:23:26:18959187=Enter CScope_Decoder::resetScpDecoder() OK
21131012-13:23:26:18959218=   call m_pScpCom->WriteScopeCmd_Start()
21131012-13:23:26:18959234=CH1 P0-4 nCmdVal=0xC698(50840)

21131012-13:23:26:18959265=Enter COMM_HCT::Write_N_RTU()
21131012-13:23:26:18959296=Enter COMM_HCT::Write_N_RTU()

21131012-13:23:26:18959328=CH3 P0-5 nCmdVal=0xC698(50840)

21131012-13:23:26:18959343=Enter COMM_HCT::Write_N_RTU()
21131012-13:23:26:18959359=CH4 P0-7 nCmdVal=0xC69A(50842)

21131012-13:23:26:18959375=Enter COMM_HCT::Write_N_RTU()
21131012-13:23:26:18959390=CH5 P0-65 nCmdVal=0xC69C(50844)

21131012-13:23:26:18959406=Enter COMM_HCT::Write_N_RTU()
21131012-13:23:26:18959421=CH6 P0-67 nCmdVal=0xC6AA(50858)

21131012-13:23:26:18959437=Enter COMM_HCT::Write_N_RTU()
21131012-13:23:26:18959453=CH7 P0-66 nCmdVal=0xC69C(50844)

21131012-13:23:26:18959468=Enter COMM_HCT::Write_N_RTU()
21131012-13:23:26:18959500=CH8 P0-68 nCmdVal=0xC6AA(50858)

21131012-13:23:26:18959515=Enter COMM_HCT::Write_N_RTU()
21131012-13:23:26:18959546=Enter CSCOPE_COMM::Write_CH_Cmd() OK
21131012-13:23:26:18959562=Enter CSCOPE_WORKER::WriteScopeCmd_Start() OK
21131012-13:23:26:18959593=Enter CASD_SCOPE::Scope_Run() OK! 
21131012-13:23:26:18959609=Enter API ASD_Scope_Run() OK
21131012-13:23:28:18961718=Enter API ASD_Scope_Reset_Before_Run() Port[0x00000004]
21131012-13:23:28:18961734=Enter CASD_SCOPE::Scope_Reset_Before_Run() 
21131012-13:23:28:18961765=Enter CSCOPE_WORKER::Scope_Reset_CH_Before_Run() 
21131012-13:23:28:18961781=Enter CSCOPE_COMM::resetScpComm()
21131012-13:23:28:18961796=COMM_HCT::SetScopeDecoder
21131012-13:23:28:18961812=Enter CSCOPE_COMM::resetScpComm() OK
21131012-13:23:28:18961828=Sample rate=8000, ScopeTimeSec=1, PM_Data_Size=800, 
21131012-13:23:28:18961843=CSCOPE_PACKET_PARSER::initAllocation(8)
21131012-13:23:28:18961875=Enter CScope_Decoder::Setup_Paraer()
21131012-13:23:28:18961890=call PacketParser.Decide_CH_Get_Func() 
21131012-13:23:28:18961921=Decide_CH_Get_Func() : CH[0] b32=1, CH_DataType=2
21131012-13:23:28:18961968=Decide_CH_Get_Func() : CH[1] b32=1, CH_DataType=2
21131012-13:23:28:18961984=Decide_CH_Get_Func() : CH[2] b32=1, CH_DataType=2
21131012-13:23:29:18962000=Decide_CH_Get_Func() : CH[3] b32=1, CH_DataType=2
21131012-13:23:29:18962015=Decide_CH_Get_Func() : CH[4] b32=1, CH_DataType=2
21131012-13:23:29:18962046=Decide_CH_Get_Func() : CH[5] b32=1, CH_DataType=2
21131012-13:23:29:18962062=Decide_CH_Get_Func() : CH[6] b32=1, CH_DataType=2
21131012-13:23:29:18962078=Enter CScope_Decoder::resetScpDecoder() OK
21131012-13:23:29:18962109=Scope_Reset_CH_Before_Run() time=0, 47, 281, 0 
21131012-13:23:29:18962125=Enter CSCOPE_WORKER::Scope_Reset_CH_Before_Run() OK
21131012-13:23:29:18962140=Enter CASD_SCOPE::Scope_Reset_Before_Run() OK! 
21131012-13:23:29:18962156=ASD_Scope_Reset_Before_Run() time=0, 406
21131012-13:23:29:18962171=ASD_Scope_Reset_Before_Run() OK
21131012-13:23:29:18962187=Enter COMM_HCT::Write_N_RTU()
21131012-13:23:34:18967765=Enter COMM_HCT::Write_N_RTU()
21131012-13:23:50:18983500=Enter CASD_SCOPE::Scope_Stop()
21131012-13:23:50:18983546=Enter CSCOPE_WORKER::StopScope()
21131012-13:23:50:18983562=Enter CSCOPE_COMM::WriteScopeCmd_Stop()
21131012-13:23:50:18983578=Enter CSCOPE_COMM::Close_ScpCmd()
21131012-13:23:50:18983593=Enter CSCOPE_COMM::StopScope()
21131012-13:23:50:18983609=Enter COMM_HCT::Write_N_RTU()
21131012-13:23:50:18983671=Enter COMM_HCT::Write_N_RTU()
21131012-13:23:50:18983687=mr_pCommASD->Write_N(3,8) time=0, 0
21131012-13:23:50:18983703=Enter CSCOPE_COMM::StopScope() OK
21131012-13:23:50:18983718=CSCOPE_COMM::Close_ScpCmd() time=125, 125
21131012-13:23:50:18983734=Enter CSCOPE_COMM::Close_ScpCmd() OK
21131012-13:23:50:18983750=Enter CSCOPE_COMM::WriteScopeCmd_Stop() OK
21131012-13:23:50:18983765=Enter CSCOPE_WORKER::StopScope() OK
21131012-13:23:50:18983781=Enter CASD_SCOPE::Scope_Stop() OK
21131012-13:23:50:18983796=Enter API ASD_Scope_Reset_Before_Run() Port[0x00000004]
21131012-13:23:50:18983812=Enter CASD_SCOPE::Scope_Reset_Before_Run() 
21131012-13:23:50:18983828=Enter CSCOPE_WORKER::Scope_Reset_CH_Before_Run() 
21131012-13:23:50:18983843=Enter CSCOPE_COMM::resetScpComm()
21131012-13:23:50:18983859=COMM_HCT::SetScopeDecoder
21131012-13:23:50:18983875=Enter CSCOPE_COMM::resetScpComm() OK
21131012-13:23:50:18983890=Sample rate=8000, ScopeTimeSec=1, PM_Data_Size=800, 
21131012-13:23:50:18983906=CSCOPE_PACKET_PARSER::initAllocation(8)
21131012-13:23:50:18983937=Enter CScope_Decoder::Setup_Paraer()
21131012-13:23:50:18983953=Decide_CH_Get_Func() : CH[0] b32=1, CH_DataType=2 
21131012-13:23:50:18983984=Decide_CH_Get_Func() : CH[1] b32=1, CH_DataType=2
21131012-13:23:51:18984000=Decide_CH_Get_Func() : CH[2] b32=1, CH_DataType=2
21131012-13:23:51:18984015=Decide_CH_Get_Func() : CH[3] b32=1, CH_DataType=2
21131012-13:23:51:18984031=Decide_CH_Get_Func() : CH[4] b32=1, CH_DataType=2
21131012-13:23:51:18984046=Decide_CH_Get_Func() : CH[5] b32=1, CH_DataType=2
21131012-13:23:51:18984062=Decide_CH_Get_Func() : CH[6] b32=1, CH_DataType=2
21131012-13:23:51:18984078=Enter CScope_Decoder::resetScpDecoder() OK
21131012-13:23:51:18984109=Scope_Reset_CH_Before_Run() time=0, 47, 218, 0 
21131012-13:23:51:18984125=Enter CSCOPE_WORKER::Scope_Reset_CH_Before_Run() OK
21131012-13:23:51:18984140=Enter CASD_SCOPE::Scope_Reset_Before_Run() OK! 
21131012-13:23:51:18984156=ASD_Scope_Reset_Before_Run() time=0, 328
21131012-13:23:51:18984171=ASD_Scope_Reset_Before_Run() OK
AppStart19137515=21131012-13:26:24 : APP StartDLL() 1.1.0.10(build20210909)
21131012-13:26:24:19137531=Enter API ASD_Allocate_Scope() Port[0x00000004]  Ver=1.1.0.10(build20210909)
21131012-13:26:24:19137625=Port Allocated OK!
21131012-13:26:24:19137656=Enter API ASD_Open_COMM_HCTL() Com[4]
21131012-13:26:24:19137687=DDBUG CCOMM_THREAD::start_thread  1
21131012-13:26:24:19137718=S2 COMM_HCTL::Com_Thread_Start() enter loop......

21131012-13:26:24:19137750=Enter CASD_SCOPE::SetCommObject()
21131012-13:26:24:19137875=initCommScope(): Dev(3, 7, 0), ScoptType=501, CH_Size=8, 
21131012-13:26:24:19137906=Scope_Second=1, Base_Second=20, nBufSize=160001, new_dDSP_Data_Ts=0.125000, strTimeFormat=%0.3f(ms)
21131012-13:26:24:19137921=Enter CASD_SCOPE::Scope_Write_Settings() 
21131012-13:26:24:19137953=Enter CSCOPE_WORKER::Scope_Write_Setting_Before_Run() 
21131012-13:26:24:19137968=Enter CSCOPE_COMM::resetScpComm()
21131012-13:26:25:19137984=COMM_HCT::SetScopeDecoder
21131012-13:26:25:19138000=Enter CSCOPE_COMM::resetScpComm() OK
21131012-13:26:25:19138015=Enter CSCOPE_WORKER::Arrange_CH_32bit()
21131012-13:26:25:19138031=CH[1] is 32Bit=1, CmdVal=0x0C698
21131012-13:26:25:19138062=CH[2] is 32Bit=1, CmdVal=0x0C69A
21131012-13:26:25:19138078=CH[3] is 32Bit=1, CmdVal=0x0C698
21131012-13:26:25:19138109=CH[4] is 32Bit=1, CmdVal=0x0C69A
21131012-13:26:25:19138125=CH[5] is 32Bit=1, CmdVal=0x0C69C
21131012-13:26:25:19138140=CH[6] is 32Bit=1, CmdVal=0x0C6AA
21131012-13:26:25:19138156=CH[7] is 32Bit=1, CmdVal=0x0C69C
21131012-13:26:25:19138187=Enter CSCOPE_WORKER::Arrange_CH_32bit() OK
21131012-13:26:25:19138218=Sample rate=8000, ScopeTimeSec=1, PM_Data_Size=800, 
21131012-13:26:25:19138234=CSCOPE_PACKET_PARSER::initAllocation(8)
21131012-13:26:25:19138281=Enter CScope_Decoder::Setup_Paraer()
21131012-13:26:25:19138312=call PacketParser.Decide_CH_Get_Func() 
21131012-13:26:25:19138328=Decide_CH_Get_Func() : CH[0] b32=1, CH_DataType=2
21131012-13:26:25:19138359=Decide_CH_Get_Func() : CH[1] b32=1, CH_DataType=2
21131012-13:26:25:19138375=Decide_CH_Get_Func() : CH[2] b32=1, CH_DataType=2
21131012-13:26:25:19138390=Decide_CH_Get_Func() : CH[3] b32=1, CH_DataType=2
21131012-13:26:25:19138406=Decide_CH_Get_Func() : CH[4] b32=1, CH_DataType=2
21131012-13:26:25:19138421=Decide_CH_Get_Func() : CH[5] b32=1, CH_DataType=2
21131012-13:26:25:19138437=Decide_CH_Get_Func() : CH[6] b32=1, CH_DataType=2
21131012-13:26:25:19138453=Enter CScope_Decoder::resetScpDecoder() OK
21131012-13:26:25:19138484=   call m_pScpCom->WriteScopeCmd_Start()
21131012-13:26:25:19138515=Enter CSCOPE_COMM::Write_CH_Cmd()
21131012-13:26:25:19138531=CH1 P0-4 nCmdVal=0xC698(50840)

21131012-13:26:25:19138546=Enter COMM_HCT::Write_N_RTU()
21131012-13:26:25:19138562=Enter COMM_HCT::Write_N_RTU()

21131012-13:26:25:19138593=CH3 P0-5 nCmdVal=0xC698(50840)

21131012-13:26:25:19138625=Enter COMM_HCT::Write_N_RTU()
21131012-13:26:25:19138640=CH4 P0-7 nCmdVal=0xC69A(50842)

21131012-13:26:25:19138656=Enter COMM_HCT::Write_N_RTU()
21131012-13:26:25:19138671=CH5 P0-65 nCmdVal=0xC69C(50844)

21131012-13:26:25:19138687=Enter COMM_HCT::Write_N_RTU()
21131012-13:26:25:19138718=CH6 P0-67 nCmdVal=0xC6AA(50858)

21131012-13:26:25:19138734=Enter COMM_HCT::Write_N_RTU()
21131012-13:26:25:19138765=Enter COMM_HCT::Write_N_RTU()

21131012-13:26:25:19138812=CH8 P0-68 nCmdVal=0xC6AA(50858)

21131012-13:26:25:19138843=Enter COMM_HCT::Write_N_RTU()
21131012-13:26:25:19138859=Enter CSCOPE_COMM::Write_CH_Cmd() OK
21131012-13:26:25:19138890=Enter CSCOPE_WORKER::WriteScopeCmd_Start() OK
21131012-13:26:25:19138921=Enter CASD_SCOPE::Scope_Run() OK! 
21131012-13:26:25:19138953=Enter API ASD_Scope_Run() OK
21131012-13:26:28:19141609=Enter CASD_SCOPE::Scope_Reset_Before_Run() 
21131012-13:26:28:19141640=Enter CSCOPE_WORKER::Scope_Reset_CH_Before_Run() 
21131012-13:26:28:19141656=Enter CSCOPE_COMM::resetScpComm()
21131012-13:26:28:19141671=COMM_HCT::SetScopeDecoder
21131012-13:26:28:19141703=Enter CSCOPE_COMM::resetScpComm() OK
21131012-13:26:28:19141718=Sample rate=8000, ScopeTimeSec=1, PM_Data_Size=800, 
21131012-13:26:28:19141734=CSCOPE_PACKET_PARSER::initAllocation(8)
21131012-13:26:28:19141765=Enter CScope_Decoder::Setup_Paraer()
21131012-13:26:28:19141781=call PacketParser.Decide_CH_Get_Func() 
21131012-13:26:28:19141796=Decide_CH_Get_Func() : CH[0] b32=1, CH_DataType=2
21131012-13:26:28:19141812=Decide_CH_Get_Func() : CH[1] b32=1, CH_DataType=2
21131012-13:26:28:19141828=Decide_CH_Get_Func() : CH[2] b32=1, CH_DataType=2
21131012-13:26:28:19141843=Decide_CH_Get_Func() : CH[3] b32=1, CH_DataType=2
21131012-13:26:28:19141859=Decide_CH_Get_Func() : CH[4] b32=1, CH_DataType=2
21131012-13:26:28:19141875=Decide_CH_Get_Func() : CH[5] b32=1, CH_DataType=2
21131012-13:26:28:19141906=Decide_CH_Get_Func() : CH[6] b32=1, CH_DataType=2
21131012-13:26:28:19141921=Decide_CH_Get_Func() : CH[7] b32=1, CH_DataType=2
21131012-13:26:28:19141953=Enter CScope_Decoder::resetScpDecoder() OK
21131012-13:26:28:19141968=Scope_Reset_CH_Before_Run() time=0, 63, 250, 0 
21131012-13:26:29:19141984=Enter CSCOPE_WORKER::Scope_Reset_CH_Before_Run() OK
21131012-13:26:29:19142000=Enter CASD_SCOPE::Scope_Reset_Before_Run() OK! 
21131012-13:26:29:19142031=ASD_Scope_Reset_Before_Run() time=0, 406
21131012-13:26:29:19142046=ASD_Scope_Reset_Before_Run() OK
21131012-13:26:29:19142062=Enter COMM_HCT::Write_N_RTU()
21131012-13:26:38:19151687=Enter COMM_HCT::Write_N_RTU()
21131012-13:26:54:19167125=Enter API ASD_Scope_Stop() Port[0x00000004]
21131012-13:26:54:19167140=Enter CASD_SCOPE::Scope_Stop()
21131012-13:26:54:19167156=Enter CSCOPE_WORKER::StopScope()
21131012-13:26:54:19167171=Enter CSCOPE_COMM::WriteScopeCmd_Stop()
21131012-13:26:54:19167187=Enter CSCOPE_COMM::Close_ScpCmd()
21131012-13:26:54:19167203=Enter CSCOPE_COMM::StopScope()
21131012-13:26:54:19167218=Enter COMM_HCT::Write_N_RTU()
21131012-13:26:54:19167281=Enter COMM_HCT::Write_N_RTU()
21131012-13:26:54:19167296=mr_pCommASD->Write_N(3,8) time=0, 0
21131012-13:26:54:19167312=Enter CSCOPE_COMM::StopScope() OK
21131012-13:26:54:19167328=CSCOPE_COMM::Close_ScpCmd() time=125, 125
21131012-13:26:54:19167343=Enter CSCOPE_COMM::Close_ScpCmd() OK
21131012-13:26:54:19167359=Enter CSCOPE_COMM::WriteScopeCmd_Stop() OK
21131012-13:26:54:19167375=Enter CSCOPE_WORKER::StopScope() OK
21131012-13:26:54:19167390=Enter CASD_SCOPE::Scope_Stop() OK
21131012-13:26:54:19167406=Enter API ASD_Scope_Reset_Before_Run() Port[0x00000004]
21131012-13:26:54:19167421=Enter CASD_SCOPE::Scope_Reset_Before_Run() 
21131012-13:26:54:19167437=Enter CSCOPE_WORKER::Scope_Reset_CH_Before_Run() 
21131012-13:26:54:19167453=Enter CSCOPE_COMM::resetScpComm()
21131012-13:26:54:19167468=COMM_HCT::SetScopeDecoder
21131012-13:26:54:19167484=Enter CSCOPE_COMM::resetScpComm() OK
21131012-13:26:54:19167500=Sample rate=8000, ScopeTimeSec=1, PM_Data_Size=800, 
21131012-13:26:54:19167515=CSCOPE_PACKET_PARSER::initAllocation(8)
21131012-13:26:54:19167546=Enter CScope_Decoder::Setup_Paraer()
21131012-13:26:54:19167562=Decide_CH_Get_Func() : CH[0] b32=1, CH_DataType=2 
21131012-13:26:54:19167593=Decide_CH_Get_Func() : CH[1] b32=1, CH_DataType=2
21131012-13:26:54:19167609=Decide_CH_Get_Func() : CH[2] b32=1, CH_DataType=2
21131012-13:26:54:19167625=Decide_CH_Get_Func() : CH[3] b32=1, CH_DataType=2
21131012-13:26:54:19167640=Decide_CH_Get_Func() : CH[4] b32=1, CH_DataType=2
21131012-13:26:54:19167656=Decide_CH_Get_Func() : CH[5] b32=1, CH_DataType=2
21131012-13:26:54:19167671=Decide_CH_Get_Func() : CH[6] b32=1, CH_DataType=2
21131012-13:26:54:19167687=Enter CScope_Decoder::resetScpDecoder() OK
21131012-13:26:54:19167718=Scope_Reset_CH_Before_Run() time=0, 47, 219, 0 
21131012-13:26:54:19167734=Enter CSCOPE_WORKER::Scope_Reset_CH_Before_Run() OK
21131012-13:26:54:19167750=Enter CASD_SCOPE::Scope_Reset_Before_Run() OK! 
21131012-13:26:54:19167765=ASD_Scope_Reset_Before_Run() time=0, 329
21131012-13:26:54:19167781=ASD_Scope_Reset_Before_Run() OK
21131012-13:27:34:19207453=Enter COMM_HCT::Write_N_RTU()
21131012-13:27:50:19223281=Enter API ASD_Scope_Stop() Port[0x00000004]
21131012-13:27:50:19223296=Enter CASD_SCOPE::Scope_Stop()
21131012-13:27:50:19223328=Enter CSCOPE_WORKER::StopScope()
21131012-13:27:50:19223359=Enter CSCOPE_COMM::WriteScopeCmd_Stop()
21131012-13:27:50:19223390=Enter CSCOPE_COMM::Close_ScpCmd()
21131012-13:27:50:19223421=Enter CSCOPE_COMM::StopScope()
21131012-13:27:50:19223453=Enter COMM_HCT::Write_N_RTU()
21131012-13:27:50:19223546=Enter COMM_HCT::Write_N_RTU()
21131012-13:27:50:19223578=mr_pCommASD->Write_N(3,8) time=16, 16
21131012-13:27:50:19223609=Enter CSCOPE_COMM::StopScope() OK
21131012-13:27:50:19223640=CSCOPE_COMM::Close_ScpCmd() time=219, 219
21131012-13:27:50:19223656=Enter CSCOPE_COMM::Close_ScpCmd() OK
21131012-13:27:50:19223671=Enter CSCOPE_COMM::WriteScopeCmd_Stop() OK
21131012-13:27:50:19223703=Enter CSCOPE_WORKER::StopScope() OK
21131012-13:27:50:19223734=Enter CASD_SCOPE::Scope_Stop() OK
21131012-13:27:50:19223750=Enter API ASD_Scope_Reset_Before_Run() Port[0x00000004]
21131012-13:27:50:19223781=Enter CASD_SCOPE::Scope_Reset_Before_Run() 
21131012-13:27:50:19223812=Enter CSCOPE_WORKER::Scope_Reset_CH_Before_Run() 
21131012-13:27:50:19223828=Enter CSCOPE_COMM::resetScpComm()
21131012-13:27:50:19223859=COMM_HCT::SetScopeDecoder
21131012-13:27:50:19223890=Enter CSCOPE_COMM::resetScpComm() OK
21131012-13:27:50:19223906=Enter CScope_Decoder::resetScpDecoder() 
21131012-13:27:50:19223921=Sample rate=8000, ScopeTimeSec=1, PM_Data_Size=800,
21131012-13:27:50:19223953=CSCOPE_PACKET_PARSER::initAllocation(8)
21131012-13:27:51:19223984=Enter CScope_Decoder::Setup_Paraer()
21131012-13:27:51:19224000=Decide_CH_Get_Func() : CH[0] b32=1, CH_DataType=2 
21131012-13:27:51:19224046=Decide_CH_Get_Func() : CH[1] b32=1, CH_DataType=2
21131012-13:27:51:19224078=Decide_CH_Get_Func() : CH[2] b32=1, CH_DataType=2
21131012-13:27:51:19224093=Decide_CH_Get_Func() : CH[3] b32=1, CH_DataType=2
21131012-13:27:51:19224109=Decide_CH_Get_Func() : CH[4] b32=1, CH_DataType=2
21131012-13:27:51:19224125=Decide_CH_Get_Func() : CH[5] b32=1, CH_DataType=2
21131012-13:27:51:19224140=Decide_CH_Get_Func() : CH[6] b32=1, CH_DataType=2
21131012-13:27:51:19224171=Decide_CH_Get_Func() : CH[7] b32=1, CH_DataType=2
21131012-13:27:51:19224187=Enter CScope_Decoder::resetScpDecoder() OK
21131012-13:27:51:19224218=Scope_Reset_CH_Before_Run() time=0, 78, 313, 0 
21131012-13:27:51:19224234=Enter CSCOPE_WORKER::Scope_Reset_CH_Before_Run() OK
21131012-13:27:51:19224250=Enter CASD_SCOPE::Scope_Reset_Before_Run() OK! 
21131012-13:27:51:19224265=ASD_Scope_Reset_Before_Run() time=0, 469
21131012-13:27:51:19224296=ASD_Scope_Reset_Before_Run() OK
21131012-13:29:48:19341687=Enter COMM_HCT::Write_N_RTU()
21131012-13:30:4:19357406=Enter API ASD_Scope_Stop() Port[0x00000004]
21131012-13:30:4:19357421=Enter CASD_SCOPE::Scope_Stop()
21131012-13:30:4:19357453=Enter CSCOPE_WORKER::StopScope()
21131012-13:30:4:19357593=Enter CSCOPE_COMM::WriteScopeCmd_Stop()
21131012-13:30:4:19357640=Enter CSCOPE_COMM::Close_ScpCmd()
21131012-13:30:4:19357671=Enter CSCOPE_COMM::StopScope()
21131012-13:30:4:19357687=Enter COMM_HCT::Write_N_RTU()
21131012-13:30:4:19357765=Enter COMM_HCT::Write_N_RTU()
21131012-13:30:4:19357796=mr_pCommASD->Write_N(3,8) time=16, 16
21131012-13:30:4:19357828=Enter CSCOPE_COMM::StopScope() OK
21131012-13:30:4:19357859=CSCOPE_COMM::Close_ScpCmd() time=187, 187
21131012-13:30:4:19357875=Enter CSCOPE_COMM::Close_ScpCmd() OK
21131012-13:30:4:19357890=Enter CSCOPE_COMM::WriteScopeCmd_Stop() OK
21131012-13:30:4:19357906=Enter CSCOPE_WORKER::StopScope() OK
21131012-13:30:4:19357921=Enter CASD_SCOPE::Scope_Stop() OK
21131012-13:30:4:19357937=Enter API ASD_Scope_Reset_Before_Run() Port[0x00000004]
21131012-13:30:4:19357953=Enter CASD_SCOPE::Scope_Reset_Before_Run() 
21131012-13:30:4:19357968=Enter CSCOPE_WORKER::Scope_Reset_CH_Before_Run() 
21131012-13:30:5:19357984=Enter CSCOPE_COMM::resetScpComm()
21131012-13:30:5:19358000=COMM_HCT::SetScopeDecoder
21131012-13:30:5:19358015=Enter CSCOPE_COMM::resetScpComm() OK
21131012-13:30:5:19358031=Sample rate=8000, ScopeTimeSec=1, PM_Data_Size=800, 
21131012-13:30:5:19358046=CSCOPE_PACKET_PARSER::initAllocation(8)
21131012-13:30:5:19358078=Enter CScope_Decoder::Setup_Paraer()
21131012-13:30:5:19358093=Decide_CH_Get_Func() : CH[0] b32=1, CH_DataType=2 
21131012-13:30:5:19358125=Decide_CH_Get_Func() : CH[1] b32=1, CH_DataType=2
21131012-13:30:5:19358140=Decide_CH_Get_Func() : CH[2] b32=1, CH_DataType=2
21131012-13:30:5:19358156=Decide_CH_Get_Func() : CH[3] b32=1, CH_DataType=2
21131012-13:30:5:19358171=Decide_CH_Get_Func() : CH[4] b32=1, CH_DataType=2
21131012-13:30:5:19358187=Decide_CH_Get_Func() : CH[5] b32=1, CH_DataType=2
21131012-13:30:5:19358218=Decide_CH_Get_Func() : CH[6] b32=1, CH_DataType=2
21131012-13:30:5:19358234=Enter CScope_Decoder::resetScpDecoder() OK
21131012-13:30:5:19358265=Scope_Reset_CH_Before_Run() time=0, 47, 235, 0 
21131012-13:30:5:19358281=Enter CSCOPE_WORKER::Scope_Reset_CH_Before_Run() OK
21131012-13:30:5:19358296=Enter CASD_SCOPE::Scope_Reset_Before_Run() OK! 
21131012-13:30:5:19358312=ASD_Scope_Reset_Before_Run() time=0, 343
21131012-13:30:5:19358328=ASD_Scope_Reset_Before_Run() OK
AppStart19574468=21131012-13:33:41 : APP StartDLL() 1.1.0.10(build20210909)
21131012-13:33:41:19574484=Enter API ASD_Allocate_Scope() Port[0x00000004]  Ver=1.1.0.10(build20210909)
21131012-13:33:41:19574578=Port Allocated OK!
21131012-13:33:41:19574609=Enter API ASD_Open_COMM_HCTL() Com[4]
21131012-13:33:41:19574656=DDBUG CCOMM_THREAD::start_thread  1
21131012-13:33:41:19574671=S2 COMM_HCTL::Com_Thread_Start() enter loop......

21131012-13:33:41:19574718=Enter CASD_SCOPE::SetCommObject()
21131012-13:33:41:19574765=initCommScope(): Dev(3, 7, 0), ScoptType=501, CH_Size=8, 
21131012-13:33:41:19574796=Scope_Second=1, Base_Second=20, nBufSize=160001, new_dDSP_Data_Ts=0.125000, strTimeFormat=%0.3f(ms)
21131012-13:33:41:19574812=Enter CASD_SCOPE::Scope_Write_Settings() 
21131012-13:33:41:19574828=Enter CSCOPE_WORKER::Scope_Write_Setting_Before_Run() 
21131012-13:33:41:19574859=Enter CSCOPE_COMM::resetScpComm()
21131012-13:33:41:19574875=COMM_HCT::SetScopeDecoder
21131012-13:33:41:19574906=Enter CSCOPE_COMM::resetScpComm() OK
21131012-13:33:41:19574937=CH[1] is 32Bit=1, CmdVal=0x0C698
21131012-13:33:42:19574968=CH[2] is 32Bit=1, CmdVal=0x0C69A
21131012-13:33:42:19574984=CH[3] is 32Bit=1, CmdVal=0x0C698
21131012-13:33:42:19575000=CH[4] is 32Bit=1, CmdVal=0x0C69A
21131012-13:33:42:19575015=CH[5] is 32Bit=1, CmdVal=0x0C69C
21131012-13:33:42:19575031=CH[6] is 32Bit=1, CmdVal=0x0C6AA
21131012-13:33:42:19575046=CH[7] is 32Bit=1, CmdVal=0x0C69C
21131012-13:33:42:19575062=Enter CSCOPE_WORKER::Arrange_CH_32bit() OK
21131012-13:33:42:19575109=Sample rate=8000, ScopeTimeSec=1, PM_Data_Size=800, 
21131012-13:33:42:19575125=CSCOPE_PACKET_PARSER::initAllocation(8)
21131012-13:33:42:19575171=Enter CScope_Decoder::Setup_Paraer()
21131012-13:33:42:19575187=Decide_CH_Get_Func() : CH[0] b32=1, CH_DataType=2 
21131012-13:33:42:19575218=Decide_CH_Get_Func() : CH[1] b32=1, CH_DataType=2
21131012-13:33:42:19575234=Decide_CH_Get_Func() : CH[2] b32=1, CH_DataType=2
21131012-13:33:42:19575250=Decide_CH_Get_Func() : CH[3] b32=1, CH_DataType=2
21131012-13:33:42:19575265=Decide_CH_Get_Func() : CH[4] b32=1, CH_DataType=2
21131012-13:33:42:19575296=Decide_CH_Get_Func() : CH[5] b32=1, CH_DataType=2
21131012-13:33:42:19575312=Decide_CH_Get_Func() : CH[6] b32=1, CH_DataType=2
21131012-13:33:42:19575328=Enter CScope_Decoder::resetScpDecoder() OK
21131012-13:33:42:19575359=   call m_pScpCom->WriteScopeCmd_Start()
21131012-13:33:42:19575375=CH1 P0-4 nCmdVal=0xC698(50840)

21131012-13:33:42:19575390=Enter COMM_HCT::Write_N_RTU()
21131012-13:33:42:19575406=CH2 P0-6 nCmdVal=0xC69A(50842)

21131012-13:33:42:19575421=Enter COMM_HCT::Write_N_RTU()
21131012-13:33:42:19575437=CH3 P0-5 nCmdVal=0xC698(50840)

21131012-13:33:42:19575453=Enter COMM_HCT::Write_N_RTU()
21131012-13:33:42:19575468=CH4 P0-7 nCmdVal=0xC69A(50842)

21131012-13:33:42:19575500=Enter COMM_HCT::Write_N_RTU()
21131012-13:33:42:19575515=CH5 P0-65 nCmdVal=0xC69C(50844)

21131012-13:33:42:19575531=Enter COMM_HCT::Write_N_RTU()
21131012-13:33:42:19575546=CH6 P0-67 nCmdVal=0xC6AA(50858)

21131012-13:33:42:19575562=Enter COMM_HCT::Write_N_RTU()
21131012-13:33:42:19575593=Enter COMM_HCT::Write_N_RTU()

21131012-13:33:42:19575625=Enter COMM_HCT::Write_N_RTU()

21131012-13:33:42:19575656=Enter CSCOPE_COMM::Write_CH_Cmd() OK
21131012-13:33:42:19575671=Enter CSCOPE_WORKER::WriteScopeCmd_Start() OK
21131012-13:33:42:19575687=Enter CASD_SCOPE::Scope_Run() OK! 
21131012-13:33:42:19575703=Enter API ASD_Scope_Run() OK
21131012-13:33:45:19578578=Enter API ASD_Scope_Reset_Before_Run() Port[0x00000004]
21131012-13:33:45:19578593=Enter CASD_SCOPE::Scope_Reset_Before_Run() 
21131012-13:33:45:19578640=Enter CSCOPE_WORKER::Scope_Reset_CH_Before_Run() 
21131012-13:33:45:19578671=Enter CSCOPE_COMM::resetScpComm()
21131012-13:33:45:19578687=COMM_HCT::SetScopeDecoder
21131012-13:33:45:19578703=Enter CSCOPE_COMM::resetScpComm() OK
21131012-13:33:45:19578750=Sample rate=8000, ScopeTimeSec=1, PM_Data_Size=800, 
21131012-13:33:45:19578765=CSCOPE_PACKET_PARSER::initAllocation(8)
21131012-13:33:45:19578812=Enter CScope_Decoder::Setup_Paraer()
21131012-13:33:45:19578828=call PacketParser.Decide_CH_Get_Func() 
21131012-13:33:45:19578859=Decide_CH_Get_Func() : CH[0] b32=1, CH_DataType=2
21131012-13:33:45:19578890=Decide_CH_Get_Func() : CH[1] b32=1, CH_DataType=2
21131012-13:33:45:19578921=Decide_CH_Get_Func() : CH[2] b32=1, CH_DataType=2
21131012-13:33:45:19578937=Decide_CH_Get_Func() : CH[3] b32=1, CH_DataType=2
21131012-13:33:46:19578953=Decide_CH_Get_Func() : CH[4] b32=1, CH_DataType=2
21131012-13:33:46:19578984=Decide_CH_Get_Func() : CH[5] b32=1, CH_DataType=2
21131012-13:33:46:19579000=Decide_CH_Get_Func() : CH[6] b32=1, CH_DataType=2
21131012-13:33:46:19579015=Enter CScope_Decoder::resetScpDecoder() OK
21131012-13:33:46:19579046=Scope_Reset_CH_Before_Run() time=0, 78, 297, 0 
21131012-13:33:46:19579062=Enter CSCOPE_WORKER::Scope_Reset_CH_Before_Run() OK
21131012-13:33:46:19579093=Enter CASD_SCOPE::Scope_Reset_Before_Run() OK! 
21131012-13:33:46:19579125=ASD_Scope_Reset_Before_Run() time=0, 516
21131012-13:33:46:19579140=ASD_Scope_Reset_Before_Run() OK
21131012-13:33:46:19579156=Enter COMM_HCT::Write_N_RTU()
21131012-13:33:57:19590343=Enter COMM_HCT::Write_N_RTU()
21131012-13:34:12:19605750=Enter API ASD_Scope_Stop() Port[0x00000004]
21131012-13:34:12:19605765=Enter CASD_SCOPE::Scope_Stop()
21131012-13:34:12:19605796=Enter CSCOPE_WORKER::StopScope()
21131012-13:34:12:19605812=Enter CSCOPE_COMM::WriteScopeCmd_Stop()
21131012-13:34:12:19605828=Enter CSCOPE_COMM::Close_ScpCmd()
21131012-13:34:12:19605843=Enter CSCOPE_COMM::StopScope()
21131012-13:34:12:19605859=Enter COMM_HCT::Write_N_RTU()
21131012-13:34:12:19605921=Enter COMM_HCT::Write_N_RTU()
21131012-13:34:12:19605937=mr_pCommASD->Write_N(3,8) time=0, 0
21131012-13:34:12:19605953=Enter CSCOPE_COMM::StopScope() OK
21131012-13:34:13:19605968=CSCOPE_COMM::Close_ScpCmd() time=125, 125
21131012-13:34:13:19605984=Enter CSCOPE_COMM::Close_ScpCmd() OK
21131012-13:34:13:19606000=Enter CSCOPE_COMM::WriteScopeCmd_Stop() OK
21131012-13:34:13:19606015=Enter CSCOPE_WORKER::StopScope() OK
21131012-13:34:13:19606031=Enter CASD_SCOPE::Scope_Stop() OK
21131012-13:34:13:19606046=Enter API ASD_Scope_Reset_Before_Run() Port[0x00000004]
21131012-13:34:13:19606062=Enter CASD_SCOPE::Scope_Reset_Before_Run() 
21131012-13:34:13:19606078=Enter CSCOPE_WORKER::Scope_Reset_CH_Before_Run() 
21131012-13:34:13:19606093=Enter CSCOPE_COMM::resetScpComm()
21131012-13:34:13:19606109=COMM_HCT::SetScopeDecoder
21131012-13:34:13:19606125=Enter CSCOPE_COMM::resetScpComm() OK
21131012-13:34:13:19606140=Sample rate=8000, ScopeTimeSec=1, PM_Data_Size=800, 
21131012-13:34:13:19606156=CSCOPE_PACKET_PARSER::initAllocation(8)
21131012-13:34:13:19606187=Enter CScope_Decoder::Setup_Paraer()
21131012-13:34:13:19606203=Decide_CH_Get_Func() : CH[0] b32=1, CH_DataType=2 
21131012-13:34:13:19606234=Decide_CH_Get_Func() : CH[1] b32=1, CH_DataType=2
21131012-13:34:13:19606250=Decide_CH_Get_Func() : CH[2] b32=1, CH_DataType=2
21131012-13:34:13:19606265=Decide_CH_Get_Func() : CH[3] b32=1, CH_DataType=2
21131012-13:34:13:19606281=Decide_CH_Get_Func() : CH[4] b32=1, CH_DataType=2
21131012-13:34:13:19606296=Decide_CH_Get_Func() : CH[5] b32=1, CH_DataType=2
21131012-13:34:13:19606312=Decide_CH_Get_Func() : CH[6] b32=1, CH_DataType=2
21131012-13:34:13:19606328=Enter CScope_Decoder::resetScpDecoder() OK
21131012-13:34:13:19606359=Scope_Reset_CH_Before_Run() time=0, 47, 218, 0 
21131012-13:34:13:19606375=Enter CSCOPE_WORKER::Scope_Reset_CH_Before_Run() OK
21131012-13:34:13:19606390=Enter CASD_SCOPE::Scope_Reset_Before_Run() OK! 
21131012-13:34:13:19606406=ASD_Scope_Reset_Before_Run() time=0, 328
21131012-13:34:13:19606421=ASD_Scope_Reset_Before_Run() OK
21131012-13:34:39:19632625=Enter COMM_HCT::Write_N_RTU()
21131012-13:34:55:19648328=Enter API ASD_Scope_Stop() Port[0x00000004]
21131012-13:34:55:19648343=Enter CASD_SCOPE::Scope_Stop()
21131012-13:34:55:19648375=Enter CSCOPE_WORKER::StopScope()
21131012-13:34:55:19648390=Enter CSCOPE_COMM::WriteScopeCmd_Stop()
21131012-13:34:55:19648421=Enter CSCOPE_COMM::Close_ScpCmd()
21131012-13:34:55:19648437=Enter CSCOPE_COMM::StopScope()
21131012-13:34:55:19648453=Enter COMM_HCT::Write_N_RTU()
21131012-13:34:55:19648515=Enter COMM_HCT::Write_N_RTU()
21131012-13:34:55:19648531=mr_pCommASD->Write_N(3,8) time=0, 0
21131012-13:34:55:19648546=Enter CSCOPE_COMM::StopScope() OK
21131012-13:34:55:19648562=CSCOPE_COMM::Close_ScpCmd() time=125, 125
21131012-13:34:55:19648578=Enter CSCOPE_COMM::Close_ScpCmd() OK
21131012-13:34:55:19648593=Enter CSCOPE_COMM::WriteScopeCmd_Stop() OK
21131012-13:34:55:19648609=Enter CSCOPE_WORKER::StopScope() OK
21131012-13:34:55:19648625=Enter CASD_SCOPE::Scope_Stop() OK
21131012-13:34:55:19648640=Enter API ASD_Scope_Reset_Before_Run() Port[0x00000004]
21131012-13:34:55:19648656=Enter CASD_SCOPE::Scope_Reset_Before_Run() 
21131012-13:34:55:19648671=Enter CSCOPE_WORKER::Scope_Reset_CH_Before_Run() 
21131012-13:34:55:19648687=Enter CSCOPE_COMM::resetScpComm()
21131012-13:34:55:19648703=COMM_HCT::SetScopeDecoder
21131012-13:34:55:19648718=Enter CSCOPE_COMM::resetScpComm() OK
21131012-13:34:55:19648734=Sample rate=8000, ScopeTimeSec=1, PM_Data_Size=800, 
21131012-13:34:55:19648750=CSCOPE_PACKET_PARSER::initAllocation(8)
21131012-13:34:55:19648781=Enter CScope_Decoder::Setup_Paraer()
21131012-13:34:55:19648796=Decide_CH_Get_Func() : CH[0] b32=1, CH_DataType=2 
21131012-13:34:55:19648828=Decide_CH_Get_Func() : CH[1] b32=1, CH_DataType=2
21131012-13:34:55:19648843=Decide_CH_Get_Func() : CH[2] b32=1, CH_DataType=2
21131012-13:34:55:19648859=Decide_CH_Get_Func() : CH[3] b32=1, CH_DataType=2
21131012-13:34:55:19648875=Decide_CH_Get_Func() : CH[4] b32=1, CH_DataType=2
21131012-13:34:55:19648890=Decide_CH_Get_Func() : CH[5] b32=1, CH_DataType=2
21131012-13:34:55:19648906=Decide_CH_Get_Func() : CH[6] b32=1, CH_DataType=2
21131012-13:34:55:19648921=Enter CScope_Decoder::resetScpDecoder() OK
21131012-13:34:56:19648953=Scope_Reset_CH_Before_Run() time=0, 47, 219, 0 
21131012-13:34:56:19648968=Enter CSCOPE_WORKER::Scope_Reset_CH_Before_Run() OK
21131012-13:34:56:19648984=Enter CASD_SCOPE::Scope_Reset_Before_Run() OK! 
21131012-13:34:56:19649000=ASD_Scope_Reset_Before_Run() time=0, 328
21131012-13:34:56:19649015=ASD_Scope_Reset_Before_Run() OK
AppStart19762875=21131012-13:36:49 : APP StartDLL() 1.1.0.10(build20210909)
21131012-13:36:49:19762906=Enter API ASD_Allocate_Scope() Port[0x00000004]  Ver=1.1.0.10(build20210909)
21131012-13:36:50:19762984=Port Allocated OK!
21131012-13:36:50:19763000=Enter API ASD_Open_COMM_HCTL() Com[4]
21131012-13:36:50:19763031=DDBUG CCOMM_THREAD::start_thread  1
21131012-13:36:50:19763062=S2 COMM_HCTL::Com_Thread_Start() enter loop......

21131012-13:36:50:19763093=Enter CASD_SCOPE::SetCommObject()
21131012-13:36:50:19763140=initCommScope(): Dev(3, 7, 0), ScoptType=501, CH_Size=8, 
21131012-13:36:50:19763171=Scope_Second=1, Base_Second=20, nBufSize=160001, new_dDSP_Data_Ts=0.125000, strTimeFormat=%0.3f(ms)
21131012-13:36:50:19763187=Enter CASD_SCOPE::Scope_Write_Settings() 
21131012-13:36:50:19763218=Enter CSCOPE_WORKER::Scope_Write_Setting_Before_Run() 
21131012-13:36:50:19763234=Enter CSCOPE_COMM::resetScpComm()
21131012-13:36:50:19763250=COMM_HCT::SetScopeDecoder
21131012-13:36:50:19763265=Enter CSCOPE_COMM::resetScpComm() OK
21131012-13:36:50:19763281=CH[1] is 32Bit=1, CmdVal=0x0C698
21131012-13:36:50:19763312=CH[2] is 32Bit=1, CmdVal=0x0C69A
21131012-13:36:50:19763328=CH[3] is 32Bit=1, CmdVal=0x0C698
21131012-13:36:50:19763343=CH[4] is 32Bit=1, CmdVal=0x0C69A
21131012-13:36:50:19763406=CH[5] is 32Bit=1, CmdVal=0x0C69C
21131012-13:36:50:19763453=CH[6] is 32Bit=1, CmdVal=0x0C6AA
21131012-13:36:50:19763468=CH[7] is 32Bit=1, CmdVal=0x0C69C
21131012-13:36:50:19763484=Enter CSCOPE_WORKER::Arrange_CH_32bit() OK
21131012-13:36:50:19763515=Sample rate=8000, ScopeTimeSec=1, PM_Data_Size=800, 
21131012-13:36:50:19763531=CSCOPE_PACKET_PARSER::initAllocation(8)
21131012-13:36:50:19763562=Enter CScope_Decoder::Setup_Paraer()
21131012-13:36:50:19763578=Decide_CH_Get_Func() : CH[0] b32=1, CH_DataType=2 
21131012-13:36:50:19763609=Decide_CH_Get_Func() : CH[1] b32=1, CH_DataType=2
21131012-13:36:50:19763625=Decide_CH_Get_Func() : CH[2] b32=1, CH_DataType=2
21131012-13:36:50:19763640=Decide_CH_Get_Func() : CH[3] b32=1, CH_DataType=2
21131012-13:36:50:19763656=Decide_CH_Get_Func() : CH[4] b32=1, CH_DataType=2
21131012-13:36:50:19763671=Decide_CH_Get_Func() : CH[5] b32=1, CH_DataType=2
21131012-13:36:50:19763687=Decide_CH_Get_Func() : CH[6] b32=1, CH_DataType=2
21131012-13:36:50:19763703=Enter CScope_Decoder::resetScpDecoder() OK
21131012-13:36:50:19763734=   call m_pScpCom->WriteScopeCmd_Start()
21131012-13:36:50:19763750=CH1 P0-4 nCmdVal=0xC698(50840)

21131012-13:36:50:19763765=Enter COMM_HCT::Write_N_RTU()
21131012-13:36:50:19763781=CH2 P0-6 nCmdVal=0xC69A(50842)

21131012-13:36:50:19763796=Enter COMM_HCT::Write_N_RTU()
21131012-13:36:50:19763812=Enter COMM_HCT::Write_N_RTU()

21131012-13:36:50:19763843=Enter COMM_HCT::Write_N_RTU()

21131012-13:36:50:19763859=CH5 P0-65 nCmdVal=0xC69C(50844)

21131012-13:36:50:19763875=CH6 P0-67 nCmdVal=0xC6AA(50858)

21131012-13:36:50:19763890=Enter COMM_HCT::Write_N_RTU()
21131012-13:36:50:19763921=Enter COMM_HCT::Write_N_RTU()

21131012-13:36:50:19763953=Enter COMM_HCT::Write_N_RTU()

21131012-13:36:51:19763984=Enter CSCOPE_COMM::Write_CH_Cmd() OK
21131012-13:36:51:19764000=Enter CSCOPE_WORKER::WriteScopeCmd_Start() OK
21131012-13:36:51:19764015=Enter CASD_SCOPE::Scope_Run() OK! 
21131012-13:36:51:19764031=Enter API ASD_Scope_Run() OK
21131012-13:36:52:19765890=Enter API ASD_Scope_Reset_Before_Run() Port[0x00000004]
21131012-13:36:52:19765906=Enter CASD_SCOPE::Scope_Reset_Before_Run() 
21131012-13:36:52:19765937=Enter CSCOPE_WORKER::Scope_Reset_CH_Before_Run() 
21131012-13:36:52:19765953=Enter CSCOPE_COMM::resetScpComm()
21131012-13:36:53:19765968=COMM_HCT::SetScopeDecoder
21131012-13:36:53:19765984=Enter CSCOPE_COMM::resetScpComm() OK
21131012-13:36:53:19766000=Sample rate=8000, ScopeTimeSec=1, PM_Data_Size=800, 
21131012-13:36:53:19766015=CSCOPE_PACKET_PARSER::initAllocation(8)
21131012-13:36:53:19766046=Enter CScope_Decoder::Setup_Paraer()
21131012-13:36:53:19766062=Decide_CH_Get_Func() : CH[0] b32=1, CH_DataType=2 
21131012-13:36:53:19766093=Decide_CH_Get_Func() : CH[1] b32=1, CH_DataType=2
21131012-13:36:53:19766109=Decide_CH_Get_Func() : CH[2] b32=1, CH_DataType=2
21131012-13:36:53:19766125=Decide_CH_Get_Func() : CH[3] b32=1, CH_DataType=2
21131012-13:36:53:19766140=Decide_CH_Get_Func() : CH[4] b32=1, CH_DataType=2
21131012-13:36:53:19766156=Decide_CH_Get_Func() : CH[5] b32=1, CH_DataType=2
21131012-13:36:53:19766171=Decide_CH_Get_Func() : CH[6] b32=1, CH_DataType=2
21131012-13:36:53:19766187=Decide_CH_Get_Func() : CH[7] b32=1, CH_DataType=2
21131012-13:36:53:19766203=Enter CScope_Decoder::resetScpDecoder() OK
21131012-13:36:53:19766218=Scope_Reset_CH_Before_Run() time=0, 47, 219, 0 
21131012-13:36:53:19766234=Enter CSCOPE_WORKER::Scope_Reset_CH_Before_Run() OK
21131012-13:36:53:19766250=Enter CASD_SCOPE::Scope_Reset_Before_Run() OK! 
21131012-13:36:53:19766265=ASD_Scope_Reset_Before_Run() time=0, 344
21131012-13:36:53:19766281=ASD_Scope_Reset_Before_Run() OK
21131012-13:36:53:19766296=Enter COMM_HCT::Write_N_RTU()
21131012-13:37:1:19774296=Enter COMM_HCT::Write_N_RTU()
21131012-13:37:16:19789734=Enter API ASD_Scope_Stop() Port[0x00000004]
21131012-13:37:16:19789750=Enter CASD_SCOPE::Scope_Stop()
21131012-13:37:16:19789781=Enter CSCOPE_WORKER::StopScope()
21131012-13:37:16:19789796=Enter CSCOPE_COMM::WriteScopeCmd_Stop()
21131012-13:37:16:19789812=Enter CSCOPE_COMM::Close_ScpCmd()
21131012-13:37:16:19789828=Enter CSCOPE_COMM::StopScope()
21131012-13:37:16:19789843=Enter COMM_HCT::Write_N_RTU()
21131012-13:37:16:19789906=Enter COMM_HCT::Write_N_RTU()
21131012-13:37:16:19789921=mr_pCommASD->Write_N(3,8) time=0, 0
21131012-13:37:16:19789937=Enter CSCOPE_COMM::StopScope() OK
21131012-13:37:16:19789953=CSCOPE_COMM::Close_ScpCmd() time=125, 125
21131012-13:37:17:19789984=Enter CSCOPE_COMM::Close_ScpCmd() OK
21131012-13:37:17:19790000=Enter CSCOPE_COMM::WriteScopeCmd_Stop() OK
21131012-13:37:17:19790015=Enter CSCOPE_WORKER::StopScope() OK
21131012-13:37:17:19790031=Enter CASD_SCOPE::Scope_Stop() OK
21131012-13:37:17:19790046=Enter API ASD_Scope_Reset_Before_Run() Port[0x00000004]
21131012-13:37:17:19790062=Enter CASD_SCOPE::Scope_Reset_Before_Run() 
21131012-13:37:17:19790078=Enter CSCOPE_WORKER::Scope_Reset_CH_Before_Run() 
21131012-13:37:17:19790093=Enter CSCOPE_COMM::resetScpComm()
21131012-13:37:17:19790125=COMM_HCT::SetScopeDecoder
21131012-13:37:17:19790140=Enter CSCOPE_COMM::resetScpComm() OK
21131012-13:37:17:19790156=Sample rate=8000, ScopeTimeSec=1, PM_Data_Size=800, 
21131012-13:37:17:19790171=CSCOPE_PACKET_PARSER::initAllocation(8)
21131012-13:37:17:19790187=Enter CScope_Decoder::Setup_Paraer()
21131012-13:37:17:19790203=Decide_CH_Get_Func() : CH[0] b32=1, CH_DataType=2 
21131012-13:37:17:19790234=Decide_CH_Get_Func() : CH[1] b32=1, CH_DataType=2
21131012-13:37:17:19790250=Decide_CH_Get_Func() : CH[2] b32=1, CH_DataType=2
21131012-13:37:17:19790265=Decide_CH_Get_Func() : CH[3] b32=1, CH_DataType=2
21131012-13:37:17:19790281=Decide_CH_Get_Func() : CH[4] b32=1, CH_DataType=2
21131012-13:37:17:19790296=Decide_CH_Get_Func() : CH[5] b32=1, CH_DataType=2
21131012-13:37:17:19790312=Decide_CH_Get_Func() : CH[6] b32=1, CH_DataType=2
21131012-13:37:17:19790328=Enter CScope_Decoder::resetScpDecoder() OK
21131012-13:37:17:19790359=Scope_Reset_CH_Before_Run() time=0, 62, 203, 0 
21131012-13:37:17:19790375=Enter CSCOPE_WORKER::Scope_Reset_CH_Before_Run() OK
21131012-13:37:17:19790390=Enter CASD_SCOPE::Scope_Reset_Before_Run() OK! 
21131012-13:37:17:19790406=ASD_Scope_Reset_Before_Run() time=0, 328
21131012-13:37:17:19790421=ASD_Scope_Reset_Before_Run() OK
21131012-13:37:41:19814484=Enter COMM_HCT::Write_N_RTU()
21131012-13:37:57:19830265=Enter CASD_SCOPE::Scope_Stop()
21131012-13:37:57:19830296=Enter CSCOPE_WORKER::StopScope()
21131012-13:37:57:19830312=Enter CSCOPE_COMM::WriteScopeCmd_Stop()
21131012-13:37:57:19830328=Enter CSCOPE_COMM::Close_ScpCmd()
21131012-13:37:57:19830343=Enter CSCOPE_COMM::StopScope()
21131012-13:37:57:19830359=Enter COMM_HCT::Write_N_RTU()
21131012-13:37:57:19830437=Enter COMM_HCT::Write_N_RTU()
21131012-13:37:57:19830453=mr_pCommASD->Write_N(3,8) time=0, 0
21131012-13:37:57:19830468=Enter CSCOPE_COMM::StopScope() OK
21131012-13:37:57:19830484=CSCOPE_COMM::Close_ScpCmd() time=140, 140
21131012-13:37:57:19830500=Enter CSCOPE_COMM::Close_ScpCmd() OK
21131012-13:37:57:19830515=Enter CSCOPE_COMM::WriteScopeCmd_Stop() OK
21131012-13:37:57:19830531=Enter CSCOPE_WORKER::StopScope() OK
21131012-13:37:57:19830546=Enter CASD_SCOPE::Scope_Stop() OK
21131012-13:37:57:19830562=Enter API ASD_Scope_Reset_Before_Run() Port[0x00000004]
21131012-13:37:57:19830578=Enter CASD_SCOPE::Scope_Reset_Before_Run() 
21131012-13:37:57:19830593=Enter CSCOPE_WORKER::Scope_Reset_CH_Before_Run() 
21131012-13:37:57:19830609=Enter CSCOPE_COMM::resetScpComm()
21131012-13:37:57:19830625=COMM_HCT::SetScopeDecoder
21131012-13:37:57:19830640=Enter CSCOPE_COMM::resetScpComm() OK
21131012-13:37:57:19830656=Sample rate=8000, ScopeTimeSec=1, PM_Data_Size=800, 
21131012-13:37:57:19830671=CSCOPE_PACKET_PARSER::initAllocation(8)
21131012-13:37:57:19830703=Enter CScope_Decoder::Setup_Paraer()
21131012-13:37:57:19830718=Decide_CH_Get_Func() : CH[0] b32=1, CH_DataType=2 
21131012-13:37:57:19830750=Decide_CH_Get_Func() : CH[1] b32=1, CH_DataType=2
21131012-13:37:57:19830765=Decide_CH_Get_Func() : CH[2] b32=1, CH_DataType=2
21131012-13:37:57:19830781=Decide_CH_Get_Func() : CH[3] b32=1, CH_DataType=2
21131012-13:37:57:19830796=Decide_CH_Get_Func() : CH[4] b32=1, CH_DataType=2
21131012-13:37:57:19830812=Decide_CH_Get_Func() : CH[5] b32=1, CH_DataType=2
21131012-13:37:57:19830828=Decide_CH_Get_Func() : CH[6] b32=1, CH_DataType=2
21131012-13:37:57:19830843=Enter CScope_Decoder::resetScpDecoder() OK
21131012-13:37:57:19830875=Scope_Reset_CH_Before_Run() time=0, 47, 219, 0 
21131012-13:37:57:19830906=Enter CSCOPE_WORKER::Scope_Reset_CH_Before_Run() OK
21131012-13:37:57:19830921=Enter CASD_SCOPE::Scope_Reset_Before_Run() OK! 
21131012-13:37:57:19830937=ASD_Scope_Reset_Before_Run() time=0, 343
21131012-13:37:57:19830953=ASD_Scope_Reset_Before_Run() OK
