[Trace]
AppStart172882296=21131020-13:39:54 : APP StartDLL() 1.1.0.10(build20210909)
21131020-13:39:54:172882312=Enter API ASD_Allocate_Scope() Port[0x00000007]  Ver=1.1.0.10(build20210909)
21131020-13:39:54:172882421=Port Allocated OK!
21131020-13:39:54:172882437=Enter API ASD_Open_COMM_HCTL() Com[7]
21131020-13:39:54:172882468=DDBUG CCOMM_THREAD::start_thread  1
21131020-13:39:54:172882484=S2 COMM_HCTL::Com_Thread_Start() enter loop......

21131020-13:39:54:172882500=Enter CASD_SCOPE::SetCommObject()
21131020-13:39:54:172882546=initCommScope(): Dev(3, 7, 0), ScoptType=501, CH_Size=8, 
21131020-13:39:54:172882562=Scope_Second=1, Base_Second=20, nBufSize=160001, new_dDSP_Data_Ts=0.125000, strTimeFormat=%0.3f(ms)
21131020-13:39:54:172882578=Enter CASD_SCOPE::Scope_Write_Settings() 
21131020-13:39:54:172882593=Enter CSCOPE_WORKER::Scope_Write_Setting_Before_Run() 
21131020-13:39:54:172882609=Enter CSCOPE_COMM::resetScpComm()
21131020-13:39:54:172882625=COMM_HCT::SetScopeDecoder
21131020-13:39:54:172882640=Enter CSCOPE_COMM::resetScpComm() OK
21131020-13:39:54:172882656=CH[1] is 32Bit=1, CmdVal=0x0C598
21131020-13:39:54:172882671=CH[2] is 32Bit=1, CmdVal=0x0C59A
21131020-13:39:54:172882687=CH[3] is 32Bit=1, CmdVal=0x0C598
21131020-13:39:54:172882703=CH[4] is 32Bit=1, CmdVal=0x0C59A
21131020-13:39:54:172882718=CH[5] is 32Bit=1, CmdVal=0x0C59C
21131020-13:39:54:172882734=CH[6] is 32Bit=1, CmdVal=0x0C5AA
21131020-13:39:54:172882750=CH[7] is 32Bit=1, CmdVal=0x0C59C
21131020-13:39:54:172882765=Enter CSCOPE_WORKER::Arrange_CH_32bit() OK
21131020-13:39:54:172882781=Sample rate=8000, ScopeTimeSec=1, PM_Data_Size=800, 
21131020-13:39:54:172882796=CSCOPE_PACKET_PARSER::initAllocation(8)
21131020-13:39:54:172882812=Enter CScope_Decoder::Setup_Paraer()
21131020-13:39:54:172882828=Decide_CH_Get_Func() : CH[0] b32=1, CH_DataType=2 
21131020-13:39:54:172882859=Decide_CH_Get_Func() : CH[1] b32=1, CH_DataType=2
21131020-13:39:55:172882875=Decide_CH_Get_Func() : CH[2] b32=1, CH_DataType=2
21131020-13:39:55:172882890=Decide_CH_Get_Func() : CH[3] b32=1, CH_DataType=2
21131020-13:39:55:172882906=Decide_CH_Get_Func() : CH[4] b32=1, CH_DataType=2
21131020-13:39:55:172882921=Decide_CH_Get_Func() : CH[5] b32=1, CH_DataType=2
21131020-13:39:55:172882937=Decide_CH_Get_Func() : CH[6] b32=1, CH_DataType=2
21131020-13:39:55:172882953=Enter CScope_Decoder::resetScpDecoder() OK
21131020-13:39:55:172882984=   call m_pScpCom->WriteScopeCmd_Start()
21131020-13:39:55:172883000=CH1 P0-4 nCmdVal=0xC598(50584)

21131020-13:39:55:172883015=Enter COMM_HCT::Write_N_RTU()
21131020-13:39:55:172883031=CH2 P0-6 nCmdVal=0xC59A(50586)

21131020-13:39:55:172883046=Enter COMM_HCT::Write_N_RTU()
21131020-13:39:55:172883062=Enter COMM_HCT::Write_N_RTU()

21131020-13:39:55:172883078=Enter COMM_HCT::Write_N_RTU()

21131020-13:39:55:172883093=Enter COMM_HCT::Write_N_RTU()

21131020-13:39:55:172883109=Enter COMM_HCT::Write_N_RTU()

21131020-13:39:55:172883125=Enter COMM_HCT::Write_N_RTU()

21131020-13:39:55:172883140=Enter COMM_HCT::Write_N_RTU()

21131020-13:39:55:172883156=Enter CSCOPE_COMM::Write_CH_Cmd() OK
21131020-13:39:55:172883171=Enter CSCOPE_WORKER::WriteScopeCmd_Start() OK
21131020-13:39:55:172883187=Enter CASD_SCOPE::Scope_Run() OK! 
21131020-13:39:55:172883203=Enter API ASD_Scope_Run() OK
21131020-13:39:58:172886562=Enter CASD_SCOPE::Scope_Reset_Before_Run() 
21131020-13:39:58:172886593=Enter CSCOPE_WORKER::Scope_Reset_CH_Before_Run() 
21131020-13:39:58:172886609=Enter CSCOPE_COMM::resetScpComm()
21131020-13:39:58:172886625=COMM_HCT::SetScopeDecoder
21131020-13:39:58:172886640=Enter CSCOPE_COMM::resetScpComm() OK
21131020-13:39:58:172886656=Sample rate=8000, ScopeTimeSec=1, PM_Data_Size=800, 
21131020-13:39:58:172886671=CSCOPE_PACKET_PARSER::initAllocation(8)
21131020-13:39:58:172886687=Enter CScope_Decoder::Setup_Paraer()
21131020-13:39:58:172886703=Decide_CH_Get_Func() : CH[0] b32=1, CH_DataType=2 
21131020-13:39:58:172886718=Decide_CH_Get_Func() : CH[1] b32=1, CH_DataType=2
21131020-13:39:58:172886734=Decide_CH_Get_Func() : CH[2] b32=1, CH_DataType=2
21131020-13:39:58:172886750=Decide_CH_Get_Func() : CH[3] b32=1, CH_DataType=2
21131020-13:39:58:172886765=Decide_CH_Get_Func() : CH[4] b32=1, CH_DataType=2
21131020-13:39:58:172886781=Decide_CH_Get_Func() : CH[5] b32=1, CH_DataType=2
21131020-13:39:58:172886796=Decide_CH_Get_Func() : CH[6] b32=1, CH_DataType=2
21131020-13:39:58:172886812=Enter CScope_Decoder::resetScpDecoder() OK
21131020-13:39:58:172886843=Scope_Reset_CH_Before_Run() time=0, 47, 188, 0 
21131020-13:39:58:172886859=Enter CSCOPE_WORKER::Scope_Reset_CH_Before_Run() OK
21131020-13:39:59:172886875=Enter CASD_SCOPE::Scope_Reset_Before_Run() OK! 
21131020-13:39:59:172886890=ASD_Scope_Reset_Before_Run() time=0, 313
21131020-13:39:59:172886906=ASD_Scope_Reset_Before_Run() OK
21131020-13:39:59:172886921=Enter COMM_HCT::Write_N_RTU()
