[Trace]
AppStart193820906=21130322-14:21:29 : APP StartDLL() 1.1.0.10(build20210909)
21130322-14:21:29:193820906=Enter API ASD_Allocate_Scope() Port[0x00000008]  Ver=1.1.0.10(build20210909)
21130322-14:21:29:193821015=Port Allocated OK!
21130322-14:21:30:193821031=Enter API ASD_Open_COMM_HCTL() Com[8]
21130322-14:21:30:193821046=ASD_Open_COMM_HCTL() exception! :Open HCTL COMM failed!
AppStart193834812=21130322-14:21:43 : APP StartDLL() 1.1.0.10(build20210909)
21130322-14:21:43:193834828=Enter API ASD_Allocate_Scope() Port[0x00000008]  Ver=1.1.0.10(build20210909)
21130322-14:21:43:193834843=Port Allocated OK!
21130322-14:21:43:193834859=Enter API ASD_Open_COMM_HCTL() Com[8]
21130322-14:21:43:193834875=DDBUG CCOMM_THREAD::start_thread  1
21130322-14:21:43:193834890=S2 COMM_HCTL::Com_Thread_Start() enter loop......

21130322-14:21:43:193834906=Enter CASD_SCOPE::SetCommObject()
21130322-14:21:43:193834968=initCommScope(): Dev(3, 7, 0), ScoptType=501, CH_Size=8, 
21130322-14:21:43:193834984=Scope_Second=1, Base_Second=20, nBufSize=160001, new_dDSP_Data_Ts=0.125000, strTimeFormat=%0.3f(ms)
21130322-14:21:43:193835000=Enter CASD_SCOPE::Scope_Write_Settings() 
21130322-14:21:43:193835015=Enter CSCOPE_WORKER::Scope_Write_Setting_Before_Run() 
21130322-14:21:44:193835031=Enter CSCOPE_COMM::resetScpComm()
21130322-14:21:44:193835046=COMM_HCT::SetScopeDecoder
21130322-14:21:44:193835062=Enter CSCOPE_COMM::resetScpComm() OK
21130322-14:21:44:193835078=CH[1] is 32Bit=1, CmdVal=0x0C598
21130322-14:21:44:193835093=CH[2] is 32Bit=1, CmdVal=0x0C59A
21130322-14:21:44:193835109=CH[3] is 32Bit=1, CmdVal=0x0C598
21130322-14:21:44:193835125=CH[4] is 32Bit=1, CmdVal=0x0C59A
21130322-14:21:44:193835140=CH[5] is 32Bit=1, CmdVal=0x0C59C
21130322-14:21:44:193835156=CH[6] is 32Bit=1, CmdVal=0x0C5AA
21130322-14:21:44:193835171=CH[7] is 32Bit=1, CmdVal=0x0C59C
21130322-14:21:44:193835187=Enter CSCOPE_WORKER::Arrange_CH_32bit() OK
21130322-14:21:44:193835203=Sample rate=8000, ScopeTimeSec=1, PM_Data_Size=800, 
21130322-14:21:44:193835218=CSCOPE_PACKET_PARSER::initAllocation(8)
21130322-14:21:44:193835234=Enter CScope_Decoder::Setup_Paraer()
21130322-14:21:44:193835250=Decide_CH_Get_Func() : CH[0] b32=1, CH_DataType=2 
21130322-14:21:44:193835265=Decide_CH_Get_Func() : CH[1] b32=1, CH_DataType=2
21130322-14:21:44:193835281=Decide_CH_Get_Func() : CH[2] b32=1, CH_DataType=2
21130322-14:21:44:193835296=Decide_CH_Get_Func() : CH[3] b32=1, CH_DataType=2
21130322-14:21:44:193835312=Decide_CH_Get_Func() : CH[4] b32=1, CH_DataType=2
21130322-14:21:44:193835328=Decide_CH_Get_Func() : CH[5] b32=1, CH_DataType=2
21130322-14:21:44:193835343=Decide_CH_Get_Func() : CH[6] b32=1, CH_DataType=2
21130322-14:21:44:193835359=Enter CScope_Decoder::resetScpDecoder() OK
21130322-14:21:44:193835375=   call m_pScpCom->WriteScopeCmd_Start()
21130322-14:21:44:193835390=CH1 P0-4 nCmdVal=0xC598(50584)

21130322-14:21:44:193835406=CH2 P0-6 nCmdVal=0xC59A(50586)

21130322-14:21:44:193835421=Enter COMM_HCT::Write_N_RTU()
21130322-14:21:44:193835437=Enter COMM_HCT::Write_N_RTU()

21130322-14:21:44:193835453=Enter COMM_HCT::Write_N_RTU()

21130322-14:21:44:193835468=Enter COMM_HCT::Write_N_RTU()

21130322-14:21:44:193835484=Enter COMM_HCT::Write_N_RTU()

21130322-14:21:44:193835500=Enter COMM_HCT::Write_N_RTU()

21130322-14:21:44:193835515=Enter COMM_HCT::Write_N_RTU()

21130322-14:21:44:193835531=Enter CSCOPE_COMM::Write_CH_Cmd() OK
21130322-14:21:44:193835546=Enter CSCOPE_WORKER::WriteScopeCmd_Start() OK
21130322-14:21:44:193835562=Enter CASD_SCOPE::Scope_Run() OK! 
21130322-14:21:44:193835578=Enter API ASD_Scope_Run() OK
AppStart195201562=21130322-14:44:30 : APP StartDLL() 1.1.0.10(build20210909)
21130322-14:44:30:195201578=Enter API ASD_Allocate_Scope() Port[0x00000008]  Ver=1.1.0.10(build20210909)
21130322-14:44:30:195201656=Port Allocated OK!
21130322-14:44:30:195201671=Enter API ASD_Open_COMM_HCTL() Com[8]
21130322-14:44:30:195201687=DDBUG CCOMM_THREAD::start_thread  1
21130322-14:44:30:195201703=S2 COMM_HCTL::Com_Thread_Start() enter loop......

21130322-14:44:30:195201734=Enter CASD_SCOPE::SetCommObject()
21130322-14:44:30:195201781=initCommScope(): Dev(3, 7, 0), ScoptType=501, CH_Size=8, 
21130322-14:44:30:195201812=Scope_Second=1, Base_Second=20, nBufSize=160001, new_dDSP_Data_Ts=0.125000, strTimeFormat=%0.3f(ms)
21130322-14:44:30:195201828=Enter CASD_SCOPE::Scope_Write_Settings() 
21130322-14:44:30:195201843=Enter CSCOPE_WORKER::Scope_Write_Setting_Before_Run() 
21130322-14:44:30:195201859=Enter CSCOPE_COMM::resetScpComm()
21130322-14:44:30:195201875=COMM_HCT::SetScopeDecoder
21130322-14:44:30:195201890=Enter CSCOPE_COMM::resetScpComm() OK
21130322-14:44:30:195201906=CH[1] is 32Bit=1, CmdVal=0x0C598
21130322-14:44:30:195201937=CH[2] is 32Bit=1, CmdVal=0x0C59A
21130322-14:44:30:195201953=CH[3] is 32Bit=1, CmdVal=0x0C598
21130322-14:44:30:195201968=CH[4] is 32Bit=1, CmdVal=0x0C59A
21130322-14:44:30:195201984=CH[5] is 32Bit=1, CmdVal=0x0C59C
21130322-14:44:30:195202000=CH[6] is 32Bit=1, CmdVal=0x0C5AA
21130322-14:44:31:195202015=CH[7] is 32Bit=1, CmdVal=0x0C59C
21130322-14:44:31:195202031=Enter CSCOPE_WORKER::Arrange_CH_32bit() OK
21130322-14:44:31:195202046=Sample rate=8000, ScopeTimeSec=1, PM_Data_Size=800, 
21130322-14:44:31:195202062=CSCOPE_PACKET_PARSER::initAllocation(8)
21130322-14:44:31:195202078=Enter CScope_Decoder::Setup_Paraer()
21130322-14:44:31:195202093=Decide_CH_Get_Func() : CH[0] b32=1, CH_DataType=2 
21130322-14:44:31:195202125=Decide_CH_Get_Func() : CH[1] b32=1, CH_DataType=2
21130322-14:44:31:195202140=Decide_CH_Get_Func() : CH[2] b32=1, CH_DataType=2
21130322-14:44:31:195202156=Decide_CH_Get_Func() : CH[3] b32=1, CH_DataType=2
21130322-14:44:31:195202171=Decide_CH_Get_Func() : CH[4] b32=1, CH_DataType=2
21130322-14:44:31:195202187=Decide_CH_Get_Func() : CH[5] b32=1, CH_DataType=2
21130322-14:44:31:195202203=Decide_CH_Get_Func() : CH[6] b32=1, CH_DataType=2
21130322-14:44:31:195202218=Enter CScope_Decoder::resetScpDecoder() OK
21130322-14:44:31:195202234=   call m_pScpCom->WriteScopeCmd_Start()
21130322-14:44:31:195202250=CH1 P0-4 nCmdVal=0xC598(50584)

21130322-14:44:31:195202265=Enter COMM_HCT::Write_N_RTU()
21130322-14:44:31:195202281=Enter COMM_HCT::Write_N_RTU()

21130322-14:44:31:195202296=CH3 P0-5 nCmdVal=0xC598(50584)

21130322-14:44:31:195202312=Enter COMM_HCT::Write_N_RTU()
21130322-14:44:31:195202328=Enter COMM_HCT::Write_N_RTU()

21130322-14:44:31:195202343=Enter COMM_HCT::Write_N_RTU()

21130322-14:44:31:195202359=CH6 P0-67 nCmdVal=0xC5AA(50602)

21130322-14:44:31:195202375=CH7 P0-66 nCmdVal=0xC59C(50588)

21130322-14:44:31:195202390=Enter COMM_HCT::Write_N_RTU()
21130322-14:44:31:195202406=Enter COMM_HCT::Write_N_RTU()

21130322-14:44:31:195202437=Enter CSCOPE_COMM::Write_CH_Cmd() OK
21130322-14:44:31:195202453=Enter CSCOPE_WORKER::WriteScopeCmd_Start() OK
21130322-14:44:31:195202468=Enter CASD_SCOPE::Scope_Run() OK! 
21130322-14:44:31:195202484=Enter API ASD_Scope_Run() OK
AppStart195311812=21130322-14:46:20 : APP StartDLL() 1.1.0.10(build20210909)
21130322-14:46:20:195311843=Enter API ASD_Allocate_Scope() Port[0x00000008]  Ver=1.1.0.10(build20210909)
21130322-14:46:20:195311968=Port Allocated OK!
21130322-14:46:20:195311984=Enter API ASD_Open_COMM_HCTL() Com[8]
21130322-14:46:21:195312000=DDBUG CCOMM_THREAD::start_thread  1
21130322-14:46:21:195312031=S2 COMM_HCTL::Com_Thread_Start() enter loop......

21130322-14:46:21:195312062=Enter CASD_SCOPE::SetCommObject()
21130322-14:46:21:195312156=initCommScope(): Dev(3, 7, 0), ScoptType=501, CH_Size=8, 
21130322-14:46:21:195312187=Scope_Second=1, Base_Second=20, nBufSize=160001, new_dDSP_Data_Ts=0.125000, strTimeFormat=%0.3f(ms)
21130322-14:46:21:195312203=Enter CASD_SCOPE::Scope_Write_Settings() 
21130322-14:46:21:195312218=Enter CSCOPE_WORKER::Scope_Write_Setting_Before_Run() 
21130322-14:46:21:195312250=Enter CSCOPE_COMM::resetScpComm()
21130322-14:46:21:195312265=COMM_HCT::SetScopeDecoder
21130322-14:46:21:195312296=Enter CSCOPE_COMM::resetScpComm() OK
21130322-14:46:21:195312312=Enter CSCOPE_WORKER::Arrange_CH_32bit()
21130322-14:46:21:195312343=CH[1] is 32Bit=1, CmdVal=0x0C598
21130322-14:46:21:195312375=CH[2] is 32Bit=1, CmdVal=0x0C59A
21130322-14:46:21:195312390=CH[3] is 32Bit=1, CmdVal=0x0C598
21130322-14:46:21:195312406=CH[4] is 32Bit=1, CmdVal=0x0C59A
21130322-14:46:21:195312421=CH[5] is 32Bit=1, CmdVal=0x0C59C
21130322-14:46:21:195312453=CH[6] is 32Bit=1, CmdVal=0x0C5AA
21130322-14:46:21:195312468=CH[7] is 32Bit=1, CmdVal=0x0C59C
21130322-14:46:21:195312515=Enter CSCOPE_WORKER::Arrange_CH_32bit() OK
21130322-14:46:21:195312546=Sample rate=8000, ScopeTimeSec=1, PM_Data_Size=800, 
21130322-14:46:21:195312578=CSCOPE_PACKET_PARSER::initAllocation(8)
21130322-14:46:21:195312593=Enter CScope_Decoder::Setup_Paraer()
21130322-14:46:21:195312625=Decide_CH_Get_Func() : CH[0] b32=1, CH_DataType=2 
21130322-14:46:21:195312656=Decide_CH_Get_Func() : CH[1] b32=1, CH_DataType=2
21130322-14:46:21:195312671=Decide_CH_Get_Func() : CH[2] b32=1, CH_DataType=2
21130322-14:46:21:195312687=Decide_CH_Get_Func() : CH[3] b32=1, CH_DataType=2
21130322-14:46:21:195312703=Decide_CH_Get_Func() : CH[4] b32=1, CH_DataType=2
21130322-14:46:21:195312718=Decide_CH_Get_Func() : CH[5] b32=1, CH_DataType=2
21130322-14:46:21:195312734=Decide_CH_Get_Func() : CH[6] b32=1, CH_DataType=2
21130322-14:46:21:195312750=Enter CScope_Decoder::resetScpDecoder() OK
21130322-14:46:21:195312781=   call m_pScpCom->WriteScopeCmd_Start()
21130322-14:46:21:195312796=CH1 P0-4 nCmdVal=0xC598(50584)

21130322-14:46:21:195312812=Enter COMM_HCT::Write_N_RTU()
21130322-14:46:21:195312843=Enter COMM_HCT::Write_N_RTU()

21130322-14:46:21:195312859=CH3 P0-5 nCmdVal=0xC598(50584)

21130322-14:46:21:195312875=Enter COMM_HCT::Write_N_RTU()
21130322-14:46:21:195312890=CH4 P0-7 nCmdVal=0xC59A(50586)

21130322-14:46:21:195312906=Enter COMM_HCT::Write_N_RTU()
21130322-14:46:21:195312921=CH5 P0-65 nCmdVal=0xC59C(50588)

21130322-14:46:21:195312937=CH6 P0-67 nCmdVal=0xC5AA(50602)

21130322-14:46:21:195312953=Enter COMM_HCT::Write_N_RTU()
21130322-14:46:21:195312968=Enter COMM_HCT::Write_N_RTU()

21130322-14:46:21:195312984=CH8 P0-68 nCmdVal=0xC5AA(50602)

21130322-14:46:22:195312984=Enter COMM_HCT::Write_N_RTU()
21130322-14:46:22:195313015=Enter CSCOPE_COMM::Write_CH_Cmd() OK
21130322-14:46:22:195313031=Enter CSCOPE_WORKER::WriteScopeCmd_Start() OK
21130322-14:46:22:195313046=Enter CASD_SCOPE::Scope_Run() OK! 
21130322-14:46:22:195313062=Enter API ASD_Scope_Run() OK
21130322-14:46:24:195315187=Enter CASD_SCOPE::Scope_Reset_Before_Run() 
21130322-14:46:24:195315218=Enter CSCOPE_WORKER::Scope_Reset_CH_Before_Run() 
21130322-14:46:24:195315234=Enter CSCOPE_COMM::resetScpComm()
21130322-14:46:24:195315250=COMM_HCT::SetScopeDecoder
21130322-14:46:24:195315265=Enter CSCOPE_COMM::resetScpComm() OK
21130322-14:46:24:195315281=Sample rate=8000, ScopeTimeSec=1, PM_Data_Size=800, 
21130322-14:46:24:195315296=CSCOPE_PACKET_PARSER::initAllocation(8)
21130322-14:46:24:195315312=Enter CScope_Decoder::Setup_Paraer()
21130322-14:46:24:195315328=Decide_CH_Get_Func() : CH[0] b32=1, CH_DataType=2 
21130322-14:46:24:195315359=Decide_CH_Get_Func() : CH[1] b32=1, CH_DataType=2
21130322-14:46:24:195315375=Decide_CH_Get_Func() : CH[2] b32=1, CH_DataType=2
21130322-14:46:24:195315390=Decide_CH_Get_Func() : CH[3] b32=1, CH_DataType=2
21130322-14:46:24:195315406=Decide_CH_Get_Func() : CH[4] b32=1, CH_DataType=2
21130322-14:46:24:195315421=Decide_CH_Get_Func() : CH[5] b32=1, CH_DataType=2
21130322-14:46:24:195315437=Decide_CH_Get_Func() : CH[6] b32=1, CH_DataType=2
21130322-14:46:24:195315453=Enter CScope_Decoder::resetScpDecoder() OK
21130322-14:46:24:195315468=Scope_Reset_CH_Before_Run() time=0, 47, 188, 0 
21130322-14:46:24:195315484=Enter CSCOPE_WORKER::Scope_Reset_CH_Before_Run() OK
21130322-14:46:24:195315500=Enter CASD_SCOPE::Scope_Reset_Before_Run() OK! 
21130322-14:46:24:195315515=ASD_Scope_Reset_Before_Run() time=0, 313
21130322-14:46:24:195315531=ASD_Scope_Reset_Before_Run() OK
21130322-14:46:24:195315546=Enter COMM_HCT::Write_N_RTU()
21130322-14:47:6:195357343=Enter COMM_HCT::Write_N_RTU()
21130322-14:47:39:195390343=Enter API ASD_Scope_Stop() Port[0x00000008]
21130322-14:47:39:195390359=Enter CASD_SCOPE::Scope_Stop()
21130322-14:47:39:195390390=Enter CSCOPE_WORKER::StopScope()
21130322-14:47:39:195390406=Enter CSCOPE_COMM::WriteScopeCmd_Stop()
21130322-14:47:39:195390421=Enter CSCOPE_COMM::Close_ScpCmd()
21130322-14:47:39:195390437=Enter CSCOPE_COMM::StopScope()
21130322-14:47:39:195390453=Enter COMM_HCT::Write_N_RTU()
21130322-14:47:39:195390515=Enter COMM_HCT::Write_N_RTU()
21130322-14:47:39:195390531=mr_pCommASD->Write_N(3,8) time=0, 0
21130322-14:47:39:195390546=Enter CSCOPE_COMM::StopScope() OK
21130322-14:47:39:195390562=CSCOPE_COMM::Close_ScpCmd() time=125, 125
21130322-14:47:39:195390578=Enter CSCOPE_COMM::Close_ScpCmd() OK
21130322-14:47:39:195390593=Enter CSCOPE_COMM::WriteScopeCmd_Stop() OK
21130322-14:47:39:195390609=Enter CSCOPE_WORKER::StopScope() OK
21130322-14:47:39:195390625=Enter CASD_SCOPE::Scope_Stop() OK
21130322-14:47:39:195390640=Enter API ASD_Scope_Reset_Before_Run() Port[0x00000008]
21130322-14:47:39:195390656=Enter CASD_SCOPE::Scope_Reset_Before_Run() 
21130322-14:47:39:195390671=Enter CSCOPE_WORKER::Scope_Reset_CH_Before_Run() 
21130322-14:47:39:195390687=Enter CSCOPE_COMM::resetScpComm()
21130322-14:47:39:195390703=COMM_HCT::SetScopeDecoder
21130322-14:47:39:195390718=Enter CSCOPE_COMM::resetScpComm() OK
21130322-14:47:39:195390734=Sample rate=8000, ScopeTimeSec=1, PM_Data_Size=800, 
21130322-14:47:39:195390750=CSCOPE_PACKET_PARSER::initAllocation(8)
21130322-14:47:39:195390765=Enter CScope_Decoder::Setup_Paraer()
21130322-14:47:39:195390781=Decide_CH_Get_Func() : CH[0] b32=1, CH_DataType=2 
21130322-14:47:39:195390812=Decide_CH_Get_Func() : CH[1] b32=1, CH_DataType=2
21130322-14:47:39:195390843=Decide_CH_Get_Func() : CH[2] b32=1, CH_DataType=2
21130322-14:47:39:195390859=Decide_CH_Get_Func() : CH[3] b32=1, CH_DataType=2
21130322-14:47:39:195390875=Decide_CH_Get_Func() : CH[4] b32=1, CH_DataType=2
21130322-14:47:39:195390890=Decide_CH_Get_Func() : CH[5] b32=1, CH_DataType=2
21130322-14:47:39:195390906=Decide_CH_Get_Func() : CH[6] b32=1, CH_DataType=2
21130322-14:47:39:195390921=Enter CScope_Decoder::resetScpDecoder() OK
21130322-14:47:39:195390953=Scope_Reset_CH_Before_Run() time=0, 47, 219, 0 
21130322-14:47:39:195390968=Enter CSCOPE_WORKER::Scope_Reset_CH_Before_Run() OK
21130322-14:47:39:195390984=Enter CASD_SCOPE::Scope_Reset_Before_Run() OK! 
21130322-14:47:40:195391000=ASD_Scope_Reset_Before_Run() time=0, 328
21130322-14:47:40:195391015=ASD_Scope_Reset_Before_Run() OK
AppStart106523593=21130324-16:49:15 : APP StartDLL() 1.1.0.10(build20210909)
21130324-16:49:15:106523625=Enter API ASD_Allocate_Scope() Port[0x00000008]  Ver=1.1.0.10(build20210909)
21130324-16:49:15:106523781=Port Allocated OK!
21130324-16:49:15:106523812=Enter API ASD_Open_COMM_HCTL() Com[8]
21130324-16:49:15:106523859=DDBUG CCOMM_THREAD::start_thread  1
21130324-16:49:15:106523875=DDBUG CCOMM_THREAD::start_thread  end
21130324-16:49:15:106523890=S2 COMM_HCTL::Com_Thread_Start() enter loop......

21130324-16:49:15:106523921=Enter CASD_SCOPE::SetCommObject()
21130324-16:49:16:106524046=initCommScope(): Dev(3, 7, 0), ScoptType=501, CH_Size=8, 
21130324-16:49:16:106524171=Scope_Second=1, Base_Second=20, nBufSize=160001, new_dDSP_Data_Ts=0.125000, strTimeFormat=%0.3f(ms)
21130324-16:49:16:106524203=Enter CASD_SCOPE::Scope_Write_Settings() 
21130324-16:49:16:106524234=Enter CSCOPE_WORKER::Scope_Write_Setting_Before_Run() 
21130324-16:49:16:106524281=Enter CSCOPE_COMM::resetScpComm()
21130324-16:49:16:106524328=COMM_HCT::SetScopeDecoder
21130324-16:49:16:106524343=Enter CSCOPE_COMM::resetScpComm() OK
21130324-16:49:16:106524406=Enter CSCOPE_WORKER::Arrange_CH_32bit()
21130324-16:49:16:106524468=CH[1] is 32Bit=1, CmdVal=0x0C598
21130324-16:49:16:106524484=CH[2] is 32Bit=1, CmdVal=0x0C59A
21130324-16:49:16:106524531=CH[3] is 32Bit=1, CmdVal=0x0C598
21130324-16:49:16:106524593=CH[4] is 32Bit=1, CmdVal=0x0C59A
21130324-16:49:16:106524640=CH[5] is 32Bit=1, CmdVal=0x0C59C
21130324-16:49:16:106524671=CH[6] is 32Bit=1, CmdVal=0x0C5AA
21130324-16:49:16:106524703=CH[7] is 32Bit=1, CmdVal=0x0C59C
21130324-16:49:16:106524734=CH[8] is 32Bit=1, CmdVal=0x0C5AA
21130324-16:49:16:106524765=Enter CSCOPE_WORKER::Arrange_CH_32bit() OK
21130324-16:49:16:106524796=Enter CScope_Decoder::resetScpDecoder() 
21130324-16:49:16:106524812=Sample rate=8000, ScopeTimeSec=1, PM_Data_Size=800,
21130324-16:49:16:106524843=CSCOPE_PACKET_PARSER::initAllocation(8)
21130324-16:49:16:106524875=Enter CScope_Decoder::Setup_Paraer()
21130324-16:49:16:106524906=Decide_CH_Get_Func() : CH[0] b32=1, CH_DataType=2 
21130324-16:49:16:106524937=Decide_CH_Get_Func() : CH[1] b32=1, CH_DataType=2
21130324-16:49:16:106524968=Decide_CH_Get_Func() : CH[2] b32=1, CH_DataType=2
21130324-16:49:17:106525015=Decide_CH_Get_Func() : CH[3] b32=1, CH_DataType=2
21130324-16:49:17:106525046=Decide_CH_Get_Func() : CH[4] b32=1, CH_DataType=2
21130324-16:49:17:106525078=Decide_CH_Get_Func() : CH[5] b32=1, CH_DataType=2
21130324-16:49:17:106525125=Decide_CH_Get_Func() : CH[6] b32=1, CH_DataType=2
21130324-16:49:17:106525140=Decide_CH_Get_Func() : CH[7] b32=1, CH_DataType=2
21130324-16:49:17:106525171=Enter CScope_Decoder::resetScpDecoder() OK
21130324-16:49:17:106525187=   call m_pScpCom->WriteScopeCmd_Start()
21130324-16:49:17:106525234=Enter CSCOPE_COMM::Write_CH_Cmd()
21130324-16:49:17:106525250=CH1 P0-4 nCmdVal=0xC598(50584)

21130324-16:49:17:106525265=Enter COMM_HCT::Write_N_RTU()
21130324-16:49:17:106525312=CH2 P0-6 nCmdVal=0xC59A(50586)

21130324-16:49:17:106525328=Enter COMM_HCT::Write_N_RTU()
21130324-16:49:17:106525375=CH3 P0-5 nCmdVal=0xC598(50584)

21130324-16:49:17:106525406=Enter COMM_HCT::Write_N_RTU()
21130324-16:49:17:106525421=CH4 P0-7 nCmdVal=0xC59A(50586)

21130324-16:49:17:106525453=Enter COMM_HCT::Write_N_RTU()
21130324-16:49:17:106525500=CH5 P0-65 nCmdVal=0xC59C(50588)

21130324-16:49:17:106525531=Enter COMM_HCT::Write_N_RTU()
21130324-16:49:17:106525562=CH6 P0-67 nCmdVal=0xC5AA(50602)

21130324-16:49:17:106525578=Enter COMM_HCT::Write_N_RTU()
21130324-16:49:17:106525593=CH7 P0-66 nCmdVal=0xC59C(50588)

21130324-16:49:17:106525625=Enter COMM_HCT::Write_N_RTU()
21130324-16:49:17:106525656=Enter COMM_HCT::Write_N_RTU()

21130324-16:49:17:106525687=Enter CSCOPE_COMM::Write_CH_Cmd() OK
21130324-16:49:17:106525734=Enter CSCOPE_WORKER::WriteScopeCmd_Start() OK
21130324-16:49:17:106525765=Enter CASD_SCOPE::Scope_Run() OK! 
21130324-16:49:17:106525796=Enter API ASD_Scope_Run() OK
21130324-16:49:22:106530609=Enter CASD_SCOPE::Scope_Reset_Before_Run() 
21130324-16:49:22:106530640=Enter CSCOPE_WORKER::Scope_Reset_CH_Before_Run() 
21130324-16:49:22:106530656=Enter CSCOPE_COMM::resetScpComm()
21130324-16:49:22:106530671=COMM_HCT::SetScopeDecoder
21130324-16:49:22:106530687=Enter CSCOPE_COMM::resetScpComm() OK
21130324-16:49:22:106530703=Sample rate=8000, ScopeTimeSec=1, PM_Data_Size=800, 
21130324-16:49:22:106530718=CSCOPE_PACKET_PARSER::initAllocation(8)
21130324-16:49:22:106530750=Enter CScope_Decoder::Setup_Paraer()
21130324-16:49:22:106530765=Decide_CH_Get_Func() : CH[0] b32=1, CH_DataType=2 
21130324-16:49:22:106530796=Decide_CH_Get_Func() : CH[1] b32=1, CH_DataType=2
21130324-16:49:22:106530812=Decide_CH_Get_Func() : CH[2] b32=1, CH_DataType=2
21130324-16:49:22:106530828=Decide_CH_Get_Func() : CH[3] b32=1, CH_DataType=2
21130324-16:49:22:106530843=Decide_CH_Get_Func() : CH[4] b32=1, CH_DataType=2
21130324-16:49:22:106530859=Decide_CH_Get_Func() : CH[5] b32=1, CH_DataType=2
21130324-16:49:22:106530875=Decide_CH_Get_Func() : CH[6] b32=1, CH_DataType=2
21130324-16:49:22:106530890=Enter CScope_Decoder::resetScpDecoder() OK
21130324-16:49:22:106530921=Scope_Reset_CH_Before_Run() time=0, 47, 219, 0 
21130324-16:49:22:106530937=Enter CSCOPE_WORKER::Scope_Reset_CH_Before_Run() OK
21130324-16:49:22:106530953=Enter CASD_SCOPE::Scope_Reset_Before_Run() OK! 
21130324-16:49:22:106530968=ASD_Scope_Reset_Before_Run() time=0, 344
21130324-16:49:23:106530984=ASD_Scope_Reset_Before_Run() OK
21130324-16:49:23:106531000=Enter COMM_HCT::Write_N_RTU()
21130324-16:49:39:106547875=Enter API ASD_Scope_Stop() Port[0x00000008]
21130324-16:49:39:106547890=Enter CASD_SCOPE::Scope_Stop()
21130324-16:49:39:106547921=Enter CSCOPE_WORKER::StopScope()
21130324-16:49:39:106547953=Enter CSCOPE_COMM::WriteScopeCmd_Stop()
21130324-16:49:39:106547968=Enter CSCOPE_COMM::Close_ScpCmd()
21130324-16:49:40:106547984=Enter CSCOPE_COMM::StopScope()
21130324-16:49:40:106548000=Enter COMM_HCT::Write_N_RTU()
21130324-16:49:40:106548078=Enter COMM_HCT::Write_N_RTU()
21130324-16:49:40:106548109=mr_pCommASD->Write_N(3,8) time=15, 15
21130324-16:49:40:106548125=Enter CSCOPE_COMM::StopScope() OK
21130324-16:49:40:106548156=CSCOPE_COMM::Close_ScpCmd() time=172, 172
21130324-16:49:40:106548171=Enter CSCOPE_COMM::Close_ScpCmd() OK
21130324-16:49:40:106548187=Enter CSCOPE_COMM::WriteScopeCmd_Stop() OK
21130324-16:49:40:106548218=Enter CSCOPE_WORKER::StopScope() OK
21130324-16:49:40:106548250=Enter CASD_SCOPE::Scope_Stop() OK
21130324-16:49:40:106548265= API ASD_Scope_Stop() OK
21130324-16:49:40:106548281=Enter API ASD_Close_COMM() Port[0x00000008]
21130324-16:49:40:106548312=COMM_HCTL::Com_Thread_Start() loop end! 

21130324-16:49:40:106548343=Enter API ASD_Free_Scope() Port[0x00000008]
21130324-16:49:40:106548375=Call CASD_SCOPE::Close_COMM()
21130324-16:49:40:106548390=Call CASD_SCOPE::Close_COMM()
AppEnd106548406=21130324-16:49:40 : call EndLog Port[0x00000008]
AppStart21653593=21130327-14:3:21 : APP StartDLL() 1.1.0.10(build20210909)
21130327-14:3:21:21653625=Enter API ASD_Allocate_Scope() Port[0x0000000C]  Ver=1.1.0.10(build20210909)
21130327-14:3:21:21653718=Port Allocated OK!
21130327-14:3:21:21653765=Enter API ASD_Open_COMM_HCTL() Com[12]
21130327-14:3:21:21653796=DDBUG CCOMM_THREAD::start_thread  1
21130327-14:3:21:21653828=S2 COMM_HCTL::Com_Thread_Start() enter loop......

21130327-14:3:21:21653859=Enter CASD_SCOPE::SetCommObject()
21130327-14:3:22:21654000=initCommScope(): Dev(3, 7, 0), ScoptType=501, CH_Size=8, 
21130327-14:3:22:21654015=Scope_Second=1, Base_Second=20, nBufSize=160001, new_dDSP_Data_Ts=0.125000, strTimeFormat=%0.3f(ms)
21130327-14:3:22:21654046=Enter CASD_SCOPE::Scope_Write_Settings() 
21130327-14:3:22:21654078=Enter CSCOPE_WORKER::Scope_Write_Setting_Before_Run() 
21130327-14:3:22:21654093=Enter CSCOPE_COMM::resetScpComm()
21130327-14:3:22:21654109=COMM_HCT::SetScopeDecoder
21130327-14:3:22:21654125=Enter CSCOPE_COMM::resetScpComm() OK
21130327-14:3:22:21654140=CH[1] is 32Bit=1, CmdVal=0x0C598
21130327-14:3:22:21654171=CH[2] is 32Bit=1, CmdVal=0x0C59A
21130327-14:3:22:21654187=CH[3] is 32Bit=1, CmdVal=0x0C598
21130327-14:3:22:21654203=CH[4] is 32Bit=1, CmdVal=0x0C59A
21130327-14:3:22:21654218=CH[5] is 32Bit=1, CmdVal=0x0C59C
21130327-14:3:22:21654234=CH[6] is 32Bit=1, CmdVal=0x0C5AA
21130327-14:3:22:21654250=CH[7] is 32Bit=1, CmdVal=0x0C59C
21130327-14:3:22:21654265=Enter CSCOPE_WORKER::Arrange_CH_32bit() OK
21130327-14:3:22:21654296=Sample rate=8000, ScopeTimeSec=1, PM_Data_Size=800, 
21130327-14:3:22:21654312=CSCOPE_PACKET_PARSER::initAllocation(8)
21130327-14:3:22:21654328=Enter CScope_Decoder::Setup_Paraer()
21130327-14:3:22:21654343=Decide_CH_Get_Func() : CH[0] b32=1, CH_DataType=2 
21130327-14:3:22:21654406=Decide_CH_Get_Func() : CH[1] b32=1, CH_DataType=2
21130327-14:3:22:21654453=Decide_CH_Get_Func() : CH[2] b32=1, CH_DataType=2
21130327-14:3:22:21654484=Decide_CH_Get_Func() : CH[3] b32=1, CH_DataType=2
21130327-14:3:22:21654531=Decide_CH_Get_Func() : CH[4] b32=1, CH_DataType=2
21130327-14:3:22:21654562=Decide_CH_Get_Func() : CH[5] b32=1, CH_DataType=2
21130327-14:3:22:21654578=Decide_CH_Get_Func() : CH[6] b32=1, CH_DataType=2
21130327-14:3:22:21654609=Enter CScope_Decoder::resetScpDecoder() OK
21130327-14:3:22:21654640=   call m_pScpCom->WriteScopeCmd_Start()
21130327-14:3:22:21654671=Enter CSCOPE_COMM::Write_CH_Cmd()
21130327-14:3:22:21654687=CH1 P0-4 nCmdVal=0xC598(50584)

21130327-14:3:22:21654703=CH2 P0-6 nCmdVal=0xC59A(50586)

21130327-14:3:22:21654718=Enter COMM_HCT::Write_N_RTU()
21130327-14:3:22:21654734=CH3 P0-5 nCmdVal=0xC598(50584)

21130327-14:3:22:21654750=Enter COMM_HCT::Write_N_RTU()
21130327-14:3:22:21654781=Enter COMM_HCT::Write_N_RTU()

21130327-14:3:22:21654812=Enter COMM_HCT::Write_N_RTU()

21130327-14:3:22:21654828=CH6 P0-67 nCmdVal=0xC5AA(50602)

21130327-14:3:22:21654843=Enter COMM_HCT::Write_N_RTU()
21130327-14:3:22:21654859=CH7 P0-66 nCmdVal=0xC59C(50588)

21130327-14:3:22:21654875=Enter COMM_HCT::Write_N_RTU()
21130327-14:3:23:21654890=CH8 P0-68 nCmdVal=0xC5AA(50602)

21130327-14:3:23:21654906=Enter COMM_HCT::Write_N_RTU()
21130327-14:3:23:21654937=Enter CSCOPE_COMM::Write_CH_Cmd() OK
21130327-14:3:23:21654953=Enter CSCOPE_WORKER::WriteScopeCmd_Start() OK
21130327-14:3:23:21654968=Enter CASD_SCOPE::Scope_Run() OK! 
21130327-14:3:23:21654984=Enter API ASD_Scope_Run() OK
21130327-14:3:25:21657265=Enter CASD_SCOPE::Scope_Reset_Before_Run() 
21130327-14:3:25:21657296=Enter CSCOPE_WORKER::Scope_Reset_CH_Before_Run() 
21130327-14:3:25:21657312=Enter CSCOPE_COMM::resetScpComm()
21130327-14:3:25:21657328=COMM_HCT::SetScopeDecoder
21130327-14:3:25:21657343=Enter CSCOPE_COMM::resetScpComm() OK
21130327-14:3:25:21657359=Sample rate=8000, ScopeTimeSec=1, PM_Data_Size=800, 
21130327-14:3:25:21657375=CSCOPE_PACKET_PARSER::initAllocation(8)
21130327-14:3:25:21657390=Enter CScope_Decoder::Setup_Paraer()
21130327-14:3:25:21657406=Decide_CH_Get_Func() : CH[0] b32=1, CH_DataType=2 
21130327-14:3:25:21657421=Decide_CH_Get_Func() : CH[1] b32=1, CH_DataType=2
21130327-14:3:25:21657437=Decide_CH_Get_Func() : CH[2] b32=1, CH_DataType=2
21130327-14:3:25:21657453=Decide_CH_Get_Func() : CH[3] b32=1, CH_DataType=2
21130327-14:3:25:21657468=Decide_CH_Get_Func() : CH[4] b32=1, CH_DataType=2
21130327-14:3:25:21657484=Decide_CH_Get_Func() : CH[5] b32=1, CH_DataType=2
21130327-14:3:25:21657500=Decide_CH_Get_Func() : CH[6] b32=1, CH_DataType=2
21130327-14:3:25:21657515=Enter CScope_Decoder::resetScpDecoder() OK
21130327-14:3:25:21657546=Scope_Reset_CH_Before_Run() time=0, 47, 188, 0 
21130327-14:3:25:21657562=Enter CSCOPE_WORKER::Scope_Reset_CH_Before_Run() OK
21130327-14:3:25:21657578=Enter CASD_SCOPE::Scope_Reset_Before_Run() OK! 
21130327-14:3:25:21657593=ASD_Scope_Reset_Before_Run() time=0, 313
21130327-14:3:25:21657609=ASD_Scope_Reset_Before_Run() OK
21130327-14:3:25:21657625=Enter COMM_HCT::Write_N_RTU()
21130327-14:3:33:21665671=Enter COMM_HCT::Write_N_RTU()
21130327-14:4:6:21698640=Enter API ASD_Scope_Stop() Port[0x0000000C]
21130327-14:4:6:21698656=Enter CASD_SCOPE::Scope_Stop()
21130327-14:4:6:21698671=Enter CSCOPE_WORKER::StopScope()
21130327-14:4:6:21698687=Enter CSCOPE_COMM::WriteScopeCmd_Stop()
21130327-14:4:6:21698703=Enter CSCOPE_COMM::Close_ScpCmd()
21130327-14:4:6:21698718=Enter CSCOPE_COMM::StopScope()
21130327-14:4:6:21698734=Enter COMM_HCT::Write_N_RTU()
21130327-14:4:6:21698796=Enter COMM_HCT::Write_N_RTU()
21130327-14:4:6:21698812=mr_pCommASD->Write_N(3,8) time=0, 0
21130327-14:4:6:21698828=Enter CSCOPE_COMM::StopScope() OK
21130327-14:4:6:21698843=CSCOPE_COMM::Close_ScpCmd() time=125, 125
21130327-14:4:6:21698859=Enter CSCOPE_COMM::Close_ScpCmd() OK
21130327-14:4:6:21698875=Enter CSCOPE_COMM::WriteScopeCmd_Stop() OK
21130327-14:4:6:21698890=Enter CSCOPE_WORKER::StopScope() OK
21130327-14:4:7:21698906=Enter CASD_SCOPE::Scope_Stop() OK
21130327-14:4:7:21698921=Enter API ASD_Scope_Reset_Before_Run() Port[0x0000000C]
21130327-14:4:7:21698937=Enter CASD_SCOPE::Scope_Reset_Before_Run() 
21130327-14:4:7:21698953=Enter CSCOPE_WORKER::Scope_Reset_CH_Before_Run() 
21130327-14:4:7:21698968=Enter CSCOPE_COMM::resetScpComm()
21130327-14:4:7:21698984=COMM_HCT::SetScopeDecoder
21130327-14:4:7:21699000=Enter CSCOPE_COMM::resetScpComm() OK
21130327-14:4:7:21699015=Sample rate=8000, ScopeTimeSec=1, PM_Data_Size=800, 
21130327-14:4:7:21699031=CSCOPE_PACKET_PARSER::initAllocation(8)
21130327-14:4:7:21699046=Enter CScope_Decoder::Setup_Paraer()
21130327-14:4:7:21699062=Decide_CH_Get_Func() : CH[0] b32=1, CH_DataType=2 
21130327-14:4:7:21699093=Decide_CH_Get_Func() : CH[1] b32=1, CH_DataType=2
21130327-14:4:7:21699109=Decide_CH_Get_Func() : CH[2] b32=1, CH_DataType=2
21130327-14:4:7:21699125=Decide_CH_Get_Func() : CH[3] b32=1, CH_DataType=2
21130327-14:4:7:21699140=Decide_CH_Get_Func() : CH[4] b32=1, CH_DataType=2
21130327-14:4:7:21699156=Decide_CH_Get_Func() : CH[5] b32=1, CH_DataType=2
21130327-14:4:7:21699171=Decide_CH_Get_Func() : CH[6] b32=1, CH_DataType=2
21130327-14:4:7:21699187=Enter CScope_Decoder::resetScpDecoder() OK
21130327-14:4:7:21699203=Scope_Reset_CH_Before_Run() time=0, 47, 187, 0 
21130327-14:4:7:21699218=Enter CSCOPE_WORKER::Scope_Reset_CH_Before_Run() OK
21130327-14:4:7:21699234=Enter CASD_SCOPE::Scope_Reset_Before_Run() OK! 
21130327-14:4:7:21699250=ASD_Scope_Reset_Before_Run() time=0, 297
21130327-14:4:7:21699265=ASD_Scope_Reset_Before_Run() OK
AppStart22031406=21130327-14:9:39 : APP StartDLL() 1.1.0.10(build20210909)
21130327-14:9:39:22031437=Enter API ASD_Allocate_Scope() Port[0x0000000C]  Ver=1.1.0.10(build20210909)
21130327-14:9:39:22031531=Port Allocated OK!
21130327-14:9:39:22031562=Enter API ASD_Open_COMM_HCTL() Com[12]
21130327-14:9:39:22031578=DDBUG CCOMM_THREAD::start_thread  1
21130327-14:9:39:22031609=S2 COMM_HCTL::Com_Thread_Start() enter loop......

21130327-14:9:39:22031640=Enter CASD_SCOPE::SetCommObject()
21130327-14:9:39:22031687=initCommScope(): Dev(3, 7, 0), ScoptType=501, CH_Size=8, 
21130327-14:9:39:22031718=Scope_Second=1, Base_Second=20, nBufSize=160001, new_dDSP_Data_Ts=0.125000, strTimeFormat=%0.3f(ms)
21130327-14:9:39:22031734=Enter CASD_SCOPE::Scope_Write_Settings() 
21130327-14:9:39:22031750=Enter CSCOPE_WORKER::Scope_Write_Setting_Before_Run() 
21130327-14:9:39:22031765=Enter CSCOPE_COMM::resetScpComm()
21130327-14:9:39:22031781=COMM_HCT::SetScopeDecoder
21130327-14:9:39:22031796=Enter CSCOPE_COMM::resetScpComm() OK
21130327-14:9:39:22031812=CH[1] is 32Bit=1, CmdVal=0x0C598
21130327-14:9:39:22031843=CH[2] is 32Bit=1, CmdVal=0x0C59A
21130327-14:9:39:22031859=CH[3] is 32Bit=1, CmdVal=0x0C598
21130327-14:9:39:22031875=CH[4] is 32Bit=1, CmdVal=0x0C59A
21130327-14:9:40:22031890=CH[5] is 32Bit=1, CmdVal=0x0C59C
21130327-14:9:40:22031906=CH[6] is 32Bit=1, CmdVal=0x0C5AA
21130327-14:9:40:22031921=CH[7] is 32Bit=1, CmdVal=0x0C59C
21130327-14:9:40:22031937=Enter CSCOPE_WORKER::Arrange_CH_32bit() OK
21130327-14:9:40:22031968=Sample rate=8000, ScopeTimeSec=1, PM_Data_Size=800, 
21130327-14:9:40:22031984=CSCOPE_PACKET_PARSER::initAllocation(8)
21130327-14:9:40:22032015=Enter CScope_Decoder::Setup_Paraer()
21130327-14:9:40:22032031=Decide_CH_Get_Func() : CH[0] b32=1, CH_DataType=2 
21130327-14:9:40:22032062=Decide_CH_Get_Func() : CH[1] b32=1, CH_DataType=2
21130327-14:9:40:22032078=Decide_CH_Get_Func() : CH[2] b32=1, CH_DataType=2
21130327-14:9:40:22032093=Decide_CH_Get_Func() : CH[3] b32=1, CH_DataType=2
21130327-14:9:40:22032109=Decide_CH_Get_Func() : CH[4] b32=1, CH_DataType=2
21130327-14:9:40:22032125=Decide_CH_Get_Func() : CH[5] b32=1, CH_DataType=2
21130327-14:9:40:22032140=Decide_CH_Get_Func() : CH[6] b32=1, CH_DataType=2
21130327-14:9:40:22032156=Enter CScope_Decoder::resetScpDecoder() OK
21130327-14:9:40:22032187=   call m_pScpCom->WriteScopeCmd_Start()
21130327-14:9:40:22032203=CH1 P0-4 nCmdVal=0xC598(50584)

21130327-14:9:40:22032218=Enter COMM_HCT::Write_N_RTU()
21130327-14:9:40:22032234=Enter COMM_HCT::Write_N_RTU()

21130327-14:9:40:22032250=CH3 P0-5 nCmdVal=0xC598(50584)

21130327-14:9:40:22032265=Enter COMM_HCT::Write_N_RTU()
21130327-14:9:40:22032281=CH4 P0-7 nCmdVal=0xC59A(50586)

21130327-14:9:40:22032296=Enter COMM_HCT::Write_N_RTU()
21130327-14:9:40:22032312=CH5 P0-65 nCmdVal=0xC59C(50588)

21130327-14:9:40:22032328=Enter COMM_HCT::Write_N_RTU()
21130327-14:9:40:22032343=CH6 P0-67 nCmdVal=0xC5AA(50602)

21130327-14:9:40:22032359=Enter COMM_HCT::Write_N_RTU()
21130327-14:9:40:22032375=Enter COMM_HCT::Write_N_RTU()

21130327-14:9:40:22032390=CH8 P0-68 nCmdVal=0xC5AA(50602)

21130327-14:9:40:22032406=Enter COMM_HCT::Write_N_RTU()
21130327-14:9:40:22032421=Enter CSCOPE_COMM::Write_CH_Cmd() OK
21130327-14:9:40:22032437=Enter CSCOPE_WORKER::WriteScopeCmd_Start() OK
21130327-14:9:40:22032453=Enter CASD_SCOPE::Scope_Run() OK! 
21130327-14:9:40:22032468=Enter API ASD_Scope_Run() OK
21130327-14:9:42:22034546=Enter API ASD_Scope_Reset_Before_Run() Port[0x0000000C]
21130327-14:9:42:22034562=Enter CASD_SCOPE::Scope_Reset_Before_Run() 
21130327-14:9:42:22034593=Enter CSCOPE_WORKER::Scope_Reset_CH_Before_Run() 
21130327-14:9:42:22034609=Enter CSCOPE_COMM::resetScpComm()
21130327-14:9:42:22034625=COMM_HCT::SetScopeDecoder
21130327-14:9:42:22034640=Enter CSCOPE_COMM::resetScpComm() OK
21130327-14:9:42:22034656=Sample rate=8000, ScopeTimeSec=1, PM_Data_Size=800, 
21130327-14:9:42:22034671=CSCOPE_PACKET_PARSER::initAllocation(8)
21130327-14:9:42:22034687=Enter CScope_Decoder::Setup_Paraer()
21130327-14:9:42:22034703=Decide_CH_Get_Func() : CH[0] b32=1, CH_DataType=2 
21130327-14:9:42:22034718=Decide_CH_Get_Func() : CH[1] b32=1, CH_DataType=2
21130327-14:9:42:22034734=Decide_CH_Get_Func() : CH[2] b32=1, CH_DataType=2
21130327-14:9:42:22034750=Decide_CH_Get_Func() : CH[3] b32=1, CH_DataType=2
21130327-14:9:42:22034765=Decide_CH_Get_Func() : CH[4] b32=1, CH_DataType=2
21130327-14:9:42:22034781=Decide_CH_Get_Func() : CH[5] b32=1, CH_DataType=2
21130327-14:9:42:22034796=Decide_CH_Get_Func() : CH[6] b32=1, CH_DataType=2
21130327-14:9:42:22034812=Enter CScope_Decoder::resetScpDecoder() OK
21130327-14:9:42:22034828=Scope_Reset_CH_Before_Run() time=0, 47, 172, 0 
21130327-14:9:42:22034843=Enter CSCOPE_WORKER::Scope_Reset_CH_Before_Run() OK
21130327-14:9:42:22034859=Enter CASD_SCOPE::Scope_Reset_Before_Run() OK! 
21130327-14:9:42:22034875=ASD_Scope_Reset_Before_Run() time=0, 297
21130327-14:9:43:22034890=ASD_Scope_Reset_Before_Run() OK
21130327-14:9:43:22034906=Enter COMM_HCT::Write_N_RTU()
21130327-14:9:50:22042281=Enter COMM_HCT::Write_N_RTU()
21130327-14:10:22:22074718=Enter API ASD_Scope_Stop() Port[0x0000000C]
21130327-14:10:22:22074734=Enter CASD_SCOPE::Scope_Stop()
21130327-14:10:22:22074750=Enter CSCOPE_WORKER::StopScope()
21130327-14:10:22:22074765=Enter CSCOPE_COMM::WriteScopeCmd_Stop()
21130327-14:10:22:22074781=Enter CSCOPE_COMM::Close_ScpCmd()
21130327-14:10:22:22074796=Enter CSCOPE_COMM::StopScope()
21130327-14:10:22:22074812=Enter COMM_HCT::Write_N_RTU()
21130327-14:10:22:22074875=Enter COMM_HCT::Write_N_RTU()
21130327-14:10:23:22074890=mr_pCommASD->Write_N(3,8) time=0, 0
21130327-14:10:23:22074906=Enter CSCOPE_COMM::StopScope() OK
21130327-14:10:23:22074921=CSCOPE_COMM::Close_ScpCmd() time=125, 125
21130327-14:10:23:22074937=Enter CSCOPE_COMM::Close_ScpCmd() OK
21130327-14:10:23:22074953=Enter CSCOPE_COMM::WriteScopeCmd_Stop() OK
21130327-14:10:23:22074968=Enter CSCOPE_WORKER::StopScope() OK
21130327-14:10:23:22074984=Enter CASD_SCOPE::Scope_Stop() OK
21130327-14:10:23:22075000=Enter API ASD_Scope_Reset_Before_Run() Port[0x0000000C]
21130327-14:10:23:22075015=Enter CASD_SCOPE::Scope_Reset_Before_Run() 
21130327-14:10:23:22075031=Enter CSCOPE_WORKER::Scope_Reset_CH_Before_Run() 
21130327-14:10:23:22075046=Enter CSCOPE_COMM::resetScpComm()
21130327-14:10:23:22075062=COMM_HCT::SetScopeDecoder
21130327-14:10:23:22075078=Enter CSCOPE_COMM::resetScpComm() OK
21130327-14:10:23:22075093=Sample rate=8000, ScopeTimeSec=1, PM_Data_Size=800, 
21130327-14:10:23:22075109=CSCOPE_PACKET_PARSER::initAllocation(8)
21130327-14:10:23:22075125=Enter CScope_Decoder::Setup_Paraer()
21130327-14:10:23:22075140=Decide_CH_Get_Func() : CH[0] b32=1, CH_DataType=2 
21130327-14:10:23:22075171=Decide_CH_Get_Func() : CH[1] b32=1, CH_DataType=2
21130327-14:10:23:22075187=Decide_CH_Get_Func() : CH[2] b32=1, CH_DataType=2
21130327-14:10:23:22075203=Decide_CH_Get_Func() : CH[3] b32=1, CH_DataType=2
21130327-14:10:23:22075218=Decide_CH_Get_Func() : CH[4] b32=1, CH_DataType=2
21130327-14:10:23:22075234=Decide_CH_Get_Func() : CH[5] b32=1, CH_DataType=2
21130327-14:10:23:22075250=Decide_CH_Get_Func() : CH[6] b32=1, CH_DataType=2
21130327-14:10:23:22075265=Enter CScope_Decoder::resetScpDecoder() OK
21130327-14:10:23:22075296=Scope_Reset_CH_Before_Run() time=0, 47, 203, 0 
21130327-14:10:23:22075312=Enter CSCOPE_WORKER::Scope_Reset_CH_Before_Run() OK
21130327-14:10:23:22075328=Enter CASD_SCOPE::Scope_Reset_Before_Run() OK! 
21130327-14:10:23:22075343=ASD_Scope_Reset_Before_Run() time=0, 328
21130327-14:10:23:22075359=ASD_Scope_Reset_Before_Run() OK
AppStart22190046=21130327-14:12:18 : APP StartDLL() 1.1.0.10(build20210909)
21130327-14:12:18:22190062=Enter API ASD_Allocate_Scope() Port[0x0000000C]  Ver=1.1.0.10(build20210909)
21130327-14:12:18:22190187=Port Allocated OK!
21130327-14:12:18:22190218=Enter API ASD_Open_COMM_HCTL() Com[12]
21130327-14:12:18:22190250=DDBUG CCOMM_THREAD::start_thread  1
21130327-14:12:18:22190265=S2 COMM_HCTL::Com_Thread_Start() enter loop......

21130327-14:12:18:22190296=Enter CASD_SCOPE::SetCommObject()
21130327-14:12:18:22190375=initCommScope(): Dev(3, 7, 0), ScoptType=501, CH_Size=8, 
21130327-14:12:18:22190406=Scope_Second=1, Base_Second=20, nBufSize=160001, new_dDSP_Data_Ts=0.125000, strTimeFormat=%0.3f(ms)
21130327-14:12:18:22190437=Enter CASD_SCOPE::Scope_Write_Settings() 
21130327-14:12:18:22190484=Enter CSCOPE_WORKER::Scope_Write_Setting_Before_Run() 
21130327-14:12:18:22190500=Enter CSCOPE_COMM::resetScpComm()
21130327-14:12:18:22190515=COMM_HCT::SetScopeDecoder
21130327-14:12:18:22190546=Enter CSCOPE_COMM::resetScpComm() OK
21130327-14:12:18:22190562=CH[1] is 32Bit=1, CmdVal=0x0C598
21130327-14:12:18:22190609=CH[2] is 32Bit=1, CmdVal=0x0C59A
21130327-14:12:18:22190640=CH[3] is 32Bit=1, CmdVal=0x0C598
21130327-14:12:18:22190671=CH[4] is 32Bit=1, CmdVal=0x0C59A
21130327-14:12:18:22190687=CH[5] is 32Bit=1, CmdVal=0x0C59C
21130327-14:12:18:22190718=CH[6] is 32Bit=1, CmdVal=0x0C5AA
21130327-14:12:18:22190765=CH[7] is 32Bit=1, CmdVal=0x0C59C
21130327-14:12:18:22190796=Enter CSCOPE_WORKER::Arrange_CH_32bit() OK
21130327-14:12:18:22190843=Enter CScope_Decoder::resetScpDecoder() 
21130327-14:12:18:22190859=Sample rate=8000, ScopeTimeSec=1, PM_Data_Size=800,
21130327-14:12:19:22190875=CSCOPE_PACKET_PARSER::initAllocation(8)
21130327-14:12:19:22190921=Enter CScope_Decoder::Setup_Paraer()
21130327-14:12:19:22190953=Decide_CH_Get_Func() : CH[0] b32=1, CH_DataType=2 
21130327-14:12:19:22190984=Decide_CH_Get_Func() : CH[1] b32=1, CH_DataType=2
21130327-14:12:19:22191015=Decide_CH_Get_Func() : CH[2] b32=1, CH_DataType=2
21130327-14:12:19:22191046=Decide_CH_Get_Func() : CH[3] b32=1, CH_DataType=2
21130327-14:12:19:22191062=Decide_CH_Get_Func() : CH[4] b32=1, CH_DataType=2
21130327-14:12:19:22191093=Decide_CH_Get_Func() : CH[5] b32=1, CH_DataType=2
21130327-14:12:19:22191125=Decide_CH_Get_Func() : CH[6] b32=1, CH_DataType=2
21130327-14:12:19:22191171=Enter CScope_Decoder::resetScpDecoder() OK
21130327-14:12:19:22191234=   call m_pScpCom->WriteScopeCmd_Start()
21130327-14:12:19:22191281=Enter CSCOPE_COMM::Write_CH_Cmd()
21130327-14:12:19:22191328=CH1 P0-4 nCmdVal=0xC598(50584)

21130327-14:12:19:22191343=Enter COMM_HCT::Write_N_RTU()
21130327-14:12:19:22191390=CH2 P0-6 nCmdVal=0xC59A(50586)

21130327-14:12:19:22191406=Enter COMM_HCT::Write_N_RTU()
21130327-14:12:19:22191437=CH3 P0-5 nCmdVal=0xC598(50584)

21130327-14:12:19:22191515=Enter COMM_HCT::Write_N_RTU()
21130327-14:12:19:22191546=CH4 P0-7 nCmdVal=0xC59A(50586)

21130327-14:12:19:22191562=Enter COMM_HCT::Write_N_RTU()
21130327-14:12:19:22191609=CH5 P0-65 nCmdVal=0xC59C(50588)

21130327-14:12:19:22191625=Enter COMM_HCT::Write_N_RTU()
21130327-14:12:19:22191656=CH6 P0-67 nCmdVal=0xC5AA(50602)

21130327-14:12:19:22191671=Enter COMM_HCT::Write_N_RTU()
21130327-14:12:19:22191703=CH7 P0-66 nCmdVal=0xC59C(50588)

21130327-14:12:19:22191750=Enter COMM_HCT::Write_N_RTU()
21130327-14:12:19:22191781=CH8 P0-68 nCmdVal=0xC5AA(50602)

21130327-14:12:19:22191796=Enter COMM_HCT::Write_N_RTU()
21130327-14:12:19:22191828=Enter CSCOPE_COMM::Write_CH_Cmd() OK
21130327-14:12:19:22191859=Enter CSCOPE_WORKER::WriteScopeCmd_Start() OK
21130327-14:12:20:22191906=Enter CASD_SCOPE::Scope_Run() OK! 
21130327-14:12:20:22191937=Enter API ASD_Scope_Run() OK
21130327-14:12:22:22194625=Enter API ASD_Scope_Reset_Before_Run() Port[0x0000000C]
21130327-14:12:22:22194640=Enter CASD_SCOPE::Scope_Reset_Before_Run() 
21130327-14:12:22:22194671=Enter CSCOPE_WORKER::Scope_Reset_CH_Before_Run() 
21130327-14:12:22:22194718=Enter CSCOPE_COMM::resetScpComm()
21130327-14:12:22:22194765=COMM_HCT::SetScopeDecoder
21130327-14:12:22:22194812=Enter CSCOPE_COMM::resetScpComm() OK
21130327-14:12:22:22194843=Sample rate=8000, ScopeTimeSec=1, PM_Data_Size=800, 
21130327-14:12:23:22194906=CSCOPE_PACKET_PARSER::initAllocation(8)
21130327-14:12:23:22194937=Enter CScope_Decoder::Setup_Paraer()
21130327-14:12:23:22194953=call PacketParser.Decide_CH_Get_Func() 
21130327-14:12:23:22194984=Decide_CH_Get_Func() : CH[0] b32=1, CH_DataType=2
21130327-14:12:23:22195046=Decide_CH_Get_Func() : CH[1] b32=1, CH_DataType=2
21130327-14:12:23:22195078=Decide_CH_Get_Func() : CH[2] b32=1, CH_DataType=2
21130327-14:12:23:22195125=Decide_CH_Get_Func() : CH[3] b32=1, CH_DataType=2
21130327-14:12:23:22195171=Decide_CH_Get_Func() : CH[4] b32=1, CH_DataType=2
21130327-14:12:23:22195218=Decide_CH_Get_Func() : CH[5] b32=1, CH_DataType=2
21130327-14:12:23:22195265=Decide_CH_Get_Func() : CH[6] b32=1, CH_DataType=2
21130327-14:12:23:22195312=Decide_CH_Get_Func() : CH[7] b32=1, CH_DataType=2
21130327-14:12:23:22195328=Enter CScope_Decoder::resetScpDecoder() OK
21130327-14:12:23:22195375=Scope_Reset_CH_Before_Run() time=0, 125, 531, 0 
21130327-14:12:23:22195390=Enter CSCOPE_WORKER::Scope_Reset_CH_Before_Run() OK
21130327-14:12:23:22195437=Enter CASD_SCOPE::Scope_Reset_Before_Run() OK! 
21130327-14:12:23:22195453=ASD_Scope_Reset_Before_Run() time=0, 797
21130327-14:12:23:22195500=ASD_Scope_Reset_Before_Run() OK
21130327-14:12:23:22195531=Enter COMM_HCT::Write_N_RTU()
21130327-14:12:30:22201921=Enter COMM_HCT::Write_N_RTU()
21130327-14:13:2:22234328=Enter API ASD_Scope_Stop() Port[0x0000000C]
21130327-14:13:2:22234343=Enter CASD_SCOPE::Scope_Stop()
21130327-14:13:2:22234375=Enter CSCOPE_WORKER::StopScope()
21130327-14:13:2:22234390=Enter CSCOPE_COMM::WriteScopeCmd_Stop()
21130327-14:13:2:22234406=Enter CSCOPE_COMM::Close_ScpCmd()
21130327-14:13:2:22234421=Enter CSCOPE_COMM::StopScope()
21130327-14:13:2:22234437=Enter COMM_HCT::Write_N_RTU()
21130327-14:13:2:22234500=Enter COMM_HCT::Write_N_RTU()
21130327-14:13:2:22234531=mr_pCommASD->Write_N(3,8) time=15, 15
21130327-14:13:2:22234546=Enter CSCOPE_COMM::StopScope() OK
21130327-14:13:2:22234562=CSCOPE_COMM::Close_ScpCmd() time=140, 140
21130327-14:13:2:22234578=Enter CSCOPE_COMM::Close_ScpCmd() OK
21130327-14:13:2:22234593=Enter CSCOPE_COMM::WriteScopeCmd_Stop() OK
21130327-14:13:2:22234609=Enter CSCOPE_WORKER::StopScope() OK
21130327-14:13:2:22234625=Enter CASD_SCOPE::Scope_Stop() OK
21130327-14:13:2:22234640=Enter API ASD_Scope_Reset_Before_Run() Port[0x0000000C]
21130327-14:13:2:22234656=Enter CASD_SCOPE::Scope_Reset_Before_Run() 
21130327-14:13:2:22234687=Enter CSCOPE_WORKER::Scope_Reset_CH_Before_Run() 
21130327-14:13:2:22234718=Enter CSCOPE_COMM::resetScpComm()
21130327-14:13:2:22234734=COMM_HCT::SetScopeDecoder
21130327-14:13:2:22234750=Enter CSCOPE_COMM::resetScpComm() OK
21130327-14:13:2:22234781=Sample rate=8000, ScopeTimeSec=1, PM_Data_Size=800, 
21130327-14:13:2:22234796=CSCOPE_PACKET_PARSER::initAllocation(8)
21130327-14:13:2:22234828=Enter CScope_Decoder::Setup_Paraer()
21130327-14:13:2:22234843=Decide_CH_Get_Func() : CH[0] b32=1, CH_DataType=2 
21130327-14:13:2:22234875=Decide_CH_Get_Func() : CH[1] b32=1, CH_DataType=2
21130327-14:13:3:22234890=Decide_CH_Get_Func() : CH[2] b32=1, CH_DataType=2
21130327-14:13:3:22234906=Decide_CH_Get_Func() : CH[3] b32=1, CH_DataType=2
21130327-14:13:3:22234921=Decide_CH_Get_Func() : CH[4] b32=1, CH_DataType=2
21130327-14:13:3:22234937=Decide_CH_Get_Func() : CH[5] b32=1, CH_DataType=2
21130327-14:13:3:22234953=Decide_CH_Get_Func() : CH[6] b32=1, CH_DataType=2
21130327-14:13:3:22234968=Enter CScope_Decoder::resetScpDecoder() OK
21130327-14:13:3:22235000=Scope_Reset_CH_Before_Run() time=0, 62, 219, 0 
21130327-14:13:3:22235015=Enter CSCOPE_WORKER::Scope_Reset_CH_Before_Run() OK
21130327-14:13:3:22235031=Enter CASD_SCOPE::Scope_Reset_Before_Run() OK! 
21130327-14:13:3:22235046=ASD_Scope_Reset_Before_Run() time=0, 375
21130327-14:13:3:22235078=ASD_Scope_Reset_Before_Run() OK
AppStart22313796=21130327-14:14:21 : APP StartDLL() 1.1.0.10(build20210909)
21130327-14:14:21:22313812=Enter API ASD_Allocate_Scope() Port[0x0000000C]  Ver=1.1.0.10(build20210909)
21130327-14:14:22:22313875=Port Allocated OK!
21130327-14:14:22:22313906=Enter API ASD_Open_COMM_HCTL() Com[12]
21130327-14:14:22:22313937=DDBUG CCOMM_THREAD::start_thread  1
21130327-14:14:22:22313953=S2 COMM_HCTL::Com_Thread_Start() enter loop......

21130327-14:14:22:22313984=Enter CASD_SCOPE::SetCommObject()
21130327-14:14:22:22314031=initCommScope(): Dev(3, 7, 0), ScoptType=501, CH_Size=8, 
21130327-14:14:22:22314046=Scope_Second=1, Base_Second=20, nBufSize=160001, new_dDSP_Data_Ts=0.125000, strTimeFormat=%0.3f(ms)
21130327-14:14:22:22314062=Enter CASD_SCOPE::Scope_Write_Settings() 
21130327-14:14:22:22314078=Enter CSCOPE_WORKER::Scope_Write_Setting_Before_Run() 
21130327-14:14:22:22314093=Enter CSCOPE_COMM::resetScpComm()
21130327-14:14:22:22314109=COMM_HCT::SetScopeDecoder
21130327-14:14:22:22314125=Enter CSCOPE_COMM::resetScpComm() OK
21130327-14:14:22:22314140=CH[1] is 32Bit=1, CmdVal=0x0C598
21130327-14:14:22:22314171=CH[2] is 32Bit=1, CmdVal=0x0C59A
21130327-14:14:22:22314187=CH[3] is 32Bit=1, CmdVal=0x0C598
21130327-14:14:22:22314203=CH[4] is 32Bit=1, CmdVal=0x0C59A
21130327-14:14:22:22314218=CH[5] is 32Bit=1, CmdVal=0x0C59C
21130327-14:14:22:22314234=CH[6] is 32Bit=1, CmdVal=0x0C5AA
21130327-14:14:22:22314250=CH[7] is 32Bit=1, CmdVal=0x0C59C
21130327-14:14:22:22314265=Enter CSCOPE_WORKER::Arrange_CH_32bit() OK
21130327-14:14:22:22314296=Sample rate=8000, ScopeTimeSec=1, PM_Data_Size=800, 
21130327-14:14:22:22314312=CSCOPE_PACKET_PARSER::initAllocation(8)
21130327-14:14:22:22314328=Enter CScope_Decoder::Setup_Paraer()
21130327-14:14:22:22314343=Decide_CH_Get_Func() : CH[0] b32=1, CH_DataType=2 
21130327-14:14:22:22314375=Decide_CH_Get_Func() : CH[1] b32=1, CH_DataType=2
21130327-14:14:22:22314390=Decide_CH_Get_Func() : CH[2] b32=1, CH_DataType=2
21130327-14:14:22:22314406=Decide_CH_Get_Func() : CH[3] b32=1, CH_DataType=2
21130327-14:14:22:22314421=Decide_CH_Get_Func() : CH[4] b32=1, CH_DataType=2
21130327-14:14:22:22314437=Decide_CH_Get_Func() : CH[5] b32=1, CH_DataType=2
21130327-14:14:22:22314453=Decide_CH_Get_Func() : CH[6] b32=1, CH_DataType=2
21130327-14:14:22:22314468=Enter CScope_Decoder::resetScpDecoder() OK
21130327-14:14:22:22314500=   call m_pScpCom->WriteScopeCmd_Start()
21130327-14:14:22:22314515=CH1 P0-4 nCmdVal=0xC598(50584)

21130327-14:14:22:22314531=Enter COMM_HCT::Write_N_RTU()
21130327-14:14:22:22314546=CH2 P0-6 nCmdVal=0xC59A(50586)

21130327-14:14:22:22314562=Enter COMM_HCT::Write_N_RTU()
21130327-14:14:22:22314578=Enter COMM_HCT::Write_N_RTU()

21130327-14:14:22:22314593=CH4 P0-7 nCmdVal=0xC59A(50586)

21130327-14:14:22:22314609=CH5 P0-65 nCmdVal=0xC59C(50588)

21130327-14:14:22:22314625=Enter COMM_HCT::Write_N_RTU()
21130327-14:14:22:22314640=CH6 P0-67 nCmdVal=0xC5AA(50602)

21130327-14:14:22:22314656=Enter COMM_HCT::Write_N_RTU()
21130327-14:14:22:22314671=Enter COMM_HCT::Write_N_RTU()

21130327-14:14:22:22314687=CH8 P0-68 nCmdVal=0xC5AA(50602)

21130327-14:14:22:22314703=Enter COMM_HCT::Write_N_RTU()
21130327-14:14:22:22314718=Enter CSCOPE_COMM::Write_CH_Cmd() OK
21130327-14:14:22:22314750=Enter CSCOPE_WORKER::WriteScopeCmd_Start() OK
21130327-14:14:22:22314765=Enter CASD_SCOPE::Scope_Run() OK! 
21130327-14:14:22:22314781=Enter API ASD_Scope_Run() OK
21130327-14:14:28:22320500=Enter CASD_SCOPE::Scope_Reset_Before_Run() 
21130327-14:14:28:22320531=Enter CSCOPE_WORKER::Scope_Reset_CH_Before_Run() 
21130327-14:14:28:22320546=Enter CSCOPE_COMM::resetScpComm()
21130327-14:14:28:22320562=COMM_HCT::SetScopeDecoder
21130327-14:14:28:22320578=Enter CSCOPE_COMM::resetScpComm() OK
21130327-14:14:28:22320593=Sample rate=8000, ScopeTimeSec=1, PM_Data_Size=800, 
21130327-14:14:28:22320609=CSCOPE_PACKET_PARSER::initAllocation(8)
21130327-14:14:28:22320640=Enter CScope_Decoder::Setup_Paraer()
21130327-14:14:28:22320656=Decide_CH_Get_Func() : CH[0] b32=1, CH_DataType=2 
21130327-14:14:28:22320687=Decide_CH_Get_Func() : CH[1] b32=1, CH_DataType=2
21130327-14:14:28:22320703=Decide_CH_Get_Func() : CH[2] b32=1, CH_DataType=2
21130327-14:14:28:22320734=Decide_CH_Get_Func() : CH[3] b32=1, CH_DataType=2
21130327-14:14:28:22320750=Decide_CH_Get_Func() : CH[4] b32=1, CH_DataType=2
21130327-14:14:28:22320765=Decide_CH_Get_Func() : CH[5] b32=1, CH_DataType=2
21130327-14:14:28:22320781=Decide_CH_Get_Func() : CH[6] b32=1, CH_DataType=2
21130327-14:14:28:22320796=Enter CScope_Decoder::resetScpDecoder() OK
21130327-14:14:28:22320828=Scope_Reset_CH_Before_Run() time=0, 47, 234, 0 
21130327-14:14:28:22320843=Enter CSCOPE_WORKER::Scope_Reset_CH_Before_Run() OK
21130327-14:14:28:22320859=Enter CASD_SCOPE::Scope_Reset_Before_Run() OK! 
21130327-14:14:29:22320875=ASD_Scope_Reset_Before_Run() time=0, 359
21130327-14:14:29:22320890=ASD_Scope_Reset_Before_Run() OK
21130327-14:14:29:22320906=Enter COMM_HCT::Write_N_RTU()
21130327-14:16:51:22463484=Enter COMM_HCT::Write_N_RTU()
21130327-14:17:23:22495859=Enter API ASD_Scope_Stop() Port[0x0000000C]
21130327-14:17:24:22495875=Enter CASD_SCOPE::Scope_Stop()
21130327-14:17:24:22495890=Enter CSCOPE_WORKER::StopScope()
21130327-14:17:24:22495906=Enter CSCOPE_COMM::WriteScopeCmd_Stop()
21130327-14:17:24:22495921=Enter CSCOPE_COMM::Close_ScpCmd()
21130327-14:17:24:22495937=Enter CSCOPE_COMM::StopScope()
21130327-14:17:24:22495953=Enter COMM_HCT::Write_N_RTU()
21130327-14:17:24:22496000=Enter COMM_HCT::Write_N_RTU()
21130327-14:17:24:22496031=mr_pCommASD->Write_N(3,8) time=15, 15
21130327-14:17:24:22496046=Enter CSCOPE_COMM::StopScope() OK
21130327-14:17:24:22496062=CSCOPE_COMM::Close_ScpCmd() time=125, 125
21130327-14:17:24:22496078=Enter CSCOPE_COMM::Close_ScpCmd() OK
21130327-14:17:24:22496093=Enter CSCOPE_COMM::WriteScopeCmd_Stop() OK
21130327-14:17:24:22496109=Enter CSCOPE_WORKER::StopScope() OK
21130327-14:17:24:22496125=Enter CASD_SCOPE::Scope_Stop() OK
21130327-14:17:24:22496140=Enter API ASD_Scope_Reset_Before_Run() Port[0x0000000C]
21130327-14:17:24:22496156=Enter CASD_SCOPE::Scope_Reset_Before_Run() 
21130327-14:17:24:22496171=Enter CSCOPE_WORKER::Scope_Reset_CH_Before_Run() 
21130327-14:17:24:22496187=Enter CSCOPE_COMM::resetScpComm()
21130327-14:17:24:22496203=COMM_HCT::SetScopeDecoder
21130327-14:17:24:22496218=Enter CSCOPE_COMM::resetScpComm() OK
21130327-14:17:24:22496234=Sample rate=8000, ScopeTimeSec=1, PM_Data_Size=800, 
21130327-14:17:24:22496250=CSCOPE_PACKET_PARSER::initAllocation(8)
21130327-14:17:24:22496265=Enter CScope_Decoder::Setup_Paraer()
21130327-14:17:24:22496281=Decide_CH_Get_Func() : CH[0] b32=1, CH_DataType=2 
21130327-14:17:24:22496312=Decide_CH_Get_Func() : CH[1] b32=1, CH_DataType=2
21130327-14:17:24:22496328=Decide_CH_Get_Func() : CH[2] b32=1, CH_DataType=2
21130327-14:17:24:22496343=Decide_CH_Get_Func() : CH[3] b32=1, CH_DataType=2
21130327-14:17:24:22496359=Decide_CH_Get_Func() : CH[4] b32=1, CH_DataType=2
21130327-14:17:24:22496375=Decide_CH_Get_Func() : CH[5] b32=1, CH_DataType=2
21130327-14:17:24:22496390=Decide_CH_Get_Func() : CH[6] b32=1, CH_DataType=2
21130327-14:17:24:22496406=Enter CScope_Decoder::resetScpDecoder() OK
21130327-14:17:24:22496437=Scope_Reset_CH_Before_Run() time=0, 47, 203, 0 
21130327-14:17:24:22496453=Enter CSCOPE_WORKER::Scope_Reset_CH_Before_Run() OK
21130327-14:17:24:22496468=Enter CASD_SCOPE::Scope_Reset_Before_Run() OK! 
21130327-14:17:24:22496484=ASD_Scope_Reset_Before_Run() time=0, 312
21130327-14:17:24:22496500=ASD_Scope_Reset_Before_Run() OK
AppStart22983562=21130327-14:25:31 : APP StartDLL() 1.1.0.10(build20210909)
21130327-14:25:31:22983625=Enter API ASD_Allocate_Scope() Port[0x0000000C]  Ver=1.1.0.10(build20210909)
21130327-14:25:31:22983750=Port Allocated OK!
21130327-14:25:31:22983796=Enter API ASD_Open_COMM_HCTL() Com[12]
21130327-14:25:31:22983843=DDBUG CCOMM_THREAD::start_thread  1
21130327-14:25:32:22983921=DDBUG CCOMM_THREAD::start_thread  end
21130327-14:25:32:22984000=S2 COMM_HCTL::Com_Thread_Start() enter loop......

21130327-14:25:32:22984031=Enter CASD_SCOPE::SetCommObject()
21130327-14:25:32:22984218=initCommScope(): Dev(3, 7, 0), ScoptType=501, CH_Size=8, 
21130327-14:25:32:22984250=Scope_Second=1, Base_Second=20, nBufSize=160001, new_dDSP_Data_Ts=0.125000, strTimeFormat=%0.3f(ms)
21130327-14:25:32:22984281=Enter CASD_SCOPE::Scope_Write_Settings() 
21130327-14:25:32:22984312=Enter CSCOPE_WORKER::Scope_Write_Setting_Before_Run() 
21130327-14:25:32:22984343=Enter CSCOPE_COMM::resetScpComm()
21130327-14:25:32:22984375=COMM_HCT::SetScopeDecoder
21130327-14:25:32:22984390=Enter CSCOPE_COMM::resetScpComm() OK
21130327-14:25:32:22984406=Enter CSCOPE_WORKER::Arrange_CH_32bit()
21130327-14:25:32:22984421=CH[1] is 32Bit=1, CmdVal=0x0C598
21130327-14:25:32:22984453=CH[2] is 32Bit=1, CmdVal=0x0C59A
21130327-14:25:32:22984468=CH[3] is 32Bit=1, CmdVal=0x0C598
21130327-14:25:32:22984500=CH[4] is 32Bit=1, CmdVal=0x0C59A
21130327-14:25:32:22984546=CH[5] is 32Bit=1, CmdVal=0x0C59C
21130327-14:25:32:22984593=CH[6] is 32Bit=1, CmdVal=0x0C5AA
21130327-14:25:32:22984609=CH[7] is 32Bit=1, CmdVal=0x0C59C
21130327-14:25:32:22984625=CH[8] is 32Bit=1, CmdVal=0x0C5AA
21130327-14:25:32:22984640=Enter CSCOPE_WORKER::Arrange_CH_32bit() OK
21130327-14:25:32:22984671=Sample rate=8000, ScopeTimeSec=1, PM_Data_Size=800, 
21130327-14:25:32:22984703=CSCOPE_PACKET_PARSER::initAllocation(8)
21130327-14:25:32:22984734=Enter CScope_Decoder::Setup_Paraer()
21130327-14:25:32:22984765=Decide_CH_Get_Func() : CH[0] b32=1, CH_DataType=2 
21130327-14:25:32:22984812=Decide_CH_Get_Func() : CH[1] b32=1, CH_DataType=2
21130327-14:25:32:22984828=Decide_CH_Get_Func() : CH[2] b32=1, CH_DataType=2
21130327-14:25:32:22984843=Decide_CH_Get_Func() : CH[3] b32=1, CH_DataType=2
21130327-14:25:33:22984875=Decide_CH_Get_Func() : CH[4] b32=1, CH_DataType=2
21130327-14:25:33:22984906=Decide_CH_Get_Func() : CH[5] b32=1, CH_DataType=2
21130327-14:25:33:22984921=Decide_CH_Get_Func() : CH[6] b32=1, CH_DataType=2
21130327-14:25:33:22984953=Decide_CH_Get_Func() : CH[7] b32=1, CH_DataType=2
21130327-14:25:33:22984968=Enter CScope_Decoder::resetScpDecoder() OK
21130327-14:25:33:22984984=   call m_pScpCom->WriteScopeCmd_Start()
21130327-14:25:33:22985015=Enter CSCOPE_COMM::Write_CH_Cmd()
21130327-14:25:33:22985031=CH1 P0-4 nCmdVal=0xC598(50584)

21130327-14:25:33:22985046=Enter COMM_HCT::Write_N_RTU()
21130327-14:25:33:22985062=Enter COMM_HCT::Write_N_RTU()

21130327-14:25:33:22985093=CH3 P0-5 nCmdVal=0xC598(50584)

21130327-14:25:33:22985109=Enter COMM_HCT::Write_N_RTU()
21130327-14:25:33:22985140=CH4 P0-7 nCmdVal=0xC59A(50586)

21130327-14:25:33:22985156=Enter COMM_HCT::Write_N_RTU()
21130327-14:25:33:22985171=CH5 P0-65 nCmdVal=0xC59C(50588)

21130327-14:25:33:22985203=Enter COMM_HCT::Write_N_RTU()
21130327-14:25:33:22985218=CH6 P0-67 nCmdVal=0xC5AA(50602)

21130327-14:25:33:22985234=Enter COMM_HCT::Write_N_RTU()
21130327-14:25:33:22985250=CH7 P0-66 nCmdVal=0xC59C(50588)

21130327-14:25:33:22985265=Enter COMM_HCT::Write_N_RTU()
21130327-14:25:33:22985281=CH8 P0-68 nCmdVal=0xC5AA(50602)

21130327-14:25:33:22985296=Enter COMM_HCT::Write_N_RTU()
21130327-14:25:33:22985328=Enter CSCOPE_COMM::Write_CH_Cmd() OK
21130327-14:25:33:22985359=Enter CSCOPE_WORKER::WriteScopeCmd_Start() OK
21130327-14:25:33:22985390=Enter CASD_SCOPE::Scope_Run() OK! 
21130327-14:25:33:22985421=Enter API ASD_Scope_Run() OK
21130327-14:25:35:22987796=Enter API ASD_Scope_Reset_Before_Run() Port[0x0000000C]
21130327-14:25:35:22987812=Enter CASD_SCOPE::Scope_Reset_Before_Run() 
21130327-14:25:35:22987843=Enter CSCOPE_WORKER::Scope_Reset_CH_Before_Run() 
21130327-14:25:36:22987859=Enter CSCOPE_COMM::resetScpComm()
21130327-14:25:36:22987890=COMM_HCT::SetScopeDecoder
21130327-14:25:36:22987921=Enter CSCOPE_COMM::resetScpComm() OK
21130327-14:25:36:22987937=Enter CScope_Decoder::resetScpDecoder() 
21130327-14:25:36:22987953=Sample rate=8000, ScopeTimeSec=1, PM_Data_Size=800,
21130327-14:25:36:22987968=CSCOPE_PACKET_PARSER::initAllocation(8)
21130327-14:25:36:22987984=Enter CScope_Decoder::Setup_Paraer()
21130327-14:25:36:22988015=call PacketParser.Decide_CH_Get_Func() 
21130327-14:25:36:22988031=Decide_CH_Get_Func() : CH[0] b32=1, CH_DataType=2
21130327-14:25:36:22988062=Decide_CH_Get_Func() : CH[1] b32=1, CH_DataType=2
21130327-14:25:36:22988078=Decide_CH_Get_Func() : CH[2] b32=1, CH_DataType=2
21130327-14:25:36:22988109=Decide_CH_Get_Func() : CH[3] b32=1, CH_DataType=2
21130327-14:25:36:22988140=Decide_CH_Get_Func() : CH[4] b32=1, CH_DataType=2
21130327-14:25:36:22988156=Decide_CH_Get_Func() : CH[5] b32=1, CH_DataType=2
21130327-14:25:36:22988187=Decide_CH_Get_Func() : CH[6] b32=1, CH_DataType=2
21130327-14:25:36:22988203=Enter CScope_Decoder::resetScpDecoder() OK
21130327-14:25:36:22988234=Scope_Reset_CH_Before_Run() time=0, 78, 297, 0 
21130327-14:25:36:22988250=Enter CSCOPE_WORKER::Scope_Reset_CH_Before_Run() OK
21130327-14:25:36:22988265=Enter CASD_SCOPE::Scope_Reset_Before_Run() OK! 
21130327-14:25:36:22988281=ASD_Scope_Reset_Before_Run() time=0, 453
21130327-14:25:36:22988312=ASD_Scope_Reset_Before_Run() OK
21130327-14:25:36:22988328=Enter COMM_HCT::Write_N_RTU()
21130327-14:26:0:23012593=Enter COMM_HCT::Write_N_RTU()
21130327-14:26:33:23045234=Enter API ASD_Scope_Stop() Port[0x0000000C]
21130327-14:26:33:23045250=Enter CASD_SCOPE::Scope_Stop()
21130327-14:26:33:23045281=Enter CSCOPE_WORKER::StopScope()
21130327-14:26:33:23045296=Enter CSCOPE_COMM::WriteScopeCmd_Stop()
21130327-14:26:33:23045312=Enter CSCOPE_COMM::Close_ScpCmd()
21130327-14:26:33:23045328=Enter CSCOPE_COMM::StopScope()
21130327-14:26:33:23045343=Enter COMM_HCT::Write_N_RTU()
21130327-14:26:33:23045406=Enter COMM_HCT::Write_N_RTU()
21130327-14:26:33:23045421=mr_pCommASD->Write_N(3,8) time=0, 0
21130327-14:26:33:23045437=Enter CSCOPE_COMM::StopScope() OK
21130327-14:26:33:23045453=CSCOPE_COMM::Close_ScpCmd() time=125, 125
21130327-14:26:33:23045468=Enter CSCOPE_COMM::Close_ScpCmd() OK
21130327-14:26:33:23045484=Enter CSCOPE_COMM::WriteScopeCmd_Stop() OK
21130327-14:26:33:23045500=Enter CSCOPE_WORKER::StopScope() OK
21130327-14:26:33:23045515=Enter CASD_SCOPE::Scope_Stop() OK
21130327-14:26:33:23045531= API ASD_Scope_Stop() OK
21130327-14:26:33:23045546=Enter API ASD_Scope_Reset_Before_Run() Port[0x0000000C]
21130327-14:26:33:23045562=Enter CASD_SCOPE::Scope_Reset_Before_Run() 
21130327-14:26:33:23045578=Enter CSCOPE_WORKER::Scope_Reset_CH_Before_Run() 
21130327-14:26:33:23045593=Enter CSCOPE_COMM::resetScpComm()
21130327-14:26:33:23045609=COMM_HCT::SetScopeDecoder
21130327-14:26:33:23045625=Enter CSCOPE_COMM::resetScpComm() OK
21130327-14:26:33:23045640=Sample rate=8000, ScopeTimeSec=1, PM_Data_Size=800, 
21130327-14:26:33:23045656=CSCOPE_PACKET_PARSER::initAllocation(8)
21130327-14:26:33:23045687=Enter CScope_Decoder::Setup_Paraer()
21130327-14:26:33:23045703=Decide_CH_Get_Func() : CH[0] b32=1, CH_DataType=2 
21130327-14:26:33:23045734=Decide_CH_Get_Func() : CH[1] b32=1, CH_DataType=2
21130327-14:26:33:23045750=Decide_CH_Get_Func() : CH[2] b32=1, CH_DataType=2
21130327-14:26:33:23045765=Decide_CH_Get_Func() : CH[3] b32=1, CH_DataType=2
21130327-14:26:33:23045781=Decide_CH_Get_Func() : CH[4] b32=1, CH_DataType=2
21130327-14:26:33:23045796=Decide_CH_Get_Func() : CH[5] b32=1, CH_DataType=2
21130327-14:26:33:23045812=Decide_CH_Get_Func() : CH[6] b32=1, CH_DataType=2
21130327-14:26:33:23045828=Enter CScope_Decoder::resetScpDecoder() OK
21130327-14:26:34:23045859=Scope_Reset_CH_Before_Run() time=0, 47, 218, 0 
21130327-14:26:34:23045875=Enter CSCOPE_WORKER::Scope_Reset_CH_Before_Run() OK
21130327-14:26:34:23045890=Enter CASD_SCOPE::Scope_Reset_Before_Run() OK! 
21130327-14:26:34:23045906=ASD_Scope_Reset_Before_Run() time=0, 344
21130327-14:26:34:23045921=ASD_Scope_Reset_Before_Run() OK
AppStart23393593=21130327-14:32:21 : APP StartDLL() 1.1.0.10(build20210909)
21130327-14:32:21:23393609=Enter API ASD_Allocate_Scope() Port[0x0000000C]  Ver=1.1.0.10(build20210909)
21130327-14:32:21:23393671=Port Allocated OK!
21130327-14:32:21:23393703=Enter API ASD_Open_COMM_HCTL() Com[12]
21130327-14:32:21:23393734=DDBUG CCOMM_THREAD::start_thread  1
21130327-14:32:21:23393765=S2 COMM_HCTL::Com_Thread_Start() enter loop......

21130327-14:32:21:23393796=Enter CASD_SCOPE::SetCommObject()
21130327-14:32:22:23393859=initCommScope(): Dev(3, 7, 0), ScoptType=501, CH_Size=8, 
21130327-14:32:22:23393890=Scope_Second=1, Base_Second=20, nBufSize=160001, new_dDSP_Data_Ts=0.125000, strTimeFormat=%0.3f(ms)
21130327-14:32:22:23393968=Enter CASD_SCOPE::Scope_Write_Settings() 
21130327-14:32:22:23393984=Enter CSCOPE_WORKER::Scope_Write_Setting_Before_Run() 
21130327-14:32:22:23394000=Enter CSCOPE_COMM::resetScpComm()
21130327-14:32:22:23394015=COMM_HCT::SetScopeDecoder
21130327-14:32:22:23394031=Enter CSCOPE_COMM::resetScpComm() OK
21130327-14:32:22:23394046=CH[1] is 32Bit=1, CmdVal=0x0C598
21130327-14:32:22:23394078=CH[2] is 32Bit=1, CmdVal=0x0C59A
21130327-14:32:22:23394093=CH[3] is 32Bit=1, CmdVal=0x0C598
21130327-14:32:22:23394109=CH[4] is 32Bit=1, CmdVal=0x0C59A
21130327-14:32:22:23394125=CH[5] is 32Bit=1, CmdVal=0x0C59C
21130327-14:32:22:23394140=CH[6] is 32Bit=1, CmdVal=0x0C5AA
21130327-14:32:22:23394156=CH[7] is 32Bit=1, CmdVal=0x0C59C
21130327-14:32:22:23394171=Enter CSCOPE_WORKER::Arrange_CH_32bit() OK
21130327-14:32:22:23394203=Sample rate=8000, ScopeTimeSec=1, PM_Data_Size=800, 
21130327-14:32:22:23394218=CSCOPE_PACKET_PARSER::initAllocation(8)
21130327-14:32:22:23394250=Enter CScope_Decoder::Setup_Paraer()
21130327-14:32:22:23394265=Decide_CH_Get_Func() : CH[0] b32=1, CH_DataType=2 
21130327-14:32:22:23394296=Decide_CH_Get_Func() : CH[1] b32=1, CH_DataType=2
21130327-14:32:22:23394312=Decide_CH_Get_Func() : CH[2] b32=1, CH_DataType=2
21130327-14:32:22:23394328=Decide_CH_Get_Func() : CH[3] b32=1, CH_DataType=2
21130327-14:32:22:23394343=Decide_CH_Get_Func() : CH[4] b32=1, CH_DataType=2
21130327-14:32:22:23394359=Decide_CH_Get_Func() : CH[5] b32=1, CH_DataType=2
21130327-14:32:22:23394375=Decide_CH_Get_Func() : CH[6] b32=1, CH_DataType=2
21130327-14:32:22:23394390=Enter CScope_Decoder::resetScpDecoder() OK
21130327-14:32:22:23394421=   call m_pScpCom->WriteScopeCmd_Start()
21130327-14:32:22:23394437=CH1 P0-4 nCmdVal=0xC598(50584)

21130327-14:32:22:23394453=Enter COMM_HCT::Write_N_RTU()
21130327-14:32:22:23394468=Enter COMM_HCT::Write_N_RTU()

21130327-14:32:22:23394484=CH3 P0-5 nCmdVal=0xC598(50584)

21130327-14:32:22:23394500=Enter COMM_HCT::Write_N_RTU()
21130327-14:32:22:23394515=Enter COMM_HCT::Write_N_RTU()

21130327-14:32:22:23394531=CH5 P0-65 nCmdVal=0xC59C(50588)

21130327-14:32:22:23394546=Enter COMM_HCT::Write_N_RTU()
21130327-14:32:22:23394562=Enter COMM_HCT::Write_N_RTU()

21130327-14:32:22:23394593=Enter COMM_HCT::Write_N_RTU()

21130327-14:32:22:23394609=CH8 P0-68 nCmdVal=0xC5AA(50602)

21130327-14:32:22:23394625=Enter COMM_HCT::Write_N_RTU()
21130327-14:32:22:23394640=Enter CSCOPE_COMM::Write_CH_Cmd() OK
21130327-14:32:22:23394656=Enter CSCOPE_WORKER::WriteScopeCmd_Start() OK
21130327-14:32:22:23394671=Enter CASD_SCOPE::Scope_Run() OK! 
21130327-14:32:22:23394687=Enter API ASD_Scope_Run() OK
21130327-14:32:24:23396562=Enter API ASD_Scope_Reset_Before_Run() Port[0x0000000C]
21130327-14:32:24:23396578=Enter CASD_SCOPE::Scope_Reset_Before_Run() 
21130327-14:32:24:23396593=Enter CSCOPE_WORKER::Scope_Reset_CH_Before_Run() 
21130327-14:32:24:23396609=Enter CSCOPE_COMM::resetScpComm()
21130327-14:32:24:23396625=COMM_HCT::SetScopeDecoder
21130327-14:32:24:23396640=Enter CSCOPE_COMM::resetScpComm() OK
21130327-14:32:24:23396656=Sample rate=8000, ScopeTimeSec=1, PM_Data_Size=800, 
21130327-14:32:24:23396671=CSCOPE_PACKET_PARSER::initAllocation(8)
21130327-14:32:24:23396687=Enter CScope_Decoder::Setup_Paraer()
21130327-14:32:24:23396703=Decide_CH_Get_Func() : CH[0] b32=1, CH_DataType=2 
21130327-14:32:24:23396734=Decide_CH_Get_Func() : CH[1] b32=1, CH_DataType=2
21130327-14:32:24:23396750=Decide_CH_Get_Func() : CH[2] b32=1, CH_DataType=2
21130327-14:32:24:23396765=Decide_CH_Get_Func() : CH[3] b32=1, CH_DataType=2
21130327-14:32:24:23396781=Decide_CH_Get_Func() : CH[4] b32=1, CH_DataType=2
21130327-14:32:24:23396796=Decide_CH_Get_Func() : CH[5] b32=1, CH_DataType=2
21130327-14:32:24:23396812=Decide_CH_Get_Func() : CH[6] b32=1, CH_DataType=2
21130327-14:32:24:23396828=Enter CScope_Decoder::resetScpDecoder() OK
21130327-14:32:25:23396859=Scope_Reset_CH_Before_Run() time=0, 47, 203, 0 
21130327-14:32:25:23396875=Enter CSCOPE_WORKER::Scope_Reset_CH_Before_Run() OK
21130327-14:32:25:23396890=Enter CASD_SCOPE::Scope_Reset_Before_Run() OK! 
21130327-14:32:25:23396906=ASD_Scope_Reset_Before_Run() time=0, 328
21130327-14:32:25:23396921=ASD_Scope_Reset_Before_Run() OK
21130327-14:32:25:23396953=Enter COMM_HCT::Write_N_RTU()
21130327-14:32:32:23403875=Enter COMM_HCT::Write_N_RTU()
21130327-14:33:4:23436578=Enter API ASD_Scope_Stop() Port[0x0000000C]
21130327-14:33:4:23436593=Enter CASD_SCOPE::Scope_Stop()
21130327-14:33:4:23436625=Enter CSCOPE_WORKER::StopScope()
21130327-14:33:4:23436640=Enter CSCOPE_COMM::WriteScopeCmd_Stop()
21130327-14:33:4:23436656=Enter CSCOPE_COMM::Close_ScpCmd()
21130327-14:33:4:23436671=Enter CSCOPE_COMM::StopScope()
21130327-14:33:4:23436687=Enter COMM_HCT::Write_N_RTU()
21130327-14:33:4:23436750=Enter COMM_HCT::Write_N_RTU()
21130327-14:33:4:23436781=mr_pCommASD->Write_N(3,8) time=15, 15
21130327-14:33:4:23436796=Enter CSCOPE_COMM::StopScope() OK
21130327-14:33:4:23436812=CSCOPE_COMM::Close_ScpCmd() time=140, 140
21130327-14:33:4:23436828=Enter CSCOPE_COMM::Close_ScpCmd() OK
21130327-14:33:4:23436843=Enter CSCOPE_COMM::WriteScopeCmd_Stop() OK
21130327-14:33:5:23436859=Enter CSCOPE_WORKER::StopScope() OK
21130327-14:33:5:23436875=Enter CASD_SCOPE::Scope_Stop() OK
21130327-14:33:5:23436890=Enter API ASD_Scope_Reset_Before_Run() Port[0x0000000C]
21130327-14:33:5:23436906=Enter CASD_SCOPE::Scope_Reset_Before_Run() 
21130327-14:33:5:23436921=Enter CSCOPE_WORKER::Scope_Reset_CH_Before_Run() 
21130327-14:33:5:23436937=Enter CSCOPE_COMM::resetScpComm()
21130327-14:33:5:23436953=COMM_HCT::SetScopeDecoder
21130327-14:33:5:23436968=Enter CSCOPE_COMM::resetScpComm() OK
21130327-14:33:5:23436984=Sample rate=8000, ScopeTimeSec=1, PM_Data_Size=800, 
21130327-14:33:5:23437000=CSCOPE_PACKET_PARSER::initAllocation(8)
21130327-14:33:5:23437015=Enter CScope_Decoder::Setup_Paraer()
21130327-14:33:5:23437031=Decide_CH_Get_Func() : CH[0] b32=1, CH_DataType=2 
21130327-14:33:5:23437046=Decide_CH_Get_Func() : CH[1] b32=1, CH_DataType=2
21130327-14:33:5:23437062=Decide_CH_Get_Func() : CH[2] b32=1, CH_DataType=2
21130327-14:33:5:23437078=Decide_CH_Get_Func() : CH[3] b32=1, CH_DataType=2
21130327-14:33:5:23437093=Decide_CH_Get_Func() : CH[4] b32=1, CH_DataType=2
21130327-14:33:5:23437109=Decide_CH_Get_Func() : CH[5] b32=1, CH_DataType=2
21130327-14:33:5:23437125=Decide_CH_Get_Func() : CH[6] b32=1, CH_DataType=2
21130327-14:33:5:23437140=Enter CScope_Decoder::resetScpDecoder() OK
21130327-14:33:5:23437171=Scope_Reset_CH_Before_Run() time=0, 47, 188, 0 
21130327-14:33:5:23437187=Enter CSCOPE_WORKER::Scope_Reset_CH_Before_Run() OK
21130327-14:33:5:23437203=Enter CASD_SCOPE::Scope_Reset_Before_Run() OK! 
21130327-14:33:5:23437218=ASD_Scope_Reset_Before_Run() time=0, 297
21130327-14:33:5:23437234=ASD_Scope_Reset_Before_Run() OK
AppStart23474531=21130327-14:33:42 : APP StartDLL() 1.1.0.10(build20210909)
21130327-14:33:42:23474562=Enter API ASD_Allocate_Scope() Port[0x0000000C]  Ver=1.1.0.10(build20210909)
21130327-14:33:42:23474640=Port Allocated OK!
21130327-14:33:42:23474656=Enter API ASD_Open_COMM_HCTL() Com[12]
21130327-14:33:42:23474687=DDBUG CCOMM_THREAD::start_thread  1
21130327-14:33:42:23474703=S2 COMM_HCTL::Com_Thread_Start() enter loop......

21130327-14:33:42:23474734=Enter CASD_SCOPE::SetCommObject()
21130327-14:33:42:23474781=initCommScope(): Dev(3, 7, 0), ScoptType=501, CH_Size=8, 
21130327-14:33:42:23474812=Scope_Second=1, Base_Second=20, nBufSize=160001, new_dDSP_Data_Ts=0.125000, strTimeFormat=%0.3f(ms)
21130327-14:33:42:23474828=Enter CASD_SCOPE::Scope_Write_Settings() 
21130327-14:33:42:23474843=Enter CSCOPE_WORKER::Scope_Write_Setting_Before_Run() 
21130327-14:33:43:23474859=Enter CSCOPE_COMM::resetScpComm()
21130327-14:33:43:23474875=COMM_HCT::SetScopeDecoder
21130327-14:33:43:23474890=Enter CSCOPE_COMM::resetScpComm() OK
21130327-14:33:43:23474906=CH[1] is 32Bit=1, CmdVal=0x0C598
21130327-14:33:43:23474937=CH[2] is 32Bit=1, CmdVal=0x0C59A
21130327-14:33:43:23474953=CH[3] is 32Bit=1, CmdVal=0x0C598
21130327-14:33:43:23474968=CH[4] is 32Bit=1, CmdVal=0x0C59A
21130327-14:33:43:23474984=CH[5] is 32Bit=1, CmdVal=0x0C59C
21130327-14:33:43:23475000=CH[6] is 32Bit=1, CmdVal=0x0C5AA
21130327-14:33:43:23475015=CH[7] is 32Bit=1, CmdVal=0x0C59C
21130327-14:33:43:23475031=Enter CSCOPE_WORKER::Arrange_CH_32bit() OK
21130327-14:33:43:23475062=Sample rate=8000, ScopeTimeSec=1, PM_Data_Size=800, 
21130327-14:33:43:23475078=CSCOPE_PACKET_PARSER::initAllocation(8)
21130327-14:33:43:23475093=Enter CScope_Decoder::Setup_Paraer()
21130327-14:33:43:23475109=Decide_CH_Get_Func() : CH[0] b32=1, CH_DataType=2 
21130327-14:33:43:23475140=Decide_CH_Get_Func() : CH[1] b32=1, CH_DataType=2
21130327-14:33:43:23475156=Decide_CH_Get_Func() : CH[2] b32=1, CH_DataType=2
21130327-14:33:43:23475171=Decide_CH_Get_Func() : CH[3] b32=1, CH_DataType=2
21130327-14:33:43:23475187=Decide_CH_Get_Func() : CH[4] b32=1, CH_DataType=2
21130327-14:33:43:23475203=Decide_CH_Get_Func() : CH[5] b32=1, CH_DataType=2
21130327-14:33:43:23475218=Decide_CH_Get_Func() : CH[6] b32=1, CH_DataType=2
21130327-14:33:43:23475234=Enter CScope_Decoder::resetScpDecoder() OK
21130327-14:33:43:23475265=   call m_pScpCom->WriteScopeCmd_Start()
21130327-14:33:43:23475281=CH1 P0-4 nCmdVal=0xC598(50584)

21130327-14:33:43:23475296=Enter COMM_HCT::Write_N_RTU()
21130327-14:33:43:23475312=Enter COMM_HCT::Write_N_RTU()

21130327-14:33:43:23475328=CH3 P0-5 nCmdVal=0xC598(50584)

21130327-14:33:43:23475343=Enter COMM_HCT::Write_N_RTU()
21130327-14:33:43:23475359=CH4 P0-7 nCmdVal=0xC59A(50586)

21130327-14:33:43:23475375=Enter COMM_HCT::Write_N_RTU()
21130327-14:33:43:23475390=Enter COMM_HCT::Write_N_RTU()

21130327-14:33:43:23475421=Enter COMM_HCT::Write_N_RTU()

21130327-14:33:43:23475437=CH7 P0-66 nCmdVal=0xC59C(50588)

21130327-14:33:43:23475453=Enter COMM_HCT::Write_N_RTU()
21130327-14:33:43:23475468=Enter COMM_HCT::Write_N_RTU()

21130327-14:33:43:23475500=Enter CSCOPE_COMM::Write_CH_Cmd() OK
21130327-14:33:43:23475515=Enter CSCOPE_WORKER::WriteScopeCmd_Start() OK
21130327-14:33:43:23475531=Enter CASD_SCOPE::Scope_Run() OK! 
21130327-14:33:43:23475546=Enter API ASD_Scope_Run() OK
21130327-14:33:45:23477546=Enter API ASD_Scope_Reset_Before_Run() Port[0x0000000C]
21130327-14:33:45:23477562=Enter CASD_SCOPE::Scope_Reset_Before_Run() 
21130327-14:33:45:23477578=Enter CSCOPE_WORKER::Scope_Reset_CH_Before_Run() 
21130327-14:33:45:23477593=Enter CSCOPE_COMM::resetScpComm()
21130327-14:33:45:23477609=COMM_HCT::SetScopeDecoder
21130327-14:33:45:23477625=Enter CSCOPE_COMM::resetScpComm() OK
21130327-14:33:45:23477640=Sample rate=8000, ScopeTimeSec=1, PM_Data_Size=800, 
21130327-14:33:45:23477656=CSCOPE_PACKET_PARSER::initAllocation(8)
21130327-14:33:45:23477671=Enter CScope_Decoder::Setup_Paraer()
21130327-14:33:45:23477687=Decide_CH_Get_Func() : CH[0] b32=1, CH_DataType=2 
21130327-14:33:45:23477718=Decide_CH_Get_Func() : CH[1] b32=1, CH_DataType=2
21130327-14:33:45:23477734=Decide_CH_Get_Func() : CH[2] b32=1, CH_DataType=2
21130327-14:33:45:23477750=Decide_CH_Get_Func() : CH[3] b32=1, CH_DataType=2
21130327-14:33:45:23477765=Decide_CH_Get_Func() : CH[4] b32=1, CH_DataType=2
21130327-14:33:45:23477781=Decide_CH_Get_Func() : CH[5] b32=1, CH_DataType=2
21130327-14:33:45:23477796=Decide_CH_Get_Func() : CH[6] b32=1, CH_DataType=2
21130327-14:33:45:23477812=Enter CScope_Decoder::resetScpDecoder() OK
21130327-14:33:45:23477843=Scope_Reset_CH_Before_Run() time=0, 47, 203, 0 
21130327-14:33:46:23477859=Enter CSCOPE_WORKER::Scope_Reset_CH_Before_Run() OK
21130327-14:33:46:23477875=Enter CASD_SCOPE::Scope_Reset_Before_Run() OK! 
21130327-14:33:46:23477890=ASD_Scope_Reset_Before_Run() time=0, 313
21130327-14:33:46:23477906=ASD_Scope_Reset_Before_Run() OK
21130327-14:33:46:23477921=Enter COMM_HCT::Write_N_RTU()
21130327-14:33:55:23487281=Enter COMM_HCT::Write_N_RTU()
21130327-14:34:27:23519781=Enter CASD_SCOPE::Scope_Stop()
21130327-14:34:27:23519812=Enter CSCOPE_WORKER::StopScope()
21130327-14:34:27:23519828=Enter CSCOPE_COMM::WriteScopeCmd_Stop()
21130327-14:34:27:23519843=Enter CSCOPE_COMM::Close_ScpCmd()
21130327-14:34:28:23519859=Enter CSCOPE_COMM::StopScope()
21130327-14:34:28:23519875=Enter COMM_HCT::Write_N_RTU()
21130327-14:34:28:23519921=Enter COMM_HCT::Write_N_RTU()
21130327-14:34:28:23519953=mr_pCommASD->Write_N(3,8) time=16, 16
21130327-14:34:28:23519968=Enter CSCOPE_COMM::StopScope() OK
21130327-14:34:28:23519984=CSCOPE_COMM::Close_ScpCmd() time=125, 125
21130327-14:34:28:23520000=Enter CSCOPE_COMM::Close_ScpCmd() OK
21130327-14:34:28:23520015=Enter CSCOPE_COMM::WriteScopeCmd_Stop() OK
21130327-14:34:28:23520031=Enter CSCOPE_WORKER::StopScope() OK
21130327-14:34:28:23520046=Enter CASD_SCOPE::Scope_Stop() OK
21130327-14:34:28:23520062=Enter API ASD_Scope_Reset_Before_Run() Port[0x0000000C]
21130327-14:34:28:23520078=Enter CASD_SCOPE::Scope_Reset_Before_Run() 
21130327-14:34:28:23520093=Enter CSCOPE_WORKER::Scope_Reset_CH_Before_Run() 
21130327-14:34:28:23520109=Enter CSCOPE_COMM::resetScpComm()
21130327-14:34:28:23520125=COMM_HCT::SetScopeDecoder
21130327-14:34:28:23520140=Enter CSCOPE_COMM::resetScpComm() OK
21130327-14:34:28:23520156=Sample rate=8000, ScopeTimeSec=1, PM_Data_Size=800, 
21130327-14:34:28:23520171=CSCOPE_PACKET_PARSER::initAllocation(8)
21130327-14:34:28:23520187=Enter CScope_Decoder::Setup_Paraer()
21130327-14:34:28:23520203=Decide_CH_Get_Func() : CH[0] b32=1, CH_DataType=2 
21130327-14:34:28:23520234=Decide_CH_Get_Func() : CH[1] b32=1, CH_DataType=2
21130327-14:34:28:23520250=Decide_CH_Get_Func() : CH[2] b32=1, CH_DataType=2
21130327-14:34:28:23520265=Decide_CH_Get_Func() : CH[3] b32=1, CH_DataType=2
21130327-14:34:28:23520281=Decide_CH_Get_Func() : CH[4] b32=1, CH_DataType=2
21130327-14:34:28:23520296=Decide_CH_Get_Func() : CH[5] b32=1, CH_DataType=2
21130327-14:34:28:23520312=Decide_CH_Get_Func() : CH[6] b32=1, CH_DataType=2
21130327-14:34:28:23520328=Enter CScope_Decoder::resetScpDecoder() OK
21130327-14:34:28:23520359=Scope_Reset_CH_Before_Run() time=0, 47, 203, 0 
21130327-14:34:28:23520375=Enter CSCOPE_WORKER::Scope_Reset_CH_Before_Run() OK
21130327-14:34:28:23520390=Enter CASD_SCOPE::Scope_Reset_Before_Run() OK! 
21130327-14:34:28:23520406=ASD_Scope_Reset_Before_Run() time=0, 312
21130327-14:34:28:23520421=ASD_Scope_Reset_Before_Run() OK
