[Trace]
AppStart31105281=21111001-17:10:30 : APP StartDLL() 1.1.0.10(build20210909)
21111001-17:10:30:31105281=Enter API ASD_Allocate_Scope() Port[0x00000004]  Ver=1.1.0.10(build20210909)
21111001-17:10:30:31105359=Port Allocated OK!
21111001-17:10:30:31105375=Enter API ASD_Open_COMM_HCTL() Com[4]
21111001-17:10:30:31105390=DDBUG CCOMM_THREAD::start_thread  1
21111001-17:10:30:31105406=S2 COMM_HCTL::Com_Thread_Start() enter loop......

21111001-17:10:30:31105421=Enter CASD_SCOPE::SetCommObject()
21111001-17:10:30:31105500=initCommScope(): Dev(3, 7, 3), ScoptType=501, CH_Size=8, 
21111001-17:10:30:31105531=Scope_Second=1, Base_Second=20, nBufSize=160001, new_dDSP_Data_Ts=0.125000, strTimeFormat=%0.3f(ms)
AppStart31115859=21111001-17:10:41 : APP StartDLL() 1.1.0.10(build20210909)
21111001-17:10:41:31115875=Enter API ASD_Allocate_Scope() Port[0x00000004]  Ver=1.1.0.10(build20210909)
21111001-17:10:41:31115890=Port Allocated OK!
21111001-17:10:41:31115906=Enter API ASD_Open_COMM_HCTL() Com[4]
21111001-17:10:41:31116031=ASD_Open_COMM_HCTL() exception! :Open HCTL COMM failed!
AppStart31130718=21111001-17:10:56 : APP StartDLL() 1.1.0.10(build20210909)
21111001-17:10:56:31130718=Enter API ASD_Allocate_Scope() Port[0x00000004]  Ver=1.1.0.10(build20210909)
21111001-17:10:56:31130734=Port Allocated OK!
21111001-17:10:56:31130750=Enter API ASD_Open_COMM_HCTL() Com[4]
21111001-17:10:56:31130843=ASD_Open_COMM_HCTL() exception! :Open HCTL COMM failed!
AppStart31146750=21111001-17:11:12 : APP StartDLL() 1.1.0.10(build20210909)
21111001-17:11:12:31146750=Enter API ASD_Allocate_Scope() Port[0x00000004]  Ver=1.1.0.10(build20210909)
21111001-17:11:12:31146828=Port Allocated OK!
21111001-17:11:12:31146843=Enter API ASD_Open_COMM_HCTL() Com[4]
21111001-17:11:12:31146859=DDBUG CCOMM_THREAD::start_thread  1
21111001-17:11:12:31146890=S2 COMM_HCTL::Com_Thread_Start() enter loop......

21111001-17:11:12:31146906=Enter CASD_SCOPE::SetCommObject()
21111001-17:11:12:31146953=initCommScope(): Dev(3, 7, 3), ScoptType=501, CH_Size=8, 
21111001-17:11:12:31146984=Scope_Second=1, Base_Second=20, nBufSize=160001, new_dDSP_Data_Ts=0.125000, strTimeFormat=%0.3f(ms)
21111001-17:11:48:31182656=Enter CASD_SCOPE::Scope_Run() 
21111001-17:11:48:31182687=Enter CSCOPE_WORKER::StartScope() 
21111001-17:11:48:31182703=Enter CSCOPE_WORKER::Scope_Write_Setting_Before_Run() 
21111001-17:11:48:31182718=Enter CSCOPE_COMM::resetScpComm()
21111001-17:11:48:31182734=COMM_HCT::SetScopeDecoder
21111001-17:11:48:31182750=Enter CSCOPE_COMM::resetScpComm() OK
21111001-17:11:48:31182765=CH[1] is 32Bit=1, CmdVal=0x0C598
21111001-17:11:48:31182781=CH[2] is 32Bit=1, CmdVal=0x0C59A
21111001-17:11:48:31182796=CH[3] is 32Bit=1, CmdVal=0x0C598
21111001-17:11:48:31182812=CH[4] is 32Bit=1, CmdVal=0x0C59A
21111001-17:11:48:31182828=CH[5] is 32Bit=1, CmdVal=0x0C59C
21111001-17:11:48:31182843=CH[6] is 32Bit=1, CmdVal=0x0C5AA
21111001-17:11:48:31182859=CH[7] is 32Bit=1, CmdVal=0x0C59C
21111001-17:11:48:31182875=Enter CSCOPE_WORKER::Arrange_CH_32bit() OK
21111001-17:11:48:31182890=Sample rate=8000, ScopeTimeSec=1, PM_Data_Size=800, 
21111001-17:11:48:31182906=CSCOPE_PACKET_PARSER::initAllocation(8)
21111001-17:11:48:31182921=Enter CScope_Decoder::Setup_Paraer()
21111001-17:11:48:31182937=Decide_CH_Get_Func() : CH[0] b32=1, CH_DataType=2 
21111001-17:11:48:31182953=Decide_CH_Get_Func() : CH[1] b32=1, CH_DataType=2
21111001-17:11:48:31182968=Decide_CH_Get_Func() : CH[2] b32=1, CH_DataType=2
21111001-17:11:48:31182984=Decide_CH_Get_Func() : CH[3] b32=1, CH_DataType=2
21111001-17:11:48:31183000=Decide_CH_Get_Func() : CH[4] b32=1, CH_DataType=2
21111001-17:11:48:31183015=Decide_CH_Get_Func() : CH[5] b32=1, CH_DataType=2
21111001-17:11:48:31183031=Decide_CH_Get_Func() : CH[6] b32=1, CH_DataType=2
21111001-17:11:48:31183046=Enter CScope_Decoder::resetScpDecoder() OK
21111001-17:11:48:31183062=   call m_pScpCom->WriteScopeCmd_Start()
21111001-17:11:48:31183078=CH1 P0-4 nCmdVal=0xC598(50584)

21111001-17:11:48:31183093=CH2 P0-6 nCmdVal=0xC59A(50586)

21111001-17:11:48:31183109=Enter COMM_HCT::Write_N_RTU()
21111001-17:11:48:31183125=Enter COMM_HCT::Write_N_RTU()

21111001-17:11:48:31183140=Enter COMM_HCT::Write_N_RTU()

21111001-17:11:48:31183156=Enter COMM_HCT::Write_N_RTU()

21111001-17:11:48:31183171=Enter COMM_HCT::Write_N_RTU()

21111001-17:11:48:31183187=Enter COMM_HCT::Write_N_RTU()

21111001-17:11:48:31183203=Enter COMM_HCT::Write_N_RTU()

21111001-17:11:48:31183218=Enter CSCOPE_COMM::Write_CH_Cmd() OK
21111001-17:11:48:31183234=Enter CSCOPE_WORKER::WriteScopeCmd_Start() OK
21111001-17:11:48:31183250=Enter CSCOPE_WORKER::Scope_Reset_CH_Before_Run() 
21111001-17:11:48:31183265=Enter CSCOPE_COMM::resetScpComm()
21111001-17:11:48:31183281=COMM_HCT::SetScopeDecoder
21111001-17:11:48:31183296=Enter CSCOPE_COMM::resetScpComm() OK
21111001-17:11:48:31183312=Sample rate=8000, ScopeTimeSec=1, PM_Data_Size=800, 
21111001-17:11:48:31183328=CSCOPE_PACKET_PARSER::initAllocation(8)
21111001-17:11:48:31183343=Enter CScope_Decoder::Setup_Paraer()
21111001-17:11:48:31183359=Decide_CH_Get_Func() : CH[0] b32=1, CH_DataType=2 
21111001-17:11:48:31183390=Decide_CH_Get_Func() : CH[1] b32=1, CH_DataType=2
21111001-17:11:48:31183406=Decide_CH_Get_Func() : CH[2] b32=1, CH_DataType=2
21111001-17:11:48:31183421=Decide_CH_Get_Func() : CH[3] b32=1, CH_DataType=2
21111001-17:11:48:31183437=Decide_CH_Get_Func() : CH[4] b32=1, CH_DataType=2
21111001-17:11:48:31183453=Decide_CH_Get_Func() : CH[5] b32=1, CH_DataType=2
21111001-17:11:48:31183468=Decide_CH_Get_Func() : CH[6] b32=1, CH_DataType=2
21111001-17:11:48:31183484=Enter CScope_Decoder::resetScpDecoder() OK
21111001-17:11:48:31183500=Scope_Reset_CH_Before_Run() time=0, 46, 188, 0 
21111001-17:11:48:31183515=Enter CSCOPE_WORKER::Scope_Reset_CH_Before_Run() OK
21111001-17:11:48:31183531=Enter COMM_HCT::Write_N_RTU()
21111001-17:11:48:31183546=Enter CSCOPE_WORKER::StartScope() OK
21111001-17:11:48:31183562=Enter CASD_SCOPE::Scope_Run() OK! 
21111001-17:11:49:31183578=Enter API ASD_Scope_Run() OK
AppStart31771750=21111001-17:21:37 : APP StartDLL() 1.1.0.10(build20210909)
21111001-17:21:37:31771765=Enter API ASD_Allocate_Scope() Port[0x00000004]  Ver=1.1.0.10(build20210909)
21111001-17:21:37:31771843=Port Allocated OK!
21111001-17:21:37:31771875=Enter API ASD_Open_COMM_HCTL() Com[4]
21111001-17:21:37:31771890=DDBUG CCOMM_THREAD::start_thread  1
21111001-17:21:37:31771906=S2 COMM_HCTL::Com_Thread_Start() enter loop......

21111001-17:21:37:31771937=Enter CASD_SCOPE::SetCommObject()
21111001-17:21:37:31772031=initCommScope(): Dev(3, 7, 3), ScoptType=501, CH_Size=8, 
21111001-17:21:37:31772046=Scope_Second=1, Base_Second=20, nBufSize=160001, new_dDSP_Data_Ts=0.125000, strTimeFormat=%0.3f(ms)
21111001-17:21:59:31793671=Enter API ASD_Scope_Run() Port[0x00000004]
21111001-17:21:59:31793687=Enter CASD_SCOPE::Scope_Run() 
21111001-17:21:59:31793703=Enter CSCOPE_WORKER::StartScope() 
21111001-17:21:59:31793718=Enter CSCOPE_WORKER::Scope_Write_Setting_Before_Run() 
21111001-17:21:59:31793734=Enter CSCOPE_COMM::resetScpComm()
21111001-17:21:59:31793750=COMM_HCT::SetScopeDecoder
21111001-17:21:59:31793765=Enter CSCOPE_COMM::resetScpComm() OK
21111001-17:21:59:31793781=CH[1] is 32Bit=1, CmdVal=0x0C598
21111001-17:21:59:31793812=CH[2] is 32Bit=1, CmdVal=0x0C59A
21111001-17:21:59:31793828=CH[3] is 32Bit=1, CmdVal=0x0C598
21111001-17:21:59:31793843=CH[4] is 32Bit=1, CmdVal=0x0C59A
21111001-17:21:59:31793859=CH[5] is 32Bit=1, CmdVal=0x0C59C
21111001-17:21:59:31793875=CH[6] is 32Bit=1, CmdVal=0x0C5AA
21111001-17:21:59:31793890=CH[7] is 32Bit=1, CmdVal=0x0C59C
21111001-17:21:59:31793906=Enter CSCOPE_WORKER::Arrange_CH_32bit() OK
21111001-17:21:59:31793937=Sample rate=8000, ScopeTimeSec=1, PM_Data_Size=800, 
21111001-17:21:59:31793953=CSCOPE_PACKET_PARSER::initAllocation(8)
21111001-17:21:59:31793968=Enter CScope_Decoder::Setup_Paraer()
21111001-17:21:59:31793984=Decide_CH_Get_Func() : CH[0] b32=1, CH_DataType=2 
21111001-17:21:59:31794015=Decide_CH_Get_Func() : CH[1] b32=1, CH_DataType=2
21111001-17:21:59:31794031=Decide_CH_Get_Func() : CH[2] b32=1, CH_DataType=2
21111001-17:21:59:31794046=Decide_CH_Get_Func() : CH[3] b32=1, CH_DataType=2
21111001-17:21:59:31794062=Decide_CH_Get_Func() : CH[4] b32=1, CH_DataType=2
21111001-17:21:59:31794078=Decide_CH_Get_Func() : CH[5] b32=1, CH_DataType=2
21111001-17:21:59:31794093=Decide_CH_Get_Func() : CH[6] b32=1, CH_DataType=2
21111001-17:21:59:31794109=Enter CScope_Decoder::resetScpDecoder() OK
21111001-17:21:59:31794140=   call m_pScpCom->WriteScopeCmd_Start()
21111001-17:21:59:31794156=CH1 P0-4 nCmdVal=0xC598(50584)

21111001-17:21:59:31794171=Enter COMM_HCT::Write_N_RTU()
21111001-17:21:59:31794187=Enter COMM_HCT::Write_N_RTU()

21111001-17:21:59:31794203=CH3 P0-5 nCmdVal=0xC598(50584)

21111001-17:21:59:31794218=CH4 P0-7 nCmdVal=0xC59A(50586)

21111001-17:21:59:31794234=Enter COMM_HCT::Write_N_RTU()
21111001-17:21:59:31794250=CH5 P0-65 nCmdVal=0xC59C(50588)

21111001-17:21:59:31794265=CH6 P0-67 nCmdVal=0xC5AA(50602)

21111001-17:21:59:31794281=Enter COMM_HCT::Write_N_RTU()
21111001-17:21:59:31794296=Enter COMM_HCT::Write_N_RTU()

21111001-17:21:59:31794312=CH8 P0-68 nCmdVal=0xC5AA(50602)

21111001-17:21:59:31794328=Enter COMM_HCT::Write_N_RTU()
21111001-17:21:59:31794343=Enter CSCOPE_COMM::Write_CH_Cmd() OK
21111001-17:21:59:31794359=Enter CSCOPE_WORKER::WriteScopeCmd_Start() OK
21111001-17:21:59:31794375=Enter CSCOPE_WORKER::Scope_Reset_CH_Before_Run() 
21111001-17:21:59:31794390=Enter CSCOPE_COMM::resetScpComm()
21111001-17:21:59:31794406=COMM_HCT::SetScopeDecoder
21111001-17:21:59:31794421=Enter CSCOPE_COMM::resetScpComm() OK
21111001-17:21:59:31794437=Sample rate=8000, ScopeTimeSec=1, PM_Data_Size=800, 
21111001-17:21:59:31794453=CSCOPE_PACKET_PARSER::initAllocation(8)
21111001-17:21:59:31794468=Enter CScope_Decoder::Setup_Paraer()
21111001-17:21:59:31794484=Decide_CH_Get_Func() : CH[0] b32=1, CH_DataType=2 
21111001-17:21:59:31794515=Decide_CH_Get_Func() : CH[1] b32=1, CH_DataType=2
21111001-17:22:0:31794531=Decide_CH_Get_Func() : CH[2] b32=1, CH_DataType=2
21111001-17:22:0:31794546=Decide_CH_Get_Func() : CH[3] b32=1, CH_DataType=2
21111001-17:22:0:31794562=Decide_CH_Get_Func() : CH[4] b32=1, CH_DataType=2
21111001-17:22:0:31794578=Decide_CH_Get_Func() : CH[5] b32=1, CH_DataType=2
21111001-17:22:0:31794593=Decide_CH_Get_Func() : CH[6] b32=1, CH_DataType=2
21111001-17:22:0:31794609=Enter CScope_Decoder::resetScpDecoder() OK
21111001-17:22:0:31794640=Scope_Reset_CH_Before_Run() time=0, 46, 204, 0 
21111001-17:22:0:31794656=Enter CSCOPE_WORKER::Scope_Reset_CH_Before_Run() OK
21111001-17:22:0:31794671=Enter COMM_HCT::Write_N_RTU()
21111001-17:22:0:31794687=Enter CSCOPE_WORKER::StartScope() OK
21111001-17:22:0:31794703=Enter CASD_SCOPE::Scope_Run() OK! 
21111001-17:22:0:31794718=Enter API ASD_Scope_Run() OK
21111001-18:4:14:34329156=COMM_HCTL::Com_Thread_Start() loop end! 

21111001-18:5:47:34421875=Enter API ASD_Scope_Stop() Port[0x00000004]
21111001-18:5:47:34421890=Enter CASD_SCOPE::Scope_Stop()
21111001-18:5:47:34421906=Enter CSCOPE_WORKER::StopScope()
21111001-18:5:47:34421921=Enter CSCOPE_COMM::WriteScopeCmd_Stop()
21111001-18:5:47:34421937=Enter CSCOPE_COMM::Close_ScpCmd()
21111001-18:5:47:34421953=Enter CSCOPE_COMM::StopScope()
21111001-18:5:47:34421968=Enter COMM_HCT::Write_N_RTU()
21111001-18:5:48:34422828=COMM_HCT::Write_Modbus() failed! :Main Total Tiomout!bWriteCmd=0, bWriteOperationFaile=0, nWriteTimer_Timeout=800, while() 
21111001-18:5:48:34422843=		in Write_N_RTU():   Write_Modbus(adr + 2) failed
21111001-18:5:48:34422875=COMM_HCT::Write_N_RTU() exception:COMM_HCT::Write_Modbus() failed! :Main Total Tiomout!
Tx=01 10 03 08 00 02 04 00 00 00 00 E6 F9  ,
 Rx=
21111001-18:5:48:34422906=Enter COMM_HCT::Write_N_RTU()
21111001-18:5:49:34423750=		in Write_N_RTU():   Write_Modbus(adr + 2) failed 
21111001-18:5:49:34423781=COMM_HCT::Write_N_RTU() exception:COMM_HCT::Write_Modbus() failed! :Main Total Tiomout!
Tx=01 10 03 08 00 02 04 00 00 00 00 E6 F9  ,
 Rx=
21111001-18:5:49:34423812=Enter COMM_HCT::Write_N_RTU()
21111001-18:5:50:34424640=COMM_HCT::Write_Modbus() failed! :Main Total Tiomout!bWriteCmd=0, bWriteOperationFaile=0, nWriteTimer_Timeout=800, while() 
21111001-18:5:50:34424656=		in Write_N_RTU():   Write_Modbus(adr + 2) failed
21111001-18:5:50:34424687=COMM_HCT::Write_N_RTU() exception:COMM_HCT::Write_Modbus() failed! :Main Total Tiomout!
Tx=01 10 03 08 00 02 04 00 00 00 00 E6 F9  ,
 Rx=
21111001-18:5:50:34424750=Enter COMM_HCT::Write_N_RTU()
21111001-18:5:51:34425578=COMM_HCT::Write_Modbus() failed! :Main Total Tiomout!bWriteCmd=0, bWriteOperationFaile=0, nWriteTimer_Timeout=800, while() 
21111001-18:5:51:34425593=		in Write_N_RTU():   Write_Modbus(adr + 2) failed
21111001-18:5:51:34425625=COMM_HCT::Write_N_RTU() exception:COMM_HCT::Write_Modbus() failed! :Main Total Tiomout!
Tx=01 10 03 10 00 02 04 00 00 00 00 E6 53  ,
 Rx=
21111001-18:5:51:34425640=Enter COMM_HCT::Write_N_RTU()
21111001-18:5:52:34426468=COMM_HCT::Write_Modbus() failed! :Main Total Tiomout!bWriteCmd=0, bWriteOperationFaile=0, nWriteTimer_Timeout=800, while() 
21111001-18:5:52:34426484=		in Write_N_RTU():   Write_Modbus(adr + 2) failed
21111001-18:5:52:34426515=COMM_HCT::Write_N_RTU() exception:COMM_HCT::Write_Modbus() failed! :Main Total Tiomout!
Tx=01 10 03 10 00 02 04 00 00 00 00 E6 53  ,
 Rx=
21111001-18:5:52:34426531=Enter COMM_HCT::Write_N_RTU()
21111001-18:5:52:34427375=		in Write_N_RTU():   Write_Modbus(adr + 2) failed 
21111001-18:5:52:34427421=COMM_HCT::Write_N_RTU() exception:COMM_HCT::Write_Modbus() failed! :Main Total Tiomout!
Tx=01 10 03 10 00 02 04 00 00 00 00 E6 53  ,
 Rx=
21111001-18:5:53:34427468=CSCOPE_WORKER::StopScope()  exception:set P3-08 cmd failed! :
21111001-18:5:53:34427500=CSCOPE_COMM::Close_ScpCmd() failed! : CSCOPE_WORKER::StopScope()  exception:set P3-08 cmd failed! :
21111001-18:5:53:34427531=CSCOPE_WORKER::WriteScopeCmd_Stop() error:CSCOPE_COMM::Close_ScpCmd() failed! : CSCOPE_WORKER::StopScope()  exception:set P3-08 cmd failed! :
21111001-18:5:53:34427578=StopScope::StartScope() error:stop scope failed!
21111001-18:5:53:34427609=Scope_Stop() exception : StopScope::StartScope() error:stop scope failed!
21111001-18:5:53:34427640=ASD_Scope_Stop() exception! :Open HCT COMM failed!
21111001-18:5:54:34428500=COMM_HCT::Write_Modbus() failed! :Main Total Tiomout!bWriteCmd=0, bWriteOperationFaile=0, nWriteTimer_Timeout=800, while() 
21111001-18:5:54:34429359=COMM_HCT::Write_Modbus() failed! :Main Total Tiomout!bWriteCmd=0, bWriteOperationFaile=0, nWriteTimer_Timeout=800, while() 
21111001-18:5:55:34430250=COMM_HCT::Write_Modbus() failed! :Main Total Tiomout!bWriteCmd=0, bWriteOperationFaile=0, nWriteTimer_Timeout=800, while() 
21111001-18:5:55:34430312=ASD_Disable_Hidden() exception! : unknown
21111001-18:5:55:34430328=Enter API ASD_Close_COMM() Port[0x00000004]
21111001-18:5:55:34430343=Call CASD_SCOPE::Close_COMM()
21111001-18:5:55:34430359=Enter API ASD_Free_Scope() Port[0x00000004]
21111001-18:5:55:34430375=Call CASD_SCOPE::Close_COMM()
21111001-18:5:55:34430390=Call CASD_SCOPE::Close_COMM()
AppEnd34430390=21111001-18:5:55 : call EndLog Port[0x00000004]
