[Trace]
AppStart32226500=21140401-17:7:47 : APP StartDLL() 1.1.0.10(build20210909)
21140401-17:7:47:32226500=Enter API ASD_Allocate_Scope() Port[0x0000000D]  Ver=1.1.0.10(build20210909)
21140401-17:7:47:32226578=Port Allocated OK!
21140401-17:7:47:32226593=Enter API ASD_Open_COMM_HCTL() Com[13]
21140401-17:7:47:32226609=DDBUG CCOMM_THREAD::start_thread  1
21140401-17:7:47:32226640=S2 COMM_HCTL::Com_Thread_Start() enter loop......

21140401-17:7:47:32226656=Enter CASD_SCOPE::SetCommObject()
21140401-17:7:47:32226687=initCommScope(): Dev(3, 7, 0), ScoptType=501, CH_Size=8, 
21140401-17:7:47:32226703=Scope_Second=1, Base_Second=20, nBufSize=160001, new_dDSP_Data_Ts=0.125000, strTimeFormat=%0.3f(ms)
21140401-17:7:47:32226718=Enter CASD_SCOPE::Scope_Write_Settings() 
21140401-17:7:47:32226734=Enter CSCOPE_WORKER::Scope_Write_Setting_Before_Run() 
21140401-17:7:47:32226750=Enter CSCOPE_COMM::resetScpComm()
21140401-17:7:47:32226765=COMM_HCT::SetScopeDecoder
21140401-17:7:47:32226781=Enter CSCOPE_COMM::resetScpComm() OK
21140401-17:7:47:32226796=CH[1] is 32Bit=1, CmdVal=0x0C05A
21140401-17:7:47:32226812=CH[2] is 32Bit=1, CmdVal=0x0C05C
21140401-17:7:47:32226828=CH[3] is 32Bit=1, CmdVal=0x0C05A
21140401-17:7:47:32226843=CH[4] is 32Bit=1, CmdVal=0x0C05C
21140401-17:7:47:32226859=CH[5] is 32Bit=1, CmdVal=0x0C05E
21140401-17:7:47:32226875=CH[6] is 32Bit=1, CmdVal=0x0C06C
21140401-17:7:47:32226921=CH[7] is 32Bit=1, CmdVal=0x0C05E
21140401-17:7:47:32226937=Enter CSCOPE_WORKER::Arrange_CH_32bit() OK
21140401-17:7:47:32226953=Sample rate=8000, ScopeTimeSec=1, PM_Data_Size=800, 
21140401-17:7:47:32226968=CSCOPE_PACKET_PARSER::initAllocation(8)
21140401-17:7:47:32226984=Enter CScope_Decoder::Setup_Paraer()
21140401-17:7:47:32227000=Decide_CH_Get_Func() : CH[0] b32=1, CH_DataType=2 
21140401-17:7:47:32227015=Decide_CH_Get_Func() : CH[1] b32=1, CH_DataType=2
21140401-17:7:47:32227031=Decide_CH_Get_Func() : CH[2] b32=1, CH_DataType=2
21140401-17:7:47:32227046=Decide_CH_Get_Func() : CH[3] b32=1, CH_DataType=2
21140401-17:7:47:32227062=Decide_CH_Get_Func() : CH[4] b32=1, CH_DataType=2
21140401-17:7:47:32227078=Decide_CH_Get_Func() : CH[5] b32=1, CH_DataType=2
21140401-17:7:47:32227093=Decide_CH_Get_Func() : CH[6] b32=1, CH_DataType=2
21140401-17:7:47:32227109=Enter CScope_Decoder::resetScpDecoder() OK
21140401-17:7:47:32227125=   call m_pScpCom->WriteScopeCmd_Start()
21140401-17:7:47:32227140=CH1 P0-4 nCmdVal=0xC05A(49242)

21140401-17:7:47:32227156=CH2 P0-6 nCmdVal=0xC05C(49244)

21140401-17:7:47:32227171=CH3 P0-5 nCmdVal=0xC05A(49242)

21140401-17:7:47:32227187=CH4 P0-7 nCmdVal=0xC05C(49244)

21140401-17:7:47:32227203=Enter COMM_HCT::Write_N_RTU()
21140401-17:7:48:32227203=CH5 P0-65 nCmdVal=0xC05E(49246)

21140401-17:7:48:32227218=CH6 P0-67 nCmdVal=0xC06C(49260)

21140401-17:7:48:32227234=CH7 P0-66 nCmdVal=0xC05E(49246)

21140401-17:7:48:32227250=CH8 P0-68 nCmdVal=0xC06C(49260)

21140401-17:7:48:32227265=Enter COMM_HCT::Write_N_RTU()
21140401-17:7:48:32227281=Enter CSCOPE_COMM::Write_CH_Cmd() OK
21140401-17:7:48:32227296=Enter CSCOPE_WORKER::WriteScopeCmd_Start() OK
21140401-17:7:48:32227312=Enter CASD_SCOPE::Scope_Run() OK! 
21140401-17:7:48:32227328=Enter API ASD_Scope_Run() OK
21140401-17:7:49:32228796=Enter CASD_SCOPE::Scope_Reset_Before_Run() 
21140401-17:7:49:32228828=Enter CSCOPE_WORKER::Scope_Reset_CH_Before_Run() 
21140401-17:7:49:32228843=Enter CSCOPE_COMM::resetScpComm()
21140401-17:7:49:32228859=COMM_HCT::SetScopeDecoder
21140401-17:7:49:32228875=Enter CSCOPE_COMM::resetScpComm() OK
21140401-17:7:49:32228890=Sample rate=8000, ScopeTimeSec=1, PM_Data_Size=800, 
21140401-17:7:49:32228906=CSCOPE_PACKET_PARSER::initAllocation(8)
21140401-17:7:49:32228921=Enter CScope_Decoder::Setup_Paraer()
21140401-17:7:49:32228937=Decide_CH_Get_Func() : CH[0] b32=1, CH_DataType=2 
21140401-17:7:49:32228953=Decide_CH_Get_Func() : CH[1] b32=1, CH_DataType=2
21140401-17:7:49:32228968=Decide_CH_Get_Func() : CH[2] b32=1, CH_DataType=2
21140401-17:7:49:32228984=Decide_CH_Get_Func() : CH[3] b32=1, CH_DataType=2
21140401-17:7:49:32229000=Decide_CH_Get_Func() : CH[4] b32=1, CH_DataType=2
21140401-17:7:49:32229015=Decide_CH_Get_Func() : CH[5] b32=1, CH_DataType=2
21140401-17:7:49:32229031=Decide_CH_Get_Func() : CH[6] b32=1, CH_DataType=2
21140401-17:7:49:32229046=Enter CScope_Decoder::resetScpDecoder() OK
21140401-17:7:49:32229062=Scope_Reset_CH_Before_Run() time=0, 47, 171, 0 
21140401-17:7:49:32229078=Enter CSCOPE_WORKER::Scope_Reset_CH_Before_Run() OK
21140401-17:7:49:32229093=Enter CASD_SCOPE::Scope_Reset_Before_Run() OK! 
21140401-17:7:49:32229109=ASD_Scope_Reset_Before_Run() time=0, 297
21140401-17:7:49:32229125=ASD_Scope_Reset_Before_Run() OK
21140401-17:7:49:32229140=Enter COMM_HCT::Write_N_RTU()
21140401-17:8:4:32243343=Enter COMM_HCT::Write_N_RTU()
21140401-17:8:12:32251343=Enter API ASD_Scope_Stop() Port[0x0000000D]
21140401-17:8:12:32251359=Enter CASD_SCOPE::Scope_Stop()
21140401-17:8:12:32251375=Enter CSCOPE_WORKER::StopScope()
21140401-17:8:12:32251390=Enter CSCOPE_COMM::WriteScopeCmd_Stop()
21140401-17:8:12:32251406=Enter CSCOPE_COMM::Close_ScpCmd()
21140401-17:8:12:32251421=Enter CSCOPE_COMM::StopScope()
21140401-17:8:12:32251437=Enter COMM_HCT::Write_N_RTU()
21140401-17:8:12:32251484=Enter COMM_HCT::Write_N_RTU()
21140401-17:8:12:32251515=mr_pCommASD->Write_N(3,8) time=16, 16
21140401-17:8:12:32251531=Enter CSCOPE_COMM::StopScope() OK
21140401-17:8:12:32251546=CSCOPE_COMM::Close_ScpCmd() time=125, 125
21140401-17:8:12:32251562=Enter CSCOPE_COMM::Close_ScpCmd() OK
21140401-17:8:12:32251578=Enter CSCOPE_COMM::WriteScopeCmd_Stop() OK
21140401-17:8:12:32251593=Enter CSCOPE_WORKER::StopScope() OK
21140401-17:8:12:32251609=Enter CASD_SCOPE::Scope_Stop() OK
21140401-17:8:12:32251625=Enter API ASD_Scope_Reset_Before_Run() Port[0x0000000D]
21140401-17:8:12:32251640=Enter CASD_SCOPE::Scope_Reset_Before_Run() 
21140401-17:8:12:32251656=Enter CSCOPE_WORKER::Scope_Reset_CH_Before_Run() 
21140401-17:8:12:32251671=Enter CSCOPE_COMM::resetScpComm()
21140401-17:8:12:32251687=COMM_HCT::SetScopeDecoder
21140401-17:8:12:32251703=Enter CSCOPE_COMM::resetScpComm() OK
21140401-17:8:12:32251718=Sample rate=8000, ScopeTimeSec=1, PM_Data_Size=800, 
21140401-17:8:12:32251734=CSCOPE_PACKET_PARSER::initAllocation(8)
21140401-17:8:12:32251750=Enter CScope_Decoder::Setup_Paraer()
21140401-17:8:12:32251765=Decide_CH_Get_Func() : CH[0] b32=1, CH_DataType=2 
21140401-17:8:12:32251781=Decide_CH_Get_Func() : CH[1] b32=1, CH_DataType=2
21140401-17:8:12:32251796=Decide_CH_Get_Func() : CH[2] b32=1, CH_DataType=2
21140401-17:8:12:32251812=Decide_CH_Get_Func() : CH[3] b32=1, CH_DataType=2
21140401-17:8:12:32251828=Decide_CH_Get_Func() : CH[4] b32=1, CH_DataType=2
21140401-17:8:12:32251843=Decide_CH_Get_Func() : CH[5] b32=1, CH_DataType=2
21140401-17:8:12:32251859=Decide_CH_Get_Func() : CH[6] b32=1, CH_DataType=2
21140401-17:8:12:32251875=Enter CScope_Decoder::resetScpDecoder() OK
21140401-17:8:12:32251906=Scope_Reset_CH_Before_Run() time=0, 47, 187, 0 
21140401-17:8:12:32251921=Enter CSCOPE_WORKER::Scope_Reset_CH_Before_Run() OK
21140401-17:8:12:32251937=Enter CASD_SCOPE::Scope_Reset_Before_Run() OK! 
21140401-17:8:12:32251953=ASD_Scope_Reset_Before_Run() time=0, 312
21140401-17:8:12:32251968=ASD_Scope_Reset_Before_Run() OK
21140401-17:8:39:32279062=Enter COMM_HCT::Write_N_RTU()
21140401-17:8:47:32286296=Enter CASD_SCOPE::Scope_Stop()
21140401-17:8:47:32286328=Enter CSCOPE_WORKER::StopScope()
21140401-17:8:47:32286343=Enter CSCOPE_COMM::WriteScopeCmd_Stop()
21140401-17:8:47:32286359=Enter CSCOPE_COMM::Close_ScpCmd()
21140401-17:8:47:32286375=Enter CSCOPE_COMM::StopScope()
21140401-17:8:47:32286390=Enter COMM_HCT::Write_N_RTU()
21140401-17:8:47:32286453=Enter COMM_HCT::Write_N_RTU()
21140401-17:8:47:32286484=mr_pCommASD->Write_N(3,8) time=15, 15
21140401-17:8:47:32286500=Enter CSCOPE_COMM::StopScope() OK
21140401-17:8:47:32286515=CSCOPE_COMM::Close_ScpCmd() time=141, 141
21140401-17:8:47:32286531=Enter CSCOPE_COMM::Close_ScpCmd() OK
21140401-17:8:47:32286546=Enter CSCOPE_COMM::WriteScopeCmd_Stop() OK
21140401-17:8:47:32286562=Enter CSCOPE_WORKER::StopScope() OK
21140401-17:8:47:32286578=Enter CASD_SCOPE::Scope_Stop() OK
21140401-17:8:47:32286593=Enter API ASD_Scope_Reset_Before_Run() Port[0x0000000D]
21140401-17:8:47:32286609=Enter CASD_SCOPE::Scope_Reset_Before_Run() 
21140401-17:8:47:32286625=Enter CSCOPE_WORKER::Scope_Reset_CH_Before_Run() 
21140401-17:8:47:32286640=Enter CSCOPE_COMM::resetScpComm()
21140401-17:8:47:32286656=COMM_HCT::SetScopeDecoder
21140401-17:8:47:32286671=Enter CSCOPE_COMM::resetScpComm() OK
21140401-17:8:47:32286687=Sample rate=8000, ScopeTimeSec=1, PM_Data_Size=800, 
21140401-17:8:47:32286703=CSCOPE_PACKET_PARSER::initAllocation(8)
21140401-17:8:47:32286718=Enter CScope_Decoder::Setup_Paraer()
21140401-17:8:47:32286734=Decide_CH_Get_Func() : CH[0] b32=1, CH_DataType=2 
21140401-17:8:47:32286750=Decide_CH_Get_Func() : CH[1] b32=1, CH_DataType=2
21140401-17:8:47:32286765=Decide_CH_Get_Func() : CH[2] b32=1, CH_DataType=2
21140401-17:8:47:32286781=Decide_CH_Get_Func() : CH[3] b32=1, CH_DataType=2
21140401-17:8:47:32286796=Decide_CH_Get_Func() : CH[4] b32=1, CH_DataType=2
21140401-17:8:47:32286812=Decide_CH_Get_Func() : CH[5] b32=1, CH_DataType=2
21140401-17:8:47:32286828=Decide_CH_Get_Func() : CH[6] b32=1, CH_DataType=2
21140401-17:8:47:32286843=Enter CScope_Decoder::resetScpDecoder() OK
21140401-17:8:47:32286859=Scope_Reset_CH_Before_Run() time=0, 46, 172, 0 
21140401-17:8:47:32286875=Enter CSCOPE_WORKER::Scope_Reset_CH_Before_Run() OK
21140401-17:8:47:32286890=Enter CASD_SCOPE::Scope_Reset_Before_Run() OK! 
21140401-17:8:47:32286906=ASD_Scope_Reset_Before_Run() time=0, 297
21140401-17:8:47:32286921=ASD_Scope_Reset_Before_Run() OK
21140401-17:8:52:32291453=Enter COMM_HCT::Write_N_RTU()
21140401-17:8:59:32298593=Enter API ASD_Scope_Stop() Port[0x0000000D]
21140401-17:8:59:32298609=Enter CASD_SCOPE::Scope_Stop()
21140401-17:8:59:32298625=Enter CSCOPE_WORKER::StopScope()
21140401-17:8:59:32298640=Enter CSCOPE_COMM::WriteScopeCmd_Stop()
21140401-17:8:59:32298656=Enter CSCOPE_COMM::Close_ScpCmd()
21140401-17:8:59:32298671=Enter CSCOPE_COMM::StopScope()
21140401-17:8:59:32298687=Enter COMM_HCT::Write_N_RTU()
21140401-17:8:59:32298750=Enter COMM_HCT::Write_N_RTU()
21140401-17:8:59:32298765=mr_pCommASD->Write_N(3,8) time=0, 0
21140401-17:8:59:32298781=Enter CSCOPE_COMM::StopScope() OK
21140401-17:8:59:32298796=CSCOPE_COMM::Close_ScpCmd() time=125, 125
21140401-17:8:59:32298812=Enter CSCOPE_COMM::Close_ScpCmd() OK
21140401-17:8:59:32298828=Enter CSCOPE_COMM::WriteScopeCmd_Stop() OK
21140401-17:8:59:32298843=Enter CSCOPE_WORKER::StopScope() OK
21140401-17:8:59:32298859=Enter CASD_SCOPE::Scope_Stop() OK
21140401-17:8:59:32298875=Enter API ASD_Scope_Reset_Before_Run() Port[0x0000000D]
21140401-17:8:59:32298890=Enter CASD_SCOPE::Scope_Reset_Before_Run() 
21140401-17:8:59:32298906=Enter CSCOPE_WORKER::Scope_Reset_CH_Before_Run() 
21140401-17:8:59:32298921=Enter CSCOPE_COMM::resetScpComm()
21140401-17:8:59:32298937=COMM_HCT::SetScopeDecoder
21140401-17:8:59:32298953=Enter CSCOPE_COMM::resetScpComm() OK
21140401-17:8:59:32298968=Sample rate=8000, ScopeTimeSec=1, PM_Data_Size=800, 
21140401-17:8:59:32298984=CSCOPE_PACKET_PARSER::initAllocation(8)
21140401-17:8:59:32299000=Enter CScope_Decoder::Setup_Paraer()
21140401-17:8:59:32299015=Decide_CH_Get_Func() : CH[0] b32=1, CH_DataType=2 
21140401-17:8:59:32299031=Decide_CH_Get_Func() : CH[1] b32=1, CH_DataType=2
21140401-17:8:59:32299046=Decide_CH_Get_Func() : CH[2] b32=1, CH_DataType=2
21140401-17:8:59:32299062=Decide_CH_Get_Func() : CH[3] b32=1, CH_DataType=2
21140401-17:8:59:32299078=Decide_CH_Get_Func() : CH[4] b32=1, CH_DataType=2
21140401-17:8:59:32299093=Decide_CH_Get_Func() : CH[5] b32=1, CH_DataType=2
21140401-17:8:59:32299109=Decide_CH_Get_Func() : CH[6] b32=1, CH_DataType=2
21140401-17:8:59:32299125=Enter CScope_Decoder::resetScpDecoder() OK
21140401-17:8:59:32299156=Scope_Reset_CH_Before_Run() time=0, 47, 187, 0 
21140401-17:8:59:32299171=Enter CSCOPE_WORKER::Scope_Reset_CH_Before_Run() OK
21140401-17:8:59:32299187=Enter CASD_SCOPE::Scope_Reset_Before_Run() OK! 
21140401-17:9:0:32299203=ASD_Scope_Reset_Before_Run() time=0, 297
21140401-17:9:0:32299218=ASD_Scope_Reset_Before_Run() OK
21140401-17:9:49:32349109=Enter COMM_HCT::Write_N_RTU()
21140401-17:9:56:32356140=Enter API ASD_Scope_Stop() Port[0x0000000D]
21140401-17:9:56:32356156=Enter CASD_SCOPE::Scope_Stop()
21140401-17:9:56:32356171=Enter CSCOPE_WORKER::StopScope()
21140401-17:9:56:32356187=Enter CSCOPE_COMM::WriteScopeCmd_Stop()
21140401-17:9:57:32356203=Enter CSCOPE_COMM::Close_ScpCmd()
21140401-17:9:57:32356218=Enter CSCOPE_COMM::StopScope()
21140401-17:9:57:32356234=Enter COMM_HCT::Write_N_RTU()
21140401-17:9:57:32356281=Enter COMM_HCT::Write_N_RTU()
21140401-17:9:57:32356312=mr_pCommASD->Write_N(3,8) time=15, 15
21140401-17:9:57:32356328=Enter CSCOPE_COMM::StopScope() OK
21140401-17:9:57:32356343=CSCOPE_COMM::Close_ScpCmd() time=125, 125
21140401-17:9:57:32356359=Enter CSCOPE_COMM::Close_ScpCmd() OK
21140401-17:9:57:32356375=Enter CSCOPE_COMM::WriteScopeCmd_Stop() OK
21140401-17:9:57:32356390=Enter CSCOPE_WORKER::StopScope() OK
21140401-17:9:57:32356406=Enter CASD_SCOPE::Scope_Stop() OK
21140401-17:9:57:32356421=Enter API ASD_Scope_Reset_Before_Run() Port[0x0000000D]
21140401-17:9:57:32356437=Enter CASD_SCOPE::Scope_Reset_Before_Run() 
21140401-17:9:57:32356453=Enter CSCOPE_WORKER::Scope_Reset_CH_Before_Run() 
21140401-17:9:57:32356468=Enter CSCOPE_COMM::resetScpComm()
21140401-17:9:57:32356484=COMM_HCT::SetScopeDecoder
21140401-17:9:57:32356500=Enter CSCOPE_COMM::resetScpComm() OK
21140401-17:9:57:32356515=Sample rate=8000, ScopeTimeSec=1, PM_Data_Size=800, 
21140401-17:9:57:32356531=CSCOPE_PACKET_PARSER::initAllocation(8)
21140401-17:9:57:32356546=Enter CScope_Decoder::Setup_Paraer()
21140401-17:9:57:32356562=Decide_CH_Get_Func() : CH[0] b32=1, CH_DataType=2 
21140401-17:9:57:32356593=Decide_CH_Get_Func() : CH[1] b32=1, CH_DataType=2
21140401-17:9:57:32356609=Decide_CH_Get_Func() : CH[2] b32=1, CH_DataType=2
21140401-17:9:57:32356625=Decide_CH_Get_Func() : CH[3] b32=1, CH_DataType=2
21140401-17:9:57:32356640=Decide_CH_Get_Func() : CH[4] b32=1, CH_DataType=2
21140401-17:9:57:32356656=Decide_CH_Get_Func() : CH[5] b32=1, CH_DataType=2
21140401-17:9:57:32356671=Decide_CH_Get_Func() : CH[6] b32=1, CH_DataType=2
21140401-17:9:57:32356687=Enter CScope_Decoder::resetScpDecoder() OK
21140401-17:9:57:32356718=Scope_Reset_CH_Before_Run() time=0, 47, 203, 0 
21140401-17:9:57:32356734=Enter CSCOPE_WORKER::Scope_Reset_CH_Before_Run() OK
21140401-17:9:57:32356750=Enter CASD_SCOPE::Scope_Reset_Before_Run() OK! 
21140401-17:9:57:32356765=ASD_Scope_Reset_Before_Run() time=0, 329
21140401-17:9:57:32356781=ASD_Scope_Reset_Before_Run() OK
21140401-17:10:6:32366125=Enter COMM_HCT::Write_N_RTU()
21140401-17:10:14:32373546=Enter API ASD_Scope_Stop() Port[0x0000000D]
21140401-17:10:14:32373562=Enter CASD_SCOPE::Scope_Stop()
21140401-17:10:14:32373609=Enter CSCOPE_WORKER::StopScope()
21140401-17:10:14:32373625=Enter CSCOPE_COMM::WriteScopeCmd_Stop()
21140401-17:10:14:32373671=Enter CSCOPE_COMM::Close_ScpCmd()
21140401-17:10:14:32373687=Enter CSCOPE_COMM::StopScope()
21140401-17:10:14:32373750=Enter COMM_HCT::Write_N_RTU()
21140401-17:10:14:32373828=Enter COMM_HCT::Write_N_RTU()
21140401-17:10:14:32373875=mr_pCommASD->Write_N(3,8) time=31, 31
21140401-17:10:14:32373906=Enter CSCOPE_COMM::StopScope() OK
21140401-17:10:14:32373921=CSCOPE_COMM::Close_ScpCmd() time=235, 235
21140401-17:10:14:32373937=Enter CSCOPE_COMM::Close_ScpCmd() OK
21140401-17:10:14:32373968=Enter CSCOPE_COMM::WriteScopeCmd_Stop() OK
21140401-17:10:14:32373984=Enter CSCOPE_WORKER::StopScope() OK
21140401-17:10:14:32374031=Enter CASD_SCOPE::Scope_Stop() OK
21140401-17:10:14:32374062=Enter API ASD_Scope_Reset_Before_Run() Port[0x0000000D]
21140401-17:10:14:32374078=Enter CASD_SCOPE::Scope_Reset_Before_Run() 
21140401-17:10:14:32374109=Enter CSCOPE_WORKER::Scope_Reset_CH_Before_Run() 
21140401-17:10:14:32374140=Enter CSCOPE_COMM::resetScpComm()
21140401-17:10:14:32374171=COMM_HCT::SetScopeDecoder
21140401-17:10:14:32374187=Enter CSCOPE_COMM::resetScpComm() OK
21140401-17:10:15:32374203=Sample rate=8000, ScopeTimeSec=1, PM_Data_Size=800, 
21140401-17:10:15:32374218=CSCOPE_PACKET_PARSER::initAllocation(8)
21140401-17:10:15:32374250=Enter CScope_Decoder::Setup_Paraer()
21140401-17:10:15:32374281=Decide_CH_Get_Func() : CH[0] b32=1, CH_DataType=2 
21140401-17:10:15:32374328=Decide_CH_Get_Func() : CH[1] b32=1, CH_DataType=2
21140401-17:10:15:32374375=Decide_CH_Get_Func() : CH[2] b32=1, CH_DataType=2
21140401-17:10:15:32374390=Decide_CH_Get_Func() : CH[3] b32=1, CH_DataType=2
21140401-17:10:15:32374421=Decide_CH_Get_Func() : CH[4] b32=1, CH_DataType=2
21140401-17:10:15:32374453=Decide_CH_Get_Func() : CH[5] b32=1, CH_DataType=2
21140401-17:10:15:32374484=Decide_CH_Get_Func() : CH[6] b32=1, CH_DataType=2
21140401-17:10:15:32374515=Decide_CH_Get_Func() : CH[7] b32=1, CH_DataType=2
21140401-17:10:15:32374531=Enter CScope_Decoder::resetScpDecoder() OK
21140401-17:10:15:32374562=Scope_Reset_CH_Before_Run() time=0, 62, 359, 0 
21140401-17:10:15:32374593=Enter CSCOPE_WORKER::Scope_Reset_CH_Before_Run() OK
21140401-17:10:15:32374625=Enter CASD_SCOPE::Scope_Reset_Before_Run() OK! 
21140401-17:10:15:32374656=ASD_Scope_Reset_Before_Run() time=0, 562
21140401-17:10:15:32374671=ASD_Scope_Reset_Before_Run() OK
21140401-17:11:3:32423015=Enter COMM_HCT::Write_N_RTU()
21140401-17:11:11:32430453=Enter CASD_SCOPE::Scope_Stop()
21140401-17:11:11:32430484=Enter CSCOPE_WORKER::StopScope()
21140401-17:11:11:32430500=Enter CSCOPE_COMM::WriteScopeCmd_Stop()
21140401-17:11:11:32430515=Enter CSCOPE_COMM::Close_ScpCmd()
21140401-17:11:11:32430531=Enter CSCOPE_COMM::StopScope()
21140401-17:11:11:32430546=Enter COMM_HCT::Write_N_RTU()
21140401-17:11:11:32430593=Enter COMM_HCT::Write_N_RTU()
21140401-17:11:11:32430625=mr_pCommASD->Write_N(3,8) time=16, 16
21140401-17:11:11:32430640=Enter CSCOPE_COMM::StopScope() OK
21140401-17:11:11:32430656=CSCOPE_COMM::Close_ScpCmd() time=125, 125
21140401-17:11:11:32430671=Enter CSCOPE_COMM::Close_ScpCmd() OK
21140401-17:11:11:32430687=Enter CSCOPE_COMM::WriteScopeCmd_Stop() OK
21140401-17:11:11:32430703=Enter CSCOPE_WORKER::StopScope() OK
21140401-17:11:11:32430718=Enter CASD_SCOPE::Scope_Stop() OK
21140401-17:11:11:32430734=Enter API ASD_Scope_Reset_Before_Run() Port[0x0000000D]
21140401-17:11:11:32430750=Enter CASD_SCOPE::Scope_Reset_Before_Run() 
21140401-17:11:11:32430765=Enter CSCOPE_WORKER::Scope_Reset_CH_Before_Run() 
21140401-17:11:11:32430781=Enter CSCOPE_COMM::resetScpComm()
21140401-17:11:11:32430796=COMM_HCT::SetScopeDecoder
21140401-17:11:11:32430812=Enter CSCOPE_COMM::resetScpComm() OK
21140401-17:11:11:32430828=Sample rate=8000, ScopeTimeSec=1, PM_Data_Size=800, 
21140401-17:11:11:32430843=CSCOPE_PACKET_PARSER::initAllocation(8)
21140401-17:11:11:32430859=Enter CScope_Decoder::Setup_Paraer()
21140401-17:11:11:32430875=Decide_CH_Get_Func() : CH[0] b32=1, CH_DataType=2 
21140401-17:11:11:32430906=Decide_CH_Get_Func() : CH[1] b32=1, CH_DataType=2
21140401-17:11:11:32430921=Decide_CH_Get_Func() : CH[2] b32=1, CH_DataType=2
21140401-17:11:11:32430937=Decide_CH_Get_Func() : CH[3] b32=1, CH_DataType=2
21140401-17:11:11:32430953=Decide_CH_Get_Func() : CH[4] b32=1, CH_DataType=2
21140401-17:11:11:32430968=Decide_CH_Get_Func() : CH[5] b32=1, CH_DataType=2
21140401-17:11:11:32430984=Decide_CH_Get_Func() : CH[6] b32=1, CH_DataType=2
21140401-17:11:11:32431000=Enter CScope_Decoder::resetScpDecoder() OK
21140401-17:11:11:32431031=Scope_Reset_CH_Before_Run() time=0, 47, 203, 0 
21140401-17:11:11:32431046=Enter CSCOPE_WORKER::Scope_Reset_CH_Before_Run() OK
21140401-17:11:11:32431062=Enter CASD_SCOPE::Scope_Reset_Before_Run() OK! 
21140401-17:11:11:32431078=ASD_Scope_Reset_Before_Run() time=0, 312
21140401-17:11:11:32431093=ASD_Scope_Reset_Before_Run() OK
