[Trace]
AppStart32872484=21131110-17:9:51 : APP StartDLL() 1.1.0.10(build20210909)
21131110-17:9:51:32872500=Enter API ASD_Allocate_Scope() Port[0x0000000D]  Ver=1.1.0.10(build20210909)
21131110-17:9:51:32872562=Port Allocated OK!
21131110-17:9:51:32872593=Enter API ASD_Open_COMM_HCTL() Com[13]
21131110-17:9:51:32872609=DDBUG CCOMM_THREAD::start_thread  1
21131110-17:9:51:32872640=S2 COMM_HCTL::Com_Thread_Start() enter loop......

21131110-17:9:51:32872656=Enter CASD_SCOPE::SetCommObject()
21131110-17:9:51:32872734=initCommScope(): Dev(3, 7, 0), ScoptType=501, CH_Size=8, 
21131110-17:9:51:32872750=Scope_Second=1, Base_Second=20, nBufSize=160001, new_dDSP_Data_Ts=0.125000, strTimeFormat=%0.3f(ms)
21131110-17:9:51:32872765=Enter CASD_SCOPE::Scope_Write_Settings() 
21131110-17:9:51:32872781=Enter CSCOPE_WORKER::Scope_Write_Setting_Before_Run() 
21131110-17:9:51:32872796=Enter CSCOPE_COMM::resetScpComm()
21131110-17:9:51:32872812=COMM_HCT::SetScopeDecoder
21131110-17:9:51:32872828=Enter CSCOPE_COMM::resetScpComm() OK
21131110-17:9:51:32872843=CH[1] is 32Bit=1, CmdVal=0x0C698
21131110-17:9:52:32872875=CH[2] is 32Bit=1, CmdVal=0x0C69A
21131110-17:9:52:32872890=CH[3] is 32Bit=1, CmdVal=0x0C698
21131110-17:9:52:32872906=CH[4] is 32Bit=1, CmdVal=0x0C69A
21131110-17:9:52:32872921=CH[5] is 32Bit=1, CmdVal=0x0C69C
21131110-17:9:52:32872937=CH[6] is 32Bit=1, CmdVal=0x0C6AA
21131110-17:9:52:32872953=CH[7] is 32Bit=1, CmdVal=0x0C69C
21131110-17:9:52:32872968=Enter CSCOPE_WORKER::Arrange_CH_32bit() OK
21131110-17:9:52:32872984=Sample rate=8000, ScopeTimeSec=1, PM_Data_Size=800, 
21131110-17:9:52:32873000=CSCOPE_PACKET_PARSER::initAllocation(8)
21131110-17:9:52:32873015=Enter CScope_Decoder::Setup_Paraer()
21131110-17:9:52:32873031=Decide_CH_Get_Func() : CH[0] b32=1, CH_DataType=2 
21131110-17:9:52:32873046=Decide_CH_Get_Func() : CH[1] b32=1, CH_DataType=2
21131110-17:9:52:32873062=Decide_CH_Get_Func() : CH[2] b32=1, CH_DataType=2
21131110-17:9:52:32873078=Decide_CH_Get_Func() : CH[3] b32=1, CH_DataType=2
21131110-17:9:52:32873093=Decide_CH_Get_Func() : CH[4] b32=1, CH_DataType=2
21131110-17:9:52:32873109=Decide_CH_Get_Func() : CH[5] b32=1, CH_DataType=2
21131110-17:9:52:32873125=Decide_CH_Get_Func() : CH[6] b32=1, CH_DataType=2
21131110-17:9:52:32873140=Enter CScope_Decoder::resetScpDecoder() OK
21131110-17:9:52:32873156=   call m_pScpCom->WriteScopeCmd_Start()
21131110-17:9:52:32873171=CH1 P0-4 nCmdVal=0xC698(50840)

21131110-17:9:52:32873187=CH2 P0-6 nCmdVal=0xC69A(50842)

21131110-17:9:52:32873203=CH3 P0-5 nCmdVal=0xC698(50840)

21131110-17:9:52:32873218=CH4 P0-7 nCmdVal=0xC69A(50842)

21131110-17:9:52:32873234=Enter COMM_HCT::Write_N_RTU()
21131110-17:9:52:32873250=Enter COMM_HCT::Write_N_RTU()

21131110-17:9:52:32873265=Enter COMM_HCT::Write_N_RTU()

21131110-17:9:52:32873281=Enter COMM_HCT::Write_N_RTU()

21131110-17:9:52:32873296=Enter COMM_HCT::Write_N_RTU()

21131110-17:9:52:32873312=Enter CSCOPE_COMM::Write_CH_Cmd() OK
21131110-17:9:52:32873328=Enter CSCOPE_WORKER::WriteScopeCmd_Start() OK
21131110-17:9:52:32873343=Enter CASD_SCOPE::Scope_Run() OK! 
21131110-17:9:52:32873359=Enter API ASD_Scope_Run() OK
21131110-17:9:54:32875453=Enter CASD_SCOPE::Scope_Reset_Before_Run() 
21131110-17:9:54:32875468=Enter CSCOPE_WORKER::Scope_Reset_CH_Before_Run() 
21131110-17:9:54:32875484=Enter CSCOPE_COMM::resetScpComm()
21131110-17:9:54:32875500=COMM_HCT::SetScopeDecoder
21131110-17:9:54:32875515=Enter CSCOPE_COMM::resetScpComm() OK
21131110-17:9:54:32875531=Sample rate=8000, ScopeTimeSec=1, PM_Data_Size=800, 
21131110-17:9:54:32875546=CSCOPE_PACKET_PARSER::initAllocation(8)
21131110-17:9:54:32875562=Enter CScope_Decoder::Setup_Paraer()
21131110-17:9:54:32875578=Decide_CH_Get_Func() : CH[0] b32=1, CH_DataType=2 
21131110-17:9:54:32875593=Decide_CH_Get_Func() : CH[1] b32=1, CH_DataType=2
21131110-17:9:54:32875609=Decide_CH_Get_Func() : CH[2] b32=1, CH_DataType=2
21131110-17:9:54:32875625=Decide_CH_Get_Func() : CH[3] b32=1, CH_DataType=2
21131110-17:9:54:32875640=Decide_CH_Get_Func() : CH[4] b32=1, CH_DataType=2
21131110-17:9:54:32875671=Decide_CH_Get_Func() : CH[5] b32=1, CH_DataType=2
21131110-17:9:54:32875687=Decide_CH_Get_Func() : CH[6] b32=1, CH_DataType=2
21131110-17:9:54:32875703=Enter CScope_Decoder::resetScpDecoder() OK
21131110-17:9:54:32875734=Scope_Reset_CH_Before_Run() time=0, 47, 203, 0 
21131110-17:9:54:32875750=Enter CSCOPE_WORKER::Scope_Reset_CH_Before_Run() OK
21131110-17:9:54:32875765=Enter CASD_SCOPE::Scope_Reset_Before_Run() OK! 
21131110-17:9:54:32875781=ASD_Scope_Reset_Before_Run() time=0, 312
21131110-17:9:54:32875796=ASD_Scope_Reset_Before_Run() OK
21131110-17:9:54:32875812=Enter COMM_HCT::Write_N_RTU()
21131110-17:10:2:32883718=Enter COMM_HCT::Write_N_RTU()
21131110-17:10:17:32898593=Enter CASD_SCOPE::Scope_Stop()
21131110-17:10:17:32898625=Enter CSCOPE_WORKER::StopScope()
21131110-17:10:17:32898640=Enter CSCOPE_COMM::WriteScopeCmd_Stop()
21131110-17:10:17:32898656=Enter CSCOPE_COMM::Close_ScpCmd()
21131110-17:10:17:32898671=Enter CSCOPE_COMM::StopScope()
21131110-17:10:17:32898687=Enter COMM_HCT::Write_N_RTU()
21131110-17:10:17:32898750=Enter COMM_HCT::Write_N_RTU()
21131110-17:10:17:32898781=mr_pCommASD->Write_N(3,8) time=15, 15
21131110-17:10:17:32898796=Enter CSCOPE_COMM::StopScope() OK
21131110-17:10:17:32898812=CSCOPE_COMM::Close_ScpCmd() time=140, 140
21131110-17:10:17:32898828=Enter CSCOPE_COMM::Close_ScpCmd() OK
21131110-17:10:17:32898843=Enter CSCOPE_COMM::WriteScopeCmd_Stop() OK
21131110-17:10:18:32898859=Enter CSCOPE_WORKER::StopScope() OK
21131110-17:10:18:32898875=Enter CASD_SCOPE::Scope_Stop() OK
21131110-17:10:18:32898890=Enter API ASD_Scope_Reset_Before_Run() Port[0x0000000D]
21131110-17:10:18:32898906=Enter CASD_SCOPE::Scope_Reset_Before_Run() 
21131110-17:10:18:32898921=Enter CSCOPE_WORKER::Scope_Reset_CH_Before_Run() 
21131110-17:10:18:32898937=Enter CSCOPE_COMM::resetScpComm()
21131110-17:10:18:32898953=COMM_HCT::SetScopeDecoder
21131110-17:10:18:32898968=Enter CSCOPE_COMM::resetScpComm() OK
21131110-17:10:18:32898984=Sample rate=8000, ScopeTimeSec=1, PM_Data_Size=800, 
21131110-17:10:18:32899000=CSCOPE_PACKET_PARSER::initAllocation(8)
21131110-17:10:18:32899015=Enter CScope_Decoder::Setup_Paraer()
21131110-17:10:18:32899031=Decide_CH_Get_Func() : CH[0] b32=1, CH_DataType=2 
21131110-17:10:18:32899062=Decide_CH_Get_Func() : CH[1] b32=1, CH_DataType=2
21131110-17:10:18:32899078=Decide_CH_Get_Func() : CH[2] b32=1, CH_DataType=2
21131110-17:10:18:32899093=Decide_CH_Get_Func() : CH[3] b32=1, CH_DataType=2
21131110-17:10:18:32899109=Decide_CH_Get_Func() : CH[4] b32=1, CH_DataType=2
21131110-17:10:18:32899125=Decide_CH_Get_Func() : CH[5] b32=1, CH_DataType=2
21131110-17:10:18:32899140=Decide_CH_Get_Func() : CH[6] b32=1, CH_DataType=2
21131110-17:10:18:32899156=Enter CScope_Decoder::resetScpDecoder() OK
21131110-17:10:18:32899171=Scope_Reset_CH_Before_Run() time=0, 47, 188, 0 
21131110-17:10:18:32899187=Enter CSCOPE_WORKER::Scope_Reset_CH_Before_Run() OK
21131110-17:10:18:32899203=Enter CASD_SCOPE::Scope_Reset_Before_Run() OK! 
21131110-17:10:18:32899218=ASD_Scope_Reset_Before_Run() time=0, 297
21131110-17:10:18:32899234=ASD_Scope_Reset_Before_Run() OK
AppStart712703=21131113-16:58:1 : APP StartDLL() 1.1.0.10(build20210909)
21131113-16:58:1:712750=Enter API ASD_Allocate_Scope() Port[0x0000000D]  Ver=1.1.0.10(build20210909)
21131113-16:58:1:712875=Port Allocated OK!
21131113-16:58:1:712906=Enter API ASD_Open_COMM_HCTL() Com[13]
21131113-16:58:1:712937=DDBUG CCOMM_THREAD::start_thread  1
21131113-16:58:1:712953=S2 COMM_HCTL::Com_Thread_Start() enter loop......

21131113-16:58:1:712984=Enter CASD_SCOPE::SetCommObject()
21131113-16:58:2:713140=initCommScope(): Dev(3, 7, 0), ScoptType=501, CH_Size=8, 
21131113-16:58:2:713156=Scope_Second=1, Base_Second=20, nBufSize=160001, new_dDSP_Data_Ts=0.125000, strTimeFormat=%0.3f(ms)
21131113-16:58:2:713187=Enter CASD_SCOPE::Scope_Write_Settings() 
21131113-16:58:2:713500=Enter CSCOPE_WORKER::Scope_Write_Setting_Before_Run() 
21131113-16:58:2:713515=Enter CSCOPE_COMM::resetScpComm()
21131113-16:58:2:713625=COMM_HCT::SetScopeDecoder
21131113-16:58:2:713640=Enter CSCOPE_COMM::resetScpComm() OK
21131113-16:58:2:713718=Enter CSCOPE_WORKER::Arrange_CH_32bit()
21131113-16:58:2:713750=CH[1] is 32Bit=1, CmdVal=0x0C698
21131113-16:58:2:713765=CH[2] is 32Bit=1, CmdVal=0x0C69A
21131113-16:58:2:713781=CH[3] is 32Bit=1, CmdVal=0x0C698
21131113-16:58:2:713828=CH[4] is 32Bit=1, CmdVal=0x0C69A
21131113-16:58:2:713843=CH[5] is 32Bit=1, CmdVal=0x0C69C
21131113-16:58:2:713875=CH[6] is 32Bit=1, CmdVal=0x0C6AA
21131113-16:58:2:713937=CH[7] is 32Bit=1, CmdVal=0x0C69C
21131113-16:58:2:713984=CH[8] is 32Bit=1, CmdVal=0x0C6AA
21131113-16:58:2:714015=Enter CSCOPE_WORKER::Arrange_CH_32bit() OK
21131113-16:58:3:714046=Enter CScope_Decoder::resetScpDecoder() 
21131113-16:58:3:714093=Sample rate=8000, ScopeTimeSec=1, PM_Data_Size=800,
21131113-16:58:3:714109=CSCOPE_PACKET_PARSER::initAllocation(8)
21131113-16:58:3:714156=Enter CScope_Decoder::Setup_Paraer()
21131113-16:58:3:714171=call PacketParser.Decide_CH_Get_Func() 
21131113-16:58:3:714187=Decide_CH_Get_Func() : CH[0] b32=1, CH_DataType=2
21131113-16:58:3:714250=Decide_CH_Get_Func() : CH[1] b32=1, CH_DataType=2
21131113-16:58:3:714281=Decide_CH_Get_Func() : CH[2] b32=1, CH_DataType=2
21131113-16:58:3:714312=Decide_CH_Get_Func() : CH[3] b32=1, CH_DataType=2
21131113-16:58:3:714328=Decide_CH_Get_Func() : CH[4] b32=1, CH_DataType=2
21131113-16:58:3:714390=Decide_CH_Get_Func() : CH[5] b32=1, CH_DataType=2
21131113-16:58:3:714406=Decide_CH_Get_Func() : CH[6] b32=1, CH_DataType=2
21131113-16:58:3:714437=Decide_CH_Get_Func() : CH[7] b32=1, CH_DataType=2
21131113-16:58:3:714453=Enter CScope_Decoder::resetScpDecoder() OK
21131113-16:58:3:714484=   call m_pScpCom->WriteScopeCmd_Start()
21131113-16:58:3:714546=CH1 P0-4 nCmdVal=0xC698(50840)

21131113-16:58:3:714593=Enter COMM_HCT::Write_N_RTU()
21131113-16:58:3:714609=CH2 P0-6 nCmdVal=0xC69A(50842)

21131113-16:58:3:714640=Enter COMM_HCT::Write_N_RTU()
21131113-16:58:3:714703=Enter COMM_HCT::Write_N_RTU()

21131113-16:58:3:714750=CH4 P0-7 nCmdVal=0xC69A(50842)

21131113-16:58:3:714765=Enter COMM_HCT::Write_N_RTU()
21131113-16:58:3:714796=CH5 P0-65 nCmdVal=0xC69C(50844)

21131113-16:58:3:714812=Enter COMM_HCT::Write_N_RTU()
21131113-16:58:3:714828=CH6 P0-67 nCmdVal=0xC6AA(50858)

21131113-16:58:3:714906=Enter COMM_HCT::Write_N_RTU()
21131113-16:58:3:714921=CH7 P0-66 nCmdVal=0xC69C(50844)

21131113-16:58:3:714953=Enter COMM_HCT::Write_N_RTU()
21131113-16:58:3:714984=CH8 P0-68 nCmdVal=0xC6AA(50858)

21131113-16:58:4:715046=Enter COMM_HCT::Write_N_RTU()
21131113-16:58:4:715125=Enter CSCOPE_COMM::Write_CH_Cmd() OK
21131113-16:58:4:715140=Enter CSCOPE_WORKER::WriteScopeCmd_Start() OK
21131113-16:58:4:715218=Enter CASD_SCOPE::Scope_Run() OK! 
21131113-16:58:4:715234=Enter API ASD_Scope_Run() OK
21131113-16:58:6:717718=Enter API ASD_Scope_Reset_Before_Run() Port[0x0000000D]
21131113-16:58:6:717734=Enter CASD_SCOPE::Scope_Reset_Before_Run() 
21131113-16:58:6:717765=Enter CSCOPE_WORKER::Scope_Reset_CH_Before_Run() 
21131113-16:58:6:717812=Enter CSCOPE_COMM::resetScpComm()
21131113-16:58:6:717828=COMM_HCT::SetScopeDecoder
21131113-16:58:6:717843=Enter CSCOPE_COMM::resetScpComm() OK
21131113-16:58:6:717875=Sample rate=8000, ScopeTimeSec=1, PM_Data_Size=800, 
21131113-16:58:6:717906=CSCOPE_PACKET_PARSER::initAllocation(8)
21131113-16:58:6:717921=Enter CScope_Decoder::Setup_Paraer()
21131113-16:58:6:717953=Decide_CH_Get_Func() : CH[0] b32=1, CH_DataType=2 
21131113-16:58:6:717984=Decide_CH_Get_Func() : CH[1] b32=1, CH_DataType=2
21131113-16:58:6:718000=Decide_CH_Get_Func() : CH[2] b32=1, CH_DataType=2
21131113-16:58:7:718031=Decide_CH_Get_Func() : CH[3] b32=1, CH_DataType=2
21131113-16:58:7:718046=Decide_CH_Get_Func() : CH[4] b32=1, CH_DataType=2
21131113-16:58:7:718062=Decide_CH_Get_Func() : CH[5] b32=1, CH_DataType=2
21131113-16:58:7:718109=Decide_CH_Get_Func() : CH[6] b32=1, CH_DataType=2
21131113-16:58:7:718171=Decide_CH_Get_Func() : CH[7] b32=1, CH_DataType=2
21131113-16:58:7:718234=Enter CScope_Decoder::resetScpDecoder() OK
21131113-16:58:7:718265=Scope_Reset_CH_Before_Run() time=0, 63, 391, 0 
21131113-16:58:7:718312=Enter CSCOPE_WORKER::Scope_Reset_CH_Before_Run() OK
21131113-16:58:7:718359=Enter CASD_SCOPE::Scope_Reset_Before_Run() OK! 
21131113-16:58:7:718406=ASD_Scope_Reset_Before_Run() time=0, 656
21131113-16:58:7:718437=ASD_Scope_Reset_Before_Run() OK
21131113-16:58:7:718468=Enter COMM_HCT::Write_N_RTU()
AppStart1149234=21131113-17:5:18 : APP StartDLL() 1.1.0.10(build20210909)
21131113-17:5:18:1149265=Enter API ASD_Allocate_Scope() Port[0x0000000D]  Ver=1.1.0.10(build20210909)
21131113-17:5:18:1149390=Port Allocated OK!
21131113-17:5:18:1149421=Enter API ASD_Open_COMM_HCTL() Com[13]
21131113-17:5:18:1149453=DDBUG CCOMM_THREAD::start_thread  1
21131113-17:5:18:1149484=DDBUG CCOMM_THREAD::start_thread  end
21131113-17:5:18:1149500=S2 COMM_HCTL::Com_Thread_Start() enter loop......

21131113-17:5:18:1149531=Enter CASD_SCOPE::SetCommObject()
21131113-17:5:18:1149625=initCommScope(): Dev(3, 7, 0), ScoptType=501, CH_Size=8, 
21131113-17:5:18:1149640=Scope_Second=1, Base_Second=20, nBufSize=160001, new_dDSP_Data_Ts=0.125000, strTimeFormat=%0.3f(ms)
21131113-17:5:18:1149671=Enter CASD_SCOPE::Scope_Write_Settings() 
21131113-17:5:18:1149703=Enter CSCOPE_WORKER::Scope_Write_Setting_Before_Run() 
21131113-17:5:18:1149718=Enter CSCOPE_COMM::resetScpComm()
21131113-17:5:18:1149750=COMM_HCT::SetScopeDecoder
21131113-17:5:18:1149765=Enter CSCOPE_COMM::resetScpComm() OK
21131113-17:5:18:1149796=CH[1] is 32Bit=1, CmdVal=0x0C698
21131113-17:5:18:1149843=CH[2] is 32Bit=1, CmdVal=0x0C69A
21131113-17:5:18:1149859=CH[3] is 32Bit=1, CmdVal=0x0C698
21131113-17:5:18:1149875=CH[4] is 32Bit=1, CmdVal=0x0C69A
21131113-17:5:18:1149890=CH[5] is 32Bit=1, CmdVal=0x0C69C
21131113-17:5:18:1149921=CH[6] is 32Bit=1, CmdVal=0x0C6AA
21131113-17:5:18:1149937=CH[7] is 32Bit=1, CmdVal=0x0C69C
21131113-17:5:18:1149968=Enter CSCOPE_WORKER::Arrange_CH_32bit() OK
21131113-17:5:18:1150015=Sample rate=8000, ScopeTimeSec=1, PM_Data_Size=800, 
21131113-17:5:19:1150046=CSCOPE_PACKET_PARSER::initAllocation(8)
21131113-17:5:19:1150078=Enter CScope_Decoder::Setup_Paraer()
21131113-17:5:19:1150093=call PacketParser.Decide_CH_Get_Func() 
21131113-17:5:19:1150109=Decide_CH_Get_Func() : CH[0] b32=1, CH_DataType=2
21131113-17:5:19:1150140=Decide_CH_Get_Func() : CH[1] b32=1, CH_DataType=2
21131113-17:5:19:1150156=Decide_CH_Get_Func() : CH[2] b32=1, CH_DataType=2
21131113-17:5:19:1150171=Decide_CH_Get_Func() : CH[3] b32=1, CH_DataType=2
21131113-17:5:19:1150187=Decide_CH_Get_Func() : CH[4] b32=1, CH_DataType=2
21131113-17:5:19:1150218=Decide_CH_Get_Func() : CH[5] b32=1, CH_DataType=2
21131113-17:5:19:1150234=Decide_CH_Get_Func() : CH[6] b32=1, CH_DataType=2
21131113-17:5:19:1150265=Enter CScope_Decoder::resetScpDecoder() OK
21131113-17:5:19:1150296=   call m_pScpCom->WriteScopeCmd_Start()
21131113-17:5:19:1150328=Enter CSCOPE_COMM::Write_CH_Cmd()
21131113-17:5:19:1150343=CH1 P0-4 nCmdVal=0xC698(50840)

21131113-17:5:19:1150359=Enter COMM_HCT::Write_N_RTU()
21131113-17:5:19:1150375=CH2 P0-6 nCmdVal=0xC69A(50842)

21131113-17:5:19:1150390=Enter COMM_HCT::Write_N_RTU()
21131113-17:5:19:1150406=CH3 P0-5 nCmdVal=0xC698(50840)

21131113-17:5:19:1150421=Enter COMM_HCT::Write_N_RTU()
21131113-17:5:19:1150437=CH4 P0-7 nCmdVal=0xC69A(50842)

21131113-17:5:19:1150453=Enter COMM_HCT::Write_N_RTU()
21131113-17:5:19:1150468=CH5 P0-65 nCmdVal=0xC69C(50844)

21131113-17:5:19:1150484=Enter COMM_HCT::Write_N_RTU()
21131113-17:5:19:1150531=Enter COMM_HCT::Write_N_RTU()

21131113-17:5:19:1150562=CH7 P0-66 nCmdVal=0xC69C(50844)

21131113-17:5:19:1150578=Enter COMM_HCT::Write_N_RTU()
21131113-17:5:19:1150593=CH8 P0-68 nCmdVal=0xC6AA(50858)

21131113-17:5:19:1150609=Enter COMM_HCT::Write_N_RTU()
21131113-17:5:19:1150640=Enter CSCOPE_COMM::Write_CH_Cmd() OK
21131113-17:5:19:1150671=Enter CSCOPE_WORKER::WriteScopeCmd_Start() OK
21131113-17:5:19:1150687=Enter CASD_SCOPE::Scope_Run() OK! 
21131113-17:5:19:1150718=Enter API ASD_Scope_Run() OK
21131113-17:5:21:1152625=Enter API ASD_Scope_Reset_Before_Run() Port[0x0000000D]
21131113-17:5:21:1152640=Enter CASD_SCOPE::Scope_Reset_Before_Run() 
21131113-17:5:21:1152687=Enter CSCOPE_WORKER::Scope_Reset_CH_Before_Run() 
21131113-17:5:21:1152703=Enter CSCOPE_COMM::resetScpComm()
21131113-17:5:21:1152718=COMM_HCT::SetScopeDecoder
21131113-17:5:21:1152734=Enter CSCOPE_COMM::resetScpComm() OK
21131113-17:5:21:1152765=Sample rate=8000, ScopeTimeSec=1, PM_Data_Size=800, 
21131113-17:5:21:1152781=CSCOPE_PACKET_PARSER::initAllocation(8)
21131113-17:5:21:1152812=Enter CScope_Decoder::Setup_Paraer()
21131113-17:5:21:1152828=call PacketParser.Decide_CH_Get_Func() 
21131113-17:5:21:1152843=Decide_CH_Get_Func() : CH[0] b32=1, CH_DataType=2
21131113-17:5:21:1152875=Decide_CH_Get_Func() : CH[1] b32=1, CH_DataType=2
21131113-17:5:21:1152890=Decide_CH_Get_Func() : CH[2] b32=1, CH_DataType=2
21131113-17:5:21:1152906=Decide_CH_Get_Func() : CH[3] b32=1, CH_DataType=2
21131113-17:5:21:1152937=Decide_CH_Get_Func() : CH[4] b32=1, CH_DataType=2
21131113-17:5:21:1152968=Decide_CH_Get_Func() : CH[5] b32=1, CH_DataType=2
21131113-17:5:21:1152984=Decide_CH_Get_Func() : CH[6] b32=1, CH_DataType=2
21131113-17:5:21:1153000=Decide_CH_Get_Func() : CH[7] b32=1, CH_DataType=2
21131113-17:5:21:1153015=Enter CScope_Decoder::resetScpDecoder() OK
21131113-17:5:22:1153046=Scope_Reset_CH_Before_Run() time=0, 63, 281, 0 
21131113-17:5:22:1153078=Enter CSCOPE_WORKER::Scope_Reset_CH_Before_Run() OK
21131113-17:5:22:1153093=Enter CASD_SCOPE::Scope_Reset_Before_Run() OK! 
21131113-17:5:22:1153109=ASD_Scope_Reset_Before_Run() time=0, 453
21131113-17:5:22:1153125=ASD_Scope_Reset_Before_Run() OK
21131113-17:5:22:1153156=Enter COMM_HCT::Write_N_RTU()
AppStart1397296=21131113-17:9:26 : APP StartDLL() 1.1.0.10(build20210909)
21131113-17:9:26:1397359=Enter API ASD_Allocate_Scope() Port[0x0000000D]  Ver=1.1.0.10(build20210909)
21131113-17:9:26:1397515=Port Allocated OK!
21131113-17:9:26:1397546=Enter API ASD_Open_COMM_HCTL() Com[13]
21131113-17:9:26:1397578=DDBUG CCOMM_THREAD::start_thread  1
21131113-17:9:26:1397609=DDBUG CCOMM_THREAD::start_thread  end
21131113-17:9:26:1397625=S2 COMM_HCTL::Com_Thread_Start() enter loop......

21131113-17:9:26:1397656=Enter CASD_SCOPE::SetCommObject()
21131113-17:9:26:1397750=initCommScope(): Dev(3, 7, 0), ScoptType=501, CH_Size=8, 
21131113-17:9:26:1397765=Scope_Second=1, Base_Second=20, nBufSize=160001, new_dDSP_Data_Ts=0.125000, strTimeFormat=%0.3f(ms)
21131113-17:9:26:1397796=Enter CASD_SCOPE::Scope_Write_Settings() 
21131113-17:9:26:1397859=Enter CSCOPE_WORKER::Scope_Write_Setting_Before_Run() 
21131113-17:9:26:1397906=Enter CSCOPE_COMM::resetScpComm()
21131113-17:9:26:1397921=COMM_HCT::SetScopeDecoder
21131113-17:9:26:1397968=Enter CSCOPE_COMM::resetScpComm() OK
21131113-17:9:26:1397984=Enter CSCOPE_WORKER::Arrange_CH_32bit()
21131113-17:9:27:1398171=CH[1] is 32Bit=1, CmdVal=0x0C698
21131113-17:9:27:1398203=CH[2] is 32Bit=1, CmdVal=0x0C69A
21131113-17:9:27:1398218=CH[3] is 32Bit=1, CmdVal=0x0C698
21131113-17:9:27:1398328=CH[4] is 32Bit=1, CmdVal=0x0C69A
21131113-17:9:27:1398359=CH[5] is 32Bit=1, CmdVal=0x0C69C
21131113-17:9:27:1398406=CH[6] is 32Bit=1, CmdVal=0x0C6AA
21131113-17:9:27:1398421=CH[7] is 32Bit=1, CmdVal=0x0C69C
21131113-17:9:27:1398437=CH[8] is 32Bit=1, CmdVal=0x0C6AA
21131113-17:9:27:1398453=Enter CSCOPE_WORKER::Arrange_CH_32bit() OK
21131113-17:9:27:1398484=Enter CScope_Decoder::resetScpDecoder() 
21131113-17:9:27:1398515=Sample rate=8000, ScopeTimeSec=1, PM_Data_Size=800,
21131113-17:9:27:1398531=CSCOPE_PACKET_PARSER::initAllocation(8)
21131113-17:9:27:1398562=Enter CScope_Decoder::Setup_Paraer()
21131113-17:9:27:1398609=call PacketParser.Decide_CH_Get_Func() 
21131113-17:9:27:1398656=Decide_CH_Get_Func() : CH[0] b32=1, CH_DataType=2
21131113-17:9:27:1398687=Decide_CH_Get_Func() : CH[1] b32=1, CH_DataType=2
21131113-17:9:27:1398718=Decide_CH_Get_Func() : CH[2] b32=1, CH_DataType=2
21131113-17:9:27:1398734=Decide_CH_Get_Func() : CH[3] b32=1, CH_DataType=2
21131113-17:9:27:1398812=Decide_CH_Get_Func() : CH[4] b32=1, CH_DataType=2
21131113-17:9:27:1398828=Decide_CH_Get_Func() : CH[5] b32=1, CH_DataType=2
21131113-17:9:27:1398859=Decide_CH_Get_Func() : CH[6] b32=1, CH_DataType=2
21131113-17:9:27:1398875=Decide_CH_Get_Func() : CH[7] b32=1, CH_DataType=2
21131113-17:9:27:1398921=Enter CScope_Decoder::resetScpDecoder() OK
21131113-17:9:27:1398968=   call m_pScpCom->WriteScopeCmd_Start()
21131113-17:9:27:1399000=Enter CSCOPE_COMM::Write_CH_Cmd()
21131113-17:9:28:1399046=CH1 P0-4 nCmdVal=0xC698(50840)

21131113-17:9:28:1399093=Enter COMM_HCT::Write_N_RTU()
21131113-17:9:28:1399296=CH2 P0-6 nCmdVal=0xC69A(50842)

21131113-17:9:28:1399312=Enter COMM_HCT::Write_N_RTU()
21131113-17:9:28:1399625=CH3 P0-5 nCmdVal=0xC698(50840)

21131113-17:9:28:1399656=Enter COMM_HCT::Write_N_RTU()
21131113-17:9:28:1399671=CH4 P0-7 nCmdVal=0xC69A(50842)

21131113-17:9:28:1399734=Enter COMM_HCT::Write_N_RTU()
21131113-17:9:28:1399765=CH5 P0-65 nCmdVal=0xC69C(50844)

21131113-17:9:28:1399781=Enter COMM_HCT::Write_N_RTU()
21131113-17:9:28:1399843=CH6 P0-67 nCmdVal=0xC6AA(50858)

21131113-17:9:28:1399859=Enter COMM_HCT::Write_N_RTU()
21131113-17:9:28:1399875=CH7 P0-66 nCmdVal=0xC69C(50844)

21131113-17:9:28:1399906=Enter COMM_HCT::Write_N_RTU()
21131113-17:9:28:1399984=CH8 P0-68 nCmdVal=0xC6AA(50858)

21131113-17:9:28:1400000=Enter COMM_HCT::Write_N_RTU()
21131113-17:9:29:1400031=Enter CSCOPE_COMM::Write_CH_Cmd() OK
21131113-17:9:29:1400046=Enter CSCOPE_WORKER::WriteScopeCmd_Start() OK
21131113-17:9:29:1400078=Enter CASD_SCOPE::Scope_Run() OK! 
21131113-17:9:29:1400109=Enter API ASD_Scope_Run() OK
21131113-17:9:30:1401703=Enter CASD_SCOPE::Scope_Reset_Before_Run() 
21131113-17:9:30:1401734=Enter CSCOPE_WORKER::Scope_Reset_CH_Before_Run() 
21131113-17:9:30:1401750=Enter CSCOPE_COMM::resetScpComm()
21131113-17:9:30:1401765=COMM_HCT::SetScopeDecoder
21131113-17:9:30:1401781=Enter CSCOPE_COMM::resetScpComm() OK
21131113-17:9:30:1401796=Sample rate=8000, ScopeTimeSec=1, PM_Data_Size=800, 
21131113-17:9:30:1401812=CSCOPE_PACKET_PARSER::initAllocation(8)
21131113-17:9:30:1401843=Enter CScope_Decoder::Setup_Paraer()
21131113-17:9:30:1401859=Decide_CH_Get_Func() : CH[0] b32=1, CH_DataType=2 
21131113-17:9:30:1401890=Decide_CH_Get_Func() : CH[1] b32=1, CH_DataType=2
21131113-17:9:30:1401906=Decide_CH_Get_Func() : CH[2] b32=1, CH_DataType=2
21131113-17:9:30:1401921=Decide_CH_Get_Func() : CH[3] b32=1, CH_DataType=2
21131113-17:9:30:1401937=Decide_CH_Get_Func() : CH[4] b32=1, CH_DataType=2
21131113-17:9:30:1401953=Decide_CH_Get_Func() : CH[5] b32=1, CH_DataType=2
21131113-17:9:30:1401968=Decide_CH_Get_Func() : CH[6] b32=1, CH_DataType=2
21131113-17:9:30:1401984=Enter CScope_Decoder::resetScpDecoder() OK
21131113-17:9:31:1402015=Scope_Reset_CH_Before_Run() time=0, 47, 219, 0 
21131113-17:9:31:1402031=Enter CSCOPE_WORKER::Scope_Reset_CH_Before_Run() OK
21131113-17:9:31:1402046=Enter CASD_SCOPE::Scope_Reset_Before_Run() OK! 
21131113-17:9:31:1402062=ASD_Scope_Reset_Before_Run() time=0, 343
21131113-17:9:31:1402078=ASD_Scope_Reset_Before_Run() OK
21131113-17:9:31:1402109=Enter COMM_HCT::Write_N_RTU()
