[Trace]
AppStart23998390=21130928-16:4:42 : APP StartDLL() 1.1.0.10(build20210909)
21130928-16:4:42:23998421=Enter API ASD_Allocate_Scope() Port[0x00000003]  Ver=1.1.0.10(build20210909)
21130928-16:4:42:23998562=Port Allocated OK!
21130928-16:4:42:23998593=Enter API ASD_Open_COMM_HCTL() Com[3]
21130928-16:4:42:23998703=ASD_Open_COMM_HCTL() exception! :Open HCTL COMM failed!
AppStart24003531=21130928-16:4:47 : APP StartDLL() 1.1.0.10(build20210909)
21130928-16:4:47:24003546=Enter API ASD_Allocate_Scope() Port[0x00000003]  Ver=1.1.0.10(build20210909)
21130928-16:4:47:24003562=Port Allocated OK!
21130928-16:4:47:24003578=Enter API ASD_Open_COMM_HCTL() Com[3]
21130928-16:4:47:24003593=DDBUG CCOMM_THREAD::start_thread  1
21130928-16:4:47:24003625=Enter CASD_SCOPE::SetCommObject()
21130928-16:4:47:24003640=S2 COMM_HCTL::Com_Thread_Start() enter loop......

21130928-16:4:47:24003671=initCommScope(): Dev(3, 7, 0), ScoptType=501, CH_Size=8, 
21130928-16:4:47:24003703=Scope_Second=1, Base_Second=20, nBufSize=160001, new_dDSP_Data_Ts=0.125000, strTimeFormat=%0.3f(ms)
21130928-16:4:47:24003734=Enter CASD_SCOPE::Scope_Write_Settings() 
21130928-16:4:47:24003750=Enter CSCOPE_WORKER::Scope_Write_Setting_Before_Run() 
21130928-16:4:47:24003765=Enter CSCOPE_COMM::resetScpComm()
21130928-16:4:47:24003781=COMM_HCT::SetScopeDecoder
21130928-16:4:47:24003796=Enter CSCOPE_COMM::resetScpComm() OK
21130928-16:4:47:24003812=CH[1] is 32Bit=1, CmdVal=0x0C698
21130928-16:4:47:24003843=CH[2] is 32Bit=1, CmdVal=0x0C69A
21130928-16:4:47:24003859=CH[3] is 32Bit=1, CmdVal=0x0C698
21130928-16:4:47:24003875=CH[4] is 32Bit=1, CmdVal=0x0C69A
21130928-16:4:47:24003890=CH[5] is 32Bit=1, CmdVal=0x0C69C
21130928-16:4:47:24003906=CH[6] is 32Bit=1, CmdVal=0x0C6AA
21130928-16:4:47:24003921=CH[7] is 32Bit=1, CmdVal=0x0C69C
21130928-16:4:47:24003937=Enter CSCOPE_WORKER::Arrange_CH_32bit() OK
21130928-16:4:47:24003953=Sample rate=8000, ScopeTimeSec=1, PM_Data_Size=800, 
21130928-16:4:47:24003968=CSCOPE_PACKET_PARSER::initAllocation(8)
21130928-16:4:47:24004000=Enter CScope_Decoder::Setup_Paraer()
21130928-16:4:48:24004031=Decide_CH_Get_Func() : CH[0] b32=1, CH_DataType=2 
21130928-16:4:48:24004062=Decide_CH_Get_Func() : CH[1] b32=1, CH_DataType=2
21130928-16:4:48:24004078=Decide_CH_Get_Func() : CH[2] b32=1, CH_DataType=2
21130928-16:4:48:24004093=Decide_CH_Get_Func() : CH[3] b32=1, CH_DataType=2
21130928-16:4:48:24004109=Decide_CH_Get_Func() : CH[4] b32=1, CH_DataType=2
21130928-16:4:48:24004125=Decide_CH_Get_Func() : CH[5] b32=1, CH_DataType=2
21130928-16:4:48:24004140=Decide_CH_Get_Func() : CH[6] b32=1, CH_DataType=2
21130928-16:4:48:24004156=Enter CScope_Decoder::resetScpDecoder() OK
21130928-16:4:48:24004171=   call m_pScpCom->WriteScopeCmd_Start()
21130928-16:4:48:24004187=CH1 P0-4 nCmdVal=0xC698(50840)

21130928-16:4:48:24004203=Enter COMM_HCT::Write_N_RTU()
21130928-16:4:48:24004218=Enter COMM_HCT::Write_N_RTU()

21130928-16:4:48:24004234=Enter COMM_HCT::Write_N_RTU()

21130928-16:4:48:24004250=Enter COMM_HCT::Write_N_RTU()

21130928-16:4:48:24004265=CH5 P0-65 nCmdVal=0xC69C(50844)

21130928-16:4:48:24004281=CH6 P0-67 nCmdVal=0xC6AA(50858)

21130928-16:4:48:24004296=Enter COMM_HCT::Write_N_RTU()
21130928-16:4:48:24004312=Enter COMM_HCT::Write_N_RTU()

21130928-16:4:48:24004328=CH8 P0-68 nCmdVal=0xC6AA(50858)

21130928-16:4:48:24004343=Enter COMM_HCT::Write_N_RTU()
21130928-16:4:48:24004375=Enter CSCOPE_COMM::Write_CH_Cmd() OK
21130928-16:4:48:24004390=Enter CSCOPE_WORKER::WriteScopeCmd_Start() OK
21130928-16:4:48:24004406=Enter CASD_SCOPE::Scope_Run() OK! 
21130928-16:4:48:24004421=Enter API ASD_Scope_Run() OK
21130928-16:4:50:24006546=Enter API ASD_Scope_Reset_Before_Run() Port[0x00000003]
21130928-16:4:50:24006562=Enter CASD_SCOPE::Scope_Reset_Before_Run() 
21130928-16:4:50:24006593=Enter CSCOPE_WORKER::Scope_Reset_CH_Before_Run() 
21130928-16:4:50:24006625=Enter CSCOPE_COMM::resetScpComm()
21130928-16:4:50:24006640=COMM_HCT::SetScopeDecoder
21130928-16:4:50:24006656=Enter CSCOPE_COMM::resetScpComm() OK
21130928-16:4:50:24006687=Sample rate=8000, ScopeTimeSec=1, PM_Data_Size=800, 
21130928-16:4:50:24006703=CSCOPE_PACKET_PARSER::initAllocation(8)
21130928-16:4:50:24006734=Enter CScope_Decoder::Setup_Paraer()
21130928-16:4:50:24006765=call PacketParser.Decide_CH_Get_Func() 
21130928-16:4:50:24006781=Decide_CH_Get_Func() : CH[0] b32=1, CH_DataType=2
21130928-16:4:50:24006796=Decide_CH_Get_Func() : CH[1] b32=1, CH_DataType=2
21130928-16:4:50:24006812=Decide_CH_Get_Func() : CH[2] b32=1, CH_DataType=2
21130928-16:4:50:24006859=Decide_CH_Get_Func() : CH[3] b32=1, CH_DataType=2
21130928-16:4:50:24006875=Decide_CH_Get_Func() : CH[4] b32=1, CH_DataType=2
21130928-16:4:50:24006890=Decide_CH_Get_Func() : CH[5] b32=1, CH_DataType=2
21130928-16:4:50:24006906=Decide_CH_Get_Func() : CH[6] b32=1, CH_DataType=2
21130928-16:4:50:24006921=Decide_CH_Get_Func() : CH[7] b32=1, CH_DataType=2
21130928-16:4:50:24006937=Enter CScope_Decoder::resetScpDecoder() OK
21130928-16:4:50:24006968=Scope_Reset_CH_Before_Run() time=0, 62, 282, 0 
21130928-16:4:50:24006984=Enter CSCOPE_WORKER::Scope_Reset_CH_Before_Run() OK
21130928-16:4:50:24007000=Enter CASD_SCOPE::Scope_Reset_Before_Run() OK! 
21130928-16:4:51:24007031=ASD_Scope_Reset_Before_Run() time=0, 453
21130928-16:4:51:24007062=ASD_Scope_Reset_Before_Run() OK
21130928-16:4:51:24007093=Enter COMM_HCT::Write_N_RTU()
21130928-16:5:0:24016437=Enter COMM_HCT::Write_N_RTU()
21130928-16:5:11:24027453=Enter CASD_SCOPE::Scope_Stop()
21130928-16:5:11:24027500=Enter CSCOPE_WORKER::StopScope()
21130928-16:5:11:24027531=Enter CSCOPE_COMM::WriteScopeCmd_Stop()
21130928-16:5:11:24027546=Enter CSCOPE_COMM::Close_ScpCmd()
21130928-16:5:11:24027562=Enter CSCOPE_COMM::StopScope()
21130928-16:5:11:24027625=Enter COMM_HCT::Write_N_RTU()
21130928-16:5:11:24027703=Enter COMM_HCT::Write_N_RTU()
21130928-16:5:11:24027734=mr_pCommASD->Write_N(3,8) time=15, 15
21130928-16:5:11:24027750=Enter CSCOPE_COMM::StopScope() OK
21130928-16:5:11:24027781=CSCOPE_COMM::Close_ScpCmd() time=219, 219
21130928-16:5:11:24027796=Enter CSCOPE_COMM::Close_ScpCmd() OK
21130928-16:5:11:24027828=Enter CSCOPE_COMM::WriteScopeCmd_Stop() OK
21130928-16:5:11:24027843=Enter CSCOPE_WORKER::StopScope() OK
21130928-16:5:11:24027875=Enter CASD_SCOPE::Scope_Stop() OK
21130928-16:5:11:24027890= API ASD_Scope_Stop() OK
21130928-16:5:11:24027906=Enter API ASD_Scope_Reset_Before_Run() Port[0x00000003]
21130928-16:5:11:24027921=Enter CASD_SCOPE::Scope_Reset_Before_Run() 
21130928-16:5:11:24027937=Enter CSCOPE_WORKER::Scope_Reset_CH_Before_Run() 
21130928-16:5:11:24027968=Enter CSCOPE_COMM::resetScpComm()
21130928-16:5:11:24027984=COMM_HCT::SetScopeDecoder
21130928-16:5:11:24028000=Enter CSCOPE_COMM::resetScpComm() OK
21130928-16:5:12:24028015=Enter CScope_Decoder::resetScpDecoder() 
21130928-16:5:12:24028031=Sample rate=8000, ScopeTimeSec=1, PM_Data_Size=800,
21130928-16:5:12:24028046=CSCOPE_PACKET_PARSER::initAllocation(8)
21130928-16:5:12:24028062=Enter CScope_Decoder::Setup_Paraer()
21130928-16:5:12:24028078=Decide_CH_Get_Func() : CH[0] b32=1, CH_DataType=2 
21130928-16:5:12:24028125=Decide_CH_Get_Func() : CH[1] b32=1, CH_DataType=2
21130928-16:5:12:24028156=Decide_CH_Get_Func() : CH[2] b32=1, CH_DataType=2
21130928-16:5:12:24028187=Decide_CH_Get_Func() : CH[3] b32=1, CH_DataType=2
21130928-16:5:12:24028203=Decide_CH_Get_Func() : CH[4] b32=1, CH_DataType=2
21130928-16:5:12:24028234=Decide_CH_Get_Func() : CH[5] b32=1, CH_DataType=2
21130928-16:5:12:24028265=Decide_CH_Get_Func() : CH[6] b32=1, CH_DataType=2
21130928-16:5:12:24028296=Enter CScope_Decoder::resetScpDecoder() OK
21130928-16:5:12:24028328=Scope_Reset_CH_Before_Run() time=0, 47, 312, 0 
21130928-16:5:12:24028359=Enter CSCOPE_WORKER::Scope_Reset_CH_Before_Run() OK
21130928-16:5:12:24028390=Enter CASD_SCOPE::Scope_Reset_Before_Run() OK! 
21130928-16:5:12:24028406=ASD_Scope_Reset_Before_Run() time=0, 484
21130928-16:5:12:24028437=ASD_Scope_Reset_Before_Run() OK
21130928-16:5:58:24074859=Enter COMM_HCT::Write_N_RTU()
21130928-16:6:31:24107140=Enter CASD_SCOPE::Scope_Stop()
21130928-16:6:31:24107171=Enter CSCOPE_WORKER::StopScope()
21130928-16:6:31:24107187=Enter CSCOPE_COMM::WriteScopeCmd_Stop()
21130928-16:6:31:24107203=Enter CSCOPE_COMM::Close_ScpCmd()
21130928-16:6:31:24107218=Enter CSCOPE_COMM::StopScope()
21130928-16:6:31:24107234=Enter COMM_HCT::Write_N_RTU()
21130928-16:6:31:24107296=Enter COMM_HCT::Write_N_RTU()
21130928-16:6:31:24107312=mr_pCommASD->Write_N(3,8) time=0, 0
21130928-16:6:31:24107328=Enter CSCOPE_COMM::StopScope() OK
21130928-16:6:31:24107343=CSCOPE_COMM::Close_ScpCmd() time=125, 125
21130928-16:6:31:24107359=Enter CSCOPE_COMM::Close_ScpCmd() OK
21130928-16:6:31:24107375=Enter CSCOPE_COMM::WriteScopeCmd_Stop() OK
21130928-16:6:31:24107390=Enter CSCOPE_WORKER::StopScope() OK
21130928-16:6:31:24107406=Enter CASD_SCOPE::Scope_Stop() OK
21130928-16:6:31:24107421=Enter API ASD_Scope_Reset_Before_Run() Port[0x00000003]
21130928-16:6:31:24107437=Enter CASD_SCOPE::Scope_Reset_Before_Run() 
21130928-16:6:31:24107453=Enter CSCOPE_WORKER::Scope_Reset_CH_Before_Run() 
21130928-16:6:31:24107468=Enter CSCOPE_COMM::resetScpComm()
21130928-16:6:31:24107484=COMM_HCT::SetScopeDecoder
21130928-16:6:31:24107500=Enter CSCOPE_COMM::resetScpComm() OK
21130928-16:6:31:24107515=Sample rate=8000, ScopeTimeSec=1, PM_Data_Size=800, 
21130928-16:6:31:24107531=CSCOPE_PACKET_PARSER::initAllocation(8)
21130928-16:6:31:24107546=Enter CScope_Decoder::Setup_Paraer()
21130928-16:6:31:24107562=Decide_CH_Get_Func() : CH[0] b32=1, CH_DataType=2 
21130928-16:6:31:24107578=Decide_CH_Get_Func() : CH[1] b32=1, CH_DataType=2
21130928-16:6:31:24107593=Decide_CH_Get_Func() : CH[2] b32=1, CH_DataType=2
21130928-16:6:31:24107609=Decide_CH_Get_Func() : CH[3] b32=1, CH_DataType=2
21130928-16:6:31:24107625=Decide_CH_Get_Func() : CH[4] b32=1, CH_DataType=2
21130928-16:6:31:24107656=Decide_CH_Get_Func() : CH[5] b32=1, CH_DataType=2
21130928-16:6:31:24107671=Decide_CH_Get_Func() : CH[6] b32=1, CH_DataType=2
21130928-16:6:31:24107687=Enter CScope_Decoder::resetScpDecoder() OK
21130928-16:6:31:24107718=Scope_Reset_CH_Before_Run() time=0, 47, 203, 0 
21130928-16:6:31:24107734=Enter CSCOPE_WORKER::Scope_Reset_CH_Before_Run() OK
21130928-16:6:31:24107750=Enter CASD_SCOPE::Scope_Reset_Before_Run() OK! 
21130928-16:6:31:24107765=ASD_Scope_Reset_Before_Run() time=0, 329
21130928-16:6:31:24107781=ASD_Scope_Reset_Before_Run() OK
21130928-16:11:33:24409359=Enter COMM_HCT::Write_N_RTU()
