[Trace]
AppStart674796328=21110824-15:15:21 : APP StartDLL() 1.1.0.3 (build20210504)
21110824-15:15:21:674796343=Enter API ASD_Allocate_Scope() Port[0x00000005]  Ver=1.1.0.3 (build20210504)
21110824-15:15:21:674796359=Port Allocated OK!
21110824-15:15:21:674796375=Enter API ASD_Open_COMM_HCTL() Com[5]
21110824-15:15:23:674798046=ASD_Open_COMM_HCTL() exception! :Open HCTL COMM failed!
21110824-15:15:23:674798062=COMM Objects are not initialied!
21110824-15:15:23:674798078=ASD_ReadDevInf() exception! :Open HCT COMM failed!
AppStart675128812=21110824-15:20:54 : APP StartDLL() 1.1.0.3 (build20210504)
21110824-15:20:54:675128812=Enter API ASD_Allocate_Scope() Port[0x00000004]  Ver=1.1.0.3 (build20210504)
21110824-15:20:54:675128859=Port Allocated OK!
21110824-15:20:54:675128875=Enter API ASD_Open_COMM_HCTL() Com[4]
21110824-15:20:54:675128890=DDBUG CCOMM_THREAD::start_thread  1
21110824-15:20:54:675128906=S2 COMM_HCTL::Com_Thread_Start() enter loop......

21110824-15:20:54:675128937=Enter CASD_SCOPE::SetCommObject()
21110824-15:20:54:675128968=initCommScope(): Dev(3, 7, 3), ScoptType=501, CH_Size=8, 
21110824-15:20:54:675128984=Enter API ASD_Scope_Run() Port[0x00000004]
21110824-15:20:54:675129000=Enter CASD_SCOPE::Scope_Run() 
21110824-15:20:54:675129015=Enter CSCOPE_WORKER::StartScope() 
21110824-15:20:54:675129031=Enter CSCOPE_COMM::resetScpComm()
21110824-15:20:54:675129046=COMM_HCT::SetScopeDecoder
21110824-15:20:54:675129062=Enter CSCOPE_COMM::resetScpComm() OK
21110824-15:20:54:675129078=CH[1] is 32Bit=1, CmdVal=0x0C598
21110824-15:20:54:675129093=CH[2] is 32Bit=1, CmdVal=0x0C59A
21110824-15:20:54:675129109=CH[3] is 32Bit=1, CmdVal=0x0C598
21110824-15:20:54:675129125=CH[4] is 32Bit=1, CmdVal=0x0C59A
21110824-15:20:54:675129140=CH[5] is 32Bit=1, CmdVal=0x0C59C
21110824-15:20:54:675129156=CH[6] is 32Bit=1, CmdVal=0x0C5AA
21110824-15:20:54:675129171=CH[7] is 32Bit=1, CmdVal=0x0C59C
21110824-15:20:54:675129187=Enter CSCOPE_WORKER::Arrange_CH_32bit() OK
21110824-15:20:54:675129203=Sample rate=8000, ScopeTimeSec=1, PM_Data_Size=800, 
21110824-15:20:54:675129218=CSCOPE_PACKET_PARSER::initAllocation(8)
21110824-15:20:54:675129234=Enter CScope_Decoder::Setup_Paraer()
21110824-15:20:54:675129250=Decide_CH_Get_Func() : CH[0] b32=1, CH_DataType=2 
21110824-15:20:54:675129265=Decide_CH_Get_Func() : CH[1] b32=1, CH_DataType=2
21110824-15:20:54:675129281=Decide_CH_Get_Func() : CH[2] b32=1, CH_DataType=2
21110824-15:20:54:675129296=Decide_CH_Get_Func() : CH[3] b32=1, CH_DataType=2
21110824-15:20:54:675129312=Decide_CH_Get_Func() : CH[4] b32=1, CH_DataType=2
21110824-15:20:54:675129328=Decide_CH_Get_Func() : CH[5] b32=1, CH_DataType=2
21110824-15:20:54:675129343=Decide_CH_Get_Func() : CH[6] b32=1, CH_DataType=2
21110824-15:20:54:675129359=Enter CScope_Decoder::resetScpDecoder() OK
21110824-15:20:54:675129375=   call m_pScpCom->WriteScopeCmd_Start()
21110824-15:20:54:675129390=Enter CSCOPE_COMM::WriteScopeCmd_Start()
21110824-15:20:54:675129406=CH1 P0-4 nCmdVal=0xC598(50584)

21110824-15:20:54:675129421=Enter COMM_HCT::Write_N_RTU()
21110824-15:20:54:675129437= Write_N_RTU() OK t1=675129437, t3=675129437
21110824-15:20:54:675129453=Enter COMM_HCT::Write_N_RTU()

21110824-15:20:54:675129468= Write_N_RTU() OK t1=675129468, t3=675129468
21110824-15:20:54:675129484=Enter COMM_HCT::Write_N_RTU()

21110824-15:20:54:675129500= Write_N_RTU() OK t1=675129484, t3=675129484
21110824-15:20:54:675129515=Enter COMM_HCT::Write_N_RTU()

21110824-15:20:54:675129531= Write_N_RTU() OK t1=675129531, t3=675129531
21110824-15:20:55:675129546=Enter COMM_HCT::Write_N_RTU()

21110824-15:20:55:675129562= Write_N_RTU() OK t1=675129562, t3=675129562
21110824-15:20:55:675129578=Enter COMM_HCT::Write_N_RTU()

21110824-15:20:55:675129593= Write_N_RTU() OK t1=675129593, t3=675129593
21110824-15:20:55:675129609=Enter COMM_HCT::Write_N_RTU()

21110824-15:20:55:675129625= Write_N_RTU() OK t1=675129609, t3=675129609
21110824-15:20:55:675129640=Enter COMM_HCT::Write_N_RTU()

21110824-15:20:55:675129656= Write_N_RTU() OK t1=675129656, t3=675129656
21110824-15:20:55:675129671=Enter CSCOPE_COMM::Write_CH_Cmd() OK
21110824-15:20:55:675129687=Enter CSCOPE_COMM::Write_ScpCmd()
21110824-15:20:55:675129703=Enter CSCOPE_COMM::StartScope()
21110824-15:20:55:675129734= Write_N_RTU() OK t1=675129734, t3=675129734
21110824-15:20:55:675129765=Enter CSCOPE_COMM::StartScope() OK
21110824-15:20:55:675129796=Enter CSCOPE_COMM::Write_ScpCmd() OK
21110824-15:20:55:675129812=Enter CSCOPE_COMM::WriteScopeCmd_Start() OK
21110824-15:20:55:675129828=Enter CSCOPE_WORKER::StartScope() OK
21110824-15:20:55:675129843=Enter CASD_SCOPE::Scope_Run() OK! 
21110824-15:20:55:675129859=Enter API ASD_Scope_Run() OK
AppStart676301125=21110824-15:40:26 : APP StartDLL() 1.1.0.3 (build20210504)
21110824-15:40:26:676301140=Enter API ASD_Allocate_Scope() Port[0x00000004]  Ver=1.1.0.3 (build20210504)
21110824-15:40:26:676301156=Port Allocated OK!
21110824-15:40:26:676301171=Enter API ASD_Open_COMM_HCTL() Com[4]
21110824-15:40:26:676301187=DDBUG CCOMM_THREAD::start_thread  1
21110824-15:40:26:676301203=S2 COMM_HCTL::Com_Thread_Start() enter loop......

21110824-15:40:26:676301218=Enter CASD_SCOPE::SetCommObject()
21110824-15:40:26:676301234=initCommScope(): Dev(3, 7, 3), ScoptType=501, CH_Size=8, 
21110824-15:40:26:676301250=Scope_Second=1, Base_Second=20, nBufSize=160001, new_dDSP_Data_Ts=0.125000, strTimeFormat=%0.3f(ms)
21110824-15:41:1:676336265=Enter CASD_SCOPE::Scope_Run() 
21110824-15:41:1:676336281=Enter CSCOPE_WORKER::StartScope() 
21110824-15:41:1:676336296=Enter CSCOPE_COMM::resetScpComm()
21110824-15:41:1:676336312=COMM_HCT::SetScopeDecoder
21110824-15:41:1:676336328=Enter CSCOPE_COMM::resetScpComm() OK
21110824-15:41:1:676336343=CH[1] is 32Bit=1, CmdVal=0x0C598
21110824-15:41:1:676336359=CH[2] is 32Bit=1, CmdVal=0x0C59A
21110824-15:41:1:676336375=CH[3] is 32Bit=1, CmdVal=0x0C598
21110824-15:41:1:676336390=CH[4] is 32Bit=1, CmdVal=0x0C59A
21110824-15:41:1:676336406=CH[5] is 32Bit=1, CmdVal=0x0C59C
21110824-15:41:1:676336421=CH[6] is 32Bit=1, CmdVal=0x0C5AA
21110824-15:41:1:676336437=CH[7] is 32Bit=1, CmdVal=0x0C59C
21110824-15:41:1:676336453=Enter CSCOPE_WORKER::Arrange_CH_32bit() OK
21110824-15:41:1:676336468=Sample rate=8000, ScopeTimeSec=1, PM_Data_Size=800, 
21110824-15:41:1:676336484=CSCOPE_PACKET_PARSER::initAllocation(8)
21110824-15:41:1:676336500=Enter CScope_Decoder::Setup_Paraer()
21110824-15:41:1:676336531=Decide_CH_Get_Func() : CH[0] b32=1, CH_DataType=2 
21110824-15:41:1:676336546=Decide_CH_Get_Func() : CH[1] b32=1, CH_DataType=2
21110824-15:41:2:676336562=Decide_CH_Get_Func() : CH[2] b32=1, CH_DataType=2
21110824-15:41:2:676336578=Decide_CH_Get_Func() : CH[3] b32=1, CH_DataType=2
21110824-15:41:2:676336593=Decide_CH_Get_Func() : CH[4] b32=1, CH_DataType=2
21110824-15:41:2:676336609=Decide_CH_Get_Func() : CH[5] b32=1, CH_DataType=2
21110824-15:41:2:676336625=Decide_CH_Get_Func() : CH[6] b32=1, CH_DataType=2
21110824-15:41:2:676336640=Enter CScope_Decoder::resetScpDecoder() OK
21110824-15:41:2:676336656=   call m_pScpCom->WriteScopeCmd_Start()
21110824-15:41:2:676336671=Enter CSCOPE_COMM::WriteScopeCmd_Start()
21110824-15:41:2:676336687=CH1 P0-4 nCmdVal=0xC598(50584)

21110824-15:41:2:676336703= Write_N_RTU() OK t1=676336703, t3=676336703
21110824-15:41:2:676336734=Enter COMM_HCT::Write_N_RTU()

21110824-15:41:2:676336750= Write_N_RTU() OK t1=676336734, t3=676336734
21110824-15:41:2:676336765=Enter COMM_HCT::Write_N_RTU()

21110824-15:41:2:676336781= Write_N_RTU() OK t1=676336765, t3=676336781
21110824-15:41:2:676336812=Enter COMM_HCT::Write_N_RTU()

21110824-15:41:2:676336828= Write_N_RTU() OK t1=676336812, t3=676336812
21110824-15:41:2:676336843=Enter COMM_HCT::Write_N_RTU()

21110824-15:41:2:676336859= Write_N_RTU() OK t1=676336859, t3=676336859
21110824-15:41:2:676336875=Enter COMM_HCT::Write_N_RTU()

21110824-15:41:2:676336890= Write_N_RTU() OK t1=676336875, t3=676336890
21110824-15:41:2:676336906=Enter COMM_HCT::Write_N_RTU()

21110824-15:41:2:676336921= Write_N_RTU() OK t1=676336906, t3=676336921
21110824-15:41:2:676336937=Enter COMM_HCT::Write_N_RTU()

21110824-15:41:2:676336953=Enter CSCOPE_COMM::Write_CH_Cmd() OK
21110824-15:41:2:676336968=Enter CSCOPE_COMM::Write_ScpCmd()
21110824-15:41:2:676336984=Enter CSCOPE_COMM::StartScope()
21110824-15:41:2:676337000= Write_N_RTU() OK t1=676337000, t3=676337000
21110824-15:41:2:676337015=Enter CSCOPE_COMM::StartScope() OK
21110824-15:41:2:676337031=Enter CSCOPE_COMM::Write_ScpCmd() OK
21110824-15:41:2:676337046=Enter CSCOPE_COMM::WriteScopeCmd_Start() OK
21110824-15:41:2:676337062=Enter CSCOPE_WORKER::StartScope() OK
21110824-15:41:2:676337078=Enter CASD_SCOPE::Scope_Run() OK! 
21110824-15:41:2:676337093=Enter API ASD_Scope_Run() OK
