[Trace]
AppStart18987843=21131103-13:22:54 : APP StartDLL() 1.1.0.10(build20210909)
21131103-13:22:54:18987859=Enter API ASD_Allocate_Scope() Port[0x0000000B]  Ver=1.1.0.10(build20210909)
21131103-13:22:54:18988031=Port Allocated OK!
21131103-13:22:54:18988046=Enter API ASD_Open_COMM_HCTL() Com[11]
21131103-13:22:54:18988140=ASD_Open_COMM_HCTL() exception! :Open HCTL COMM failed!
AppStart18994593=21131103-13:23:1 : APP StartDLL() 1.1.0.10(build20210909)
21131103-13:23:1:18994609=Enter API ASD_Allocate_Scope() Port[0x0000000B]  Ver=1.1.0.10(build20210909)
21131103-13:23:1:18994625=Port Allocated OK!
21131103-13:23:1:18994640=Enter API ASD_Open_COMM_HCTL() Com[11]
21131103-13:23:1:18994656=DDBUG CCOMM_THREAD::start_thread  1
21131103-13:23:1:18994687=S2 COMM_HCTL::Com_Thread_Start() enter loop......

21131103-13:23:1:18994703=Enter CASD_SCOPE::SetCommObject()
21131103-13:23:1:18994859=initCommScope(): Dev(3, 7, 0), ScoptType=501, CH_Size=8, 
21131103-13:23:1:18994875=Scope_Second=1, Base_Second=20, nBufSize=160001, new_dDSP_Data_Ts=0.125000, strTimeFormat=%0.3f(ms)
21131103-13:23:1:18994890=Enter CASD_SCOPE::Scope_Write_Settings() 
21131103-13:23:1:18994921=Enter CSCOPE_WORKER::Scope_Write_Setting_Before_Run() 
21131103-13:23:1:18994937=Enter CSCOPE_COMM::resetScpComm()
21131103-13:23:1:18994953=COMM_HCT::SetScopeDecoder
21131103-13:23:1:18994968=Enter CSCOPE_COMM::resetScpComm() OK
21131103-13:23:1:18995000=CH[1] is 32Bit=1, CmdVal=0x0C698
21131103-13:23:1:18995015=CH[2] is 32Bit=1, CmdVal=0x0C69A
21131103-13:23:1:18995062=CH[3] is 32Bit=1, CmdVal=0x0C698
21131103-13:23:1:18995078=CH[4] is 32Bit=1, CmdVal=0x0C69A
21131103-13:23:1:18995109=CH[5] is 32Bit=1, CmdVal=0x0C69C
21131103-13:23:1:18995125=CH[6] is 32Bit=1, CmdVal=0x0C6AA
21131103-13:23:1:18995171=CH[7] is 32Bit=1, CmdVal=0x0C69C
21131103-13:23:1:18995187=Enter CSCOPE_WORKER::Arrange_CH_32bit() OK
21131103-13:23:1:18995203=Sample rate=8000, ScopeTimeSec=1, PM_Data_Size=800, 
21131103-13:23:1:18995234=CSCOPE_PACKET_PARSER::initAllocation(8)
21131103-13:23:1:18995265=Enter CScope_Decoder::Setup_Paraer()
21131103-13:23:1:18995296=Decide_CH_Get_Func() : CH[0] b32=1, CH_DataType=2 
21131103-13:23:1:18995312=Decide_CH_Get_Func() : CH[1] b32=1, CH_DataType=2
21131103-13:23:1:18995328=Decide_CH_Get_Func() : CH[2] b32=1, CH_DataType=2
21131103-13:23:1:18995343=Decide_CH_Get_Func() : CH[3] b32=1, CH_DataType=2
21131103-13:23:1:18995359=Decide_CH_Get_Func() : CH[4] b32=1, CH_DataType=2
21131103-13:23:2:18995375=Decide_CH_Get_Func() : CH[5] b32=1, CH_DataType=2
21131103-13:23:2:18995406=Decide_CH_Get_Func() : CH[6] b32=1, CH_DataType=2
21131103-13:23:2:18995421=Enter CScope_Decoder::resetScpDecoder() OK
21131103-13:23:2:18995468=   call m_pScpCom->WriteScopeCmd_Start()
21131103-13:23:2:18995500=CH1 P0-4 nCmdVal=0xC698(50840)

21131103-13:23:2:18995515=Enter COMM_HCT::Write_N_RTU()
21131103-13:23:2:18995562=Enter COMM_HCT::Write_N_RTU()

21131103-13:23:2:18995671=CH3 P0-5 nCmdVal=0xC698(50840)

21131103-13:23:2:18995687=CH4 P0-7 nCmdVal=0xC69A(50842)

21131103-13:23:2:18995734=Enter COMM_HCT::Write_N_RTU()
21131103-13:23:2:18995765=CH5 P0-65 nCmdVal=0xC69C(50844)

21131103-13:23:2:18995796=Enter COMM_HCT::Write_N_RTU()
21131103-13:23:2:18995812=Enter COMM_HCT::Write_N_RTU()

21131103-13:23:2:18995828=CH7 P0-66 nCmdVal=0xC69C(50844)

21131103-13:23:2:18995843=Enter COMM_HCT::Write_N_RTU()
21131103-13:23:2:18995859=CH8 P0-68 nCmdVal=0xC6AA(50858)

21131103-13:23:2:18995875=Enter COMM_HCT::Write_N_RTU()
21131103-13:23:2:18995890=Enter CSCOPE_COMM::Write_CH_Cmd() OK
21131103-13:23:2:18995906=Enter CSCOPE_WORKER::WriteScopeCmd_Start() OK
21131103-13:23:2:18995937=Enter CASD_SCOPE::Scope_Run() OK! 
21131103-13:23:2:18995953=Enter API ASD_Scope_Run() OK
21131103-13:23:5:18998687=Enter API ASD_Scope_Reset_Before_Run() Port[0x0000000B]
21131103-13:23:5:18998703=Enter CASD_SCOPE::Scope_Reset_Before_Run() 
21131103-13:23:5:18998718=Enter CSCOPE_WORKER::Scope_Reset_CH_Before_Run() 
21131103-13:23:5:18998734=Enter CSCOPE_COMM::resetScpComm()
21131103-13:23:5:18998750=COMM_HCT::SetScopeDecoder
21131103-13:23:5:18998765=Enter CSCOPE_COMM::resetScpComm() OK
21131103-13:23:5:18998781=Sample rate=8000, ScopeTimeSec=1, PM_Data_Size=800, 
21131103-13:23:5:18998796=CSCOPE_PACKET_PARSER::initAllocation(8)
21131103-13:23:5:18998812=Enter CScope_Decoder::Setup_Paraer()
21131103-13:23:5:18998828=Decide_CH_Get_Func() : CH[0] b32=1, CH_DataType=2 
21131103-13:23:5:18998859=Decide_CH_Get_Func() : CH[1] b32=1, CH_DataType=2
21131103-13:23:5:18998875=Decide_CH_Get_Func() : CH[2] b32=1, CH_DataType=2
21131103-13:23:5:18998890=Decide_CH_Get_Func() : CH[3] b32=1, CH_DataType=2
21131103-13:23:5:18998906=Decide_CH_Get_Func() : CH[4] b32=1, CH_DataType=2
21131103-13:23:5:18998921=Decide_CH_Get_Func() : CH[5] b32=1, CH_DataType=2
21131103-13:23:5:18998937=Decide_CH_Get_Func() : CH[6] b32=1, CH_DataType=2
21131103-13:23:5:18998953=Enter CScope_Decoder::resetScpDecoder() OK
21131103-13:23:5:18998984=Scope_Reset_CH_Before_Run() time=0, 47, 203, 0 
21131103-13:23:5:18999015=Enter CSCOPE_WORKER::Scope_Reset_CH_Before_Run() OK
21131103-13:23:5:18999031=Enter CASD_SCOPE::Scope_Reset_Before_Run() OK! 
21131103-13:23:5:18999046=ASD_Scope_Reset_Before_Run() time=0, 328
21131103-13:23:5:18999062=ASD_Scope_Reset_Before_Run() OK
21131103-13:23:5:18999078=Enter COMM_HCT::Write_N_RTU()
AppStart20710250=21131103-13:51:36 : APP StartDLL() 1.1.0.10(build20210909)
21131103-13:51:36:20710296=Enter API ASD_Allocate_Scope() Port[0x0000000B]  Ver=1.1.0.10(build20210909)
21131103-13:51:37:20710375=Port Allocated OK!
21131103-13:51:37:20710390=Enter API ASD_Open_COMM_HCTL() Com[11]
21131103-13:51:37:20710406=DDBUG CCOMM_THREAD::start_thread  1
21131103-13:51:37:20710437=S2 COMM_HCTL::Com_Thread_Start() enter loop......

21131103-13:51:37:20710468=Enter CASD_SCOPE::SetCommObject()
21131103-13:51:37:20710593=initCommScope(): Dev(3, 7, 0), ScoptType=501, CH_Size=8, 
21131103-13:51:37:20710609=Scope_Second=1, Base_Second=20, nBufSize=160001, new_dDSP_Data_Ts=0.125000, strTimeFormat=%0.3f(ms)
21131103-13:51:37:20710625=Enter CASD_SCOPE::Scope_Write_Settings() 
21131103-13:51:37:20710656=Enter CSCOPE_WORKER::Scope_Write_Setting_Before_Run() 
21131103-13:51:37:20710671=Enter CSCOPE_COMM::resetScpComm()
21131103-13:51:37:20710687=COMM_HCT::SetScopeDecoder
21131103-13:51:37:20710703=Enter CSCOPE_COMM::resetScpComm() OK
21131103-13:51:37:20710718=CH[1] is 32Bit=1, CmdVal=0x0C698
21131103-13:51:37:20710750=CH[2] is 32Bit=1, CmdVal=0x0C69A
21131103-13:51:37:20710765=CH[3] is 32Bit=1, CmdVal=0x0C698
21131103-13:51:37:20710781=CH[4] is 32Bit=1, CmdVal=0x0C69A
21131103-13:51:37:20710796=CH[5] is 32Bit=1, CmdVal=0x0C69C
21131103-13:51:37:20710812=CH[6] is 32Bit=1, CmdVal=0x0C6AA
21131103-13:51:37:20710828=CH[7] is 32Bit=1, CmdVal=0x0C69C
21131103-13:51:37:20710843=Enter CSCOPE_WORKER::Arrange_CH_32bit() OK
21131103-13:51:37:20710875=Sample rate=8000, ScopeTimeSec=1, PM_Data_Size=800, 
21131103-13:51:37:20710890=CSCOPE_PACKET_PARSER::initAllocation(8)
21131103-13:51:37:20710906=Enter CScope_Decoder::Setup_Paraer()
21131103-13:51:37:20710921=Decide_CH_Get_Func() : CH[0] b32=1, CH_DataType=2 
21131103-13:51:37:20710937=Decide_CH_Get_Func() : CH[1] b32=1, CH_DataType=2
21131103-13:51:37:20710953=Decide_CH_Get_Func() : CH[2] b32=1, CH_DataType=2
21131103-13:51:37:20710968=Decide_CH_Get_Func() : CH[3] b32=1, CH_DataType=2
21131103-13:51:37:20710984=Decide_CH_Get_Func() : CH[4] b32=1, CH_DataType=2
21131103-13:51:37:20711000=Decide_CH_Get_Func() : CH[5] b32=1, CH_DataType=2
21131103-13:51:37:20711015=Decide_CH_Get_Func() : CH[6] b32=1, CH_DataType=2
21131103-13:51:37:20711031=Enter CScope_Decoder::resetScpDecoder() OK
21131103-13:51:37:20711062=   call m_pScpCom->WriteScopeCmd_Start()
21131103-13:51:37:20711078=CH1 P0-4 nCmdVal=0xC698(50840)

21131103-13:51:37:20711093=Enter COMM_HCT::Write_N_RTU()
21131103-13:51:37:20711109=CH2 P0-6 nCmdVal=0xC69A(50842)

21131103-13:51:37:20711125=Enter COMM_HCT::Write_N_RTU()
21131103-13:51:37:20711140=Enter COMM_HCT::Write_N_RTU()

21131103-13:51:37:20711156=CH4 P0-7 nCmdVal=0xC69A(50842)

21131103-13:51:37:20711171=Enter COMM_HCT::Write_N_RTU()
21131103-13:51:37:20711187=Enter COMM_HCT::Write_N_RTU()

21131103-13:51:37:20711203=CH6 P0-67 nCmdVal=0xC6AA(50858)

21131103-13:51:37:20711218=CH7 P0-66 nCmdVal=0xC69C(50844)

21131103-13:51:37:20711234=CH8 P0-68 nCmdVal=0xC6AA(50858)

21131103-13:51:37:20711250=Enter COMM_HCT::Write_N_RTU()
21131103-13:51:37:20711265=Enter CSCOPE_COMM::Write_CH_Cmd() OK
21131103-13:51:37:20711281=Enter CSCOPE_WORKER::WriteScopeCmd_Start() OK
21131103-13:51:37:20711296=Enter CASD_SCOPE::Scope_Run() OK! 
21131103-13:51:37:20711312=Enter API ASD_Scope_Run() OK
21131103-13:51:40:20713640=Enter API ASD_Scope_Reset_Before_Run() Port[0x0000000B]
21131103-13:51:40:20713656=Enter CASD_SCOPE::Scope_Reset_Before_Run() 
21131103-13:51:40:20713687=Enter CSCOPE_WORKER::Scope_Reset_CH_Before_Run() 
21131103-13:51:40:20713703=Enter CSCOPE_COMM::resetScpComm()
21131103-13:51:40:20713718=COMM_HCT::SetScopeDecoder
21131103-13:51:40:20713734=Enter CSCOPE_COMM::resetScpComm() OK
21131103-13:51:40:20713750=Sample rate=8000, ScopeTimeSec=1, PM_Data_Size=800, 
21131103-13:51:40:20713781=CSCOPE_PACKET_PARSER::initAllocation(8)
21131103-13:51:40:20713796=Enter CScope_Decoder::Setup_Paraer()
21131103-13:51:40:20713812=Decide_CH_Get_Func() : CH[0] b32=1, CH_DataType=2 
21131103-13:51:40:20713843=Decide_CH_Get_Func() : CH[1] b32=1, CH_DataType=2
21131103-13:51:40:20713859=Decide_CH_Get_Func() : CH[2] b32=1, CH_DataType=2
21131103-13:51:40:20713875=Decide_CH_Get_Func() : CH[3] b32=1, CH_DataType=2
21131103-13:51:40:20713890=Decide_CH_Get_Func() : CH[4] b32=1, CH_DataType=2
21131103-13:51:40:20713906=Decide_CH_Get_Func() : CH[5] b32=1, CH_DataType=2
21131103-13:51:40:20713921=Decide_CH_Get_Func() : CH[6] b32=1, CH_DataType=2
21131103-13:51:40:20713937=Enter CScope_Decoder::resetScpDecoder() OK
21131103-13:51:40:20713968=Scope_Reset_CH_Before_Run() time=0, 47, 219, 0 
21131103-13:51:40:20713984=Enter CSCOPE_WORKER::Scope_Reset_CH_Before_Run() OK
21131103-13:51:40:20714000=Enter CASD_SCOPE::Scope_Reset_Before_Run() OK! 
21131103-13:51:40:20714015=ASD_Scope_Reset_Before_Run() time=0, 344
21131103-13:51:40:20714031=ASD_Scope_Reset_Before_Run() OK
21131103-13:51:40:20714046=Enter COMM_HCT::Write_N_RTU()
AppStart20907296=21131103-13:54:53 : APP StartDLL() 1.1.0.10(build20210909)
21131103-13:54:53:20907328=Enter API ASD_Allocate_Scope() Port[0x0000000B]  Ver=1.1.0.10(build20210909)
21131103-13:54:54:20907453=Port Allocated OK!
21131103-13:54:54:20907484=Enter API ASD_Open_COMM_HCTL() Com[11]
21131103-13:54:54:20907515=DDBUG CCOMM_THREAD::start_thread  1
21131103-13:54:54:20907531=S2 COMM_HCTL::Com_Thread_Start() enter loop......

21131103-13:54:54:20907562=Enter CASD_SCOPE::SetCommObject()
21131103-13:54:54:20907640=initCommScope(): Dev(3, 7, 0), ScoptType=501, CH_Size=8, 
21131103-13:54:54:20907671=Scope_Second=1, Base_Second=20, nBufSize=160001, new_dDSP_Data_Ts=0.125000, strTimeFormat=%0.3f(ms)
21131103-13:54:54:20907703=Enter CASD_SCOPE::Scope_Write_Settings() 
21131103-13:54:54:20907718=Enter CSCOPE_WORKER::Scope_Write_Setting_Before_Run() 
21131103-13:54:54:20907734=Enter CSCOPE_COMM::resetScpComm()
21131103-13:54:54:20907750=COMM_HCT::SetScopeDecoder
21131103-13:54:54:20907781=Enter CSCOPE_COMM::resetScpComm() OK
21131103-13:54:54:20907796=CH[1] is 32Bit=1, CmdVal=0x0C698
21131103-13:54:54:20907828=CH[2] is 32Bit=1, CmdVal=0x0C69A
21131103-13:54:54:20907843=CH[3] is 32Bit=1, CmdVal=0x0C698
21131103-13:54:54:20907859=CH[4] is 32Bit=1, CmdVal=0x0C69A
21131103-13:54:54:20907875=CH[5] is 32Bit=1, CmdVal=0x0C69C
21131103-13:54:54:20907890=CH[6] is 32Bit=1, CmdVal=0x0C6AA
21131103-13:54:54:20907906=CH[7] is 32Bit=1, CmdVal=0x0C69C
21131103-13:54:54:20907921=CH[8] is 32Bit=1, CmdVal=0x0C6AA
21131103-13:54:54:20907937=Enter CSCOPE_WORKER::Arrange_CH_32bit() OK
21131103-13:54:54:20907953=Sample rate=8000, ScopeTimeSec=1, PM_Data_Size=800, 
21131103-13:54:54:20907968=CSCOPE_PACKET_PARSER::initAllocation(8)
21131103-13:54:54:20908000=Enter CScope_Decoder::Setup_Paraer()
21131103-13:54:54:20908031=call PacketParser.Decide_CH_Get_Func() 
21131103-13:54:54:20908046=Decide_CH_Get_Func() : CH[0] b32=1, CH_DataType=2
21131103-13:54:54:20908062=Decide_CH_Get_Func() : CH[1] b32=1, CH_DataType=2
21131103-13:54:54:20908078=Decide_CH_Get_Func() : CH[2] b32=1, CH_DataType=2
21131103-13:54:54:20908093=Decide_CH_Get_Func() : CH[3] b32=1, CH_DataType=2
21131103-13:54:54:20908109=Decide_CH_Get_Func() : CH[4] b32=1, CH_DataType=2
21131103-13:54:54:20908125=Decide_CH_Get_Func() : CH[5] b32=1, CH_DataType=2
21131103-13:54:54:20908140=Decide_CH_Get_Func() : CH[6] b32=1, CH_DataType=2
21131103-13:54:54:20908156=Enter CScope_Decoder::resetScpDecoder() OK
21131103-13:54:54:20908187=   call m_pScpCom->WriteScopeCmd_Start()
21131103-13:54:54:20908203=CH1 P0-4 nCmdVal=0xC698(50840)

21131103-13:54:54:20908218=Enter COMM_HCT::Write_N_RTU()
21131103-13:54:54:20908250=CH2 P0-6 nCmdVal=0xC69A(50842)

21131103-13:54:54:20908265=Enter COMM_HCT::Write_N_RTU()
21131103-13:54:54:20908281=CH3 P0-5 nCmdVal=0xC698(50840)

21131103-13:54:54:20908296=Enter COMM_HCT::Write_N_RTU()
21131103-13:54:54:20908328=Enter COMM_HCT::Write_N_RTU()

21131103-13:54:54:20908359=CH5 P0-65 nCmdVal=0xC69C(50844)

21131103-13:54:55:20908375=Enter COMM_HCT::Write_N_RTU()
21131103-13:54:55:20908390=CH6 P0-67 nCmdVal=0xC6AA(50858)

21131103-13:54:55:20908406=Enter COMM_HCT::Write_N_RTU()
21131103-13:54:55:20908421=CH7 P0-66 nCmdVal=0xC69C(50844)

21131103-13:54:55:20908437=Enter COMM_HCT::Write_N_RTU()
21131103-13:54:55:20908453=CH8 P0-68 nCmdVal=0xC6AA(50858)

21131103-13:54:55:20908468=Enter COMM_HCT::Write_N_RTU()
21131103-13:54:55:20908500=Enter CSCOPE_COMM::Write_CH_Cmd() OK
21131103-13:54:55:20908515=Enter CSCOPE_WORKER::WriteScopeCmd_Start() OK
21131103-13:54:55:20908531=Enter CASD_SCOPE::Scope_Run() OK! 
21131103-13:54:55:20908562=Enter API ASD_Scope_Run() OK
21131103-13:54:57:20911031=Enter API ASD_Scope_Reset_Before_Run() Port[0x0000000B]
21131103-13:54:57:20911046=Enter CASD_SCOPE::Scope_Reset_Before_Run() 
21131103-13:54:57:20911062=Enter CSCOPE_WORKER::Scope_Reset_CH_Before_Run() 
21131103-13:54:57:20911078=Enter CSCOPE_COMM::resetScpComm()
21131103-13:54:57:20911093=COMM_HCT::SetScopeDecoder
21131103-13:54:57:20911109=Enter CSCOPE_COMM::resetScpComm() OK
21131103-13:54:57:20911125=Sample rate=8000, ScopeTimeSec=1, PM_Data_Size=800, 
21131103-13:54:57:20911140=CSCOPE_PACKET_PARSER::initAllocation(8)
21131103-13:54:57:20911171=Enter CScope_Decoder::Setup_Paraer()
21131103-13:54:57:20911187=Decide_CH_Get_Func() : CH[0] b32=1, CH_DataType=2 
21131103-13:54:57:20911218=Decide_CH_Get_Func() : CH[1] b32=1, CH_DataType=2
21131103-13:54:57:20911234=Decide_CH_Get_Func() : CH[2] b32=1, CH_DataType=2
21131103-13:54:57:20911250=Decide_CH_Get_Func() : CH[3] b32=1, CH_DataType=2
21131103-13:54:57:20911265=Decide_CH_Get_Func() : CH[4] b32=1, CH_DataType=2
21131103-13:54:57:20911281=Decide_CH_Get_Func() : CH[5] b32=1, CH_DataType=2
21131103-13:54:57:20911296=Decide_CH_Get_Func() : CH[6] b32=1, CH_DataType=2
21131103-13:54:57:20911312=Enter CScope_Decoder::resetScpDecoder() OK
21131103-13:54:57:20911343=Scope_Reset_CH_Before_Run() time=0, 47, 219, 0 
21131103-13:54:57:20911359=Enter CSCOPE_WORKER::Scope_Reset_CH_Before_Run() OK
21131103-13:54:57:20911375=Enter CASD_SCOPE::Scope_Reset_Before_Run() OK! 
21131103-13:54:58:20911390=ASD_Scope_Reset_Before_Run() time=0, 344
21131103-13:54:58:20911406=ASD_Scope_Reset_Before_Run() OK
21131103-13:54:58:20911421=Enter COMM_HCT::Write_N_RTU()
21131103-13:55:2:20915484=!Chk_crc32() error! 

21131103-13:55:28:20942218=!Chk_crc32() error! 

AppStart21439421=21131103-14:3:46 : APP StartDLL() 1.1.0.10(build20210909)
21131103-14:3:46:21439437=Enter API ASD_Allocate_Scope() Port[0x0000000B]  Ver=1.1.0.10(build20210909)
21131103-14:3:46:21439515=Port Allocated OK!
21131103-14:3:46:21439531=Enter API ASD_Open_COMM_HCTL() Com[11]
21131103-14:3:46:21439562=DDBUG CCOMM_THREAD::start_thread  1
21131103-14:3:46:21439593=S2 COMM_HCTL::Com_Thread_Start() enter loop......

21131103-14:3:46:21439625=Enter CASD_SCOPE::SetCommObject()
21131103-14:3:46:21439734=initCommScope(): Dev(3, 7, 0), ScoptType=501, CH_Size=8, 
21131103-14:3:46:21439765=Scope_Second=1, Base_Second=20, nBufSize=160001, new_dDSP_Data_Ts=0.125000, strTimeFormat=%0.3f(ms)
21131103-14:3:46:21439781=Enter CASD_SCOPE::Scope_Write_Settings() 
21131103-14:3:46:21439796=Enter CSCOPE_WORKER::Scope_Write_Setting_Before_Run() 
21131103-14:3:46:21439812=Enter CSCOPE_COMM::resetScpComm()
21131103-14:3:46:21439828=COMM_HCT::SetScopeDecoder
21131103-14:3:46:21439843=Enter CSCOPE_COMM::resetScpComm() OK
21131103-14:3:46:21439859=CH[1] is 32Bit=1, CmdVal=0x0C698
21131103-14:3:46:21439890=CH[2] is 32Bit=1, CmdVal=0x0C69A
21131103-14:3:46:21439906=CH[3] is 32Bit=1, CmdVal=0x0C698
21131103-14:3:46:21439921=CH[4] is 32Bit=1, CmdVal=0x0C69A
21131103-14:3:46:21439937=CH[5] is 32Bit=1, CmdVal=0x0C69C
21131103-14:3:46:21439953=CH[6] is 32Bit=1, CmdVal=0x0C6AA
21131103-14:3:46:21439968=CH[7] is 32Bit=1, CmdVal=0x0C69C
21131103-14:3:46:21439984=Enter CSCOPE_WORKER::Arrange_CH_32bit() OK
21131103-14:3:46:21440015=Sample rate=8000, ScopeTimeSec=1, PM_Data_Size=800, 
21131103-14:3:46:21440031=CSCOPE_PACKET_PARSER::initAllocation(8)
21131103-14:3:46:21440046=Enter CScope_Decoder::Setup_Paraer()
21131103-14:3:46:21440062=Decide_CH_Get_Func() : CH[0] b32=1, CH_DataType=2 
21131103-14:3:46:21440093=Decide_CH_Get_Func() : CH[1] b32=1, CH_DataType=2
21131103-14:3:46:21440109=Decide_CH_Get_Func() : CH[2] b32=1, CH_DataType=2
21131103-14:3:46:21440125=Decide_CH_Get_Func() : CH[3] b32=1, CH_DataType=2
21131103-14:3:46:21440140=Decide_CH_Get_Func() : CH[4] b32=1, CH_DataType=2
21131103-14:3:46:21440156=Decide_CH_Get_Func() : CH[5] b32=1, CH_DataType=2
21131103-14:3:46:21440171=Decide_CH_Get_Func() : CH[6] b32=1, CH_DataType=2
21131103-14:3:46:21440187=Enter CScope_Decoder::resetScpDecoder() OK
21131103-14:3:46:21440203=   call m_pScpCom->WriteScopeCmd_Start()
21131103-14:3:46:21440218=CH1 P0-4 nCmdVal=0xC698(50840)

21131103-14:3:46:21440234=Enter COMM_HCT::Write_N_RTU()
21131103-14:3:46:21440250=Enter COMM_HCT::Write_N_RTU()

21131103-14:3:46:21440265=CH3 P0-5 nCmdVal=0xC698(50840)

21131103-14:3:46:21440281=Enter COMM_HCT::Write_N_RTU()
21131103-14:3:46:21440296=Enter COMM_HCT::Write_N_RTU()

21131103-14:3:46:21440312=Enter COMM_HCT::Write_N_RTU()

21131103-14:3:46:21440343=Enter COMM_HCT::Write_N_RTU()

21131103-14:3:47:21440359=CH7 P0-66 nCmdVal=0xC69C(50844)

21131103-14:3:47:21440375=Enter COMM_HCT::Write_N_RTU()
21131103-14:3:47:21440390=Enter COMM_HCT::Write_N_RTU()

21131103-14:3:47:21440421=Enter CSCOPE_COMM::Write_CH_Cmd() OK
21131103-14:3:47:21440437=Enter CSCOPE_WORKER::WriteScopeCmd_Start() OK
21131103-14:3:47:21440453=Enter CASD_SCOPE::Scope_Run() OK! 
21131103-14:3:47:21440468=Enter API ASD_Scope_Run() OK
21131103-14:3:49:21442781=Enter CASD_SCOPE::Scope_Reset_Before_Run() 
21131103-14:3:49:21442812=Enter CSCOPE_WORKER::Scope_Reset_CH_Before_Run() 
21131103-14:3:49:21442828=Enter CSCOPE_COMM::resetScpComm()
21131103-14:3:49:21442843=COMM_HCT::SetScopeDecoder
21131103-14:3:49:21442859=Enter CSCOPE_COMM::resetScpComm() OK
21131103-14:3:49:21442875=Sample rate=8000, ScopeTimeSec=1, PM_Data_Size=800, 
21131103-14:3:49:21442890=CSCOPE_PACKET_PARSER::initAllocation(8)
21131103-14:3:49:21442906=Enter CScope_Decoder::Setup_Paraer()
21131103-14:3:49:21442921=Decide_CH_Get_Func() : CH[0] b32=1, CH_DataType=2 
21131103-14:3:49:21442937=Decide_CH_Get_Func() : CH[1] b32=1, CH_DataType=2
21131103-14:3:49:21442953=Decide_CH_Get_Func() : CH[2] b32=1, CH_DataType=2
21131103-14:3:49:21442968=Decide_CH_Get_Func() : CH[3] b32=1, CH_DataType=2
21131103-14:3:49:21442984=Decide_CH_Get_Func() : CH[4] b32=1, CH_DataType=2
21131103-14:3:49:21443000=Decide_CH_Get_Func() : CH[5] b32=1, CH_DataType=2
21131103-14:3:49:21443015=Decide_CH_Get_Func() : CH[6] b32=1, CH_DataType=2
21131103-14:3:49:21443031=Enter CScope_Decoder::resetScpDecoder() OK
21131103-14:3:49:21443062=Scope_Reset_CH_Before_Run() time=0, 47, 187, 0 
21131103-14:3:49:21443078=Enter CSCOPE_WORKER::Scope_Reset_CH_Before_Run() OK
21131103-14:3:49:21443093=Enter CASD_SCOPE::Scope_Reset_Before_Run() OK! 
21131103-14:3:49:21443109=ASD_Scope_Reset_Before_Run() time=0, 312
21131103-14:3:49:21443125=ASD_Scope_Reset_Before_Run() OK
21131103-14:3:49:21443140=Enter COMM_HCT::Write_N_RTU()
AppStart21534937=21131103-14:5:21 : APP StartDLL() 1.1.0.10(build20210909)
21131103-14:5:21:21534968=Enter API ASD_Allocate_Scope() Port[0x0000000B]  Ver=1.1.0.10(build20210909)
21131103-14:5:21:21535125=Port Allocated OK!
21131103-14:5:21:21535140=Enter API ASD_Open_COMM_HCTL() Com[11]
21131103-14:5:21:21535171=DDBUG CCOMM_THREAD::start_thread  1
21131103-14:5:21:21535203=DDBUG CCOMM_THREAD::start_thread  end
21131103-14:5:21:21535234=S2 COMM_HCTL::Com_Thread_Start() enter loop......

21131103-14:5:21:21535265=Enter CASD_SCOPE::SetCommObject()
21131103-14:5:22:21535359=initCommScope(): Dev(3, 7, 0), ScoptType=501, CH_Size=8, 
21131103-14:5:22:21535375=Scope_Second=1, Base_Second=20, nBufSize=160001, new_dDSP_Data_Ts=0.125000, strTimeFormat=%0.3f(ms)
21131103-14:5:22:21535406=Enter CASD_SCOPE::Scope_Write_Settings() 
21131103-14:5:22:21535453=Enter CSCOPE_WORKER::Scope_Write_Setting_Before_Run() 
21131103-14:5:22:21535468=Enter CSCOPE_COMM::resetScpComm()
21131103-14:5:22:21535484=COMM_HCT::SetScopeDecoder
21131103-14:5:22:21535515=Enter CSCOPE_COMM::resetScpComm() OK
21131103-14:5:22:21535531=CH[1] is 32Bit=1, CmdVal=0x0C698
21131103-14:5:22:21535562=CH[2] is 32Bit=1, CmdVal=0x0C69A
21131103-14:5:22:21535578=CH[3] is 32Bit=1, CmdVal=0x0C698
21131103-14:5:22:21535593=CH[4] is 32Bit=1, CmdVal=0x0C69A
21131103-14:5:22:21535609=CH[5] is 32Bit=1, CmdVal=0x0C69C
21131103-14:5:22:21535625=CH[6] is 32Bit=1, CmdVal=0x0C6AA
21131103-14:5:22:21535640=CH[7] is 32Bit=1, CmdVal=0x0C69C
21131103-14:5:22:21535656=Enter CSCOPE_WORKER::Arrange_CH_32bit() OK
21131103-14:5:22:21535687=Sample rate=8000, ScopeTimeSec=1, PM_Data_Size=800, 
21131103-14:5:22:21535703=CSCOPE_PACKET_PARSER::initAllocation(8)
21131103-14:5:22:21535734=Enter CScope_Decoder::Setup_Paraer()
21131103-14:5:22:21535750=call PacketParser.Decide_CH_Get_Func() 
21131103-14:5:22:21535765=Decide_CH_Get_Func() : CH[0] b32=1, CH_DataType=2
21131103-14:5:22:21535796=Decide_CH_Get_Func() : CH[1] b32=1, CH_DataType=2
21131103-14:5:22:21535812=Decide_CH_Get_Func() : CH[2] b32=1, CH_DataType=2
21131103-14:5:22:21535828=Decide_CH_Get_Func() : CH[3] b32=1, CH_DataType=2
21131103-14:5:22:21535843=Decide_CH_Get_Func() : CH[4] b32=1, CH_DataType=2
21131103-14:5:22:21535859=Decide_CH_Get_Func() : CH[5] b32=1, CH_DataType=2
21131103-14:5:22:21535875=Decide_CH_Get_Func() : CH[6] b32=1, CH_DataType=2
21131103-14:5:22:21535890=Enter CScope_Decoder::resetScpDecoder() OK
21131103-14:5:22:21535921=   call m_pScpCom->WriteScopeCmd_Start()
21131103-14:5:22:21535937=Enter CSCOPE_COMM::Write_CH_Cmd()
21131103-14:5:22:21535953=CH1 P0-4 nCmdVal=0xC698(50840)

21131103-14:5:22:21535968=CH2 P0-6 nCmdVal=0xC69A(50842)

21131103-14:5:22:21535984=Enter COMM_HCT::Write_N_RTU()
21131103-14:5:22:21536000=CH3 P0-5 nCmdVal=0xC698(50840)

21131103-14:5:22:21536015=CH4 P0-7 nCmdVal=0xC69A(50842)

21131103-14:5:22:21536031=Enter COMM_HCT::Write_N_RTU()
21131103-14:5:22:21536046=CH5 P0-65 nCmdVal=0xC69C(50844)

21131103-14:5:22:21536062=Enter COMM_HCT::Write_N_RTU()
21131103-14:5:22:21536078=CH6 P0-67 nCmdVal=0xC6AA(50858)

21131103-14:5:22:21536093=CH7 P0-66 nCmdVal=0xC69C(50844)

21131103-14:5:22:21536109=Enter COMM_HCT::Write_N_RTU()
21131103-14:5:22:21536125=CH8 P0-68 nCmdVal=0xC6AA(50858)

21131103-14:5:22:21536140=Enter COMM_HCT::Write_N_RTU()
21131103-14:5:22:21536156=Enter CSCOPE_COMM::Write_CH_Cmd() OK
21131103-14:5:22:21536187=Enter CSCOPE_WORKER::WriteScopeCmd_Start() OK
21131103-14:5:22:21536203=Enter CASD_SCOPE::Scope_Run() OK! 
21131103-14:5:22:21536218=Enter API ASD_Scope_Run() OK
21131103-14:5:24:21538250=Enter API ASD_Scope_Reset_Before_Run() Port[0x0000000B]
21131103-14:5:24:21538265=Enter CASD_SCOPE::Scope_Reset_Before_Run() 
21131103-14:5:24:21538281=Enter CSCOPE_WORKER::Scope_Reset_CH_Before_Run() 
21131103-14:5:24:21538296=Enter CSCOPE_COMM::resetScpComm()
21131103-14:5:24:21538312=COMM_HCT::SetScopeDecoder
21131103-14:5:24:21538328=Enter CSCOPE_COMM::resetScpComm() OK
21131103-14:5:24:21538343=Sample rate=8000, ScopeTimeSec=1, PM_Data_Size=800, 
21131103-14:5:25:21538406=CSCOPE_PACKET_PARSER::initAllocation(8)
21131103-14:5:25:21538421=Enter CScope_Decoder::Setup_Paraer()
21131103-14:5:25:21538437=Decide_CH_Get_Func() : CH[0] b32=1, CH_DataType=2 
21131103-14:5:25:21538468=Decide_CH_Get_Func() : CH[1] b32=1, CH_DataType=2
21131103-14:5:25:21538500=Decide_CH_Get_Func() : CH[2] b32=1, CH_DataType=2
21131103-14:5:25:21538515=Decide_CH_Get_Func() : CH[3] b32=1, CH_DataType=2
21131103-14:5:25:21538531=Decide_CH_Get_Func() : CH[4] b32=1, CH_DataType=2
21131103-14:5:25:21538546=Decide_CH_Get_Func() : CH[5] b32=1, CH_DataType=2
21131103-14:5:25:21538562=Decide_CH_Get_Func() : CH[6] b32=1, CH_DataType=2
21131103-14:5:25:21538578=Enter CScope_Decoder::resetScpDecoder() OK
21131103-14:5:25:21538609=Scope_Reset_CH_Before_Run() time=0, 47, 265, 0 
21131103-14:5:25:21538625=Enter CSCOPE_WORKER::Scope_Reset_CH_Before_Run() OK
21131103-14:5:25:21538640=Enter CASD_SCOPE::Scope_Reset_Before_Run() OK! 
21131103-14:5:25:21538656=ASD_Scope_Reset_Before_Run() time=0, 375
21131103-14:5:25:21538671=ASD_Scope_Reset_Before_Run() OK
21131103-14:5:25:21538687=Enter COMM_HCT::Write_N_RTU()
AppStart21731140=21131103-14:8:37 : APP StartDLL() 1.1.0.10(build20210909)
21131103-14:8:37:21731156=Enter API ASD_Allocate_Scope() Port[0x0000000B]  Ver=1.1.0.10(build20210909)
21131103-14:8:37:21731234=Port Allocated OK!
21131103-14:8:37:21731265=Enter API ASD_Open_COMM_HCTL() Com[11]
21131103-14:8:37:21731296=DDBUG CCOMM_THREAD::start_thread  1
21131103-14:8:37:21731328=S2 COMM_HCTL::Com_Thread_Start() enter loop......

21131103-14:8:38:21731359=Enter CASD_SCOPE::SetCommObject()
21131103-14:8:38:21731406=initCommScope(): Dev(3, 7, 0), ScoptType=501, CH_Size=8, 
21131103-14:8:38:21731421=Scope_Second=1, Base_Second=20, nBufSize=160001, new_dDSP_Data_Ts=0.125000, strTimeFormat=%0.3f(ms)
21131103-14:8:38:21731437=Enter CASD_SCOPE::Scope_Write_Settings() 
21131103-14:8:38:21731453=Enter CSCOPE_WORKER::Scope_Write_Setting_Before_Run() 
21131103-14:8:38:21731468=Enter CSCOPE_COMM::resetScpComm()
21131103-14:8:38:21731484=COMM_HCT::SetScopeDecoder
21131103-14:8:38:21731500=Enter CSCOPE_COMM::resetScpComm() OK
21131103-14:8:38:21731515=CH[1] is 32Bit=1, CmdVal=0x0C698
21131103-14:8:38:21731546=CH[2] is 32Bit=1, CmdVal=0x0C69A
21131103-14:8:38:21731562=CH[3] is 32Bit=1, CmdVal=0x0C698
21131103-14:8:38:21731578=CH[4] is 32Bit=1, CmdVal=0x0C69A
21131103-14:8:38:21731593=CH[5] is 32Bit=1, CmdVal=0x0C69C
21131103-14:8:38:21731609=CH[6] is 32Bit=1, CmdVal=0x0C6AA
21131103-14:8:38:21731625=CH[7] is 32Bit=1, CmdVal=0x0C69C
21131103-14:8:38:21731640=Enter CSCOPE_WORKER::Arrange_CH_32bit() OK
21131103-14:8:38:21731656=Sample rate=8000, ScopeTimeSec=1, PM_Data_Size=800, 
21131103-14:8:38:21731671=CSCOPE_PACKET_PARSER::initAllocation(8)
21131103-14:8:38:21731703=Enter CScope_Decoder::Setup_Paraer()
21131103-14:8:38:21731718=Decide_CH_Get_Func() : CH[0] b32=1, CH_DataType=2 
21131103-14:8:38:21731765=Decide_CH_Get_Func() : CH[1] b32=1, CH_DataType=2
21131103-14:8:38:21731781=Decide_CH_Get_Func() : CH[2] b32=1, CH_DataType=2
21131103-14:8:38:21731796=Decide_CH_Get_Func() : CH[3] b32=1, CH_DataType=2
21131103-14:8:38:21731812=Decide_CH_Get_Func() : CH[4] b32=1, CH_DataType=2
21131103-14:8:38:21731828=Decide_CH_Get_Func() : CH[5] b32=1, CH_DataType=2
21131103-14:8:38:21731843=Decide_CH_Get_Func() : CH[6] b32=1, CH_DataType=2
21131103-14:8:38:21731859=Enter CScope_Decoder::resetScpDecoder() OK
21131103-14:8:38:21731890=   call m_pScpCom->WriteScopeCmd_Start()
21131103-14:8:38:21731906=CH1 P0-4 nCmdVal=0xC698(50840)

21131103-14:8:38:21731921=Enter COMM_HCT::Write_N_RTU()
21131103-14:8:38:21731937=CH2 P0-6 nCmdVal=0xC69A(50842)

21131103-14:8:38:21731953=Enter COMM_HCT::Write_N_RTU()
21131103-14:8:38:21731968=Enter COMM_HCT::Write_N_RTU()

21131103-14:8:38:21731984=CH4 P0-7 nCmdVal=0xC69A(50842)

21131103-14:8:38:21732000=Enter COMM_HCT::Write_N_RTU()
21131103-14:8:38:21732015=Enter COMM_HCT::Write_N_RTU()

21131103-14:8:38:21732031=CH6 P0-67 nCmdVal=0xC6AA(50858)

21131103-14:8:38:21732046=CH7 P0-66 nCmdVal=0xC69C(50844)

21131103-14:8:38:21732062=Enter COMM_HCT::Write_N_RTU()
21131103-14:8:38:21732078=Enter COMM_HCT::Write_N_RTU()

21131103-14:8:38:21732109=Enter CSCOPE_COMM::Write_CH_Cmd() OK
21131103-14:8:38:21732125=Enter CSCOPE_WORKER::WriteScopeCmd_Start() OK
21131103-14:8:38:21732140=Enter CASD_SCOPE::Scope_Run() OK! 
21131103-14:8:38:21732156=Enter API ASD_Scope_Run() OK
21131103-14:8:40:21734187=Enter API ASD_Scope_Reset_Before_Run() Port[0x0000000B]
21131103-14:8:40:21734203=Enter CASD_SCOPE::Scope_Reset_Before_Run() 
21131103-14:8:40:21734218=Enter CSCOPE_WORKER::Scope_Reset_CH_Before_Run() 
21131103-14:8:40:21734234=Enter CSCOPE_COMM::resetScpComm()
21131103-14:8:40:21734250=COMM_HCT::SetScopeDecoder
21131103-14:8:40:21734265=Enter CSCOPE_COMM::resetScpComm() OK
21131103-14:8:40:21734281=Sample rate=8000, ScopeTimeSec=1, PM_Data_Size=800, 
21131103-14:8:40:21734296=CSCOPE_PACKET_PARSER::initAllocation(8)
21131103-14:8:40:21734312=Enter CScope_Decoder::Setup_Paraer()
21131103-14:8:40:21734328=Decide_CH_Get_Func() : CH[0] b32=1, CH_DataType=2 
21131103-14:8:41:21734359=Decide_CH_Get_Func() : CH[1] b32=1, CH_DataType=2
21131103-14:8:41:21734375=Decide_CH_Get_Func() : CH[2] b32=1, CH_DataType=2
21131103-14:8:41:21734390=Decide_CH_Get_Func() : CH[3] b32=1, CH_DataType=2
21131103-14:8:41:21734406=Decide_CH_Get_Func() : CH[4] b32=1, CH_DataType=2
21131103-14:8:41:21734421=Decide_CH_Get_Func() : CH[5] b32=1, CH_DataType=2
21131103-14:8:41:21734437=Decide_CH_Get_Func() : CH[6] b32=1, CH_DataType=2
21131103-14:8:41:21734453=Enter CScope_Decoder::resetScpDecoder() OK
21131103-14:8:41:21734484=Scope_Reset_CH_Before_Run() time=0, 47, 203, 0 
21131103-14:8:41:21734500=Enter CSCOPE_WORKER::Scope_Reset_CH_Before_Run() OK
21131103-14:8:41:21734515=Enter CASD_SCOPE::Scope_Reset_Before_Run() OK! 
21131103-14:8:41:21734531=ASD_Scope_Reset_Before_Run() time=0, 312
21131103-14:8:41:21734546=ASD_Scope_Reset_Before_Run() OK
21131103-14:8:41:21734562=Enter COMM_HCT::Write_N_RTU()
