[Trace]
AppStart10757421=21120531-11:48:37 : APP StartDLL() 1.1.0.10(build20210909)
21120531-11:48:37:10757437=Enter API ASD_Allocate_Scope() Port[0x00000002]  Ver=1.1.0.10(build20210909)
21120531-11:48:37:10757531=Port Allocated OK!
21120531-11:48:37:10757546=Enter API ASD_Open_COMM_HCTL() Com[2]
21120531-11:48:38:10757781=ASD_Open_COMM_HCTL() exception! :Open HCTL COMM failed!
AppStart10789625=21120531-11:49:10 : APP StartDLL() 1.1.0.10(build20210909)
21120531-11:49:10:10789625=Enter API ASD_Allocate_Scope() Port[0x00000002]  Ver=1.1.0.10(build20210909)
21120531-11:49:10:10789703=Port Allocated OK!
21120531-11:49:10:10789734=Enter API ASD_Open_COMM_HCTL() Com[2]
21120531-11:49:10:10789984=ASD_Open_COMM_HCTL() exception! :Open HCTL COMM failed!
AppStart21125234=21120531-14:41:25 : APP StartDLL() 1.1.0.10(build20210909)
21120531-14:41:25:21125250=Enter API ASD_Allocate_Scope() Port[0x00000002]  Ver=1.1.0.10(build20210909)
21120531-14:41:26:21125437=Port Allocated OK!
21120531-14:41:26:21125468=Enter API ASD_Open_COMM_HCTL() Com[2]
21120531-14:41:26:21125781=ASD_Open_COMM_HCTL() exception! :Open HCTL COMM failed!
AppStart21264828=21120531-14:43:45 : APP StartDLL() 1.1.0.10(build20210909)
21120531-14:43:45:21264843=Enter API ASD_Allocate_Scope() Port[0x00000002]  Ver=1.1.0.10(build20210909)
21120531-14:43:45:21264984=Port Allocated OK!
21120531-14:43:45:21265000=Enter API ASD_Open_COMM_HCTL() Com[2]
21120531-14:43:46:21265484=ASD_Open_COMM_HCTL() exception! :Open HCTL COMM failed!
AppStart21310359=21120531-14:44:30 : APP StartDLL() 1.1.0.10(build20210909)
21120531-14:44:30:21310359=Enter API ASD_Allocate_Scope() Port[0x00000002]  Ver=1.1.0.10(build20210909)
21120531-14:44:31:21310500=Port Allocated OK!
21120531-14:44:31:21310515=Enter API ASD_Open_COMM_HCTL() Com[2]
21120531-14:44:31:21310828=ASD_Open_COMM_HCTL() exception! :Open HCTL COMM failed!
AppStart21655359=21120531-14:50:15 : APP StartDLL() 1.1.0.10(build20210909)
21120531-14:50:15:21655359=Enter API ASD_Allocate_Scope() Port[0x00000006]  Ver=1.1.0.10(build20210909)
21120531-14:50:16:21655437=Port Allocated OK!
21120531-14:50:16:21655468=Enter API ASD_Open_COMM_HCTL() Com[6]
21120531-14:50:16:21655484=DDBUG CCOMM_THREAD::start_thread  1
21120531-14:50:16:21655515=S2 COMM_HCTL::Com_Thread_Start() enter loop......

21120531-14:50:16:21655546=Enter CASD_SCOPE::SetCommObject()
21120531-14:50:16:21655609=initCommScope(): Dev(3, 7, 0), ScoptType=501, CH_Size=8, 
21120531-14:50:16:21655625=Scope_Second=1, Base_Second=20, nBufSize=160001, new_dDSP_Data_Ts=0.125000, strTimeFormat=%0.3f(ms)
21120531-14:50:16:21655640=Enter CASD_SCOPE::Scope_Write_Settings() 
21120531-14:50:16:21655671=Enter CSCOPE_WORKER::Scope_Write_Setting_Before_Run() 
21120531-14:50:16:21655687=Enter CSCOPE_COMM::resetScpComm()
21120531-14:50:16:21655703=COMM_HCT::SetScopeDecoder
21120531-14:50:16:21655718=Enter CSCOPE_COMM::resetScpComm() OK
21120531-14:50:16:21655734=CH[1] is 32Bit=1, CmdVal=0x0C598
21120531-14:50:16:21655750=CH[2] is 32Bit=1, CmdVal=0x0C59A
21120531-14:50:16:21655765=CH[3] is 32Bit=1, CmdVal=0x0C598
21120531-14:50:16:21655781=CH[4] is 32Bit=1, CmdVal=0x0C59A
21120531-14:50:16:21655796=CH[5] is 32Bit=1, CmdVal=0x0C59C
21120531-14:50:16:21655812=CH[6] is 32Bit=1, CmdVal=0x0C5AA
21120531-14:50:16:21655828=CH[7] is 32Bit=1, CmdVal=0x0C59C
21120531-14:50:16:21655843=Enter CSCOPE_WORKER::Arrange_CH_32bit() OK
21120531-14:50:16:21655859=Sample rate=8000, ScopeTimeSec=1, PM_Data_Size=800, 
21120531-14:50:16:21655875=CSCOPE_PACKET_PARSER::initAllocation(8)
21120531-14:50:16:21655890=Enter CScope_Decoder::Setup_Paraer()
21120531-14:50:16:21655906=Decide_CH_Get_Func() : CH[0] b32=1, CH_DataType=2 
21120531-14:50:16:21655921=Decide_CH_Get_Func() : CH[1] b32=1, CH_DataType=2
21120531-14:50:16:21655937=Decide_CH_Get_Func() : CH[2] b32=1, CH_DataType=2
21120531-14:50:16:21655953=Decide_CH_Get_Func() : CH[3] b32=1, CH_DataType=2
21120531-14:50:16:21655968=Decide_CH_Get_Func() : CH[4] b32=1, CH_DataType=2
21120531-14:50:16:21655984=Decide_CH_Get_Func() : CH[5] b32=1, CH_DataType=2
21120531-14:50:16:21656000=Decide_CH_Get_Func() : CH[6] b32=1, CH_DataType=2
21120531-14:50:16:21656015=Enter CScope_Decoder::resetScpDecoder() OK
21120531-14:50:16:21656031=   call m_pScpCom->WriteScopeCmd_Start()
21120531-14:50:16:21656062=CH1 P0-4 nCmdVal=0xC598(50584)

21120531-14:50:16:21656078=CH2 P0-6 nCmdVal=0xC59A(50586)

21120531-14:50:16:21656093=Enter COMM_HCT::Write_N_RTU()
21120531-14:50:16:21656109=Enter COMM_HCT::Write_N_RTU()

21120531-14:50:16:21656125=CH4 P0-7 nCmdVal=0xC59A(50586)

21120531-14:50:16:21656140=Enter COMM_HCT::Write_N_RTU()
21120531-14:50:16:21656156=Enter COMM_HCT::Write_N_RTU()

21120531-14:50:16:21656171=Enter COMM_HCT::Write_N_RTU()

21120531-14:50:16:21656187=CH7 P0-66 nCmdVal=0xC59C(50588)

21120531-14:50:16:21656203=CH8 P0-68 nCmdVal=0xC5AA(50602)

21120531-14:50:16:21656218=Enter COMM_HCT::Write_N_RTU()
21120531-14:50:16:21656234=Enter CSCOPE_COMM::Write_CH_Cmd() OK
21120531-14:50:16:21656250=Enter CSCOPE_WORKER::WriteScopeCmd_Start() OK
21120531-14:50:16:21656265=Enter CASD_SCOPE::Scope_Run() OK! 
21120531-14:50:16:21656281=Enter API ASD_Scope_Run() OK
AppStart22376531=21120531-15:2:17 : APP StartDLL() 1.1.0.10(build20210909)
21120531-15:2:17:22376562=Enter API ASD_Allocate_Scope() Port[0x0000000C]  Ver=1.1.0.10(build20210909)
21120531-15:2:17:22376625=Port Allocated OK!
21120531-15:2:17:22376656=Enter API ASD_Open_COMM_HCTL() Com[12]
21120531-15:2:17:22376671=DDBUG CCOMM_THREAD::start_thread  1
21120531-15:2:17:22376703=S2 COMM_HCTL::Com_Thread_Start() enter loop......

21120531-15:2:17:22376718=Enter CASD_SCOPE::SetCommObject()
21120531-15:2:17:22376750=initCommScope(): Dev(3, 7, 0), ScoptType=501, CH_Size=8, 
21120531-15:2:17:22376781=Scope_Second=1, Base_Second=20, nBufSize=160001, new_dDSP_Data_Ts=0.125000, strTimeFormat=%0.3f(ms)
21120531-15:2:17:22376796=Enter CASD_SCOPE::Scope_Write_Settings() 
21120531-15:2:17:22376828=Enter CSCOPE_WORKER::Scope_Write_Setting_Before_Run() 
21120531-15:2:17:22376843=Enter CSCOPE_COMM::resetScpComm()
21120531-15:2:17:22376859=COMM_HCT::SetScopeDecoder
21120531-15:2:17:22376875=Enter CSCOPE_COMM::resetScpComm() OK
21120531-15:2:17:22376890=CH[1] is 32Bit=1, CmdVal=0x0C598
21120531-15:2:17:22376906=CH[2] is 32Bit=1, CmdVal=0x0C59A
21120531-15:2:17:22376921=CH[3] is 32Bit=1, CmdVal=0x0C598
21120531-15:2:17:22376937=CH[4] is 32Bit=1, CmdVal=0x0C59A
21120531-15:2:17:22376953=CH[5] is 32Bit=1, CmdVal=0x0C59C
21120531-15:2:17:22376968=CH[6] is 32Bit=1, CmdVal=0x0C5AA
21120531-15:2:17:22376984=CH[7] is 32Bit=1, CmdVal=0x0C59C
21120531-15:2:17:22377000=Enter CSCOPE_WORKER::Arrange_CH_32bit() OK
21120531-15:2:17:22377031=Sample rate=8000, ScopeTimeSec=1, PM_Data_Size=800, 
21120531-15:2:17:22377046=CSCOPE_PACKET_PARSER::initAllocation(8)
21120531-15:2:17:22377078=Enter CScope_Decoder::Setup_Paraer()
21120531-15:2:17:22377093=Decide_CH_Get_Func() : CH[0] b32=1, CH_DataType=2 
21120531-15:2:17:22377109=Decide_CH_Get_Func() : CH[1] b32=1, CH_DataType=2
21120531-15:2:17:22377125=Decide_CH_Get_Func() : CH[2] b32=1, CH_DataType=2
21120531-15:2:17:22377140=Decide_CH_Get_Func() : CH[3] b32=1, CH_DataType=2
21120531-15:2:17:22377156=Decide_CH_Get_Func() : CH[4] b32=1, CH_DataType=2
21120531-15:2:17:22377171=Decide_CH_Get_Func() : CH[5] b32=1, CH_DataType=2
21120531-15:2:17:22377187=Decide_CH_Get_Func() : CH[6] b32=1, CH_DataType=2
21120531-15:2:17:22377203=Enter CScope_Decoder::resetScpDecoder() OK
21120531-15:2:17:22377218=   call m_pScpCom->WriteScopeCmd_Start()
21120531-15:2:17:22377250=CH1 P0-4 nCmdVal=0xC598(50584)

21120531-15:2:17:22377265=Enter COMM_HCT::Write_N_RTU()
21120531-15:2:17:22377281=Enter COMM_HCT::Write_N_RTU()

21120531-15:2:17:22377296=Enter COMM_HCT::Write_N_RTU()

21120531-15:2:17:22377312=CH4 P0-7 nCmdVal=0xC59A(50586)

21120531-15:2:17:22377328=Enter COMM_HCT::Write_N_RTU()
21120531-15:2:17:22377343=Enter COMM_HCT::Write_N_RTU()

21120531-15:2:17:22377359=CH6 P0-67 nCmdVal=0xC5AA(50602)

21120531-15:2:17:22377375=CH7 P0-66 nCmdVal=0xC59C(50588)

21120531-15:2:18:22377390=CH8 P0-68 nCmdVal=0xC5AA(50602)

21120531-15:2:18:22377406=Enter COMM_HCT::Write_N_RTU()
21120531-15:2:18:22377421=Enter CSCOPE_COMM::Write_CH_Cmd() OK
21120531-15:2:18:22377437=Enter CSCOPE_WORKER::WriteScopeCmd_Start() OK
21120531-15:2:18:22377468=Enter CASD_SCOPE::Scope_Run() OK! 
21120531-15:2:18:22377500=Enter API ASD_Scope_Run() OK
AppStart22465687=21120531-15:3:46 : APP StartDLL() 1.1.0.10(build20210909)
21120531-15:3:46:22465703=Enter API ASD_Allocate_Scope() Port[0x0000000C]  Ver=1.1.0.10(build20210909)
21120531-15:3:46:22465781=Port Allocated OK!
21120531-15:3:46:22465812=Enter API ASD_Open_COMM_HCTL() Com[12]
21120531-15:3:46:22465828=DDBUG CCOMM_THREAD::start_thread  1
21120531-15:3:46:22465859=S2 COMM_HCTL::Com_Thread_Start() enter loop......

21120531-15:3:46:22465890=Enter CASD_SCOPE::SetCommObject()
21120531-15:3:46:22465953=initCommScope(): Dev(3, 7, 0), ScoptType=501, CH_Size=8, 
21120531-15:3:46:22465984=Scope_Second=1, Base_Second=20, nBufSize=160001, new_dDSP_Data_Ts=0.125000, strTimeFormat=%0.3f(ms)
21120531-15:3:46:22466015=Enter CASD_SCOPE::Scope_Write_Settings() 
21120531-15:3:46:22466031=Enter CSCOPE_WORKER::Scope_Write_Setting_Before_Run() 
21120531-15:3:46:22466046=Enter CSCOPE_COMM::resetScpComm()
21120531-15:3:46:22466062=COMM_HCT::SetScopeDecoder
21120531-15:3:46:22466078=Enter CSCOPE_COMM::resetScpComm() OK
21120531-15:3:46:22466093=CH[1] is 32Bit=1, CmdVal=0x0C598
21120531-15:3:46:22466125=CH[2] is 32Bit=1, CmdVal=0x0C59A
21120531-15:3:46:22466140=CH[3] is 32Bit=1, CmdVal=0x0C598
21120531-15:3:46:22466156=CH[4] is 32Bit=1, CmdVal=0x0C59A
21120531-15:3:46:22466171=CH[5] is 32Bit=1, CmdVal=0x0C59C
21120531-15:3:46:22466187=CH[6] is 32Bit=1, CmdVal=0x0C5AA
21120531-15:3:46:22466203=CH[7] is 32Bit=1, CmdVal=0x0C59C
21120531-15:3:46:22466218=Enter CSCOPE_WORKER::Arrange_CH_32bit() OK
21120531-15:3:46:22466234=Sample rate=8000, ScopeTimeSec=1, PM_Data_Size=800, 
21120531-15:3:46:22466250=CSCOPE_PACKET_PARSER::initAllocation(8)
21120531-15:3:46:22466265=Enter CScope_Decoder::Setup_Paraer()
21120531-15:3:46:22466281=Decide_CH_Get_Func() : CH[0] b32=1, CH_DataType=2 
21120531-15:3:46:22466312=Decide_CH_Get_Func() : CH[1] b32=1, CH_DataType=2
21120531-15:3:46:22466328=Decide_CH_Get_Func() : CH[2] b32=1, CH_DataType=2
21120531-15:3:46:22466343=Decide_CH_Get_Func() : CH[3] b32=1, CH_DataType=2
21120531-15:3:47:22466375=Decide_CH_Get_Func() : CH[4] b32=1, CH_DataType=2
21120531-15:3:47:22466390=Decide_CH_Get_Func() : CH[5] b32=1, CH_DataType=2
21120531-15:3:47:22466406=Decide_CH_Get_Func() : CH[6] b32=1, CH_DataType=2
21120531-15:3:47:22466421=Enter CScope_Decoder::resetScpDecoder() OK
21120531-15:3:47:22466453=   call m_pScpCom->WriteScopeCmd_Start()
21120531-15:3:47:22466484=CH1 P0-4 nCmdVal=0xC598(50584)

21120531-15:3:47:22466500=Enter COMM_HCT::Write_N_RTU()
21120531-15:3:47:22466515=Enter COMM_HCT::Write_N_RTU()

21120531-15:3:47:22466531=Enter COMM_HCT::Write_N_RTU()

21120531-15:3:47:22466546=CH4 P0-7 nCmdVal=0xC59A(50586)

21120531-15:3:47:22466562=CH5 P0-65 nCmdVal=0xC59C(50588)

21120531-15:3:47:22466578=Enter COMM_HCT::Write_N_RTU()
21120531-15:3:47:22466593=Enter COMM_HCT::Write_N_RTU()

21120531-15:3:47:22466609=CH7 P0-66 nCmdVal=0xC59C(50588)

21120531-15:3:47:22466625=CH8 P0-68 nCmdVal=0xC5AA(50602)

21120531-15:3:47:22466640=Enter COMM_HCT::Write_N_RTU()
21120531-15:3:47:22466656=Enter CSCOPE_COMM::Write_CH_Cmd() OK
21120531-15:3:47:22466671=Enter CSCOPE_WORKER::WriteScopeCmd_Start() OK
21120531-15:3:47:22466687=Enter CASD_SCOPE::Scope_Run() OK! 
21120531-15:3:47:22466703=Enter API ASD_Scope_Run() OK
AppStart22904171=21120531-15:11:4 : APP StartDLL() 1.1.0.10(build20210909)
21120531-15:11:4:22904171=Enter API ASD_Allocate_Scope() Port[0x0000000C]  Ver=1.1.0.10(build20210909)
21120531-15:11:4:22904250=Port Allocated OK!
21120531-15:11:4:22904281=Enter API ASD_Open_COMM_HCTL() Com[12]
21120531-15:11:4:22904296=DDBUG CCOMM_THREAD::start_thread  1
21120531-15:11:4:22904312=DDBUG CCOMM_THREAD::start_thread  end
21120531-15:11:4:22904328=S2 COMM_HCTL::Com_Thread_Start() enter loop......

21120531-15:11:4:22904343=Enter CASD_SCOPE::SetCommObject()
21120531-15:11:5:22904421=initCommScope(): Dev(3, 7, 0), ScoptType=501, CH_Size=8, 
21120531-15:11:5:22904453=Scope_Second=1, Base_Second=20, nBufSize=160001, new_dDSP_Data_Ts=0.125000, strTimeFormat=%0.3f(ms)
21120531-15:11:5:22904468=Enter CASD_SCOPE::Scope_Write_Settings() 
21120531-15:11:5:22904484=Enter CSCOPE_WORKER::Scope_Write_Setting_Before_Run() 
21120531-15:11:5:22904500=Enter CSCOPE_COMM::resetScpComm()
21120531-15:11:5:22904515=COMM_HCT::SetScopeDecoder
21120531-15:11:5:22904531=Enter CSCOPE_COMM::resetScpComm() OK
21120531-15:11:5:22904546=CH[1] is 32Bit=1, CmdVal=0x0C598
21120531-15:11:5:22904562=CH[2] is 32Bit=1, CmdVal=0x0C59A
21120531-15:11:5:22904578=CH[3] is 32Bit=1, CmdVal=0x0C598
21120531-15:11:5:22904593=CH[4] is 32Bit=1, CmdVal=0x0C59A
21120531-15:11:5:22904609=CH[5] is 32Bit=1, CmdVal=0x0C59C
21120531-15:11:5:22904625=CH[6] is 32Bit=1, CmdVal=0x0C5AA
21120531-15:11:5:22904640=CH[7] is 32Bit=1, CmdVal=0x0C59C
21120531-15:11:5:22904656=Enter CSCOPE_WORKER::Arrange_CH_32bit() OK
21120531-15:11:5:22904687=Sample rate=8000, ScopeTimeSec=1, PM_Data_Size=800, 
21120531-15:11:5:22904703=CSCOPE_PACKET_PARSER::initAllocation(8)
21120531-15:11:5:22904734=Enter CScope_Decoder::Setup_Paraer()
21120531-15:11:5:22904750=Decide_CH_Get_Func() : CH[0] b32=1, CH_DataType=2 
21120531-15:11:5:22904765=Decide_CH_Get_Func() : CH[1] b32=1, CH_DataType=2
21120531-15:11:5:22904781=Decide_CH_Get_Func() : CH[2] b32=1, CH_DataType=2
21120531-15:11:5:22904796=Decide_CH_Get_Func() : CH[3] b32=1, CH_DataType=2
21120531-15:11:5:22904812=Decide_CH_Get_Func() : CH[4] b32=1, CH_DataType=2
21120531-15:11:5:22904828=Decide_CH_Get_Func() : CH[5] b32=1, CH_DataType=2
21120531-15:11:5:22904843=Decide_CH_Get_Func() : CH[6] b32=1, CH_DataType=2
21120531-15:11:5:22904859=Enter CScope_Decoder::resetScpDecoder() OK
21120531-15:11:5:22904875=   call m_pScpCom->WriteScopeCmd_Start()
21120531-15:11:5:22904890=CH1 P0-4 nCmdVal=0xC598(50584)

21120531-15:11:5:22904906=Enter COMM_HCT::Write_N_RTU()
21120531-15:11:5:22904921=Enter COMM_HCT::Write_N_RTU()

21120531-15:11:5:22904937=Enter COMM_HCT::Write_N_RTU()

21120531-15:11:5:22904953=Enter COMM_HCT::Write_N_RTU()

21120531-15:11:5:22904968=CH5 P0-65 nCmdVal=0xC59C(50588)

21120531-15:11:5:22904984=CH6 P0-67 nCmdVal=0xC5AA(50602)

21120531-15:11:5:22905000=Enter COMM_HCT::Write_N_RTU()
21120531-15:11:5:22905015=Enter COMM_HCT::Write_N_RTU()

21120531-15:11:5:22905031=CH8 P0-68 nCmdVal=0xC5AA(50602)

21120531-15:11:5:22905046=Enter COMM_HCT::Write_N_RTU()
21120531-15:11:5:22905062=Enter CSCOPE_COMM::Write_CH_Cmd() OK
21120531-15:11:5:22905078=Enter CSCOPE_WORKER::WriteScopeCmd_Start() OK
21120531-15:11:5:22905093=Enter CASD_SCOPE::Scope_Run() OK! 
21120531-15:11:5:22905109=Enter API ASD_Scope_Run() OK
21120531-15:11:11:22911296=Enter CASD_SCOPE::Scope_Reset_Before_Run() 
21120531-15:11:11:22911328=Enter CSCOPE_WORKER::Scope_Reset_CH_Before_Run() 
21120531-15:11:11:22911343=Enter CSCOPE_COMM::resetScpComm()
21120531-15:11:11:22911359=COMM_HCT::SetScopeDecoder
21120531-15:11:12:22911375=Enter CSCOPE_COMM::resetScpComm() OK
21120531-15:11:12:22911390=Sample rate=8000, ScopeTimeSec=1, PM_Data_Size=800, 
21120531-15:11:12:22911406=CSCOPE_PACKET_PARSER::initAllocation(8)
21120531-15:11:12:22911421=Enter CScope_Decoder::Setup_Paraer()
21120531-15:11:12:22911437=Decide_CH_Get_Func() : CH[0] b32=1, CH_DataType=2 
21120531-15:11:12:22911468=Decide_CH_Get_Func() : CH[1] b32=1, CH_DataType=2
21120531-15:11:12:22911484=Decide_CH_Get_Func() : CH[2] b32=1, CH_DataType=2
21120531-15:11:12:22911500=Decide_CH_Get_Func() : CH[3] b32=1, CH_DataType=2
21120531-15:11:12:22911515=Decide_CH_Get_Func() : CH[4] b32=1, CH_DataType=2
21120531-15:11:12:22911531=Decide_CH_Get_Func() : CH[5] b32=1, CH_DataType=2
21120531-15:11:12:22911546=Decide_CH_Get_Func() : CH[6] b32=1, CH_DataType=2
21120531-15:11:12:22911562=Enter CScope_Decoder::resetScpDecoder() OK
21120531-15:11:12:22911578=Scope_Reset_CH_Before_Run() time=0, 47, 187, 0 
21120531-15:11:12:22911593=Enter CSCOPE_WORKER::Scope_Reset_CH_Before_Run() OK
21120531-15:11:12:22911609=Enter CASD_SCOPE::Scope_Reset_Before_Run() OK! 
21120531-15:11:12:22911625=ASD_Scope_Reset_Before_Run() time=0, 313
21120531-15:11:12:22911640=ASD_Scope_Reset_Before_Run() OK
21120531-15:11:12:22911656=Enter COMM_HCT::Write_N_RTU()
21120531-15:12:2:22961812=Enter COMM_HCT::Write_N_RTU()
21120531-15:12:11:22970468=Enter API ASD_Scope_Stop() Port[0x0000000C]
21120531-15:12:11:22970484=Enter CASD_SCOPE::Scope_Stop()
21120531-15:12:11:22970500=Enter CSCOPE_WORKER::StopScope()
21120531-15:12:11:22970515=Enter CSCOPE_COMM::WriteScopeCmd_Stop()
21120531-15:12:11:22970531=Enter CSCOPE_COMM::Close_ScpCmd()
21120531-15:12:11:22970546=Enter CSCOPE_COMM::StopScope()
21120531-15:12:11:22970562=Enter COMM_HCT::Write_N_RTU()
21120531-15:12:11:22970625=Enter COMM_HCT::Write_N_RTU()
21120531-15:12:11:22970640=mr_pCommASD->Write_N(3,8) time=0, 0
21120531-15:12:11:22970656=Enter CSCOPE_COMM::StopScope() OK
21120531-15:12:11:22970671=CSCOPE_COMM::Close_ScpCmd() time=125, 125
21120531-15:12:11:22970687=Enter CSCOPE_COMM::Close_ScpCmd() OK
21120531-15:12:11:22970703=Enter CSCOPE_COMM::WriteScopeCmd_Stop() OK
21120531-15:12:11:22970734=Enter CSCOPE_WORKER::StopScope() OK
21120531-15:12:11:22970750=Enter CASD_SCOPE::Scope_Stop() OK
21120531-15:12:11:22970765=Enter API ASD_Scope_Reset_Before_Run() Port[0x0000000C]
21120531-15:12:11:22970781=Enter CASD_SCOPE::Scope_Reset_Before_Run() 
21120531-15:12:11:22970796=Enter CSCOPE_WORKER::Scope_Reset_CH_Before_Run() 
21120531-15:12:11:22970812=Enter CSCOPE_COMM::resetScpComm()
21120531-15:12:11:22970828=COMM_HCT::SetScopeDecoder
21120531-15:12:11:22970843=Enter CSCOPE_COMM::resetScpComm() OK
21120531-15:12:11:22970859=Sample rate=8000, ScopeTimeSec=1, PM_Data_Size=800, 
21120531-15:12:11:22970875=CSCOPE_PACKET_PARSER::initAllocation(8)
21120531-15:12:11:22970890=Enter CScope_Decoder::Setup_Paraer()
21120531-15:12:11:22970906=Decide_CH_Get_Func() : CH[0] b32=1, CH_DataType=2 
21120531-15:12:11:22970921=Decide_CH_Get_Func() : CH[1] b32=1, CH_DataType=2
21120531-15:12:11:22970953=Decide_CH_Get_Func() : CH[2] b32=1, CH_DataType=2
21120531-15:12:11:22970968=Decide_CH_Get_Func() : CH[3] b32=1, CH_DataType=2
21120531-15:12:11:22970984=Decide_CH_Get_Func() : CH[4] b32=1, CH_DataType=2
21120531-15:12:11:22971000=Decide_CH_Get_Func() : CH[5] b32=1, CH_DataType=2
21120531-15:12:11:22971015=Decide_CH_Get_Func() : CH[6] b32=1, CH_DataType=2
21120531-15:12:11:22971031=Enter CScope_Decoder::resetScpDecoder() OK
21120531-15:12:11:22971062=Scope_Reset_CH_Before_Run() time=0, 47, 203, 0 
21120531-15:12:11:22971078=Enter CSCOPE_WORKER::Scope_Reset_CH_Before_Run() OK
21120531-15:12:11:22971093=Enter CASD_SCOPE::Scope_Reset_Before_Run() OK! 
21120531-15:12:11:22971109=ASD_Scope_Reset_Before_Run() time=0, 328
21120531-15:12:11:22971125=ASD_Scope_Reset_Before_Run() OK
21120531-15:13:42:23061843=Enter COMM_HCT::Write_N_RTU()
21120531-15:13:51:23070750=Enter API ASD_Scope_Stop() Port[0x0000000C]
21120531-15:13:51:23070765=Enter CASD_SCOPE::Scope_Stop()
21120531-15:13:51:23070796=Enter CSCOPE_WORKER::StopScope()
21120531-15:13:51:23070812=Enter CSCOPE_COMM::WriteScopeCmd_Stop()
21120531-15:13:51:23070828=Enter CSCOPE_COMM::Close_ScpCmd()
21120531-15:13:51:23070843=Enter CSCOPE_COMM::StopScope()
21120531-15:13:51:23070859=Enter COMM_HCT::Write_N_RTU()
21120531-15:13:51:23070921=Enter COMM_HCT::Write_N_RTU()
21120531-15:13:51:23070937=mr_pCommASD->Write_N(3,8) time=0, 0
21120531-15:13:51:23070953=Enter CSCOPE_COMM::StopScope() OK
21120531-15:13:51:23070968=CSCOPE_COMM::Close_ScpCmd() time=125, 125
21120531-15:13:51:23070984=Enter CSCOPE_COMM::Close_ScpCmd() OK
21120531-15:13:51:23071000=Enter CSCOPE_COMM::WriteScopeCmd_Stop() OK
21120531-15:13:51:23071015=Enter CSCOPE_WORKER::StopScope() OK
21120531-15:13:51:23071031=Enter CASD_SCOPE::Scope_Stop() OK
21120531-15:13:51:23071046=Enter API ASD_Scope_Reset_Before_Run() Port[0x0000000C]
21120531-15:13:51:23071062=Enter CASD_SCOPE::Scope_Reset_Before_Run() 
21120531-15:13:51:23071078=Enter CSCOPE_WORKER::Scope_Reset_CH_Before_Run() 
21120531-15:13:51:23071093=Enter CSCOPE_COMM::resetScpComm()
21120531-15:13:51:23071109=COMM_HCT::SetScopeDecoder
21120531-15:13:51:23071140=Enter CSCOPE_COMM::resetScpComm() OK
21120531-15:13:51:23071156=Sample rate=8000, ScopeTimeSec=1, PM_Data_Size=800, 
21120531-15:13:51:23071171=CSCOPE_PACKET_PARSER::initAllocation(8)
21120531-15:13:51:23071187=Enter CScope_Decoder::Setup_Paraer()
21120531-15:13:51:23071203=Decide_CH_Get_Func() : CH[0] b32=1, CH_DataType=2 
21120531-15:13:51:23071218=Decide_CH_Get_Func() : CH[1] b32=1, CH_DataType=2
21120531-15:13:51:23071234=Decide_CH_Get_Func() : CH[2] b32=1, CH_DataType=2
21120531-15:13:51:23071250=Decide_CH_Get_Func() : CH[3] b32=1, CH_DataType=2
21120531-15:13:51:23071265=Decide_CH_Get_Func() : CH[4] b32=1, CH_DataType=2
21120531-15:13:51:23071281=Decide_CH_Get_Func() : CH[5] b32=1, CH_DataType=2
21120531-15:13:51:23071296=Decide_CH_Get_Func() : CH[6] b32=1, CH_DataType=2
21120531-15:13:51:23071328=Enter CScope_Decoder::resetScpDecoder() OK
21120531-15:13:51:23071359=Scope_Reset_CH_Before_Run() time=0, 62, 203, 0 
21120531-15:13:52:23071375=Enter CSCOPE_WORKER::Scope_Reset_CH_Before_Run() OK
21120531-15:13:52:23071390=Enter CASD_SCOPE::Scope_Reset_Before_Run() OK! 
21120531-15:13:52:23071406=ASD_Scope_Reset_Before_Run() time=0, 328
21120531-15:13:52:23071421=ASD_Scope_Reset_Before_Run() OK
