[Trace]
AppStart1048304718=21110929-13:49:19 : APP StartDLL() 1.1.0.10(build20210909)
21110929-13:49:19:1048304734=Enter API ASD_Allocate_Scope() Port[0x00000006]  Ver=1.1.0.10(build20210909)
21110929-13:49:19:1048304812=Port Allocated OK!
21110929-13:49:19:1048304828=Enter API ASD_Open_COMM_HCTL() Com[6]
21110929-13:49:19:1048304843=DDBUG CCOMM_THREAD::start_thread  1
21110929-13:49:19:1048304859=S2 COMM_HCTL::Com_Thread_Start() enter loop......

21110929-13:49:19:1048304875=Enter CASD_SCOPE::SetCommObject()
21110929-13:49:19:1048304906=initCommScope(): Dev(3, 7, 3), ScoptType=501, CH_Size=8, 
21110929-13:49:19:1048304937=Scope_Second=1, Base_Second=20, nBufSize=160001, new_dDSP_Data_Ts=0.125000, strTimeFormat=%0.3f(ms)
21110929-13:49:41:1048326718=Enter CASD_SCOPE::Scope_Run() 
21110929-13:49:41:1048326750=Enter CSCOPE_WORKER::StartScope() 
21110929-13:49:41:1048326765=Enter CSCOPE_WORKER::Scope_Write_Setting_Before_Run() 
21110929-13:49:41:1048326781=Enter CSCOPE_COMM::resetScpComm()
21110929-13:49:41:1048326796=COMM_HCT::SetScopeDecoder
21110929-13:49:41:1048326812=Enter CSCOPE_COMM::resetScpComm() OK
21110929-13:49:41:1048326828=CH[1] is 32Bit=1, CmdVal=0x0C598
21110929-13:49:41:1048326859=CH[2] is 32Bit=1, CmdVal=0x0C59A
21110929-13:49:41:1048326875=CH[3] is 32Bit=1, CmdVal=0x0C598
21110929-13:49:41:1048326890=CH[4] is 32Bit=1, CmdVal=0x0C59A
21110929-13:49:41:1048326921=CH[5] is 32Bit=1, CmdVal=0x0C59C
21110929-13:49:41:1048326953=CH[6] is 32Bit=1, CmdVal=0x0C5AA
21110929-13:49:41:1048326968=CH[7] is 32Bit=1, CmdVal=0x0C59C
21110929-13:49:41:1048326984=Enter CSCOPE_WORKER::Arrange_CH_32bit() OK
21110929-13:49:42:1048327000=Sample rate=8000, ScopeTimeSec=1, PM_Data_Size=800, 
21110929-13:49:42:1048327015=CSCOPE_PACKET_PARSER::initAllocation(8)
21110929-13:49:42:1048327031=Enter CScope_Decoder::Setup_Paraer()
21110929-13:49:42:1048327062=Decide_CH_Get_Func() : CH[0] b32=1, CH_DataType=2 
21110929-13:49:42:1048327093=Decide_CH_Get_Func() : CH[1] b32=1, CH_DataType=2
21110929-13:49:42:1048327109=Decide_CH_Get_Func() : CH[2] b32=1, CH_DataType=2
21110929-13:49:42:1048327125=Decide_CH_Get_Func() : CH[3] b32=1, CH_DataType=2
21110929-13:49:42:1048327156=Decide_CH_Get_Func() : CH[4] b32=1, CH_DataType=2
21110929-13:49:42:1048327171=Decide_CH_Get_Func() : CH[5] b32=1, CH_DataType=2
21110929-13:49:42:1048327187=Decide_CH_Get_Func() : CH[6] b32=1, CH_DataType=2
21110929-13:49:42:1048327203=Enter CScope_Decoder::resetScpDecoder() OK
21110929-13:49:42:1048327218=   call m_pScpCom->WriteScopeCmd_Start()
21110929-13:49:42:1048327234=CH1 P0-4 nCmdVal=0xC598(50584)

21110929-13:49:42:1048327250=Enter COMM_HCT::Write_N_RTU()
21110929-13:49:42:1048327265=CH2 P0-6 nCmdVal=0xC59A(50586)

21110929-13:49:42:1048327281=CH3 P0-5 nCmdVal=0xC598(50584)

21110929-13:49:42:1048327296=Enter COMM_HCT::Write_N_RTU()
21110929-13:49:42:1048327312=Enter COMM_HCT::Write_N_RTU()

21110929-13:49:42:1048327328=CH5 P0-65 nCmdVal=0xC59C(50588)

21110929-13:49:42:1048327343=CH6 P0-67 nCmdVal=0xC5AA(50602)

21110929-13:49:42:1048327359=Enter COMM_HCT::Write_N_RTU()
21110929-13:49:42:1048327375=Enter COMM_HCT::Write_N_RTU()

21110929-13:49:42:1048327390=CH8 P0-68 nCmdVal=0xC5AA(50602)

21110929-13:49:42:1048327406=Enter COMM_HCT::Write_N_RTU()
21110929-13:49:42:1048327421=Enter CSCOPE_COMM::Write_CH_Cmd() OK
21110929-13:49:42:1048327437=Enter CSCOPE_WORKER::WriteScopeCmd_Start() OK
21110929-13:49:42:1048327453=Enter CSCOPE_WORKER::Scope_Reset_CH_Before_Run() 
21110929-13:49:42:1048327468=Enter CSCOPE_COMM::resetScpComm()
21110929-13:49:42:1048327484=COMM_HCT::SetScopeDecoder
21110929-13:49:42:1048327500=Enter CSCOPE_COMM::resetScpComm() OK
21110929-13:49:42:1048327515=Sample rate=8000, ScopeTimeSec=1, PM_Data_Size=800, 
21110929-13:49:42:1048327531=CSCOPE_PACKET_PARSER::initAllocation(8)
21110929-13:49:42:1048327546=Enter CScope_Decoder::Setup_Paraer()
21110929-13:49:42:1048327562=Decide_CH_Get_Func() : CH[0] b32=1, CH_DataType=2 
21110929-13:49:42:1048327593=Decide_CH_Get_Func() : CH[1] b32=1, CH_DataType=2
21110929-13:49:42:1048327609=Decide_CH_Get_Func() : CH[2] b32=1, CH_DataType=2
21110929-13:49:42:1048327625=Decide_CH_Get_Func() : CH[3] b32=1, CH_DataType=2
21110929-13:49:42:1048327640=Decide_CH_Get_Func() : CH[4] b32=1, CH_DataType=2
21110929-13:49:42:1048327656=Decide_CH_Get_Func() : CH[5] b32=1, CH_DataType=2
21110929-13:49:42:1048327671=Decide_CH_Get_Func() : CH[6] b32=1, CH_DataType=2
21110929-13:49:42:1048327687=Enter CScope_Decoder::resetScpDecoder() OK
21110929-13:49:42:1048327718=Scope_Reset_CH_Before_Run() time=0, 47, 203, 0 
21110929-13:49:42:1048327734=Enter CSCOPE_WORKER::Scope_Reset_CH_Before_Run() OK
21110929-13:49:42:1048327750=Enter COMM_HCT::Write_N_RTU()
21110929-13:49:42:1048327765=Enter CSCOPE_WORKER::StartScope() OK
21110929-13:49:42:1048327781=Enter CASD_SCOPE::Scope_Run() OK! 
21110929-13:49:42:1048327796=Enter API ASD_Scope_Run() OK
AppStart1048829703=21110929-13:58:4 : APP StartDLL() 1.1.0.10(build20210909)
21110929-13:58:4:1048829718=Enter API ASD_Allocate_Scope() Port[0x00000006]  Ver=1.1.0.10(build20210909)
21110929-13:58:4:1048829796=Port Allocated OK!
21110929-13:58:4:1048829812=Enter API ASD_Open_COMM_HCTL() Com[6]
21110929-13:58:4:1048829828=DDBUG CCOMM_THREAD::start_thread  1
21110929-13:58:4:1048829843=S2 COMM_HCTL::Com_Thread_Start() enter loop......

21110929-13:58:4:1048829875=Enter CASD_SCOPE::SetCommObject()
21110929-13:58:4:1048829921=initCommScope(): Dev(3, 7, 3), ScoptType=501, CH_Size=8, 
21110929-13:58:4:1048829937=Scope_Second=1, Base_Second=20, nBufSize=160001, new_dDSP_Data_Ts=0.125000, strTimeFormat=%0.3f(ms)
21110929-13:58:28:1048853093=Enter CASD_SCOPE::Scope_Run() 
21110929-13:58:28:1048853125=Enter CSCOPE_WORKER::StartScope() 
21110929-13:58:28:1048853140=Enter CSCOPE_WORKER::Scope_Write_Setting_Before_Run() 
21110929-13:58:28:1048853156=Enter CSCOPE_COMM::resetScpComm()
21110929-13:58:28:1048853171=COMM_HCT::SetScopeDecoder
21110929-13:58:28:1048853187=Enter CSCOPE_COMM::resetScpComm() OK
21110929-13:58:28:1048853203=CH[1] is 32Bit=1, CmdVal=0x0C598
21110929-13:58:28:1048853234=CH[2] is 32Bit=1, CmdVal=0x0C59A
21110929-13:58:28:1048853250=CH[3] is 32Bit=1, CmdVal=0x0C598
21110929-13:58:28:1048853265=CH[4] is 32Bit=1, CmdVal=0x0C59A
21110929-13:58:28:1048853281=CH[5] is 32Bit=1, CmdVal=0x0C59C
21110929-13:58:28:1048853296=CH[6] is 32Bit=1, CmdVal=0x0C5AA
21110929-13:58:28:1048853312=CH[7] is 32Bit=1, CmdVal=0x0C59C
21110929-13:58:28:1048853328=Enter CSCOPE_WORKER::Arrange_CH_32bit() OK
21110929-13:58:28:1048853359=Sample rate=8000, ScopeTimeSec=1, PM_Data_Size=800, 
21110929-13:58:28:1048853375=CSCOPE_PACKET_PARSER::initAllocation(8)
21110929-13:58:28:1048853390=Enter CScope_Decoder::Setup_Paraer()
21110929-13:58:28:1048853406=Decide_CH_Get_Func() : CH[0] b32=1, CH_DataType=2 
21110929-13:58:28:1048853437=Decide_CH_Get_Func() : CH[1] b32=1, CH_DataType=2
21110929-13:58:28:1048853453=Decide_CH_Get_Func() : CH[2] b32=1, CH_DataType=2
21110929-13:58:28:1048853468=Decide_CH_Get_Func() : CH[3] b32=1, CH_DataType=2
21110929-13:58:28:1048853484=Decide_CH_Get_Func() : CH[4] b32=1, CH_DataType=2
21110929-13:58:28:1048853500=Decide_CH_Get_Func() : CH[5] b32=1, CH_DataType=2
21110929-13:58:28:1048853515=Decide_CH_Get_Func() : CH[6] b32=1, CH_DataType=2
21110929-13:58:28:1048853531=Enter CScope_Decoder::resetScpDecoder() OK
21110929-13:58:28:1048853562=   call m_pScpCom->WriteScopeCmd_Start()
21110929-13:58:28:1048853578=CH1 P0-4 nCmdVal=0xC598(50584)

21110929-13:58:28:1048853593=Enter COMM_HCT::Write_N_RTU()
21110929-13:58:28:1048853609=CH2 P0-6 nCmdVal=0xC59A(50586)

21110929-13:58:28:1048853625=Enter COMM_HCT::Write_N_RTU()
21110929-13:58:28:1048853640=Enter COMM_HCT::Write_N_RTU()

21110929-13:58:28:1048853656=CH4 P0-7 nCmdVal=0xC59A(50586)

21110929-13:58:28:1048853671=Enter COMM_HCT::Write_N_RTU()
21110929-13:58:28:1048853687=CH5 P0-65 nCmdVal=0xC59C(50588)

21110929-13:58:28:1048853703=CH6 P0-67 nCmdVal=0xC5AA(50602)

21110929-13:58:28:1048853718=Enter COMM_HCT::Write_N_RTU()
21110929-13:58:28:1048853734=CH7 P0-66 nCmdVal=0xC59C(50588)

21110929-13:58:28:1048853750=Enter COMM_HCT::Write_N_RTU()
21110929-13:58:28:1048853765=Enter COMM_HCT::Write_N_RTU()

21110929-13:58:28:1048853796=Enter CSCOPE_COMM::Write_CH_Cmd() OK
21110929-13:58:28:1048853812=Enter CSCOPE_WORKER::WriteScopeCmd_Start() OK
21110929-13:58:28:1048853828=Enter CSCOPE_WORKER::Scope_Reset_CH_Before_Run() 
21110929-13:58:28:1048853843=Enter CSCOPE_COMM::resetScpComm()
21110929-13:58:28:1048853859=COMM_HCT::SetScopeDecoder
21110929-13:58:28:1048853875=Enter CSCOPE_COMM::resetScpComm() OK
21110929-13:58:28:1048853890=Sample rate=8000, ScopeTimeSec=1, PM_Data_Size=800, 
21110929-13:58:28:1048853906=CSCOPE_PACKET_PARSER::initAllocation(8)
21110929-13:58:28:1048853921=Enter CScope_Decoder::Setup_Paraer()
21110929-13:58:28:1048853937=Decide_CH_Get_Func() : CH[0] b32=1, CH_DataType=2 
21110929-13:58:28:1048853968=Decide_CH_Get_Func() : CH[1] b32=1, CH_DataType=2
21110929-13:58:29:1048853984=Decide_CH_Get_Func() : CH[2] b32=1, CH_DataType=2
21110929-13:58:29:1048854000=Decide_CH_Get_Func() : CH[3] b32=1, CH_DataType=2
21110929-13:58:29:1048854015=Decide_CH_Get_Func() : CH[4] b32=1, CH_DataType=2
21110929-13:58:29:1048854031=Decide_CH_Get_Func() : CH[5] b32=1, CH_DataType=2
21110929-13:58:29:1048854046=Decide_CH_Get_Func() : CH[6] b32=1, CH_DataType=2
21110929-13:58:29:1048854062=Enter CScope_Decoder::resetScpDecoder() OK
21110929-13:58:29:1048854093=Scope_Reset_CH_Before_Run() time=0, 47, 203, 0 
21110929-13:58:29:1048854109=Enter CSCOPE_WORKER::Scope_Reset_CH_Before_Run() OK
21110929-13:58:29:1048854125=Enter COMM_HCT::Write_N_RTU()
21110929-13:58:29:1048854156=Enter CSCOPE_WORKER::StartScope() OK
21110929-13:58:29:1048854171=Enter CASD_SCOPE::Scope_Run() OK! 
21110929-13:58:29:1048854187=Enter API ASD_Scope_Run() OK
AppStart1048987078=21110929-14:0:42 : APP StartDLL() 1.1.0.10(build20210909)
21110929-14:0:42:1048987093=Enter API ASD_Allocate_Scope() Port[0x00000005]  Ver=1.1.0.10(build20210909)
21110929-14:0:42:1048987203=Port Allocated OK!
21110929-14:0:42:1048987218=Enter API ASD_Open_COMM_HCTL() Com[5]
21110929-14:0:44:1048989062=ASD_Open_COMM_HCTL() exception! :Open HCTL COMM failed!
AppStart1048995531=21110929-14:0:50 : APP StartDLL() 1.1.0.10(build20210909)
21110929-14:0:50:1048995546=Enter API ASD_Allocate_Scope() Port[0x00000006]  Ver=1.1.0.10(build20210909)
21110929-14:0:50:1048995562=Port Allocated OK!
21110929-14:0:50:1048995578=Enter API ASD_Open_COMM_HCTL() Com[6]
21110929-14:0:50:1048995593=DDBUG CCOMM_THREAD::start_thread  1
21110929-14:0:50:1048995609=S2 COMM_HCTL::Com_Thread_Start() enter loop......

21110929-14:0:50:1048995640=Enter CASD_SCOPE::SetCommObject()
21110929-14:0:50:1048995750=initCommScope(): Dev(3, 7, 3), ScoptType=501, CH_Size=8, 
21110929-14:0:50:1048995765=Scope_Second=1, Base_Second=20, nBufSize=160001, new_dDSP_Data_Ts=0.125000, strTimeFormat=%0.3f(ms)
21110929-14:1:16:1049021359=Enter API ASD_Scope_Run() Port[0x00000006]
21110929-14:1:16:1049021375=Enter CASD_SCOPE::Scope_Run() 
21110929-14:1:16:1049021421=Enter CSCOPE_WORKER::StartScope() 
21110929-14:1:16:1049021437=Enter CSCOPE_WORKER::Scope_Write_Setting_Before_Run() 
21110929-14:1:16:1049021468=Enter CSCOPE_COMM::resetScpComm()
21110929-14:1:16:1049021515=COMM_HCT::SetScopeDecoder
21110929-14:1:16:1049021546=Enter CSCOPE_COMM::resetScpComm() OK
21110929-14:1:16:1049021562=CH[1] is 32Bit=1, CmdVal=0x0C598
21110929-14:1:16:1049021625=CH[2] is 32Bit=1, CmdVal=0x0C59A
21110929-14:1:16:1049021671=CH[3] is 32Bit=1, CmdVal=0x0C598
21110929-14:1:16:1049021687=CH[4] is 32Bit=1, CmdVal=0x0C59A
21110929-14:1:16:1049021703=CH[5] is 32Bit=1, CmdVal=0x0C59C
21110929-14:1:16:1049021718=CH[6] is 32Bit=1, CmdVal=0x0C5AA
21110929-14:1:16:1049021734=CH[7] is 32Bit=1, CmdVal=0x0C59C
21110929-14:1:16:1049021765=Enter CSCOPE_WORKER::Arrange_CH_32bit() OK
21110929-14:1:16:1049021781=Sample rate=8000, ScopeTimeSec=1, PM_Data_Size=800, 
21110929-14:1:16:1049021796=CSCOPE_PACKET_PARSER::initAllocation(8)
21110929-14:1:16:1049021828=Enter CScope_Decoder::Setup_Paraer()
21110929-14:1:16:1049021843=Decide_CH_Get_Func() : CH[0] b32=1, CH_DataType=2 
21110929-14:1:16:1049021859=Decide_CH_Get_Func() : CH[1] b32=1, CH_DataType=2
21110929-14:1:16:1049021875=Decide_CH_Get_Func() : CH[2] b32=1, CH_DataType=2
21110929-14:1:16:1049021890=Decide_CH_Get_Func() : CH[3] b32=1, CH_DataType=2
21110929-14:1:16:1049021906=Decide_CH_Get_Func() : CH[4] b32=1, CH_DataType=2
21110929-14:1:16:1049021921=Decide_CH_Get_Func() : CH[5] b32=1, CH_DataType=2
21110929-14:1:16:1049021937=Decide_CH_Get_Func() : CH[6] b32=1, CH_DataType=2
21110929-14:1:16:1049021953=Enter CScope_Decoder::resetScpDecoder() OK
21110929-14:1:16:1049021968=   call m_pScpCom->WriteScopeCmd_Start()
21110929-14:1:17:1049021984=CH1 P0-4 nCmdVal=0xC598(50584)

21110929-14:1:17:1049022000=CH2 P0-6 nCmdVal=0xC59A(50586)

21110929-14:1:17:1049022015=CH3 P0-5 nCmdVal=0xC598(50584)

21110929-14:1:17:1049022031=CH4 P0-7 nCmdVal=0xC59A(50586)

21110929-14:1:17:1049022046=CH5 P0-65 nCmdVal=0xC59C(50588)

21110929-14:1:17:1049022062=CH6 P0-67 nCmdVal=0xC5AA(50602)

21110929-14:1:17:1049022078=CH7 P0-66 nCmdVal=0xC59C(50588)

21110929-14:1:17:1049022093=CH8 P0-68 nCmdVal=0xC5AA(50602)

21110929-14:1:17:1049022109=Enter COMM_HCT::Write_N_RTU()
21110929-14:1:17:1049022125=Enter CSCOPE_COMM::Write_CH_Cmd() OK
21110929-14:1:17:1049022140=Enter CSCOPE_WORKER::WriteScopeCmd_Start() OK
21110929-14:1:17:1049022156=Enter CSCOPE_WORKER::Scope_Reset_CH_Before_Run() 
21110929-14:1:17:1049022171=Enter CSCOPE_COMM::resetScpComm()
21110929-14:1:17:1049022187=COMM_HCT::SetScopeDecoder
21110929-14:1:17:1049022203=Enter CSCOPE_COMM::resetScpComm() OK
21110929-14:1:17:1049022218=Sample rate=8000, ScopeTimeSec=1, PM_Data_Size=800, 
21110929-14:1:17:1049022234=CSCOPE_PACKET_PARSER::initAllocation(8)
21110929-14:1:17:1049022250=Enter CScope_Decoder::Setup_Paraer()
21110929-14:1:17:1049022265=Decide_CH_Get_Func() : CH[0] b32=1, CH_DataType=2 
21110929-14:1:17:1049022281=Decide_CH_Get_Func() : CH[1] b32=1, CH_DataType=2
21110929-14:1:17:1049022296=Decide_CH_Get_Func() : CH[2] b32=1, CH_DataType=2
21110929-14:1:17:1049022312=Decide_CH_Get_Func() : CH[3] b32=1, CH_DataType=2
21110929-14:1:17:1049022328=Decide_CH_Get_Func() : CH[4] b32=1, CH_DataType=2
21110929-14:1:17:1049022343=Decide_CH_Get_Func() : CH[5] b32=1, CH_DataType=2
21110929-14:1:17:1049022359=Decide_CH_Get_Func() : CH[6] b32=1, CH_DataType=2
21110929-14:1:17:1049022375=Enter CScope_Decoder::resetScpDecoder() OK
21110929-14:1:17:1049022390=Scope_Reset_CH_Before_Run() time=0, 47, 172, 0 
21110929-14:1:17:1049022406=Enter CSCOPE_WORKER::Scope_Reset_CH_Before_Run() OK
21110929-14:1:17:1049022421=Enter COMM_HCT::Write_N_RTU()
21110929-14:1:17:1049022437=Enter CSCOPE_WORKER::StartScope() OK
21110929-14:1:17:1049022453=Enter CASD_SCOPE::Scope_Run() OK! 
21110929-14:1:17:1049022468=Enter API ASD_Scope_Run() OK
AppStart1049188500=21110929-14:4:3 : APP StartDLL() 1.1.0.10(build20210909)
21110929-14:4:3:1049188515=Enter API ASD_Allocate_Scope() Port[0x00000006]  Ver=1.1.0.10(build20210909)
21110929-14:4:3:1049188609=Port Allocated OK!
21110929-14:4:3:1049188625=Enter API ASD_Open_COMM_HCTL() Com[6]
21110929-14:4:3:1049188640=DDBUG CCOMM_THREAD::start_thread  1
21110929-14:4:3:1049188671=S2 COMM_HCTL::Com_Thread_Start() enter loop......

21110929-14:4:3:1049188703=Enter CASD_SCOPE::SetCommObject()
21110929-14:4:3:1049188796=initCommScope(): Dev(3, 7, 3), ScoptType=501, CH_Size=8, 
21110929-14:4:3:1049188828=Scope_Second=1, Base_Second=20, nBufSize=160001, new_dDSP_Data_Ts=0.125000, strTimeFormat=%0.3f(ms)
21110929-14:4:33:1049218593=Enter API ASD_Scope_Run() Port[0x00000006]
21110929-14:4:33:1049218609=Enter CASD_SCOPE::Scope_Run() 
21110929-14:4:33:1049218625=Enter CSCOPE_WORKER::StartScope() 
21110929-14:4:33:1049218640=Enter CSCOPE_WORKER::Scope_Write_Setting_Before_Run() 
21110929-14:4:33:1049218656=Enter CSCOPE_COMM::resetScpComm()
21110929-14:4:33:1049218671=COMM_HCT::SetScopeDecoder
21110929-14:4:33:1049218687=Enter CSCOPE_COMM::resetScpComm() OK
21110929-14:4:33:1049218703=CH[1] is 32Bit=1, CmdVal=0x0C598
21110929-14:4:33:1049218734=CH[2] is 32Bit=1, CmdVal=0x0C59A
21110929-14:4:33:1049218750=CH[3] is 32Bit=1, CmdVal=0x0C598
21110929-14:4:33:1049218765=CH[4] is 32Bit=1, CmdVal=0x0C59A
21110929-14:4:33:1049218781=CH[5] is 32Bit=1, CmdVal=0x0C59C
21110929-14:4:33:1049218796=CH[6] is 32Bit=1, CmdVal=0x0C5AA
21110929-14:4:33:1049218812=CH[7] is 32Bit=1, CmdVal=0x0C59C
21110929-14:4:33:1049218828=Enter CSCOPE_WORKER::Arrange_CH_32bit() OK
21110929-14:4:33:1049218859=Sample rate=8000, ScopeTimeSec=1, PM_Data_Size=800, 
21110929-14:4:33:1049218875=CSCOPE_PACKET_PARSER::initAllocation(8)
21110929-14:4:33:1049218906=Enter CScope_Decoder::Setup_Paraer()
21110929-14:4:33:1049218921=Decide_CH_Get_Func() : CH[0] b32=1, CH_DataType=2 
21110929-14:4:33:1049218953=Decide_CH_Get_Func() : CH[1] b32=1, CH_DataType=2
21110929-14:4:33:1049218968=Decide_CH_Get_Func() : CH[2] b32=1, CH_DataType=2
21110929-14:4:34:1049218984=Decide_CH_Get_Func() : CH[3] b32=1, CH_DataType=2
21110929-14:4:34:1049219000=Decide_CH_Get_Func() : CH[4] b32=1, CH_DataType=2
21110929-14:4:34:1049219015=Decide_CH_Get_Func() : CH[5] b32=1, CH_DataType=2
21110929-14:4:34:1049219031=Decide_CH_Get_Func() : CH[6] b32=1, CH_DataType=2
21110929-14:4:34:1049219046=Enter CScope_Decoder::resetScpDecoder() OK
21110929-14:4:34:1049219078=   call m_pScpCom->WriteScopeCmd_Start()
21110929-14:4:34:1049219093=Enter CSCOPE_COMM::Write_CH_Cmd()
21110929-14:4:34:1049219109=Enter COMM_HCT::Write_N_RTU()

21110929-14:4:34:1049219125=CH2 P0-6 nCmdVal=0xC59A(50586)

21110929-14:4:34:1049219140=Enter COMM_HCT::Write_N_RTU()
21110929-14:4:34:1049219156=CH3 P0-5 nCmdVal=0xC598(50584)

21110929-14:4:34:1049219171=Enter COMM_HCT::Write_N_RTU()
21110929-14:4:34:1049219187=CH4 P0-7 nCmdVal=0xC59A(50586)

21110929-14:4:34:1049219203=Enter COMM_HCT::Write_N_RTU()
21110929-14:4:34:1049219218=CH5 P0-65 nCmdVal=0xC59C(50588)

21110929-14:4:34:1049219234=Enter COMM_HCT::Write_N_RTU()
21110929-14:4:34:1049219250=CH6 P0-67 nCmdVal=0xC5AA(50602)

21110929-14:4:34:1049219265=Enter COMM_HCT::Write_N_RTU()
21110929-14:4:34:1049219281=CH7 P0-66 nCmdVal=0xC59C(50588)

21110929-14:4:34:1049219296=Enter COMM_HCT::Write_N_RTU()
21110929-14:4:34:1049219312=CH8 P0-68 nCmdVal=0xC5AA(50602)

21110929-14:4:34:1049219328=Enter COMM_HCT::Write_N_RTU()
21110929-14:4:34:1049219359=Enter CSCOPE_COMM::Write_CH_Cmd() OK
21110929-14:4:34:1049219375=Enter CSCOPE_WORKER::WriteScopeCmd_Start() OK
21110929-14:4:34:1049219390=Enter CSCOPE_WORKER::Scope_Reset_CH_Before_Run() 
21110929-14:4:34:1049219406=Enter CSCOPE_COMM::resetScpComm()
21110929-14:4:34:1049219421=COMM_HCT::SetScopeDecoder
21110929-14:4:34:1049219437=Enter CSCOPE_COMM::resetScpComm() OK
21110929-14:4:34:1049219453=Sample rate=8000, ScopeTimeSec=1, PM_Data_Size=800, 
21110929-14:4:34:1049219484=CSCOPE_PACKET_PARSER::initAllocation(8)
21110929-14:4:34:1049219515=Enter CScope_Decoder::Setup_Paraer()
21110929-14:4:34:1049219546=call PacketParser.Decide_CH_Get_Func() 
21110929-14:4:34:1049219562=Decide_CH_Get_Func() : CH[0] b32=1, CH_DataType=2
21110929-14:4:34:1049219593=Decide_CH_Get_Func() : CH[1] b32=1, CH_DataType=2
21110929-14:4:34:1049219609=Decide_CH_Get_Func() : CH[2] b32=1, CH_DataType=2
21110929-14:4:34:1049219625=Decide_CH_Get_Func() : CH[3] b32=1, CH_DataType=2
21110929-14:4:34:1049219656=Decide_CH_Get_Func() : CH[4] b32=1, CH_DataType=2
21110929-14:4:34:1049219687=Decide_CH_Get_Func() : CH[5] b32=1, CH_DataType=2
21110929-14:4:34:1049219703=Decide_CH_Get_Func() : CH[6] b32=1, CH_DataType=2
21110929-14:4:34:1049219734=Decide_CH_Get_Func() : CH[7] b32=1, CH_DataType=2
21110929-14:4:34:1049219750=Enter CScope_Decoder::resetScpDecoder() OK
21110929-14:4:34:1049219781=Scope_Reset_CH_Before_Run() time=0, 47, 328, 0 
21110929-14:4:34:1049219796=Enter CSCOPE_WORKER::Scope_Reset_CH_Before_Run() OK
21110929-14:4:34:1049219812=Enter COMM_HCT::Write_N_RTU()
21110929-14:4:34:1049219828=Enter CSCOPE_WORKER::StartScope() OK
21110929-14:4:34:1049219859=Enter CASD_SCOPE::Scope_Run() OK! 
21110929-14:4:34:1049219875=Enter API ASD_Scope_Run() OK
AppStart1049544125=21110929-14:9:59 : APP StartDLL() 1.1.0.10(build20210909)
21110929-14:9:59:1049544140=Enter API ASD_Allocate_Scope() Port[0x00000006]  Ver=1.1.0.10(build20210909)
21110929-14:9:59:1049544250=Port Allocated OK!
21110929-14:9:59:1049544281=Enter API ASD_Open_COMM_HCTL() Com[6]
21110929-14:9:59:1049544312=DDBUG CCOMM_THREAD::start_thread  1
21110929-14:9:59:1049544343=S2 COMM_HCTL::Com_Thread_Start() enter loop......

21110929-14:9:59:1049544375=Enter CASD_SCOPE::SetCommObject()
21110929-14:9:59:1049544421=initCommScope(): Dev(3, 7, 3), ScoptType=501, CH_Size=8, 
21110929-14:9:59:1049544453=Scope_Second=1, Base_Second=20, nBufSize=160001, new_dDSP_Data_Ts=0.125000, strTimeFormat=%0.3f(ms)
21110929-14:10:20:1049565515=Enter API ASD_Scope_Run() Port[0x00000006]
21110929-14:10:20:1049565531=Enter CASD_SCOPE::Scope_Run() 
21110929-14:10:20:1049565562=Enter CSCOPE_WORKER::StartScope() 
21110929-14:10:20:1049565578=Enter CSCOPE_WORKER::Scope_Write_Setting_Before_Run() 
21110929-14:10:20:1049565593=Enter CSCOPE_COMM::resetScpComm()
21110929-14:10:20:1049565609=COMM_HCT::SetScopeDecoder
21110929-14:10:20:1049565625=Enter CSCOPE_COMM::resetScpComm() OK
21110929-14:10:20:1049565640=CH[1] is 32Bit=1, CmdVal=0x0C598
21110929-14:10:20:1049565671=CH[2] is 32Bit=1, CmdVal=0x0C59A
21110929-14:10:20:1049565687=CH[3] is 32Bit=1, CmdVal=0x0C598
21110929-14:10:20:1049565703=CH[4] is 32Bit=1, CmdVal=0x0C59A
21110929-14:10:20:1049565718=CH[5] is 32Bit=1, CmdVal=0x0C59C
21110929-14:10:20:1049565734=CH[6] is 32Bit=1, CmdVal=0x0C5AA
21110929-14:10:20:1049565750=CH[7] is 32Bit=1, CmdVal=0x0C59C
21110929-14:10:20:1049565765=Enter CSCOPE_WORKER::Arrange_CH_32bit() OK
21110929-14:10:20:1049565796=Sample rate=8000, ScopeTimeSec=1, PM_Data_Size=800, 
21110929-14:10:20:1049565812=CSCOPE_PACKET_PARSER::initAllocation(8)
21110929-14:10:20:1049565843=Enter CScope_Decoder::Setup_Paraer()
21110929-14:10:20:1049565859=Decide_CH_Get_Func() : CH[0] b32=1, CH_DataType=2 
21110929-14:10:20:1049565890=Decide_CH_Get_Func() : CH[1] b32=1, CH_DataType=2
21110929-14:10:20:1049565906=Decide_CH_Get_Func() : CH[2] b32=1, CH_DataType=2
21110929-14:10:20:1049565921=Decide_CH_Get_Func() : CH[3] b32=1, CH_DataType=2
21110929-14:10:20:1049565937=Decide_CH_Get_Func() : CH[4] b32=1, CH_DataType=2
21110929-14:10:20:1049565953=Decide_CH_Get_Func() : CH[5] b32=1, CH_DataType=2
21110929-14:10:21:1049565968=Decide_CH_Get_Func() : CH[6] b32=1, CH_DataType=2
21110929-14:10:21:1049565984=Enter CScope_Decoder::resetScpDecoder() OK
21110929-14:10:21:1049566015=   call m_pScpCom->WriteScopeCmd_Start()
21110929-14:10:21:1049566031=Enter CSCOPE_COMM::Write_CH_Cmd()
21110929-14:10:21:1049566046=Enter COMM_HCT::Write_N_RTU()

21110929-14:10:21:1049566062=CH2 P0-6 nCmdVal=0xC59A(50586)

21110929-14:10:21:1049566078=Enter COMM_HCT::Write_N_RTU()
21110929-14:10:21:1049566093=CH3 P0-5 nCmdVal=0xC598(50584)

21110929-14:10:21:1049566109=Enter COMM_HCT::Write_N_RTU()
21110929-14:10:21:1049566125=CH4 P0-7 nCmdVal=0xC59A(50586)

21110929-14:10:21:1049566140=Enter COMM_HCT::Write_N_RTU()
21110929-14:10:21:1049566156=CH5 P0-65 nCmdVal=0xC59C(50588)

21110929-14:10:21:1049566171=Enter COMM_HCT::Write_N_RTU()
21110929-14:10:21:1049566187=CH6 P0-67 nCmdVal=0xC5AA(50602)

21110929-14:10:21:1049566203=Enter COMM_HCT::Write_N_RTU()
21110929-14:10:21:1049566218=CH7 P0-66 nCmdVal=0xC59C(50588)

21110929-14:10:21:1049566234=Enter COMM_HCT::Write_N_RTU()
21110929-14:10:21:1049566250=CH8 P0-68 nCmdVal=0xC5AA(50602)

21110929-14:10:21:1049566265=Enter COMM_HCT::Write_N_RTU()
21110929-14:10:21:1049566296=Enter CSCOPE_COMM::Write_CH_Cmd() OK
21110929-14:10:21:1049566312=Enter CSCOPE_WORKER::WriteScopeCmd_Start() OK
21110929-14:10:21:1049566328=Enter CSCOPE_WORKER::Scope_Reset_CH_Before_Run() 
21110929-14:10:21:1049566343=Enter CSCOPE_COMM::resetScpComm()
21110929-14:10:21:1049566359=COMM_HCT::SetScopeDecoder
21110929-14:10:21:1049566375=Enter CSCOPE_COMM::resetScpComm() OK
21110929-14:10:21:1049566390=Sample rate=8000, ScopeTimeSec=1, PM_Data_Size=800, 
21110929-14:10:21:1049566406=CSCOPE_PACKET_PARSER::initAllocation(8)
21110929-14:10:21:1049566437=Enter CScope_Decoder::Setup_Paraer()
21110929-14:10:21:1049566453=Decide_CH_Get_Func() : CH[0] b32=1, CH_DataType=2 
21110929-14:10:21:1049566484=Decide_CH_Get_Func() : CH[1] b32=1, CH_DataType=2
21110929-14:10:21:1049566500=Decide_CH_Get_Func() : CH[2] b32=1, CH_DataType=2
21110929-14:10:21:1049566515=Decide_CH_Get_Func() : CH[3] b32=1, CH_DataType=2
21110929-14:10:21:1049566531=Decide_CH_Get_Func() : CH[4] b32=1, CH_DataType=2
21110929-14:10:21:1049566562=Decide_CH_Get_Func() : CH[5] b32=1, CH_DataType=2
21110929-14:10:21:1049566593=Decide_CH_Get_Func() : CH[6] b32=1, CH_DataType=2
21110929-14:10:21:1049566609=Enter CScope_Decoder::resetScpDecoder() OK
21110929-14:10:21:1049566640=Scope_Reset_CH_Before_Run() time=0, 47, 250, 0 
21110929-14:10:21:1049566656=Enter CSCOPE_WORKER::Scope_Reset_CH_Before_Run() OK
21110929-14:10:21:1049566671=Enter COMM_HCT::Write_N_RTU()
21110929-14:10:21:1049566687=Enter CSCOPE_WORKER::StartScope() OK
21110929-14:10:21:1049566703=Enter CASD_SCOPE::Scope_Run() OK! 
21110929-14:10:21:1049566718=Enter API ASD_Scope_Run() OK
21110929-14:11:6:1049611671=!Chk_crc32() error! 

21110929-14:11:7:1049612812=!Chk_crc32() error! 

21110929-14:12:35:1049700546=Enter API ASD_Scope_Stop() Port[0x00000006]
21110929-14:12:35:1049700562=Enter CASD_SCOPE::Scope_Stop()
21110929-14:12:35:1049700593=Enter CSCOPE_WORKER::StopScope()
21110929-14:12:35:1049700609=Enter CSCOPE_COMM::WriteScopeCmd_Stop()
21110929-14:12:35:1049700625=Enter CSCOPE_COMM::Close_ScpCmd()
21110929-14:12:35:1049700640=Enter CSCOPE_COMM::StopScope()
21110929-14:12:35:1049700656=Enter COMM_HCT::Write_N_RTU()
21110929-14:12:35:1049700718=Enter COMM_HCT::Write_N_RTU()
21110929-14:12:35:1049700750=mr_pCommASD->Write_N(3,8) time=16, 16
21110929-14:12:35:1049700765=Enter CSCOPE_COMM::StopScope() OK
21110929-14:12:35:1049700781=CSCOPE_COMM::Close_ScpCmd() time=140, 140
21110929-14:12:35:1049700796=Enter CSCOPE_COMM::Close_ScpCmd() OK
21110929-14:12:35:1049700812=Enter CSCOPE_COMM::WriteScopeCmd_Stop() OK
21110929-14:12:35:1049700828=Enter CSCOPE_WORKER::StopScope() OK
21110929-14:12:35:1049700843=Enter CASD_SCOPE::Scope_Stop() OK
21110929-14:12:35:1049700859= API ASD_Scope_Stop() OK
21110929-14:12:36:1049701906=Enter API ASD_Scope_Run() Port[0x00000006]
21110929-14:12:36:1049701921=Enter CASD_SCOPE::Scope_Run() 
21110929-14:12:36:1049701953=Enter CSCOPE_WORKER::StartScope() 
21110929-14:12:37:1049701968=Enter CSCOPE_WORKER::Scope_Write_Setting_Before_Run() 
21110929-14:12:37:1049701984=Enter CSCOPE_COMM::resetScpComm()
21110929-14:12:37:1049702000=COMM_HCT::SetScopeDecoder
21110929-14:12:37:1049702015=Enter CSCOPE_COMM::resetScpComm() OK
21110929-14:12:37:1049702031=CH[1] is 32Bit=1, CmdVal=0x0C598
21110929-14:12:37:1049702062=CH[2] is 32Bit=1, CmdVal=0x0C59A
21110929-14:12:37:1049702078=CH[3] is 32Bit=1, CmdVal=0x0C598
21110929-14:12:37:1049702093=CH[4] is 32Bit=1, CmdVal=0x0C59A
21110929-14:12:37:1049702109=CH[5] is 32Bit=1, CmdVal=0x0C59C
21110929-14:12:37:1049702125=CH[6] is 32Bit=1, CmdVal=0x0C5AA
21110929-14:12:37:1049702140=CH[7] is 32Bit=1, CmdVal=0x0C59C
21110929-14:12:37:1049702156=Enter CSCOPE_WORKER::Arrange_CH_32bit() OK
21110929-14:12:37:1049702187=Sample rate=8000, ScopeTimeSec=1, PM_Data_Size=800, 
21110929-14:12:37:1049702203=CSCOPE_PACKET_PARSER::initAllocation(8)
21110929-14:12:37:1049702234=Enter CScope_Decoder::Setup_Paraer()
21110929-14:12:37:1049702250=Decide_CH_Get_Func() : CH[0] b32=1, CH_DataType=2 
21110929-14:12:37:1049702281=Decide_CH_Get_Func() : CH[1] b32=1, CH_DataType=2
21110929-14:12:37:1049702296=Decide_CH_Get_Func() : CH[2] b32=1, CH_DataType=2
21110929-14:12:37:1049702312=Decide_CH_Get_Func() : CH[3] b32=1, CH_DataType=2
21110929-14:12:37:1049702328=Decide_CH_Get_Func() : CH[4] b32=1, CH_DataType=2
21110929-14:12:37:1049702343=Decide_CH_Get_Func() : CH[5] b32=1, CH_DataType=2
21110929-14:12:37:1049702359=Decide_CH_Get_Func() : CH[6] b32=1, CH_DataType=2
21110929-14:12:37:1049702375=Enter CScope_Decoder::resetScpDecoder() OK
21110929-14:12:37:1049702406=   call m_pScpCom->WriteScopeCmd_Start()
21110929-14:12:37:1049702421=CH1 P0-4 nCmdVal=0xC598(50584)

21110929-14:12:37:1049702437=Enter COMM_HCT::Write_N_RTU()
21110929-14:12:37:1049702453=CH2 P0-6 nCmdVal=0xC59A(50586)

21110929-14:12:37:1049702468=Enter COMM_HCT::Write_N_RTU()
21110929-14:12:37:1049702484=CH3 P0-5 nCmdVal=0xC598(50584)

21110929-14:12:37:1049702500=Enter COMM_HCT::Write_N_RTU()
21110929-14:12:37:1049702515=CH4 P0-7 nCmdVal=0xC59A(50586)

21110929-14:12:37:1049702531=Enter COMM_HCT::Write_N_RTU()
21110929-14:12:37:1049702546=CH5 P0-65 nCmdVal=0xC59C(50588)

21110929-14:12:37:1049702562=Enter COMM_HCT::Write_N_RTU()
21110929-14:12:37:1049702578=CH6 P0-67 nCmdVal=0xC5AA(50602)

21110929-14:12:37:1049702593=Enter COMM_HCT::Write_N_RTU()
21110929-14:12:37:1049702609=CH7 P0-66 nCmdVal=0xC59C(50588)

21110929-14:12:37:1049702625=Enter COMM_HCT::Write_N_RTU()
21110929-14:12:37:1049702640=CH8 P0-68 nCmdVal=0xC5AA(50602)

21110929-14:12:37:1049702656=Enter COMM_HCT::Write_N_RTU()
21110929-14:12:37:1049702687=Enter CSCOPE_COMM::Write_CH_Cmd() OK
21110929-14:12:37:1049702703=Enter CSCOPE_WORKER::WriteScopeCmd_Start() OK
21110929-14:12:37:1049702718=Enter CSCOPE_WORKER::Scope_Reset_CH_Before_Run() 
21110929-14:12:37:1049702734=Enter CSCOPE_COMM::resetScpComm()
21110929-14:12:37:1049702750=COMM_HCT::SetScopeDecoder
21110929-14:12:37:1049702765=Enter CSCOPE_COMM::resetScpComm() OK
21110929-14:12:37:1049702781=Sample rate=8000, ScopeTimeSec=1, PM_Data_Size=800, 
21110929-14:12:37:1049702796=CSCOPE_PACKET_PARSER::initAllocation(8)
21110929-14:12:37:1049702828=Enter CScope_Decoder::Setup_Paraer()
21110929-14:12:37:1049702843=Decide_CH_Get_Func() : CH[0] b32=1, CH_DataType=2 
21110929-14:12:37:1049702875=Decide_CH_Get_Func() : CH[1] b32=1, CH_DataType=2
21110929-14:12:37:1049702890=Decide_CH_Get_Func() : CH[2] b32=1, CH_DataType=2
21110929-14:12:37:1049702906=Decide_CH_Get_Func() : CH[3] b32=1, CH_DataType=2
21110929-14:12:37:1049702921=Decide_CH_Get_Func() : CH[4] b32=1, CH_DataType=2
21110929-14:12:37:1049702937=Decide_CH_Get_Func() : CH[5] b32=1, CH_DataType=2
21110929-14:12:38:1049702968=Decide_CH_Get_Func() : CH[6] b32=1, CH_DataType=2
21110929-14:12:38:1049703000=Decide_CH_Get_Func() : CH[7] b32=1, CH_DataType=2
21110929-14:12:38:1049703015=Enter CScope_Decoder::resetScpDecoder() OK
21110929-14:12:38:1049703046=Scope_Reset_CH_Before_Run() time=0, 47, 266, 0 
21110929-14:12:38:1049703078=Enter CSCOPE_WORKER::Scope_Reset_CH_Before_Run() OK
21110929-14:12:38:1049703093=Enter COMM_HCT::Write_N_RTU()
21110929-14:12:38:1049703109=Enter CSCOPE_WORKER::StartScope() OK
21110929-14:12:38:1049703140=Enter CASD_SCOPE::Scope_Run() OK! 
21110929-14:12:38:1049703156=Enter API ASD_Scope_Run() OK
21110929-14:12:43:1049708687=Enter API ASD_Scope_Stop() Port[0x00000006]
21110929-14:12:43:1049708703=Enter CASD_SCOPE::Scope_Stop()
21110929-14:12:43:1049708734=Enter CSCOPE_WORKER::StopScope()
21110929-14:12:43:1049708750=Enter CSCOPE_COMM::WriteScopeCmd_Stop()
21110929-14:12:43:1049708765=Enter CSCOPE_COMM::Close_ScpCmd()
21110929-14:12:43:1049708781=Enter CSCOPE_COMM::StopScope()
21110929-14:12:43:1049708796=Enter COMM_HCT::Write_N_RTU()
21110929-14:12:43:1049708843=Enter COMM_HCT::Write_N_RTU()
21110929-14:12:43:1049708875=mr_pCommASD->Write_N(3,8) time=16, 16
21110929-14:12:43:1049708890=Enter CSCOPE_COMM::StopScope() OK
21110929-14:12:43:1049708906=CSCOPE_COMM::Close_ScpCmd() time=125, 125
21110929-14:12:43:1049708921=Enter CSCOPE_COMM::Close_ScpCmd() OK
21110929-14:12:43:1049708937=Enter CSCOPE_COMM::WriteScopeCmd_Stop() OK
21110929-14:12:43:1049708953=Enter CSCOPE_WORKER::StopScope() OK
21110929-14:12:44:1049708968=Enter CASD_SCOPE::Scope_Stop() OK
21110929-14:12:44:1049708984= API ASD_Scope_Stop() OK
21110929-14:12:44:1049709890=Enter API ASD_Scope_Run() Port[0x00000006]
21110929-14:12:44:1049709906=Enter CASD_SCOPE::Scope_Run() 
21110929-14:12:44:1049709921=Enter CSCOPE_WORKER::StartScope() 
21110929-14:12:44:1049709937=Enter CSCOPE_WORKER::Scope_Write_Setting_Before_Run() 
21110929-14:12:44:1049709953=Enter CSCOPE_COMM::resetScpComm()
21110929-14:12:45:1049709968=COMM_HCT::SetScopeDecoder
21110929-14:12:45:1049709984=Enter CSCOPE_COMM::resetScpComm() OK
21110929-14:12:45:1049710000=CH[1] is 32Bit=1, CmdVal=0x0C598
21110929-14:12:45:1049710031=CH[2] is 32Bit=1, CmdVal=0x0C59A
21110929-14:12:45:1049710046=CH[3] is 32Bit=1, CmdVal=0x0C598
21110929-14:12:45:1049710062=CH[4] is 32Bit=1, CmdVal=0x0C59A
21110929-14:12:45:1049710078=CH[5] is 32Bit=1, CmdVal=0x0C59C
21110929-14:12:45:1049710093=CH[6] is 32Bit=1, CmdVal=0x0C5AA
21110929-14:12:45:1049710109=CH[7] is 32Bit=1, CmdVal=0x0C59C
21110929-14:12:45:1049710125=Enter CSCOPE_WORKER::Arrange_CH_32bit() OK
21110929-14:12:45:1049710171=Sample rate=8000, ScopeTimeSec=1, PM_Data_Size=800, 
21110929-14:12:45:1049710187=CSCOPE_PACKET_PARSER::initAllocation(8)
21110929-14:12:45:1049710218=Enter CScope_Decoder::Setup_Paraer()
21110929-14:12:45:1049710234=call PacketParser.Decide_CH_Get_Func() 
21110929-14:12:45:1049710250=Decide_CH_Get_Func() : CH[0] b32=1, CH_DataType=2
21110929-14:12:45:1049710265=Decide_CH_Get_Func() : CH[1] b32=1, CH_DataType=2
21110929-14:12:45:1049710281=Decide_CH_Get_Func() : CH[2] b32=1, CH_DataType=2
21110929-14:12:45:1049710296=Decide_CH_Get_Func() : CH[3] b32=1, CH_DataType=2
21110929-14:12:45:1049710328=Decide_CH_Get_Func() : CH[4] b32=1, CH_DataType=2
21110929-14:12:45:1049710343=Decide_CH_Get_Func() : CH[5] b32=1, CH_DataType=2
21110929-14:12:45:1049710359=Decide_CH_Get_Func() : CH[6] b32=1, CH_DataType=2
21110929-14:12:45:1049710390=Enter CScope_Decoder::resetScpDecoder() OK
21110929-14:12:45:1049710421=   call m_pScpCom->WriteScopeCmd_Start()
21110929-14:12:45:1049710437=CH1 P0-4 nCmdVal=0xC598(50584)

21110929-14:12:45:1049710453=Enter COMM_HCT::Write_N_RTU()
21110929-14:12:45:1049710468=CH2 P0-6 nCmdVal=0xC59A(50586)

21110929-14:12:45:1049710500=Enter COMM_HCT::Write_N_RTU()
21110929-14:12:45:1049710515=CH3 P0-5 nCmdVal=0xC598(50584)

21110929-14:12:45:1049710531=Enter COMM_HCT::Write_N_RTU()
21110929-14:12:45:1049710546=CH4 P0-7 nCmdVal=0xC59A(50586)

21110929-14:12:45:1049710562=Enter COMM_HCT::Write_N_RTU()
21110929-14:12:45:1049710593=CH5 P0-65 nCmdVal=0xC59C(50588)

21110929-14:12:45:1049710609=Enter COMM_HCT::Write_N_RTU()
21110929-14:12:45:1049710640=Enter COMM_HCT::Write_N_RTU()

21110929-14:12:45:1049710671=CH7 P0-66 nCmdVal=0xC59C(50588)

21110929-14:12:45:1049710687=Enter COMM_HCT::Write_N_RTU()
21110929-14:12:45:1049710703=CH8 P0-68 nCmdVal=0xC5AA(50602)

21110929-14:12:45:1049710718=Enter COMM_HCT::Write_N_RTU()
21110929-14:12:45:1049710750=Enter CSCOPE_COMM::Write_CH_Cmd() OK
21110929-14:12:45:1049710781=Enter CSCOPE_WORKER::WriteScopeCmd_Start() OK
21110929-14:12:45:1049710796=Enter CSCOPE_WORKER::Scope_Reset_CH_Before_Run() 
21110929-14:12:45:1049710812=Enter CSCOPE_COMM::resetScpComm()
21110929-14:12:45:1049710828=COMM_HCT::SetScopeDecoder
21110929-14:12:45:1049710843=Enter CSCOPE_COMM::resetScpComm() OK
21110929-14:12:45:1049710859=Sample rate=8000, ScopeTimeSec=1, PM_Data_Size=800, 
21110929-14:12:45:1049710875=CSCOPE_PACKET_PARSER::initAllocation(8)
21110929-14:12:45:1049710906=Enter CScope_Decoder::Setup_Paraer()
21110929-14:12:45:1049710937=call PacketParser.Decide_CH_Get_Func() 
21110929-14:12:45:1049710953=Decide_CH_Get_Func() : CH[0] b32=1, CH_DataType=2
21110929-14:12:46:1049710984=Decide_CH_Get_Func() : CH[1] b32=1, CH_DataType=2
21110929-14:12:46:1049711000=Decide_CH_Get_Func() : CH[2] b32=1, CH_DataType=2
21110929-14:12:46:1049711015=Decide_CH_Get_Func() : CH[3] b32=1, CH_DataType=2
21110929-14:12:46:1049711031=Decide_CH_Get_Func() : CH[4] b32=1, CH_DataType=2
21110929-14:12:46:1049711046=Decide_CH_Get_Func() : CH[5] b32=1, CH_DataType=2
21110929-14:12:46:1049711062=Decide_CH_Get_Func() : CH[6] b32=1, CH_DataType=2
21110929-14:12:46:1049711078=Enter CScope_Decoder::resetScpDecoder() OK
21110929-14:12:46:1049711109=Scope_Reset_CH_Before_Run() time=0, 47, 250, 0 
21110929-14:12:46:1049711125=Enter CSCOPE_WORKER::Scope_Reset_CH_Before_Run() OK
21110929-14:12:46:1049711140=Enter COMM_HCT::Write_N_RTU()
21110929-14:12:46:1049711156=Enter CSCOPE_WORKER::StartScope() OK
21110929-14:12:46:1049711171=Enter CASD_SCOPE::Scope_Run() OK! 
21110929-14:12:46:1049711187=Enter API ASD_Scope_Run() OK
AppStart1049868859=21110929-14:15:23 : APP StartDLL() 1.1.0.10(build20210909)
21110929-14:15:23:1049868890=Enter API ASD_Allocate_Scope() Port[0x00000006]  Ver=1.1.0.10(build20210909)
21110929-14:15:24:1049868968=Port Allocated OK!
21110929-14:15:24:1049869000=Enter API ASD_Open_COMM_HCTL() Com[6]
21110929-14:15:24:1049869015=DDBUG CCOMM_THREAD::start_thread  1
21110929-14:15:24:1049869046=S2 COMM_HCTL::Com_Thread_Start() enter loop......

21110929-14:15:24:1049869078=Enter CASD_SCOPE::SetCommObject()
21110929-14:15:24:1049869171=initCommScope(): Dev(3, 7, 3), ScoptType=501, CH_Size=8, 
21110929-14:15:24:1049869203=Scope_Second=1, Base_Second=20, nBufSize=160001, new_dDSP_Data_Ts=0.125000, strTimeFormat=%0.3f(ms)
21110929-14:15:47:1049891968=Enter API ASD_Scope_Run() Port[0x00000006]
21110929-14:15:47:1049891984=Enter CASD_SCOPE::Scope_Run() 
21110929-14:15:47:1049892015=Enter CSCOPE_WORKER::StartScope() 
21110929-14:15:47:1049892031=Enter CSCOPE_WORKER::Scope_Write_Setting_Before_Run() 
21110929-14:15:47:1049892046=Enter CSCOPE_COMM::resetScpComm()
21110929-14:15:47:1049892062=COMM_HCT::SetScopeDecoder
21110929-14:15:47:1049892078=Enter CSCOPE_COMM::resetScpComm() OK
21110929-14:15:47:1049892093=CH[1] is 32Bit=1, CmdVal=0x0C598
21110929-14:15:47:1049892125=CH[2] is 32Bit=1, CmdVal=0x0C59A
21110929-14:15:47:1049892140=CH[3] is 32Bit=1, CmdVal=0x0C598
21110929-14:15:47:1049892156=CH[4] is 32Bit=1, CmdVal=0x0C59A
21110929-14:15:47:1049892171=CH[5] is 32Bit=1, CmdVal=0x0C59C
21110929-14:15:47:1049892187=CH[6] is 32Bit=1, CmdVal=0x0C5AA
21110929-14:15:47:1049892203=CH[7] is 32Bit=1, CmdVal=0x0C59C
21110929-14:15:47:1049892218=Enter CSCOPE_WORKER::Arrange_CH_32bit() OK
21110929-14:15:47:1049892265=Enter CScope_Decoder::resetScpDecoder() 
21110929-14:15:47:1049892281=Sample rate=8000, ScopeTimeSec=1, PM_Data_Size=800,
21110929-14:15:47:1049892296=CSCOPE_PACKET_PARSER::initAllocation(8)
21110929-14:15:47:1049892328=Enter CScope_Decoder::Setup_Paraer()
21110929-14:15:47:1049892343=Decide_CH_Get_Func() : CH[0] b32=1, CH_DataType=2 
21110929-14:15:47:1049892375=Decide_CH_Get_Func() : CH[1] b32=1, CH_DataType=2
21110929-14:15:47:1049892406=Decide_CH_Get_Func() : CH[2] b32=1, CH_DataType=2
21110929-14:15:47:1049892421=Decide_CH_Get_Func() : CH[3] b32=1, CH_DataType=2
21110929-14:15:47:1049892437=Decide_CH_Get_Func() : CH[4] b32=1, CH_DataType=2
21110929-14:15:47:1049892468=Decide_CH_Get_Func() : CH[5] b32=1, CH_DataType=2
21110929-14:15:47:1049892484=Decide_CH_Get_Func() : CH[6] b32=1, CH_DataType=2
21110929-14:15:47:1049892500=Enter CScope_Decoder::resetScpDecoder() OK
21110929-14:15:47:1049892531=   call m_pScpCom->WriteScopeCmd_Start()
21110929-14:15:47:1049892546=Enter CSCOPE_COMM::Write_CH_Cmd()
21110929-14:15:47:1049892562=CH1 P0-4 nCmdVal=0xC598(50584)

21110929-14:15:47:1049892578=Enter COMM_HCT::Write_N_RTU()
21110929-14:15:47:1049892593=CH2 P0-6 nCmdVal=0xC59A(50586)

21110929-14:15:47:1049892609=Enter COMM_HCT::Write_N_RTU()
21110929-14:15:47:1049892640=CH3 P0-5 nCmdVal=0xC598(50584)

21110929-14:15:47:1049892656=Enter COMM_HCT::Write_N_RTU()
21110929-14:15:47:1049892671=CH4 P0-7 nCmdVal=0xC59A(50586)

21110929-14:15:47:1049892687=Enter COMM_HCT::Write_N_RTU()
21110929-14:15:47:1049892718=CH5 P0-65 nCmdVal=0xC59C(50588)

21110929-14:15:47:1049892734=Enter COMM_HCT::Write_N_RTU()
21110929-14:15:47:1049892750=CH6 P0-67 nCmdVal=0xC5AA(50602)

21110929-14:15:47:1049892765=Enter COMM_HCT::Write_N_RTU()
21110929-14:15:47:1049892796=CH7 P0-66 nCmdVal=0xC59C(50588)

21110929-14:15:47:1049892812=Enter COMM_HCT::Write_N_RTU()
21110929-14:15:47:1049892828=CH8 P0-68 nCmdVal=0xC5AA(50602)

21110929-14:15:47:1049892843=Enter COMM_HCT::Write_N_RTU()
21110929-14:15:47:1049892875=Enter CSCOPE_COMM::Write_CH_Cmd() OK
21110929-14:15:47:1049892906=Enter CSCOPE_WORKER::WriteScopeCmd_Start() OK
21110929-14:15:47:1049892921=Enter CSCOPE_WORKER::Scope_Reset_CH_Before_Run() 
21110929-14:15:47:1049892937=Enter CSCOPE_COMM::resetScpComm()
21110929-14:15:47:1049892953=COMM_HCT::SetScopeDecoder
21110929-14:15:48:1049892968=Enter CSCOPE_COMM::resetScpComm() OK
21110929-14:15:48:1049892984=Enter CScope_Decoder::resetScpDecoder() 
21110929-14:15:48:1049893000=Sample rate=8000, ScopeTimeSec=1, PM_Data_Size=800,
21110929-14:15:48:1049893015=CSCOPE_PACKET_PARSER::initAllocation(8)
21110929-14:15:48:1049893046=Enter CScope_Decoder::Setup_Paraer()
21110929-14:15:48:1049893078=call PacketParser.Decide_CH_Get_Func() 
21110929-14:15:48:1049893093=Decide_CH_Get_Func() : CH[0] b32=1, CH_DataType=2
21110929-14:15:48:1049893109=Decide_CH_Get_Func() : CH[1] b32=1, CH_DataType=2
21110929-14:15:48:1049893125=Decide_CH_Get_Func() : CH[2] b32=1, CH_DataType=2
21110929-14:15:48:1049893140=Decide_CH_Get_Func() : CH[3] b32=1, CH_DataType=2
21110929-14:15:48:1049893156=Decide_CH_Get_Func() : CH[4] b32=1, CH_DataType=2
21110929-14:15:48:1049893171=Decide_CH_Get_Func() : CH[5] b32=1, CH_DataType=2
21110929-14:15:48:1049893187=Decide_CH_Get_Func() : CH[6] b32=1, CH_DataType=2
21110929-14:15:48:1049893203=Enter CScope_Decoder::resetScpDecoder() OK
21110929-14:15:48:1049893234=Scope_Reset_CH_Before_Run() time=0, 47, 250, 0 
21110929-14:15:48:1049893250=Enter CSCOPE_WORKER::Scope_Reset_CH_Before_Run() OK
21110929-14:15:48:1049893265=Enter COMM_HCT::Write_N_RTU()
21110929-14:15:48:1049893296=Enter CSCOPE_WORKER::StartScope() OK
21110929-14:15:48:1049893312=Enter CASD_SCOPE::Scope_Run() OK! 
21110929-14:15:48:1049893328=Enter API ASD_Scope_Run() OK
