[Trace]
AppStart2229468=21131002-8:50:27 : APP StartDLL() 1.1.0.10(build20210909)
21131002-8:50:27:2229468=Enter API ASD_Allocate_Scope() Port[0x00000003]  Ver=1.1.0.10(build20210909)
21131002-8:50:27:2229546=Port Allocated OK!
21131002-8:50:27:2229578=Enter API ASD_Open_COMM_HCTL() Com[3]
21131002-8:50:27:2229593=ASD_Open_COMM_HCTL() exception! :Open HCTL COMM failed!
AppStart2234875=21131002-8:50:32 : APP StartDLL() 1.1.0.10(build20210909)
21131002-8:50:32:2234890=Enter API ASD_Allocate_Scope() Port[0x00000003]  Ver=1.1.0.10(build20210909)
21131002-8:50:32:2234906=Port Allocated OK!
21131002-8:50:32:2234921=Enter API ASD_Open_COMM_HCTL() Com[3]
21131002-8:50:32:2234937=ASD_Open_COMM_HCTL() exception! :Open HCTL COMM failed!
AppStart2242250=21131002-8:50:39 : APP StartDLL() 1.1.0.10(build20210909)
21131002-8:50:39:2242265=Enter API ASD_Allocate_Scope() Port[0x00000003]  Ver=1.1.0.10(build20210909)
21131002-8:50:39:2242281=Port Allocated OK!
21131002-8:50:39:2242296=Enter API ASD_Open_COMM_HCTL() Com[3]
21131002-8:50:39:2242312=DDBUG CCOMM_THREAD::start_thread  1
21131002-8:50:40:2242328=S2 COMM_HCTL::Com_Thread_Start() enter loop......

21131002-8:50:40:2242359=Enter CASD_SCOPE::SetCommObject()
21131002-8:50:40:2242531=initCommScope(): Dev(3, 7, 0), ScoptType=501, CH_Size=8, 
21131002-8:50:40:2242562=Scope_Second=1, Base_Second=20, nBufSize=160001, new_dDSP_Data_Ts=0.125000, strTimeFormat=%0.3f(ms)
21131002-8:50:40:2242593=Enter CASD_SCOPE::Scope_Write_Settings() 
21131002-8:50:40:2242609=Enter CSCOPE_WORKER::Scope_Write_Setting_Before_Run() 
21131002-8:50:40:2242625=Enter CSCOPE_COMM::resetScpComm()
21131002-8:50:40:2242640=COMM_HCT::SetScopeDecoder
21131002-8:50:40:2242656=Enter CSCOPE_COMM::resetScpComm() OK
21131002-8:50:40:2242671=Enter CSCOPE_WORKER::Arrange_CH_32bit()
21131002-8:50:40:2242703=CH[1] is 32Bit=1, CmdVal=0x0C698
21131002-8:50:40:2242734=CH[2] is 32Bit=1, CmdVal=0x0C69A
21131002-8:50:40:2242750=CH[3] is 32Bit=1, CmdVal=0x0C698
21131002-8:50:40:2242765=CH[4] is 32Bit=1, CmdVal=0x0C69A
21131002-8:50:40:2242796=CH[5] is 32Bit=1, CmdVal=0x0C69C
21131002-8:50:40:2242812=CH[6] is 32Bit=1, CmdVal=0x0C6AA
21131002-8:50:40:2242843=CH[7] is 32Bit=1, CmdVal=0x0C69C
21131002-8:50:40:2242859=Enter CSCOPE_WORKER::Arrange_CH_32bit() OK
21131002-8:50:40:2242890=Sample rate=8000, ScopeTimeSec=1, PM_Data_Size=800, 
21131002-8:50:40:2242906=CSCOPE_PACKET_PARSER::initAllocation(8)
21131002-8:50:40:2242921=Enter CScope_Decoder::Setup_Paraer()
21131002-8:50:40:2242937=Decide_CH_Get_Func() : CH[0] b32=1, CH_DataType=2 
21131002-8:50:40:2242968=Decide_CH_Get_Func() : CH[1] b32=1, CH_DataType=2
21131002-8:50:40:2242984=Decide_CH_Get_Func() : CH[2] b32=1, CH_DataType=2
21131002-8:50:40:2243000=Decide_CH_Get_Func() : CH[3] b32=1, CH_DataType=2
21131002-8:50:40:2243015=Decide_CH_Get_Func() : CH[4] b32=1, CH_DataType=2
21131002-8:50:40:2243031=Decide_CH_Get_Func() : CH[5] b32=1, CH_DataType=2
21131002-8:50:40:2243046=Decide_CH_Get_Func() : CH[6] b32=1, CH_DataType=2
21131002-8:50:40:2243062=Enter CScope_Decoder::resetScpDecoder() OK
21131002-8:50:40:2243078=   call m_pScpCom->WriteScopeCmd_Start()
21131002-8:50:40:2243093=Enter CSCOPE_COMM::Write_CH_Cmd()
21131002-8:50:40:2243109=CH1 P0-4 nCmdVal=0xC698(50840)

21131002-8:50:40:2243125=CH2 P0-6 nCmdVal=0xC69A(50842)

21131002-8:50:40:2243140=Enter COMM_HCT::Write_N_RTU()
21131002-8:50:40:2243156=Enter COMM_HCT::Write_N_RTU()

21131002-8:50:40:2243171=CH4 P0-7 nCmdVal=0xC69A(50842)

21131002-8:50:40:2243187=CH5 P0-65 nCmdVal=0xC69C(50844)

21131002-8:50:40:2243203=Enter COMM_HCT::Write_N_RTU()
21131002-8:50:40:2243234=CH6 P0-67 nCmdVal=0xC6AA(50858)

21131002-8:50:40:2243250=CH7 P0-66 nCmdVal=0xC69C(50844)

21131002-8:50:40:2243265=Enter COMM_HCT::Write_N_RTU()
21131002-8:50:40:2243281=CH8 P0-68 nCmdVal=0xC6AA(50858)

21131002-8:50:40:2243296=Enter COMM_HCT::Write_N_RTU()
21131002-8:50:41:2243312=Enter CSCOPE_COMM::Write_CH_Cmd() OK
21131002-8:50:41:2243328=Enter CSCOPE_WORKER::WriteScopeCmd_Start() OK
21131002-8:50:41:2243343=Enter CASD_SCOPE::Scope_Run() OK! 
21131002-8:50:41:2243359=Enter API ASD_Scope_Run() OK
21131002-8:50:44:2246359=Enter API ASD_Scope_Reset_Before_Run() Port[0x00000003]
21131002-8:50:44:2246375=Enter CASD_SCOPE::Scope_Reset_Before_Run() 
21131002-8:50:44:2246406=Enter CSCOPE_WORKER::Scope_Reset_CH_Before_Run() 
21131002-8:50:44:2246437=Enter CSCOPE_COMM::resetScpComm()
21131002-8:50:44:2246453=COMM_HCT::SetScopeDecoder
21131002-8:50:44:2246468=Enter CSCOPE_COMM::resetScpComm() OK
21131002-8:50:44:2246484=Sample rate=8000, ScopeTimeSec=1, PM_Data_Size=800, 
21131002-8:50:44:2246500=CSCOPE_PACKET_PARSER::initAllocation(8)
21131002-8:50:44:2246531=Enter CScope_Decoder::Setup_Paraer()
21131002-8:50:44:2246546=Decide_CH_Get_Func() : CH[0] b32=1, CH_DataType=2 
21131002-8:50:44:2246578=Decide_CH_Get_Func() : CH[1] b32=1, CH_DataType=2
21131002-8:50:44:2246593=Decide_CH_Get_Func() : CH[2] b32=1, CH_DataType=2
21131002-8:50:44:2246609=Decide_CH_Get_Func() : CH[3] b32=1, CH_DataType=2
21131002-8:50:44:2246625=Decide_CH_Get_Func() : CH[4] b32=1, CH_DataType=2
21131002-8:50:44:2246640=Decide_CH_Get_Func() : CH[5] b32=1, CH_DataType=2
21131002-8:50:44:2246656=Decide_CH_Get_Func() : CH[6] b32=1, CH_DataType=2
21131002-8:50:44:2246671=Enter CScope_Decoder::resetScpDecoder() OK
21131002-8:50:44:2246703=Scope_Reset_CH_Before_Run() time=0, 47, 219, 0 
21131002-8:50:44:2246734=Enter CSCOPE_WORKER::Scope_Reset_CH_Before_Run() OK
21131002-8:50:44:2246781=Enter CASD_SCOPE::Scope_Reset_Before_Run() OK! 
21131002-8:50:44:2246796=ASD_Scope_Reset_Before_Run() time=0, 406
21131002-8:50:44:2246828=ASD_Scope_Reset_Before_Run() OK
21131002-8:50:44:2246859=Enter COMM_HCT::Write_N_RTU()
21131002-8:50:52:2254515=Enter COMM_HCT::Write_N_RTU()
21131002-8:51:8:2270421=Enter API ASD_Scope_Stop() Port[0x00000003]
21131002-8:51:8:2270437=Enter CASD_SCOPE::Scope_Stop()
21131002-8:51:8:2270468=Enter CSCOPE_WORKER::StopScope()
21131002-8:51:8:2270484=Enter CSCOPE_COMM::WriteScopeCmd_Stop()
21131002-8:51:8:2270500=Enter CSCOPE_COMM::Close_ScpCmd()
21131002-8:51:8:2270515=Enter CSCOPE_COMM::StopScope()
21131002-8:51:8:2270531=Enter COMM_HCT::Write_N_RTU()
21131002-8:51:8:2270593=Enter COMM_HCT::Write_N_RTU()
21131002-8:51:8:2270609=mr_pCommASD->Write_N(3,8) time=0, 0
21131002-8:51:8:2270625=Enter CSCOPE_COMM::StopScope() OK
21131002-8:51:8:2270640=CSCOPE_COMM::Close_ScpCmd() time=125, 125
21131002-8:51:8:2270656=Enter CSCOPE_COMM::Close_ScpCmd() OK
21131002-8:51:8:2270671=Enter CSCOPE_COMM::WriteScopeCmd_Stop() OK
21131002-8:51:8:2270687=Enter CSCOPE_WORKER::StopScope() OK
21131002-8:51:8:2270703=Enter CASD_SCOPE::Scope_Stop() OK
21131002-8:51:8:2270718=Enter API ASD_Scope_Reset_Before_Run() Port[0x00000003]
21131002-8:51:8:2270734=Enter CASD_SCOPE::Scope_Reset_Before_Run() 
21131002-8:51:8:2270750=Enter CSCOPE_WORKER::Scope_Reset_CH_Before_Run() 
21131002-8:51:8:2270765=Enter CSCOPE_COMM::resetScpComm()
21131002-8:51:8:2270781=COMM_HCT::SetScopeDecoder
21131002-8:51:8:2270796=Enter CSCOPE_COMM::resetScpComm() OK
21131002-8:51:8:2270812=Sample rate=8000, ScopeTimeSec=1, PM_Data_Size=800, 
21131002-8:51:8:2270828=CSCOPE_PACKET_PARSER::initAllocation(8)
21131002-8:51:8:2270843=Enter CScope_Decoder::Setup_Paraer()
21131002-8:51:8:2270859=Decide_CH_Get_Func() : CH[0] b32=1, CH_DataType=2 
21131002-8:51:8:2270890=Decide_CH_Get_Func() : CH[1] b32=1, CH_DataType=2
21131002-8:51:8:2270906=Decide_CH_Get_Func() : CH[2] b32=1, CH_DataType=2
21131002-8:51:8:2270921=Decide_CH_Get_Func() : CH[3] b32=1, CH_DataType=2
21131002-8:51:8:2270937=Decide_CH_Get_Func() : CH[4] b32=1, CH_DataType=2
21131002-8:51:8:2270953=Decide_CH_Get_Func() : CH[5] b32=1, CH_DataType=2
21131002-8:51:8:2270968=Decide_CH_Get_Func() : CH[6] b32=1, CH_DataType=2
21131002-8:51:8:2270984=Enter CScope_Decoder::resetScpDecoder() OK
21131002-8:51:8:2271015=Scope_Reset_CH_Before_Run() time=0, 46, 204, 0 
21131002-8:51:8:2271031=Enter CSCOPE_WORKER::Scope_Reset_CH_Before_Run() OK
21131002-8:51:8:2271046=Enter CASD_SCOPE::Scope_Reset_Before_Run() OK! 
21131002-8:51:8:2271062=ASD_Scope_Reset_Before_Run() time=0, 312
21131002-8:51:8:2271078=ASD_Scope_Reset_Before_Run() OK
21131002-8:52:25:2348218=Enter COMM_HCT::Write_N_RTU()
21131002-8:52:42:2364343=Enter API ASD_Scope_Stop() Port[0x00000003]
21131002-8:52:42:2364359=Enter CASD_SCOPE::Scope_Stop()
21131002-8:52:42:2364375=Enter CSCOPE_WORKER::StopScope()
21131002-8:52:42:2364390=Enter CSCOPE_COMM::WriteScopeCmd_Stop()
21131002-8:52:42:2364406=Enter CSCOPE_COMM::Close_ScpCmd()
21131002-8:52:42:2364421=Enter CSCOPE_COMM::StopScope()
21131002-8:52:42:2364437=Enter COMM_HCT::Write_N_RTU()
21131002-8:52:42:2364484=Enter COMM_HCT::Write_N_RTU()
21131002-8:52:42:2364515=mr_pCommASD->Write_N(3,8) time=16, 16
21131002-8:52:42:2364531=Enter CSCOPE_COMM::StopScope() OK
21131002-8:52:42:2364546=CSCOPE_COMM::Close_ScpCmd() time=125, 125
21131002-8:52:42:2364562=Enter CSCOPE_COMM::Close_ScpCmd() OK
21131002-8:52:42:2364578=Enter CSCOPE_COMM::WriteScopeCmd_Stop() OK
21131002-8:52:42:2364593=Enter CSCOPE_WORKER::StopScope() OK
21131002-8:52:42:2364609=Enter CASD_SCOPE::Scope_Stop() OK
21131002-8:52:42:2364625=Enter API ASD_Scope_Reset_Before_Run() Port[0x00000003]
21131002-8:52:42:2364640=Enter CASD_SCOPE::Scope_Reset_Before_Run() 
21131002-8:52:42:2364656=Enter CSCOPE_WORKER::Scope_Reset_CH_Before_Run() 
21131002-8:52:42:2364671=Enter CSCOPE_COMM::resetScpComm()
21131002-8:52:42:2364687=COMM_HCT::SetScopeDecoder
21131002-8:52:42:2364703=Enter CSCOPE_COMM::resetScpComm() OK
21131002-8:52:42:2364718=Sample rate=8000, ScopeTimeSec=1, PM_Data_Size=800, 
21131002-8:52:42:2364734=CSCOPE_PACKET_PARSER::initAllocation(8)
21131002-8:52:42:2364750=Enter CScope_Decoder::Setup_Paraer()
21131002-8:52:42:2364765=Decide_CH_Get_Func() : CH[0] b32=1, CH_DataType=2 
21131002-8:52:42:2364796=Decide_CH_Get_Func() : CH[1] b32=1, CH_DataType=2
21131002-8:52:42:2364812=Decide_CH_Get_Func() : CH[2] b32=1, CH_DataType=2
21131002-8:52:42:2364828=Decide_CH_Get_Func() : CH[3] b32=1, CH_DataType=2
21131002-8:52:42:2364843=Decide_CH_Get_Func() : CH[4] b32=1, CH_DataType=2
21131002-8:52:42:2364859=Decide_CH_Get_Func() : CH[5] b32=1, CH_DataType=2
21131002-8:52:42:2364875=Decide_CH_Get_Func() : CH[6] b32=1, CH_DataType=2
21131002-8:52:42:2364890=Enter CScope_Decoder::resetScpDecoder() OK
21131002-8:52:42:2364906=Scope_Reset_CH_Before_Run() time=0, 47, 187, 0 
21131002-8:52:42:2364921=Enter CSCOPE_WORKER::Scope_Reset_CH_Before_Run() OK
21131002-8:52:42:2364937=Enter CASD_SCOPE::Scope_Reset_Before_Run() OK! 
21131002-8:52:42:2364953=ASD_Scope_Reset_Before_Run() time=0, 312
21131002-8:52:42:2364968=ASD_Scope_Reset_Before_Run() OK
21131002-8:52:55:2377468=Enter COMM_HCT::Write_N_RTU()
21131002-8:53:28:2410828=Enter API ASD_Scope_Stop() Port[0x00000003]
21131002-8:53:28:2410843=Enter CASD_SCOPE::Scope_Stop()
21131002-8:53:28:2410859=Enter CSCOPE_WORKER::StopScope()
21131002-8:53:28:2410906=Enter CSCOPE_COMM::WriteScopeCmd_Stop()
21131002-8:53:28:2410921=Enter CSCOPE_COMM::Close_ScpCmd()
21131002-8:53:28:2410937=Enter CSCOPE_COMM::StopScope()
21131002-8:53:28:2410968=Enter COMM_HCT::Write_N_RTU()
21131002-8:53:28:2411046=Enter COMM_HCT::Write_N_RTU()
21131002-8:53:28:2411109=mr_pCommASD->Write_N(3,8) time=47, 47
21131002-8:53:28:2411140=Enter CSCOPE_COMM::StopScope() OK
21131002-8:53:28:2411156=CSCOPE_COMM::Close_ScpCmd() time=219, 219
21131002-8:53:28:2411171=Enter CSCOPE_COMM::Close_ScpCmd() OK
21131002-8:53:28:2411187=Enter CSCOPE_COMM::WriteScopeCmd_Stop() OK
21131002-8:53:28:2411234=Enter CSCOPE_WORKER::StopScope() OK
21131002-8:53:28:2411250=Enter CASD_SCOPE::Scope_Stop() OK
21131002-8:53:28:2411265=Enter API ASD_Close_COMM() Port[0x00000003]
21131002-8:53:28:2411312=Call CASD_SCOPE::Close_COMM()
21131002-8:53:29:2411312=COMM_HCTL::Com_Thread_Start() loop end! 

21131002-8:53:29:2411359=Enter API ASD_Free_Scope() Port[0x00000003]
21131002-8:53:29:2411390=Call CASD_SCOPE::Close_COMM()
21131002-8:53:29:2411406=Call CASD_SCOPE::Close_COMM()
AppEnd2411421=21131002-8:53:29 : call EndLog Port[0x00000003]
AppStart5879812=21131002-11:18:12 : APP StartDLL() 1.1.0.10(build20210909)
21131002-11:18:12:5879843=Enter API ASD_Allocate_Scope() Port[0x00000003]  Ver=1.1.0.10(build20210909)
21131002-11:18:12:5879953=Port Allocated OK!
21131002-11:18:12:5879984=Enter API ASD_Open_COMM_HCTL() Com[3]
21131002-11:18:12:5880015=ASD_Open_COMM_HCTL() exception! :Open HCTL COMM failed!
AppStart5885812=21131002-11:18:18 : APP StartDLL() 1.1.0.10(build20210909)
21131002-11:18:18:5885828=Enter API ASD_Allocate_Scope() Port[0x00000003]  Ver=1.1.0.10(build20210909)
21131002-11:18:18:5885859=Port Allocated OK!
21131002-11:18:18:5885875=Enter API ASD_Open_COMM_HCTL() Com[3]
21131002-11:18:18:5885890=DDBUG CCOMM_THREAD::start_thread  1
21131002-11:18:18:5885921=S2 COMM_HCTL::Com_Thread_Start() enter loop......

21131002-11:18:18:5885937=Enter CASD_SCOPE::SetCommObject()
21131002-11:18:18:5886031=initCommScope(): Dev(3, 7, 0), ScoptType=501, CH_Size=8, 
21131002-11:18:18:5886046=Scope_Second=1, Base_Second=20, nBufSize=160001, new_dDSP_Data_Ts=0.125000, strTimeFormat=%0.3f(ms)
21131002-11:18:18:5886078=Enter CASD_SCOPE::Scope_Write_Settings() 
21131002-11:18:18:5886093=Enter CSCOPE_WORKER::Scope_Write_Setting_Before_Run() 
21131002-11:18:18:5886109=Enter CSCOPE_COMM::resetScpComm()
21131002-11:18:18:5886125=COMM_HCT::SetScopeDecoder
21131002-11:18:18:5886140=Enter CSCOPE_COMM::resetScpComm() OK
21131002-11:18:18:5886156=CH[1] is 32Bit=1, CmdVal=0x0C698
21131002-11:18:18:5886187=CH[2] is 32Bit=1, CmdVal=0x0C69A
21131002-11:18:18:5886203=CH[3] is 32Bit=1, CmdVal=0x0C698
21131002-11:18:18:5886218=CH[4] is 32Bit=1, CmdVal=0x0C69A
21131002-11:18:18:5886234=CH[5] is 32Bit=1, CmdVal=0x0C69C
21131002-11:18:18:5886250=CH[6] is 32Bit=1, CmdVal=0x0C6AA
21131002-11:18:18:5886265=CH[7] is 32Bit=1, CmdVal=0x0C69C
21131002-11:18:18:5886281=Enter CSCOPE_WORKER::Arrange_CH_32bit() OK
21131002-11:18:18:5886312=Sample rate=8000, ScopeTimeSec=1, PM_Data_Size=800, 
21131002-11:18:18:5886328=CSCOPE_PACKET_PARSER::initAllocation(8)
21131002-11:18:18:5886343=Enter CScope_Decoder::Setup_Paraer()
21131002-11:18:18:5886359=Decide_CH_Get_Func() : CH[0] b32=1, CH_DataType=2 
21131002-11:18:18:5886375=Decide_CH_Get_Func() : CH[1] b32=1, CH_DataType=2
21131002-11:18:18:5886390=Decide_CH_Get_Func() : CH[2] b32=1, CH_DataType=2
21131002-11:18:18:5886406=Decide_CH_Get_Func() : CH[3] b32=1, CH_DataType=2
21131002-11:18:19:5886421=Decide_CH_Get_Func() : CH[4] b32=1, CH_DataType=2
21131002-11:18:19:5886437=Decide_CH_Get_Func() : CH[5] b32=1, CH_DataType=2
21131002-11:18:19:5886453=Decide_CH_Get_Func() : CH[6] b32=1, CH_DataType=2
21131002-11:18:19:5886468=Enter CScope_Decoder::resetScpDecoder() OK
21131002-11:18:19:5886484=   call m_pScpCom->WriteScopeCmd_Start()
21131002-11:18:19:5886500=CH1 P0-4 nCmdVal=0xC698(50840)

21131002-11:18:19:5886515=Enter COMM_HCT::Write_N_RTU()
21131002-11:18:19:5886531=Enter COMM_HCT::Write_N_RTU()

21131002-11:18:19:5886546=CH3 P0-5 nCmdVal=0xC698(50840)

21131002-11:18:19:5886562=CH4 P0-7 nCmdVal=0xC69A(50842)

21131002-11:18:19:5886578=CH5 P0-65 nCmdVal=0xC69C(50844)

21131002-11:18:19:5886593=Enter COMM_HCT::Write_N_RTU()
21131002-11:18:19:5886609=Enter COMM_HCT::Write_N_RTU()

21131002-11:18:19:5886625=Enter COMM_HCT::Write_N_RTU()

21131002-11:18:19:5886640=CH8 P0-68 nCmdVal=0xC6AA(50858)

21131002-11:18:19:5886656=Enter COMM_HCT::Write_N_RTU()
21131002-11:18:19:5886671=Enter CSCOPE_COMM::Write_CH_Cmd() OK
21131002-11:18:19:5886687=Enter CSCOPE_WORKER::WriteScopeCmd_Start() OK
21131002-11:18:19:5886703=Enter CASD_SCOPE::Scope_Run() OK! 
21131002-11:18:19:5886718=Enter API ASD_Scope_Run() OK
21131002-11:18:21:5889015=Enter API ASD_Scope_Reset_Before_Run() Port[0x00000003]
21131002-11:18:21:5889031=Enter CASD_SCOPE::Scope_Reset_Before_Run() 
21131002-11:18:21:5889062=Enter CSCOPE_WORKER::Scope_Reset_CH_Before_Run() 
21131002-11:18:21:5889078=Enter CSCOPE_COMM::resetScpComm()
21131002-11:18:21:5889093=COMM_HCT::SetScopeDecoder
21131002-11:18:21:5889109=Enter CSCOPE_COMM::resetScpComm() OK
21131002-11:18:21:5889125=Sample rate=8000, ScopeTimeSec=1, PM_Data_Size=800, 
21131002-11:18:21:5889140=CSCOPE_PACKET_PARSER::initAllocation(8)
21131002-11:18:21:5889156=Enter CScope_Decoder::Setup_Paraer()
21131002-11:18:21:5889171=Decide_CH_Get_Func() : CH[0] b32=1, CH_DataType=2 
21131002-11:18:21:5889203=Decide_CH_Get_Func() : CH[1] b32=1, CH_DataType=2
21131002-11:18:21:5889218=Decide_CH_Get_Func() : CH[2] b32=1, CH_DataType=2
21131002-11:18:21:5889234=Decide_CH_Get_Func() : CH[3] b32=1, CH_DataType=2
21131002-11:18:21:5889250=Decide_CH_Get_Func() : CH[4] b32=1, CH_DataType=2
21131002-11:18:21:5889265=Decide_CH_Get_Func() : CH[5] b32=1, CH_DataType=2
21131002-11:18:21:5889281=Decide_CH_Get_Func() : CH[6] b32=1, CH_DataType=2
21131002-11:18:21:5889296=Enter CScope_Decoder::resetScpDecoder() OK
21131002-11:18:21:5889328=Scope_Reset_CH_Before_Run() time=0, 47, 203, 0 
21131002-11:18:21:5889343=Enter CSCOPE_WORKER::Scope_Reset_CH_Before_Run() OK
21131002-11:18:21:5889359=Enter CASD_SCOPE::Scope_Reset_Before_Run() OK! 
21131002-11:18:21:5889375=ASD_Scope_Reset_Before_Run() time=0, 328
21131002-11:18:21:5889390=ASD_Scope_Reset_Before_Run() OK
21131002-11:18:21:5889406=Enter COMM_HCT::Write_N_RTU()
21131002-11:18:30:5897890=Enter COMM_HCT::Write_N_RTU()
21131002-11:19:1:5928906=Enter CASD_SCOPE::Scope_Stop()
21131002-11:19:1:5928937=Enter CSCOPE_WORKER::StopScope()
21131002-11:19:1:5928953=Enter CSCOPE_COMM::WriteScopeCmd_Stop()
21131002-11:19:1:5928968=Enter CSCOPE_COMM::Close_ScpCmd()
21131002-11:19:1:5928984=Enter CSCOPE_COMM::StopScope()
21131002-11:19:1:5929000=Enter COMM_HCT::Write_N_RTU()
21131002-11:19:1:5929062=Enter COMM_HCT::Write_N_RTU()
21131002-11:19:1:5929078=mr_pCommASD->Write_N(3,8) time=0, 0
21131002-11:19:1:5929093=Enter CSCOPE_COMM::StopScope() OK
21131002-11:19:1:5929109=CSCOPE_COMM::Close_ScpCmd() time=125, 125
21131002-11:19:1:5929125=Enter CSCOPE_COMM::Close_ScpCmd() OK
21131002-11:19:1:5929140=Enter CSCOPE_COMM::WriteScopeCmd_Stop() OK
21131002-11:19:1:5929156=Enter CSCOPE_WORKER::StopScope() OK
21131002-11:19:1:5929171=Enter CASD_SCOPE::Scope_Stop() OK
21131002-11:19:1:5929187=Enter API ASD_Scope_Reset_Before_Run() Port[0x00000003]
21131002-11:19:1:5929203=Enter CASD_SCOPE::Scope_Reset_Before_Run() 
21131002-11:19:1:5929218=Enter CSCOPE_WORKER::Scope_Reset_CH_Before_Run() 
21131002-11:19:1:5929234=Enter CSCOPE_COMM::resetScpComm()
21131002-11:19:1:5929250=COMM_HCT::SetScopeDecoder
21131002-11:19:1:5929265=Enter CSCOPE_COMM::resetScpComm() OK
21131002-11:19:1:5929281=Sample rate=8000, ScopeTimeSec=1, PM_Data_Size=800, 
21131002-11:19:1:5929296=CSCOPE_PACKET_PARSER::initAllocation(8)
21131002-11:19:1:5929312=Enter CScope_Decoder::Setup_Paraer()
21131002-11:19:1:5929328=Decide_CH_Get_Func() : CH[0] b32=1, CH_DataType=2 
21131002-11:19:1:5929359=Decide_CH_Get_Func() : CH[1] b32=1, CH_DataType=2
21131002-11:19:1:5929375=Decide_CH_Get_Func() : CH[2] b32=1, CH_DataType=2
21131002-11:19:1:5929390=Decide_CH_Get_Func() : CH[3] b32=1, CH_DataType=2
21131002-11:19:1:5929406=Decide_CH_Get_Func() : CH[4] b32=1, CH_DataType=2
21131002-11:19:2:5929421=Decide_CH_Get_Func() : CH[5] b32=1, CH_DataType=2
21131002-11:19:2:5929437=Decide_CH_Get_Func() : CH[6] b32=1, CH_DataType=2
21131002-11:19:2:5929453=Enter CScope_Decoder::resetScpDecoder() OK
21131002-11:19:2:5929484=Scope_Reset_CH_Before_Run() time=0, 47, 203, 0 
21131002-11:19:2:5929500=Enter CSCOPE_WORKER::Scope_Reset_CH_Before_Run() OK
21131002-11:19:2:5929515=Enter CASD_SCOPE::Scope_Reset_Before_Run() OK! 
21131002-11:19:2:5929531=ASD_Scope_Reset_Before_Run() time=0, 312
21131002-11:19:2:5929546=ASD_Scope_Reset_Before_Run() OK
21131002-11:19:29:5957359=Enter COMM_HCT::Write_N_RTU()
21131002-11:20:22:6010312=Enter API ASD_Scope_Stop() Port[0x00000003]
21131002-11:20:22:6010328=Enter CASD_SCOPE::Scope_Stop()
21131002-11:20:22:6010343=Enter CSCOPE_WORKER::StopScope()
21131002-11:20:22:6010359=Enter CSCOPE_COMM::WriteScopeCmd_Stop()
21131002-11:20:22:6010375=Enter CSCOPE_COMM::Close_ScpCmd()
21131002-11:20:22:6010390=Enter CSCOPE_COMM::StopScope()
21131002-11:20:22:6010406=Enter COMM_HCT::Write_N_RTU()
21131002-11:20:23:6010468=Enter COMM_HCT::Write_N_RTU()
21131002-11:20:23:6010500=mr_pCommASD->Write_N(3,8) time=16, 16
21131002-11:20:23:6010515=Enter CSCOPE_COMM::StopScope() OK
21131002-11:20:23:6010531=CSCOPE_COMM::Close_ScpCmd() time=140, 140
21131002-11:20:23:6010546=Enter CSCOPE_COMM::Close_ScpCmd() OK
21131002-11:20:23:6010562=Enter CSCOPE_COMM::WriteScopeCmd_Stop() OK
21131002-11:20:23:6010578=Enter CSCOPE_WORKER::StopScope() OK
21131002-11:20:23:6010593=Enter CASD_SCOPE::Scope_Stop() OK
21131002-11:20:23:6010609=Enter API ASD_Scope_Reset_Before_Run() Port[0x00000003]
21131002-11:20:23:6010625=Enter CASD_SCOPE::Scope_Reset_Before_Run() 
21131002-11:20:23:6010640=Enter CSCOPE_WORKER::Scope_Reset_CH_Before_Run() 
21131002-11:20:23:6010656=Enter CSCOPE_COMM::resetScpComm()
21131002-11:20:23:6010671=COMM_HCT::SetScopeDecoder
21131002-11:20:23:6010687=Enter CSCOPE_COMM::resetScpComm() OK
21131002-11:20:23:6010703=Sample rate=8000, ScopeTimeSec=1, PM_Data_Size=800, 
21131002-11:20:23:6010718=CSCOPE_PACKET_PARSER::initAllocation(8)
21131002-11:20:23:6010734=Enter CScope_Decoder::Setup_Paraer()
21131002-11:20:23:6010750=Decide_CH_Get_Func() : CH[0] b32=1, CH_DataType=2 
21131002-11:20:23:6010781=Decide_CH_Get_Func() : CH[1] b32=1, CH_DataType=2
21131002-11:20:23:6010796=Decide_CH_Get_Func() : CH[2] b32=1, CH_DataType=2
21131002-11:20:23:6010812=Decide_CH_Get_Func() : CH[3] b32=1, CH_DataType=2
21131002-11:20:23:6010828=Decide_CH_Get_Func() : CH[4] b32=1, CH_DataType=2
21131002-11:20:23:6010843=Decide_CH_Get_Func() : CH[5] b32=1, CH_DataType=2
21131002-11:20:23:6010859=Decide_CH_Get_Func() : CH[6] b32=1, CH_DataType=2
21131002-11:20:23:6010875=Enter CScope_Decoder::resetScpDecoder() OK
21131002-11:20:23:6010906=Scope_Reset_CH_Before_Run() time=0, 47, 203, 0 
21131002-11:20:23:6010921=Enter CSCOPE_WORKER::Scope_Reset_CH_Before_Run() OK
21131002-11:20:23:6010937=Enter CASD_SCOPE::Scope_Reset_Before_Run() OK! 
21131002-11:20:23:6010953=ASD_Scope_Reset_Before_Run() time=0, 312
21131002-11:20:23:6010968=ASD_Scope_Reset_Before_Run() OK
21131002-11:22:21:6129000=Enter COMM_HCT::Write_N_RTU()
21131002-11:22:22:6129515=Enter CASD_SCOPE::Scope_Stop()
21131002-11:22:22:6129546=Enter CSCOPE_WORKER::StopScope()
21131002-11:22:22:6129562=Enter CSCOPE_COMM::WriteScopeCmd_Stop()
21131002-11:22:22:6129593=Enter CSCOPE_COMM::Close_ScpCmd()
21131002-11:22:22:6129609=Enter CSCOPE_COMM::StopScope()
21131002-11:22:22:6129625=Enter COMM_HCT::Write_N_RTU()
21131002-11:22:22:6129687=Enter COMM_HCT::Write_N_RTU()
21131002-11:22:22:6129718=mr_pCommASD->Write_N(3,8) time=16, 16
21131002-11:22:22:6129734=Enter CSCOPE_COMM::StopScope() OK
21131002-11:22:22:6129750=CSCOPE_COMM::Close_ScpCmd() time=141, 141
21131002-11:22:22:6129765=Enter CSCOPE_COMM::Close_ScpCmd() OK
21131002-11:22:22:6129781=Enter CSCOPE_COMM::WriteScopeCmd_Stop() OK
21131002-11:22:22:6129796=Enter CSCOPE_WORKER::StopScope() OK
21131002-11:22:22:6129812=Enter CASD_SCOPE::Scope_Stop() OK
21131002-11:22:22:6129828=Enter API ASD_Close_COMM() Port[0x00000003]
21131002-11:22:22:6129859=COMM_HCTL::Com_Thread_Start() loop end! 

21131002-11:22:22:6129890=Enter API ASD_Free_Scope() Port[0x00000003]
21131002-11:22:22:6129906=Call CASD_SCOPE::Close_COMM()
21131002-11:22:22:6129921=Call CASD_SCOPE::Close_COMM()
AppEnd6129921=21131002-11:22:22 : call EndLog Port[0x00000003]
AppStart6143500=21131002-11:22:36 : APP StartDLL() 1.1.0.10(build20210909)
21131002-11:22:36:6143515=Enter API ASD_Allocate_Scope() Port[0x00000003]  Ver=1.1.0.10(build20210909)
21131002-11:22:36:6143546=Port Allocated OK!
21131002-11:22:36:6143562=Enter API ASD_Open_COMM_HCTL() Com[3]
21131002-11:22:36:6143578=DDBUG CCOMM_THREAD::start_thread  1
21131002-11:22:36:6143609=S2 COMM_HCTL::Com_Thread_Start() enter loop......

21131002-11:22:36:6143640=Enter CASD_SCOPE::SetCommObject()
21131002-11:22:36:6143656=initCommScope(): Dev(3, 7, 0), ScoptType=501, CH_Size=8, 
21131002-11:22:36:6143687=Scope_Second=1, Base_Second=20, nBufSize=160001, new_dDSP_Data_Ts=0.125000, strTimeFormat=%0.3f(ms)
21131002-11:22:36:6143703=Enter CASD_SCOPE::Scope_Write_Settings() 
21131002-11:22:36:6143718=Enter CSCOPE_WORKER::Scope_Write_Setting_Before_Run() 
21131002-11:22:36:6143734=Enter CSCOPE_COMM::resetScpComm()
21131002-11:22:36:6143750=COMM_HCT::SetScopeDecoder
21131002-11:22:36:6143765=Enter CSCOPE_COMM::resetScpComm() OK
21131002-11:22:36:6143796=CH[1] is 32Bit=1, CmdVal=0x0C698
21131002-11:22:36:6143828=CH[2] is 32Bit=1, CmdVal=0x0C69A
21131002-11:22:36:6143843=CH[3] is 32Bit=1, CmdVal=0x0C698
21131002-11:22:36:6143859=CH[4] is 32Bit=1, CmdVal=0x0C69A
21131002-11:22:36:6143875=CH[5] is 32Bit=1, CmdVal=0x0C69C
21131002-11:22:36:6143890=CH[6] is 32Bit=1, CmdVal=0x0C6AA
21131002-11:22:36:6143906=CH[7] is 32Bit=1, CmdVal=0x0C69C
21131002-11:22:36:6143921=Enter CSCOPE_WORKER::Arrange_CH_32bit() OK
21131002-11:22:36:6143953=Sample rate=8000, ScopeTimeSec=1, PM_Data_Size=800, 
21131002-11:22:36:6143968=CSCOPE_PACKET_PARSER::initAllocation(8)
21131002-11:22:36:6144000=Enter CScope_Decoder::Setup_Paraer()
21131002-11:22:36:6144015=Decide_CH_Get_Func() : CH[0] b32=1, CH_DataType=2 
21131002-11:22:36:6144046=Decide_CH_Get_Func() : CH[1] b32=1, CH_DataType=2
21131002-11:22:36:6144062=Decide_CH_Get_Func() : CH[2] b32=1, CH_DataType=2
21131002-11:22:36:6144078=Decide_CH_Get_Func() : CH[3] b32=1, CH_DataType=2
21131002-11:22:36:6144093=Decide_CH_Get_Func() : CH[4] b32=1, CH_DataType=2
21131002-11:22:36:6144109=Decide_CH_Get_Func() : CH[5] b32=1, CH_DataType=2
21131002-11:22:36:6144125=Decide_CH_Get_Func() : CH[6] b32=1, CH_DataType=2
21131002-11:22:36:6144140=Enter CScope_Decoder::resetScpDecoder() OK
21131002-11:22:36:6144171=   call m_pScpCom->WriteScopeCmd_Start()
21131002-11:22:36:6144187=CH1 P0-4 nCmdVal=0xC698(50840)

21131002-11:22:36:6144203=Enter COMM_HCT::Write_N_RTU()
21131002-11:22:36:6144218=Enter COMM_HCT::Write_N_RTU()

21131002-11:22:36:6144234=CH3 P0-5 nCmdVal=0xC698(50840)

21131002-11:22:36:6144250=Enter COMM_HCT::Write_N_RTU()
21131002-11:22:36:6144265=CH4 P0-7 nCmdVal=0xC69A(50842)

21131002-11:22:36:6144281=Enter COMM_HCT::Write_N_RTU()
21131002-11:22:36:6144296=Enter COMM_HCT::Write_N_RTU()

21131002-11:22:36:6144312=CH6 P0-67 nCmdVal=0xC6AA(50858)

21131002-11:22:36:6144328=Enter COMM_HCT::Write_N_RTU()
21131002-11:22:36:6144343=Enter COMM_HCT::Write_N_RTU()

21131002-11:22:36:6144359=CH8 P0-68 nCmdVal=0xC6AA(50858)

21131002-11:22:36:6144375=Enter COMM_HCT::Write_N_RTU()
21131002-11:22:36:6144390=Enter CSCOPE_COMM::Write_CH_Cmd() OK
21131002-11:22:37:6144421=Enter CSCOPE_WORKER::WriteScopeCmd_Start() OK
21131002-11:22:37:6144437=Enter CASD_SCOPE::Scope_Run() OK! 
21131002-11:22:37:6144453=Enter API ASD_Scope_Run() OK
21131002-11:22:45:6152828=Enter API ASD_Scope_Reset_Before_Run() Port[0x00000003]
21131002-11:22:45:6152843=Enter CASD_SCOPE::Scope_Reset_Before_Run() 
21131002-11:22:45:6152875=Enter CSCOPE_WORKER::Scope_Reset_CH_Before_Run() 
21131002-11:22:45:6152890=Enter CSCOPE_COMM::resetScpComm()
21131002-11:22:45:6152906=COMM_HCT::SetScopeDecoder
21131002-11:22:45:6152937=Enter CSCOPE_COMM::resetScpComm() OK
21131002-11:22:45:6152953=Enter CScope_Decoder::resetScpDecoder() 
21131002-11:22:45:6152968=Sample rate=8000, ScopeTimeSec=1, PM_Data_Size=800,
21131002-11:22:45:6152984=CSCOPE_PACKET_PARSER::initAllocation(8)
21131002-11:22:45:6153000=Enter CScope_Decoder::Setup_Paraer()
21131002-11:22:45:6153015=Decide_CH_Get_Func() : CH[0] b32=1, CH_DataType=2 
21131002-11:22:45:6153046=Decide_CH_Get_Func() : CH[1] b32=1, CH_DataType=2
21131002-11:22:45:6153062=Decide_CH_Get_Func() : CH[2] b32=1, CH_DataType=2
21131002-11:22:45:6153078=Decide_CH_Get_Func() : CH[3] b32=1, CH_DataType=2
21131002-11:22:45:6153093=Decide_CH_Get_Func() : CH[4] b32=1, CH_DataType=2
21131002-11:22:45:6153109=Decide_CH_Get_Func() : CH[5] b32=1, CH_DataType=2
21131002-11:22:45:6153125=Decide_CH_Get_Func() : CH[6] b32=1, CH_DataType=2
21131002-11:22:45:6153140=Enter CScope_Decoder::resetScpDecoder() OK
21131002-11:22:45:6153171=Scope_Reset_CH_Before_Run() time=0, 62, 219, 0 
21131002-11:22:45:6153203=Enter CSCOPE_WORKER::Scope_Reset_CH_Before_Run() OK
21131002-11:22:45:6153218=Enter CASD_SCOPE::Scope_Reset_Before_Run() OK! 
21131002-11:22:45:6153234=ASD_Scope_Reset_Before_Run() time=0, 375
21131002-11:22:45:6153250=ASD_Scope_Reset_Before_Run() OK
21131002-11:22:45:6153281=Enter COMM_HCT::Write_N_RTU()
21131002-11:22:46:6153593=!Chk_crc32() error! 

21131002-11:22:47:6154921=!Chk_crc32() error! 

21131002-11:22:51:6158625=!Chk_crc32() error! 

AppStart6193953=21131002-11:23:26 : APP StartDLL() 1.1.0.10(build20210909)
21131002-11:23:26:6193984=Enter API ASD_Allocate_Scope() Port[0x00000003]  Ver=1.1.0.10(build20210909)
21131002-11:23:26:6194062=Port Allocated OK!
21131002-11:23:26:6194078=Enter API ASD_Open_COMM_HCTL() Com[3]
21131002-11:23:26:6194093=DDBUG CCOMM_THREAD::start_thread  1
21131002-11:23:26:6194125=S2 COMM_HCTL::Com_Thread_Start() enter loop......

21131002-11:23:26:6194140=Enter CASD_SCOPE::SetCommObject()
21131002-11:23:26:6194171=initCommScope(): Dev(3, 7, 0), ScoptType=501, CH_Size=8, 
21131002-11:23:26:6194187=Scope_Second=1, Base_Second=20, nBufSize=160001, new_dDSP_Data_Ts=0.125000, strTimeFormat=%0.3f(ms)
21131002-11:23:26:6194218=Enter CASD_SCOPE::Scope_Write_Settings() 
21131002-11:23:26:6194234=Enter CSCOPE_WORKER::Scope_Write_Setting_Before_Run() 
21131002-11:23:26:6194250=Enter CSCOPE_COMM::resetScpComm()
21131002-11:23:26:6194265=COMM_HCT::SetScopeDecoder
21131002-11:23:26:6194281=Enter CSCOPE_COMM::resetScpComm() OK
21131002-11:23:26:6194312=CH[1] is 32Bit=1, CmdVal=0x0C698
21131002-11:23:26:6194328=CH[2] is 32Bit=1, CmdVal=0x0C69A
21131002-11:23:26:6194343=CH[3] is 32Bit=1, CmdVal=0x0C698
21131002-11:23:26:6194359=CH[4] is 32Bit=1, CmdVal=0x0C69A
21131002-11:23:26:6194375=CH[5] is 32Bit=1, CmdVal=0x0C69C
21131002-11:23:26:6194390=CH[6] is 32Bit=1, CmdVal=0x0C6AA
21131002-11:23:26:6194406=CH[7] is 32Bit=1, CmdVal=0x0C69C
21131002-11:23:27:6194421=Enter CSCOPE_WORKER::Arrange_CH_32bit() OK
21131002-11:23:27:6194437=Sample rate=8000, ScopeTimeSec=1, PM_Data_Size=800, 
21131002-11:23:27:6194453=CSCOPE_PACKET_PARSER::initAllocation(8)
21131002-11:23:27:6194468=Enter CScope_Decoder::Setup_Paraer()
21131002-11:23:27:6194484=Decide_CH_Get_Func() : CH[0] b32=1, CH_DataType=2 
21131002-11:23:27:6194500=Decide_CH_Get_Func() : CH[1] b32=1, CH_DataType=2
21131002-11:23:27:6194515=Decide_CH_Get_Func() : CH[2] b32=1, CH_DataType=2
21131002-11:23:27:6194531=Decide_CH_Get_Func() : CH[3] b32=1, CH_DataType=2
21131002-11:23:27:6194546=Decide_CH_Get_Func() : CH[4] b32=1, CH_DataType=2
21131002-11:23:27:6194562=Decide_CH_Get_Func() : CH[5] b32=1, CH_DataType=2
21131002-11:23:27:6194593=Decide_CH_Get_Func() : CH[6] b32=1, CH_DataType=2
21131002-11:23:27:6194609=Enter CScope_Decoder::resetScpDecoder() OK
21131002-11:23:27:6194640=   call m_pScpCom->WriteScopeCmd_Start()
21131002-11:23:27:6194656=CH1 P0-4 nCmdVal=0xC698(50840)

21131002-11:23:27:6194671=Enter COMM_HCT::Write_N_RTU()
21131002-11:23:27:6194687=Enter COMM_HCT::Write_N_RTU()

21131002-11:23:27:6194703=Enter COMM_HCT::Write_N_RTU()

21131002-11:23:27:6194734=Enter COMM_HCT::Write_N_RTU()

21131002-11:23:27:6194765=Enter COMM_HCT::Write_N_RTU()

21131002-11:23:27:6194781=CH6 P0-67 nCmdVal=0xC6AA(50858)

21131002-11:23:27:6194796=Enter COMM_HCT::Write_N_RTU()
21131002-11:23:27:6194812=Enter COMM_HCT::Write_N_RTU()

21131002-11:23:27:6194828=CH8 P0-68 nCmdVal=0xC6AA(50858)

21131002-11:23:27:6194843=Enter COMM_HCT::Write_N_RTU()
21131002-11:23:27:6194859=Enter CSCOPE_COMM::Write_CH_Cmd() OK
21131002-11:23:27:6194875=Enter CSCOPE_WORKER::WriteScopeCmd_Start() OK
21131002-11:23:27:6194890=Enter CASD_SCOPE::Scope_Run() OK! 
21131002-11:23:27:6194906=Enter API ASD_Scope_Run() OK
21131002-11:23:29:6196828=Enter CASD_SCOPE::Scope_Reset_Before_Run() 
21131002-11:23:29:6196859=Enter CSCOPE_WORKER::Scope_Reset_CH_Before_Run() 
21131002-11:23:29:6196875=Enter CSCOPE_COMM::resetScpComm()
21131002-11:23:29:6196890=COMM_HCT::SetScopeDecoder
21131002-11:23:29:6196906=Enter CSCOPE_COMM::resetScpComm() OK
21131002-11:23:29:6196921=Sample rate=8000, ScopeTimeSec=1, PM_Data_Size=800, 
21131002-11:23:29:6196937=CSCOPE_PACKET_PARSER::initAllocation(8)
21131002-11:23:29:6196953=Enter CScope_Decoder::Setup_Paraer()
21131002-11:23:29:6196968=Decide_CH_Get_Func() : CH[0] b32=1, CH_DataType=2 
21131002-11:23:29:6196984=Decide_CH_Get_Func() : CH[1] b32=1, CH_DataType=2
21131002-11:23:29:6197000=Decide_CH_Get_Func() : CH[2] b32=1, CH_DataType=2
21131002-11:23:29:6197015=Decide_CH_Get_Func() : CH[3] b32=1, CH_DataType=2
21131002-11:23:29:6197031=Decide_CH_Get_Func() : CH[4] b32=1, CH_DataType=2
21131002-11:23:29:6197046=Decide_CH_Get_Func() : CH[5] b32=1, CH_DataType=2
21131002-11:23:29:6197062=Decide_CH_Get_Func() : CH[6] b32=1, CH_DataType=2
21131002-11:23:29:6197078=Enter CScope_Decoder::resetScpDecoder() OK
21131002-11:23:29:6197093=Scope_Reset_CH_Before_Run() time=0, 47, 172, 0 
21131002-11:23:29:6197125=Enter CSCOPE_WORKER::Scope_Reset_CH_Before_Run() OK
21131002-11:23:29:6197140=Enter CASD_SCOPE::Scope_Reset_Before_Run() OK! 
21131002-11:23:29:6197156=ASD_Scope_Reset_Before_Run() time=0, 312
21131002-11:23:29:6197171=ASD_Scope_Reset_Before_Run() OK
21131002-11:23:29:6197187=Enter COMM_HCT::Write_N_RTU()
21131002-11:23:59:6226718=Enter COMM_HCT::Write_N_RTU()
21131002-11:24:8:6236171=Enter API ASD_Scope_Stop() Port[0x00000003]
21131002-11:24:8:6236187=Enter CASD_SCOPE::Scope_Stop()
21131002-11:24:8:6236218=Enter CSCOPE_WORKER::StopScope()
21131002-11:24:8:6236250=Enter CSCOPE_COMM::WriteScopeCmd_Stop()
21131002-11:24:8:6236265=Enter CSCOPE_COMM::Close_ScpCmd()
21131002-11:24:8:6236296=Enter CSCOPE_COMM::StopScope()
21131002-11:24:8:6236328=Enter COMM_HCT::Write_N_RTU()
21131002-11:24:9:6236390=Enter COMM_HCT::Write_N_RTU()
21131002-11:24:9:6236421=mr_pCommASD->Write_N(3,8) time=16, 16
21131002-11:24:9:6236437=Enter CSCOPE_COMM::StopScope() OK
21131002-11:24:9:6236468=CSCOPE_COMM::Close_ScpCmd() time=172, 172
21131002-11:24:9:6236484=Enter CSCOPE_COMM::Close_ScpCmd() OK
21131002-11:24:9:6236515=Enter CSCOPE_COMM::WriteScopeCmd_Stop() OK
21131002-11:24:9:6236531=Enter CSCOPE_WORKER::StopScope() OK
21131002-11:24:9:6236546=Enter CASD_SCOPE::Scope_Stop() OK
21131002-11:24:9:6236578= API ASD_Scope_Stop() OK
21131002-11:24:9:6236593=Enter API ASD_Scope_Reset_Before_Run() Port[0x00000003]
21131002-11:24:9:6236609=Enter CASD_SCOPE::Scope_Reset_Before_Run() 
21131002-11:24:9:6236625=Enter CSCOPE_WORKER::Scope_Reset_CH_Before_Run() 
21131002-11:24:9:6236656=Enter CSCOPE_COMM::resetScpComm()
21131002-11:24:9:6236687=COMM_HCT::SetScopeDecoder
21131002-11:24:9:6236718=Enter CSCOPE_COMM::resetScpComm() OK
21131002-11:24:9:6236750=Enter CScope_Decoder::resetScpDecoder() 
21131002-11:24:9:6236765=Sample rate=8000, ScopeTimeSec=1, PM_Data_Size=800,
21131002-11:24:9:6236781=CSCOPE_PACKET_PARSER::initAllocation(8)
21131002-11:24:9:6236812=Enter CScope_Decoder::Setup_Paraer()
21131002-11:24:9:6236843=call PacketParser.Decide_CH_Get_Func() 
21131002-11:24:9:6236859=Decide_CH_Get_Func() : CH[0] b32=1, CH_DataType=2
21131002-11:24:9:6236875=Decide_CH_Get_Func() : CH[1] b32=1, CH_DataType=2
21131002-11:24:9:6236890=Decide_CH_Get_Func() : CH[2] b32=1, CH_DataType=2
21131002-11:24:9:6236921=Decide_CH_Get_Func() : CH[3] b32=1, CH_DataType=2
21131002-11:24:9:6236937=Decide_CH_Get_Func() : CH[4] b32=1, CH_DataType=2
21131002-11:24:9:6236953=Decide_CH_Get_Func() : CH[5] b32=1, CH_DataType=2
21131002-11:24:9:6236984=Decide_CH_Get_Func() : CH[6] b32=1, CH_DataType=2
21131002-11:24:9:6237015=Enter CScope_Decoder::resetScpDecoder() OK
21131002-11:24:9:6237046=Scope_Reset_CH_Before_Run() time=0, 94, 297, 0 
21131002-11:24:9:6237062=Enter CSCOPE_WORKER::Scope_Reset_CH_Before_Run() OK
21131002-11:24:9:6237093=Enter CASD_SCOPE::Scope_Reset_Before_Run() OK! 
21131002-11:24:9:6237125=ASD_Scope_Reset_Before_Run() time=0, 516
21131002-11:24:9:6237140=ASD_Scope_Reset_Before_Run() OK
21131002-11:24:25:6253328=Enter API ASD_Scope_Stop() Port[0x00000003]
21131002-11:24:25:6253343=Enter CASD_SCOPE::Scope_Stop()
21131002-11:24:25:6253375=Enter CSCOPE_WORKER::StopScope()
21131002-11:24:25:6253390=Enter CSCOPE_COMM::WriteScopeCmd_Stop()
21131002-11:24:26:6253406=Enter CSCOPE_COMM::Close_ScpCmd()
21131002-11:24:26:6253421=Enter CSCOPE_COMM::StopScope()
21131002-11:24:26:6253453=Enter COMM_HCT::Write_N_RTU()
21131002-11:24:26:6253515=Enter COMM_HCT::Write_N_RTU()
21131002-11:24:26:6253531=mr_pCommASD->Write_N(3,8) time=0, 0
21131002-11:24:26:6253546=Enter CSCOPE_COMM::StopScope() OK
21131002-11:24:26:6253562=CSCOPE_COMM::Close_ScpCmd() time=140, 140
21131002-11:24:26:6253578=Enter CSCOPE_COMM::Close_ScpCmd() OK
21131002-11:24:26:6253593=Enter CSCOPE_COMM::WriteScopeCmd_Stop() OK
21131002-11:24:26:6253609=Enter CSCOPE_WORKER::StopScope() OK
21131002-11:24:26:6253625=Enter CASD_SCOPE::Scope_Stop() OK
21131002-11:24:26:6253656= API ASD_Scope_Stop() OK
21131002-11:24:26:6253671=Enter API ASD_Close_COMM() Port[0x00000003]
21131002-11:24:26:6253687=COMM_HCTL::Com_Thread_Start() loop end! 

21131002-11:24:26:6253718=Enter API ASD_Free_Scope() Port[0x00000003]
21131002-11:24:26:6253734=Call CASD_SCOPE::Close_COMM()
21131002-11:24:26:6253765=Call CASD_SCOPE::Close_COMM()
AppEnd6253781=21131002-11:24:26 : call EndLog Port[0x00000003]
