[Trace]
AppStart110927812=21130302-15:17:20 : APP StartDLL() 1.1.0.10(build20210909)
21130302-15:17:20:110927812=Enter API ASD_Allocate_Scope() Port[0x0000000C]  Ver=1.1.0.10(build20210909)
21130302-15:17:20:110927875=Port Allocated OK!
21130302-15:17:20:110927906=Enter API ASD_Open_COMM_HCTL() Com[12]
21130302-15:17:20:110927921=DDBUG CCOMM_THREAD::start_thread  1
21130302-15:17:20:110927937=S2 COMM_HCTL::Com_Thread_Start() enter loop......

21130302-15:17:20:110927953=Enter CASD_SCOPE::SetCommObject()
21130302-15:17:20:110927984=initCommScope(): Dev(3, 7, 0), ScoptType=501, CH_Size=8, 
21130302-15:17:20:110928000=Scope_Second=1, Base_Second=20, nBufSize=160001, new_dDSP_Data_Ts=0.125000, strTimeFormat=%0.3f(ms)
21130302-15:17:20:110928015=Enter CASD_SCOPE::Scope_Write_Settings() 
21130302-15:17:20:110928031=Enter CSCOPE_WORKER::Scope_Write_Setting_Before_Run() 
21130302-15:17:20:110928046=Enter CSCOPE_COMM::resetScpComm()
21130302-15:17:20:110928062=COMM_HCT::SetScopeDecoder
21130302-15:17:20:110928078=Enter CSCOPE_COMM::resetScpComm() OK
21130302-15:17:20:110928093=CH[1] is 32Bit=1, CmdVal=0x0C598
21130302-15:17:20:110928109=CH[2] is 32Bit=1, CmdVal=0x0C59A
21130302-15:17:20:110928125=CH[3] is 32Bit=1, CmdVal=0x0C598
21130302-15:17:20:110928140=CH[4] is 32Bit=1, CmdVal=0x0C59A
21130302-15:17:20:110928156=CH[5] is 32Bit=1, CmdVal=0x0C59C
21130302-15:17:20:110928171=CH[6] is 32Bit=1, CmdVal=0x0C5AA
21130302-15:17:20:110928187=CH[7] is 32Bit=1, CmdVal=0x0C59C
21130302-15:17:20:110928203=Enter CSCOPE_WORKER::Arrange_CH_32bit() OK
21130302-15:17:20:110928218=Sample rate=8000, ScopeTimeSec=1, PM_Data_Size=800, 
21130302-15:17:20:110928234=CSCOPE_PACKET_PARSER::initAllocation(8)
21130302-15:17:20:110928250=Enter CScope_Decoder::Setup_Paraer()
21130302-15:17:20:110928265=Decide_CH_Get_Func() : CH[0] b32=1, CH_DataType=2 
21130302-15:17:20:110928281=Decide_CH_Get_Func() : CH[1] b32=1, CH_DataType=2
21130302-15:17:20:110928296=Decide_CH_Get_Func() : CH[2] b32=1, CH_DataType=2
21130302-15:17:20:110928312=Decide_CH_Get_Func() : CH[3] b32=1, CH_DataType=2
21130302-15:17:20:110928328=Decide_CH_Get_Func() : CH[4] b32=1, CH_DataType=2
21130302-15:17:20:110928343=Decide_CH_Get_Func() : CH[5] b32=1, CH_DataType=2
21130302-15:17:20:110928359=Decide_CH_Get_Func() : CH[6] b32=1, CH_DataType=2
21130302-15:17:20:110928375=Enter CScope_Decoder::resetScpDecoder() OK
21130302-15:17:20:110928390=   call m_pScpCom->WriteScopeCmd_Start()
21130302-15:17:20:110928406=CH1 P0-4 nCmdVal=0xC598(50584)

21130302-15:17:20:110928421=CH2 P0-6 nCmdVal=0xC59A(50586)

21130302-15:17:20:110928437=CH3 P0-5 nCmdVal=0xC598(50584)

21130302-15:17:20:110928453=CH4 P0-7 nCmdVal=0xC59A(50586)

21130302-15:17:20:110928468=CH5 P0-65 nCmdVal=0xC59C(50588)

21130302-15:17:20:110928484=CH6 P0-67 nCmdVal=0xC5AA(50602)

21130302-15:17:20:110928500=CH7 P0-66 nCmdVal=0xC59C(50588)

21130302-15:17:20:110928515=CH8 P0-68 nCmdVal=0xC5AA(50602)

21130302-15:17:20:110928531=Enter COMM_HCT::Write_N_RTU()
21130302-15:17:20:110928546=Enter CSCOPE_COMM::Write_CH_Cmd() OK
21130302-15:17:21:110928562=Enter CSCOPE_WORKER::WriteScopeCmd_Start() OK
21130302-15:17:21:110928578=Enter CASD_SCOPE::Scope_Run() OK! 
21130302-15:17:21:110928593=Enter API ASD_Scope_Run() OK
21130302-15:17:23:110930609=Enter CASD_SCOPE::Scope_Reset_Before_Run() 
21130302-15:17:23:110930640=Enter CSCOPE_WORKER::Scope_Reset_CH_Before_Run() 
21130302-15:17:23:110930656=Enter CSCOPE_COMM::resetScpComm()
21130302-15:17:23:110930671=COMM_HCT::SetScopeDecoder
21130302-15:17:23:110930687=Enter CSCOPE_COMM::resetScpComm() OK
21130302-15:17:23:110930703=Sample rate=8000, ScopeTimeSec=1, PM_Data_Size=800, 
21130302-15:17:23:110930718=CSCOPE_PACKET_PARSER::initAllocation(8)
21130302-15:17:23:110930734=Enter CScope_Decoder::Setup_Paraer()
21130302-15:17:23:110930750=Decide_CH_Get_Func() : CH[0] b32=1, CH_DataType=2 
21130302-15:17:23:110930765=Decide_CH_Get_Func() : CH[1] b32=1, CH_DataType=2
21130302-15:17:23:110930781=Decide_CH_Get_Func() : CH[2] b32=1, CH_DataType=2
21130302-15:17:23:110930796=Decide_CH_Get_Func() : CH[3] b32=1, CH_DataType=2
21130302-15:17:23:110930812=Decide_CH_Get_Func() : CH[4] b32=1, CH_DataType=2
21130302-15:17:23:110930828=Decide_CH_Get_Func() : CH[5] b32=1, CH_DataType=2
21130302-15:17:23:110930843=Decide_CH_Get_Func() : CH[6] b32=1, CH_DataType=2
21130302-15:17:23:110930859=Enter CScope_Decoder::resetScpDecoder() OK
21130302-15:17:23:110930875=Scope_Reset_CH_Before_Run() time=0, 47, 172, 0 
21130302-15:17:23:110930890=Enter CSCOPE_WORKER::Scope_Reset_CH_Before_Run() OK
21130302-15:17:23:110930906=Enter CASD_SCOPE::Scope_Reset_Before_Run() OK! 
21130302-15:17:23:110930921=ASD_Scope_Reset_Before_Run() time=0, 297
21130302-15:17:23:110930937=ASD_Scope_Reset_Before_Run() OK
21130302-15:17:23:110930953=Enter COMM_HCT::Write_N_RTU()
21130302-15:17:28:110936343=Enter COMM_HCT::Write_N_RTU()
21130302-15:17:37:110945062=Enter CASD_SCOPE::Scope_Stop()
21130302-15:17:37:110945093=Enter CSCOPE_WORKER::StopScope()
21130302-15:17:37:110945109=Enter CSCOPE_COMM::WriteScopeCmd_Stop()
21130302-15:17:37:110945125=Enter CSCOPE_COMM::Close_ScpCmd()
21130302-15:17:37:110945140=Enter CSCOPE_COMM::StopScope()
21130302-15:17:37:110945156=Enter COMM_HCT::Write_N_RTU()
21130302-15:17:37:110945218=Enter COMM_HCT::Write_N_RTU()
21130302-15:17:37:110945234=mr_pCommASD->Write_N(3,8) time=16, 16
21130302-15:17:37:110945250=Enter CSCOPE_COMM::StopScope() OK
21130302-15:17:37:110945265=CSCOPE_COMM::Close_ScpCmd() time=125, 125
21130302-15:17:37:110945281=Enter CSCOPE_COMM::Close_ScpCmd() OK
21130302-15:17:37:110945296=Enter CSCOPE_COMM::WriteScopeCmd_Stop() OK
21130302-15:17:37:110945312=Enter CSCOPE_WORKER::StopScope() OK
21130302-15:17:37:110945328=Enter CASD_SCOPE::Scope_Stop() OK
21130302-15:17:37:110945343=Enter API ASD_Scope_Reset_Before_Run() Port[0x0000000C]
21130302-15:17:37:110945359=Enter CASD_SCOPE::Scope_Reset_Before_Run() 
21130302-15:17:37:110945375=Enter CSCOPE_WORKER::Scope_Reset_CH_Before_Run() 
21130302-15:17:37:110945390=Enter CSCOPE_COMM::resetScpComm()
21130302-15:17:37:110945406=COMM_HCT::SetScopeDecoder
21130302-15:17:37:110945421=Enter CSCOPE_COMM::resetScpComm() OK
21130302-15:17:37:110945437=Sample rate=8000, ScopeTimeSec=1, PM_Data_Size=800, 
21130302-15:17:37:110945453=CSCOPE_PACKET_PARSER::initAllocation(8)
21130302-15:17:37:110945468=Enter CScope_Decoder::Setup_Paraer()
21130302-15:17:37:110945484=Decide_CH_Get_Func() : CH[0] b32=1, CH_DataType=2 
21130302-15:17:37:110945500=Decide_CH_Get_Func() : CH[1] b32=1, CH_DataType=2
21130302-15:17:37:110945515=Decide_CH_Get_Func() : CH[2] b32=1, CH_DataType=2
21130302-15:17:37:110945531=Decide_CH_Get_Func() : CH[3] b32=1, CH_DataType=2
21130302-15:17:37:110945546=Decide_CH_Get_Func() : CH[4] b32=1, CH_DataType=2
21130302-15:17:38:110945562=Decide_CH_Get_Func() : CH[5] b32=1, CH_DataType=2
21130302-15:17:38:110945578=Decide_CH_Get_Func() : CH[6] b32=1, CH_DataType=2
21130302-15:17:38:110945593=Enter CScope_Decoder::resetScpDecoder() OK
21130302-15:17:38:110945609=Scope_Reset_CH_Before_Run() time=0, 46, 172, 0 
21130302-15:17:38:110945625=Enter CSCOPE_WORKER::Scope_Reset_CH_Before_Run() OK
21130302-15:17:38:110945640=Enter CASD_SCOPE::Scope_Reset_Before_Run() OK! 
21130302-15:17:38:110945656=ASD_Scope_Reset_Before_Run() time=0, 297
21130302-15:17:38:110945671=ASD_Scope_Reset_Before_Run() OK
21130302-15:17:59:110967484=Enter COMM_HCT::Write_N_RTU()
21130302-15:18:8:110976140=Enter CASD_SCOPE::Scope_Stop()
21130302-15:18:8:110976156=Enter CSCOPE_WORKER::StopScope()
21130302-15:18:8:110976171=Enter CSCOPE_COMM::WriteScopeCmd_Stop()
21130302-15:18:8:110976187=Enter CSCOPE_COMM::Close_ScpCmd()
21130302-15:18:8:110976203=Enter CSCOPE_COMM::StopScope()
21130302-15:18:8:110976218=Enter COMM_HCT::Write_N_RTU()
21130302-15:18:8:110976265=Enter COMM_HCT::Write_N_RTU()
21130302-15:18:8:110976296=mr_pCommASD->Write_N(3,8) time=16, 16
21130302-15:18:8:110976312=Enter CSCOPE_COMM::StopScope() OK
21130302-15:18:8:110976328=CSCOPE_COMM::Close_ScpCmd() time=125, 125
21130302-15:18:8:110976343=Enter CSCOPE_COMM::Close_ScpCmd() OK
21130302-15:18:8:110976359=Enter CSCOPE_COMM::WriteScopeCmd_Stop() OK
21130302-15:18:8:110976375=Enter CSCOPE_WORKER::StopScope() OK
21130302-15:18:8:110976390=Enter CASD_SCOPE::Scope_Stop() OK
21130302-15:18:8:110976406=Enter API ASD_Scope_Reset_Before_Run() Port[0x0000000C]
21130302-15:18:8:110976421=Enter CASD_SCOPE::Scope_Reset_Before_Run() 
21130302-15:18:8:110976437=Enter CSCOPE_WORKER::Scope_Reset_CH_Before_Run() 
21130302-15:18:8:110976453=Enter CSCOPE_COMM::resetScpComm()
21130302-15:18:8:110976468=COMM_HCT::SetScopeDecoder
21130302-15:18:8:110976484=Enter CSCOPE_COMM::resetScpComm() OK
21130302-15:18:8:110976500=Sample rate=8000, ScopeTimeSec=1, PM_Data_Size=800, 
21130302-15:18:8:110976515=CSCOPE_PACKET_PARSER::initAllocation(8)
21130302-15:18:8:110976531=Enter CScope_Decoder::Setup_Paraer()
21130302-15:18:8:110976546=Decide_CH_Get_Func() : CH[0] b32=1, CH_DataType=2 
21130302-15:18:9:110976562=Decide_CH_Get_Func() : CH[1] b32=1, CH_DataType=2
21130302-15:18:9:110976578=Decide_CH_Get_Func() : CH[2] b32=1, CH_DataType=2
21130302-15:18:9:110976593=Decide_CH_Get_Func() : CH[3] b32=1, CH_DataType=2
21130302-15:18:9:110976609=Decide_CH_Get_Func() : CH[4] b32=1, CH_DataType=2
21130302-15:18:9:110976625=Decide_CH_Get_Func() : CH[5] b32=1, CH_DataType=2
21130302-15:18:9:110976640=Decide_CH_Get_Func() : CH[6] b32=1, CH_DataType=2
21130302-15:18:9:110976656=Enter CScope_Decoder::resetScpDecoder() OK
21130302-15:18:9:110976671=Scope_Reset_CH_Before_Run() time=0, 47, 172, 0 
21130302-15:18:9:110976687=Enter CSCOPE_WORKER::Scope_Reset_CH_Before_Run() OK
21130302-15:18:9:110976703=Enter CASD_SCOPE::Scope_Reset_Before_Run() OK! 
21130302-15:18:9:110976718=ASD_Scope_Reset_Before_Run() time=0, 297
21130302-15:18:9:110976734=ASD_Scope_Reset_Before_Run() OK
AppStart113701609=21130302-16:3:34 : APP StartDLL() 1.1.0.10(build20210909)
21130302-16:3:34:113701640=Enter API ASD_Allocate_Scope() Port[0x0000000C]  Ver=1.1.0.10(build20210909)
21130302-16:3:34:113701765=Port Allocated OK!
21130302-16:3:34:113701796=Enter API ASD_Open_COMM_HCTL() Com[12]
21130302-16:3:34:113701984=ASD_Open_COMM_HCTL() exception! :Open HCTL COMM failed!
AppStart113707218=21130302-16:3:39 : APP StartDLL() 1.1.0.10(build20210909)
21130302-16:3:39:113707234=Enter API ASD_Allocate_Scope() Port[0x0000000C]  Ver=1.1.0.10(build20210909)
21130302-16:3:39:113707250=Port Allocated OK!
21130302-16:3:39:113707265=Enter API ASD_Open_COMM_HCTL() Com[12]
21130302-16:3:39:113707453=ASD_Open_COMM_HCTL() exception! :Open HCTL COMM failed!
AppStart113718687=21130302-16:3:51 : APP StartDLL() 1.1.0.10(build20210909)
21130302-16:3:51:113718703=Enter API ASD_Allocate_Scope() Port[0x0000000C]  Ver=1.1.0.10(build20210909)
21130302-16:3:51:113718718=Port Allocated OK!
21130302-16:3:51:113718734=Enter API ASD_Open_COMM_HCTL() Com[12]
21130302-16:3:51:113718750=DDBUG CCOMM_THREAD::start_thread  1
21130302-16:3:51:113718781=S2 COMM_HCTL::Com_Thread_Start() enter loop......

21130302-16:3:51:113718796=Enter CASD_SCOPE::SetCommObject()
21130302-16:3:51:113718828=initCommScope(): Dev(3, 7, 0), ScoptType=501, CH_Size=8, 
21130302-16:3:51:113718859=Scope_Second=1, Base_Second=20, nBufSize=160001, new_dDSP_Data_Ts=0.125000, strTimeFormat=%0.3f(ms)
21130302-16:3:51:113718875=Enter CASD_SCOPE::Scope_Write_Settings() 
21130302-16:3:51:113718890=Enter CSCOPE_WORKER::Scope_Write_Setting_Before_Run() 
21130302-16:3:51:113718906=Enter CSCOPE_COMM::resetScpComm()
21130302-16:3:51:113718921=COMM_HCT::SetScopeDecoder
21130302-16:3:51:113718937=Enter CSCOPE_COMM::resetScpComm() OK
21130302-16:3:51:113718953=CH[1] is 32Bit=1, CmdVal=0x0C598
21130302-16:3:51:113718984=CH[2] is 32Bit=1, CmdVal=0x0C59A
21130302-16:3:51:113719000=CH[3] is 32Bit=1, CmdVal=0x0C598
21130302-16:3:51:113719015=CH[4] is 32Bit=1, CmdVal=0x0C59A
21130302-16:3:51:113719031=CH[5] is 32Bit=1, CmdVal=0x0C59C
21130302-16:3:51:113719046=CH[6] is 32Bit=1, CmdVal=0x0C5AA
21130302-16:3:51:113719062=CH[7] is 32Bit=1, CmdVal=0x0C59C
21130302-16:3:51:113719078=Enter CSCOPE_WORKER::Arrange_CH_32bit() OK
21130302-16:3:51:113719109=Enter CScope_Decoder::resetScpDecoder() 
21130302-16:3:51:113719125=Sample rate=8000, ScopeTimeSec=1, PM_Data_Size=800,
21130302-16:3:51:113719140=CSCOPE_PACKET_PARSER::initAllocation(8)
21130302-16:3:51:113719187=Enter CScope_Decoder::Setup_Paraer()
21130302-16:3:51:113719203=Decide_CH_Get_Func() : CH[0] b32=1, CH_DataType=2 
21130302-16:3:51:113719234=Decide_CH_Get_Func() : CH[1] b32=1, CH_DataType=2
21130302-16:3:51:113719250=Decide_CH_Get_Func() : CH[2] b32=1, CH_DataType=2
21130302-16:3:51:113719265=Decide_CH_Get_Func() : CH[3] b32=1, CH_DataType=2
21130302-16:3:51:113719296=Decide_CH_Get_Func() : CH[4] b32=1, CH_DataType=2
21130302-16:3:51:113719312=Decide_CH_Get_Func() : CH[5] b32=1, CH_DataType=2
21130302-16:3:51:113719328=Decide_CH_Get_Func() : CH[6] b32=1, CH_DataType=2
21130302-16:3:51:113719343=Enter CScope_Decoder::resetScpDecoder() OK
21130302-16:3:51:113719375=   call m_pScpCom->WriteScopeCmd_Start()
21130302-16:3:51:113719390=CH1 P0-4 nCmdVal=0xC598(50584)

21130302-16:3:51:113719406=Enter COMM_HCT::Write_N_RTU()
21130302-16:3:51:113719421=CH2 P0-6 nCmdVal=0xC59A(50586)

21130302-16:3:51:113719437=Enter COMM_HCT::Write_N_RTU()
21130302-16:3:51:113719468=CH3 P0-5 nCmdVal=0xC598(50584)

21130302-16:3:52:113719484=Enter COMM_HCT::Write_N_RTU()
21130302-16:3:52:113719500=Enter COMM_HCT::Write_N_RTU()

21130302-16:3:52:113719531=Enter COMM_HCT::Write_N_RTU()

21130302-16:3:52:113719562=CH6 P0-67 nCmdVal=0xC5AA(50602)

21130302-16:3:52:113719578=Enter COMM_HCT::Write_N_RTU()
21130302-16:3:52:113719625=CH7 P0-66 nCmdVal=0xC59C(50588)

21130302-16:3:52:113719640=Enter COMM_HCT::Write_N_RTU()
21130302-16:3:52:113719656=CH8 P0-68 nCmdVal=0xC5AA(50602)

21130302-16:3:52:113719671=Enter COMM_HCT::Write_N_RTU()
21130302-16:3:52:113719703=Enter CSCOPE_COMM::Write_CH_Cmd() OK
21130302-16:3:52:113719718=Enter CSCOPE_WORKER::WriteScopeCmd_Start() OK
21130302-16:3:52:113719750=Enter CASD_SCOPE::Scope_Run() OK! 
21130302-16:3:52:113719765=Enter API ASD_Scope_Run() OK
21130302-16:3:54:113722218=Enter API ASD_Scope_Reset_Before_Run() Port[0x0000000C]
21130302-16:3:54:113722234=Enter CASD_SCOPE::Scope_Reset_Before_Run() 
21130302-16:3:54:113722265=Enter CSCOPE_WORKER::Scope_Reset_CH_Before_Run() 
21130302-16:3:54:113722281=Enter CSCOPE_COMM::resetScpComm()
21130302-16:3:54:113722296=COMM_HCT::SetScopeDecoder
21130302-16:3:54:113722312=Enter CSCOPE_COMM::resetScpComm() OK
21130302-16:3:54:113722328=Enter CScope_Decoder::resetScpDecoder() 
21130302-16:3:54:113722343=Sample rate=8000, ScopeTimeSec=1, PM_Data_Size=800,
21130302-16:3:54:113722359=CSCOPE_PACKET_PARSER::initAllocation(8)
21130302-16:3:54:113722390=Enter CScope_Decoder::Setup_Paraer()
21130302-16:3:54:113722406=Decide_CH_Get_Func() : CH[0] b32=1, CH_DataType=2 
21130302-16:3:54:113722437=Decide_CH_Get_Func() : CH[1] b32=1, CH_DataType=2
21130302-16:3:54:113722453=Decide_CH_Get_Func() : CH[2] b32=1, CH_DataType=2
21130302-16:3:55:113722484=Decide_CH_Get_Func() : CH[3] b32=1, CH_DataType=2
21130302-16:3:55:113722500=Decide_CH_Get_Func() : CH[4] b32=1, CH_DataType=2
21130302-16:3:55:113722515=Decide_CH_Get_Func() : CH[5] b32=1, CH_DataType=2
21130302-16:3:55:113722546=Decide_CH_Get_Func() : CH[6] b32=1, CH_DataType=2
21130302-16:3:55:113722562=Decide_CH_Get_Func() : CH[7] b32=1, CH_DataType=2
21130302-16:3:55:113722578=Enter CScope_Decoder::resetScpDecoder() OK
21130302-16:3:55:113722609=Scope_Reset_CH_Before_Run() time=0, 47, 281, 0 
21130302-16:3:55:113722625=Enter CSCOPE_WORKER::Scope_Reset_CH_Before_Run() OK
21130302-16:3:55:113722640=Enter CASD_SCOPE::Scope_Reset_Before_Run() OK! 
21130302-16:3:55:113722656=ASD_Scope_Reset_Before_Run() time=0, 406
21130302-16:3:55:113722671=ASD_Scope_Reset_Before_Run() OK
21130302-16:3:55:113722687=Enter COMM_HCT::Write_N_RTU()
21130302-16:4:4:113731531=Enter COMM_HCT::Write_N_RTU()
21130302-16:4:12:113740359=Enter API ASD_Scope_Stop() Port[0x0000000C]
21130302-16:4:12:113740375=Enter CASD_SCOPE::Scope_Stop()
21130302-16:4:12:113740406=Enter CSCOPE_WORKER::StopScope()
21130302-16:4:12:113740421=Enter CSCOPE_COMM::WriteScopeCmd_Stop()
21130302-16:4:12:113740437=Enter CSCOPE_COMM::Close_ScpCmd()
21130302-16:4:12:113740453=Enter CSCOPE_COMM::StopScope()
21130302-16:4:12:113740468=Enter COMM_HCT::Write_N_RTU()
21130302-16:4:13:113740531=Enter COMM_HCT::Write_N_RTU()
21130302-16:4:13:113740562=mr_pCommASD->Write_N(3,8) time=15, 15
21130302-16:4:13:113740578=Enter CSCOPE_COMM::StopScope() OK
21130302-16:4:13:113740593=CSCOPE_COMM::Close_ScpCmd() time=141, 141
21130302-16:4:13:113740609=Enter CSCOPE_COMM::Close_ScpCmd() OK
21130302-16:4:13:113740625=Enter CSCOPE_COMM::WriteScopeCmd_Stop() OK
21130302-16:4:13:113740640=Enter CSCOPE_WORKER::StopScope() OK
21130302-16:4:13:113740656=Enter CASD_SCOPE::Scope_Stop() OK
21130302-16:4:13:113740671=Enter API ASD_Scope_Reset_Before_Run() Port[0x0000000C]
21130302-16:4:13:113740687=Enter CASD_SCOPE::Scope_Reset_Before_Run() 
21130302-16:4:13:113740703=Enter CSCOPE_WORKER::Scope_Reset_CH_Before_Run() 
21130302-16:4:13:113740718=Enter CSCOPE_COMM::resetScpComm()
21130302-16:4:13:113740734=COMM_HCT::SetScopeDecoder
21130302-16:4:13:113740750=Enter CSCOPE_COMM::resetScpComm() OK
21130302-16:4:13:113740765=Sample rate=8000, ScopeTimeSec=1, PM_Data_Size=800, 
21130302-16:4:13:113740781=CSCOPE_PACKET_PARSER::initAllocation(8)
21130302-16:4:13:113740796=Enter CScope_Decoder::Setup_Paraer()
21130302-16:4:13:113740812=Decide_CH_Get_Func() : CH[0] b32=1, CH_DataType=2 
21130302-16:4:13:113740828=Decide_CH_Get_Func() : CH[1] b32=1, CH_DataType=2
21130302-16:4:13:113740843=Decide_CH_Get_Func() : CH[2] b32=1, CH_DataType=2
21130302-16:4:13:113740859=Decide_CH_Get_Func() : CH[3] b32=1, CH_DataType=2
21130302-16:4:13:113740875=Decide_CH_Get_Func() : CH[4] b32=1, CH_DataType=2
21130302-16:4:13:113740890=Decide_CH_Get_Func() : CH[5] b32=1, CH_DataType=2
21130302-16:4:13:113740906=Decide_CH_Get_Func() : CH[6] b32=1, CH_DataType=2
21130302-16:4:13:113740921=Enter CScope_Decoder::resetScpDecoder() OK
21130302-16:4:13:113740953=Scope_Reset_CH_Before_Run() time=0, 47, 187, 0 
21130302-16:4:13:113740968=Enter CSCOPE_WORKER::Scope_Reset_CH_Before_Run() OK
21130302-16:4:13:113740984=Enter CASD_SCOPE::Scope_Reset_Before_Run() OK! 
21130302-16:4:13:113741000=ASD_Scope_Reset_Before_Run() time=0, 297
21130302-16:4:13:113741015=ASD_Scope_Reset_Before_Run() OK
AppStart113928046=21130302-16:7:20 : APP StartDLL() 1.1.0.10(build20210909)
21130302-16:7:20:113928062=Enter API ASD_Allocate_Scope() Port[0x0000000C]  Ver=1.1.0.10(build20210909)
21130302-16:7:20:113928140=Port Allocated OK!
21130302-16:7:20:113928156=Enter API ASD_Open_COMM_HCTL() Com[12]
21130302-16:7:20:113928171=DDBUG CCOMM_THREAD::start_thread  1
21130302-16:7:20:113928187=S2 COMM_HCTL::Com_Thread_Start() enter loop......

21130302-16:7:20:113928218=Enter CASD_SCOPE::SetCommObject()
21130302-16:7:20:113928265=initCommScope(): Dev(3, 7, 0), ScoptType=501, CH_Size=8, 
21130302-16:7:20:113928281=Scope_Second=1, Base_Second=20, nBufSize=160001, new_dDSP_Data_Ts=0.125000, strTimeFormat=%0.3f(ms)
21130302-16:7:20:113928296=Enter CASD_SCOPE::Scope_Write_Settings() 
21130302-16:7:20:113928312=Enter CSCOPE_WORKER::Scope_Write_Setting_Before_Run() 
21130302-16:7:20:113928328=Enter CSCOPE_COMM::resetScpComm()
21130302-16:7:20:113928343=COMM_HCT::SetScopeDecoder
21130302-16:7:20:113928359=Enter CSCOPE_COMM::resetScpComm() OK
21130302-16:7:20:113928375=CH[1] is 32Bit=1, CmdVal=0x0C598
21130302-16:7:20:113928406=CH[2] is 32Bit=1, CmdVal=0x0C59A
21130302-16:7:20:113928421=CH[3] is 32Bit=1, CmdVal=0x0C598
21130302-16:7:20:113928437=CH[4] is 32Bit=1, CmdVal=0x0C59A
21130302-16:7:20:113928453=CH[5] is 32Bit=1, CmdVal=0x0C59C
21130302-16:7:20:113928468=CH[6] is 32Bit=1, CmdVal=0x0C5AA
21130302-16:7:21:113928484=CH[7] is 32Bit=1, CmdVal=0x0C59C
21130302-16:7:21:113928500=Enter CSCOPE_WORKER::Arrange_CH_32bit() OK
21130302-16:7:21:113928531=Sample rate=8000, ScopeTimeSec=1, PM_Data_Size=800, 
21130302-16:7:21:113928546=CSCOPE_PACKET_PARSER::initAllocation(8)
21130302-16:7:21:113928562=Enter CScope_Decoder::Setup_Paraer()
21130302-16:7:21:113928578=Decide_CH_Get_Func() : CH[0] b32=1, CH_DataType=2 
21130302-16:7:21:113928593=Decide_CH_Get_Func() : CH[1] b32=1, CH_DataType=2
21130302-16:7:21:113928609=Decide_CH_Get_Func() : CH[2] b32=1, CH_DataType=2
21130302-16:7:21:113928625=Decide_CH_Get_Func() : CH[3] b32=1, CH_DataType=2
21130302-16:7:21:113928640=Decide_CH_Get_Func() : CH[4] b32=1, CH_DataType=2
21130302-16:7:21:113928656=Decide_CH_Get_Func() : CH[5] b32=1, CH_DataType=2
21130302-16:7:21:113928671=Decide_CH_Get_Func() : CH[6] b32=1, CH_DataType=2
21130302-16:7:21:113928687=Enter CScope_Decoder::resetScpDecoder() OK
21130302-16:7:21:113928703=   call m_pScpCom->WriteScopeCmd_Start()
21130302-16:7:21:113928718=CH1 P0-4 nCmdVal=0xC598(50584)

21130302-16:7:21:113928734=Enter COMM_HCT::Write_N_RTU()
21130302-16:7:21:113928750=Enter COMM_HCT::Write_N_RTU()

21130302-16:7:21:113928765=CH3 P0-5 nCmdVal=0xC598(50584)

21130302-16:7:21:113928781=Enter COMM_HCT::Write_N_RTU()
21130302-16:7:21:113928796=Enter COMM_HCT::Write_N_RTU()

21130302-16:7:21:113928812=Enter COMM_HCT::Write_N_RTU()

21130302-16:7:21:113928828=CH6 P0-67 nCmdVal=0xC5AA(50602)

21130302-16:7:21:113928843=CH7 P0-66 nCmdVal=0xC59C(50588)

21130302-16:7:21:113928859=Enter COMM_HCT::Write_N_RTU()
21130302-16:7:21:113928875=Enter COMM_HCT::Write_N_RTU()

21130302-16:7:21:113928906=Enter CSCOPE_COMM::Write_CH_Cmd() OK
21130302-16:7:21:113928921=Enter CSCOPE_WORKER::WriteScopeCmd_Start() OK
21130302-16:7:21:113928937=Enter CASD_SCOPE::Scope_Run() OK! 
21130302-16:7:21:113928953=Enter API ASD_Scope_Run() OK
21130302-16:7:23:113930921=Enter CASD_SCOPE::Scope_Reset_Before_Run() 
21130302-16:7:23:113930953=Enter CSCOPE_WORKER::Scope_Reset_CH_Before_Run() 
21130302-16:7:23:113930968=Enter CSCOPE_COMM::resetScpComm()
21130302-16:7:23:113930984=COMM_HCT::SetScopeDecoder
21130302-16:7:23:113931000=Enter CSCOPE_COMM::resetScpComm() OK
21130302-16:7:23:113931015=Sample rate=8000, ScopeTimeSec=1, PM_Data_Size=800, 
21130302-16:7:23:113931031=CSCOPE_PACKET_PARSER::initAllocation(8)
21130302-16:7:23:113931046=Enter CScope_Decoder::Setup_Paraer()
21130302-16:7:23:113931062=Decide_CH_Get_Func() : CH[0] b32=1, CH_DataType=2 
21130302-16:7:23:113931078=Decide_CH_Get_Func() : CH[1] b32=1, CH_DataType=2
21130302-16:7:23:113931093=Decide_CH_Get_Func() : CH[2] b32=1, CH_DataType=2
21130302-16:7:23:113931109=Decide_CH_Get_Func() : CH[3] b32=1, CH_DataType=2
21130302-16:7:23:113931125=Decide_CH_Get_Func() : CH[4] b32=1, CH_DataType=2
21130302-16:7:23:113931140=Decide_CH_Get_Func() : CH[5] b32=1, CH_DataType=2
21130302-16:7:23:113931156=Decide_CH_Get_Func() : CH[6] b32=1, CH_DataType=2
21130302-16:7:23:113931171=Enter CScope_Decoder::resetScpDecoder() OK
21130302-16:7:23:113931187=Scope_Reset_CH_Before_Run() time=0, 47, 171, 0 
21130302-16:7:23:113931203=Enter CSCOPE_WORKER::Scope_Reset_CH_Before_Run() OK
21130302-16:7:23:113931218=Enter CASD_SCOPE::Scope_Reset_Before_Run() OK! 
21130302-16:7:23:113931234=ASD_Scope_Reset_Before_Run() time=0, 297
21130302-16:7:23:113931250=ASD_Scope_Reset_Before_Run() OK
21130302-16:7:23:113931265=Enter COMM_HCT::Write_N_RTU()
21130302-16:7:30:113938375=Enter COMM_HCT::Write_N_RTU()
21130302-16:7:39:113947187=Enter API ASD_Scope_Stop() Port[0x0000000C]
21130302-16:7:39:113947203=Enter CASD_SCOPE::Scope_Stop()
21130302-16:7:39:113947234=Enter CSCOPE_WORKER::StopScope()
21130302-16:7:39:113947250=Enter CSCOPE_COMM::WriteScopeCmd_Stop()
21130302-16:7:39:113947265=Enter CSCOPE_COMM::Close_ScpCmd()
21130302-16:7:39:113947281=Enter CSCOPE_COMM::StopScope()
21130302-16:7:39:113947296=Enter COMM_HCT::Write_N_RTU()
21130302-16:7:39:113947359=Enter COMM_HCT::Write_N_RTU()
21130302-16:7:39:113947390=mr_pCommASD->Write_N(3,8) time=16, 16
21130302-16:7:39:113947406=Enter CSCOPE_COMM::StopScope() OK
21130302-16:7:39:113947421=CSCOPE_COMM::Close_ScpCmd() time=141, 141
21130302-16:7:39:113947437=Enter CSCOPE_COMM::Close_ScpCmd() OK
21130302-16:7:39:113947453=Enter CSCOPE_COMM::WriteScopeCmd_Stop() OK
21130302-16:7:39:113947468=Enter CSCOPE_WORKER::StopScope() OK
21130302-16:7:40:113947484=Enter CASD_SCOPE::Scope_Stop() OK
21130302-16:7:40:113947500=Enter API ASD_Scope_Reset_Before_Run() Port[0x0000000C]
21130302-16:7:40:113947515=Enter CASD_SCOPE::Scope_Reset_Before_Run() 
21130302-16:7:40:113947531=Enter CSCOPE_WORKER::Scope_Reset_CH_Before_Run() 
21130302-16:7:40:113947546=Enter CSCOPE_COMM::resetScpComm()
21130302-16:7:40:113947562=COMM_HCT::SetScopeDecoder
21130302-16:7:40:113947578=Enter CSCOPE_COMM::resetScpComm() OK
21130302-16:7:40:113947593=Sample rate=8000, ScopeTimeSec=1, PM_Data_Size=800, 
21130302-16:7:40:113947609=CSCOPE_PACKET_PARSER::initAllocation(8)
21130302-16:7:40:113947625=Enter CScope_Decoder::Setup_Paraer()
21130302-16:7:40:113947640=Decide_CH_Get_Func() : CH[0] b32=1, CH_DataType=2 
21130302-16:7:40:113947671=Decide_CH_Get_Func() : CH[1] b32=1, CH_DataType=2
21130302-16:7:40:113947687=Decide_CH_Get_Func() : CH[2] b32=1, CH_DataType=2
21130302-16:7:40:113947703=Decide_CH_Get_Func() : CH[3] b32=1, CH_DataType=2
21130302-16:7:40:113947718=Decide_CH_Get_Func() : CH[4] b32=1, CH_DataType=2
21130302-16:7:40:113947734=Decide_CH_Get_Func() : CH[5] b32=1, CH_DataType=2
21130302-16:7:40:113947750=Decide_CH_Get_Func() : CH[6] b32=1, CH_DataType=2
21130302-16:7:40:113947765=Enter CScope_Decoder::resetScpDecoder() OK
21130302-16:7:40:113947796=Scope_Reset_CH_Before_Run() time=0, 47, 203, 0 
21130302-16:7:40:113947812=Enter CSCOPE_WORKER::Scope_Reset_CH_Before_Run() OK
21130302-16:7:40:113947828=Enter CASD_SCOPE::Scope_Reset_Before_Run() OK! 
21130302-16:7:40:113947843=ASD_Scope_Reset_Before_Run() time=0, 313
21130302-16:7:40:113947859=ASD_Scope_Reset_Before_Run() OK
21130302-16:8:26:113994109=Enter COMM_HCT::Write_N_RTU()
21130302-16:8:35:114002781=Enter API ASD_Scope_Stop() Port[0x0000000C]
21130302-16:8:35:114002796=Enter CASD_SCOPE::Scope_Stop()
21130302-16:8:35:114002828=Enter CSCOPE_WORKER::StopScope()
21130302-16:8:35:114002843=Enter CSCOPE_COMM::WriteScopeCmd_Stop()
21130302-16:8:35:114002859=Enter CSCOPE_COMM::Close_ScpCmd()
21130302-16:8:35:114002875=Enter CSCOPE_COMM::StopScope()
21130302-16:8:35:114002890=Enter COMM_HCT::Write_N_RTU()
21130302-16:8:35:114002937=Enter COMM_HCT::Write_N_RTU()
21130302-16:8:35:114002968=mr_pCommASD->Write_N(3,8) time=16, 16
21130302-16:8:35:114002984=Enter CSCOPE_COMM::StopScope() OK
21130302-16:8:35:114003000=CSCOPE_COMM::Close_ScpCmd() time=125, 125
21130302-16:8:35:114003015=Enter CSCOPE_COMM::Close_ScpCmd() OK
21130302-16:8:35:114003031=Enter CSCOPE_COMM::WriteScopeCmd_Stop() OK
21130302-16:8:35:114003046=Enter CSCOPE_WORKER::StopScope() OK
21130302-16:8:35:114003062=Enter CASD_SCOPE::Scope_Stop() OK
21130302-16:8:35:114003078=Enter API ASD_Scope_Reset_Before_Run() Port[0x0000000C]
21130302-16:8:35:114003093=Enter CASD_SCOPE::Scope_Reset_Before_Run() 
21130302-16:8:35:114003109=Enter CSCOPE_WORKER::Scope_Reset_CH_Before_Run() 
21130302-16:8:35:114003125=Enter CSCOPE_COMM::resetScpComm()
21130302-16:8:35:114003140=COMM_HCT::SetScopeDecoder
21130302-16:8:35:114003156=Enter CSCOPE_COMM::resetScpComm() OK
21130302-16:8:35:114003171=Sample rate=8000, ScopeTimeSec=1, PM_Data_Size=800, 
21130302-16:8:35:114003187=CSCOPE_PACKET_PARSER::initAllocation(8)
21130302-16:8:35:114003203=Enter CScope_Decoder::Setup_Paraer()
21130302-16:8:35:114003218=Decide_CH_Get_Func() : CH[0] b32=1, CH_DataType=2 
21130302-16:8:35:114003250=Decide_CH_Get_Func() : CH[1] b32=1, CH_DataType=2
21130302-16:8:35:114003265=Decide_CH_Get_Func() : CH[2] b32=1, CH_DataType=2
21130302-16:8:35:114003281=Decide_CH_Get_Func() : CH[3] b32=1, CH_DataType=2
21130302-16:8:35:114003296=Decide_CH_Get_Func() : CH[4] b32=1, CH_DataType=2
21130302-16:8:35:114003312=Decide_CH_Get_Func() : CH[5] b32=1, CH_DataType=2
21130302-16:8:35:114003328=Decide_CH_Get_Func() : CH[6] b32=1, CH_DataType=2
21130302-16:8:35:114003343=Enter CScope_Decoder::resetScpDecoder() OK
21130302-16:8:35:114003375=Scope_Reset_CH_Before_Run() time=0, 47, 203, 0 
21130302-16:8:35:114003390=Enter CSCOPE_WORKER::Scope_Reset_CH_Before_Run() OK
21130302-16:8:35:114003406=Enter CASD_SCOPE::Scope_Reset_Before_Run() OK! 
21130302-16:8:35:114003421=ASD_Scope_Reset_Before_Run() time=0, 313
21130302-16:8:35:114003437=ASD_Scope_Reset_Before_Run() OK
21130302-16:10:25:114112687=Enter COMM_HCT::Write_N_RTU()
21130302-16:10:34:114121484=Enter API ASD_Scope_Stop() Port[0x0000000C]
21130302-16:10:34:114121500=Enter CASD_SCOPE::Scope_Stop()
21130302-16:10:34:114121531=Enter CSCOPE_WORKER::StopScope()
21130302-16:10:34:114121546=Enter CSCOPE_COMM::WriteScopeCmd_Stop()
21130302-16:10:34:114121578=Enter CSCOPE_COMM::Close_ScpCmd()
21130302-16:10:34:114121593=Enter CSCOPE_COMM::StopScope()
21130302-16:10:34:114121609=Enter COMM_HCT::Write_N_RTU()
21130302-16:10:34:114121671=Enter COMM_HCT::Write_N_RTU()
21130302-16:10:34:114121703=mr_pCommASD->Write_N(3,8) time=16, 16
21130302-16:10:34:114121718=Enter CSCOPE_COMM::StopScope() OK
21130302-16:10:34:114121734=CSCOPE_COMM::Close_ScpCmd() time=140, 140
21130302-16:10:34:114121750=Enter CSCOPE_COMM::Close_ScpCmd() OK
21130302-16:10:34:114121781=Enter CSCOPE_COMM::WriteScopeCmd_Stop() OK
21130302-16:10:34:114121796=Enter CSCOPE_WORKER::StopScope() OK
21130302-16:10:34:114121812=Enter CASD_SCOPE::Scope_Stop() OK
21130302-16:10:34:114121828=Enter API ASD_Scope_Reset_Before_Run() Port[0x0000000C]
21130302-16:10:34:114121859=Enter CASD_SCOPE::Scope_Reset_Before_Run() 
21130302-16:10:34:114121875=Enter CSCOPE_WORKER::Scope_Reset_CH_Before_Run() 
21130302-16:10:34:114121890=Enter CSCOPE_COMM::resetScpComm()
21130302-16:10:34:114121906=COMM_HCT::SetScopeDecoder
21130302-16:10:34:114121921=Enter CSCOPE_COMM::resetScpComm() OK
21130302-16:10:34:114121937=Sample rate=8000, ScopeTimeSec=1, PM_Data_Size=800, 
21130302-16:10:34:114121953=CSCOPE_PACKET_PARSER::initAllocation(8)
21130302-16:10:34:114121984=Enter CScope_Decoder::Setup_Paraer()
21130302-16:10:34:114122000=Decide_CH_Get_Func() : CH[0] b32=1, CH_DataType=2 
21130302-16:10:34:114122031=Decide_CH_Get_Func() : CH[1] b32=1, CH_DataType=2
21130302-16:10:34:114122046=Decide_CH_Get_Func() : CH[2] b32=1, CH_DataType=2
21130302-16:10:34:114122062=Decide_CH_Get_Func() : CH[3] b32=1, CH_DataType=2
21130302-16:10:34:114122078=Decide_CH_Get_Func() : CH[4] b32=1, CH_DataType=2
21130302-16:10:34:114122093=Decide_CH_Get_Func() : CH[5] b32=1, CH_DataType=2
21130302-16:10:34:114122109=Decide_CH_Get_Func() : CH[6] b32=1, CH_DataType=2
21130302-16:10:34:114122125=Enter CScope_Decoder::resetScpDecoder() OK
21130302-16:10:34:114122171=Scope_Reset_CH_Before_Run() time=0, 46, 235, 0 
21130302-16:10:34:114122187=Enter CSCOPE_WORKER::Scope_Reset_CH_Before_Run() OK
21130302-16:10:34:114122218=Enter CASD_SCOPE::Scope_Reset_Before_Run() OK! 
21130302-16:10:34:114122234=ASD_Scope_Reset_Before_Run() time=0, 359
21130302-16:10:34:114122250=ASD_Scope_Reset_Before_Run() OK
AppStart114328625=21130302-16:14:1 : APP StartDLL() 1.1.0.10(build20210909)
21130302-16:14:1:114328640=Enter API ASD_Allocate_Scope() Port[0x0000000C]  Ver=1.1.0.10(build20210909)
21130302-16:14:1:114328718=Port Allocated OK!
21130302-16:14:1:114328734=Enter API ASD_Open_COMM_HCTL() Com[12]
21130302-16:14:1:114328750=DDBUG CCOMM_THREAD::start_thread  1
21130302-16:14:1:114328781=S2 COMM_HCTL::Com_Thread_Start() enter loop......

21130302-16:14:1:114328812=Enter CASD_SCOPE::SetCommObject()
21130302-16:14:1:114328921=initCommScope(): Dev(3, 7, 0), ScoptType=501, CH_Size=8, 
21130302-16:14:1:114328937=Scope_Second=1, Base_Second=20, nBufSize=160001, new_dDSP_Data_Ts=0.125000, strTimeFormat=%0.3f(ms)
21130302-16:14:1:114328968=Enter CASD_SCOPE::Scope_Write_Settings() 
21130302-16:14:1:114328984=Enter CSCOPE_WORKER::Scope_Write_Setting_Before_Run() 
21130302-16:14:1:114329000=Enter CSCOPE_COMM::resetScpComm()
21130302-16:14:1:114329015=COMM_HCT::SetScopeDecoder
21130302-16:14:1:114329031=Enter CSCOPE_COMM::resetScpComm() OK
21130302-16:14:1:114329046=CH[1] is 32Bit=1, CmdVal=0x0C598
21130302-16:14:1:114329078=CH[2] is 32Bit=1, CmdVal=0x0C59A
21130302-16:14:1:114329093=CH[3] is 32Bit=1, CmdVal=0x0C598
21130302-16:14:1:114329109=CH[4] is 32Bit=1, CmdVal=0x0C59A
21130302-16:14:1:114329125=CH[5] is 32Bit=1, CmdVal=0x0C59C
21130302-16:14:1:114329140=CH[6] is 32Bit=1, CmdVal=0x0C5AA
21130302-16:14:1:114329156=CH[7] is 32Bit=1, CmdVal=0x0C59C
21130302-16:14:1:114329171=Enter CSCOPE_WORKER::Arrange_CH_32bit() OK
21130302-16:14:1:114329203=Sample rate=8000, ScopeTimeSec=1, PM_Data_Size=800, 
21130302-16:14:1:114329218=CSCOPE_PACKET_PARSER::initAllocation(8)
21130302-16:14:1:114329250=Enter CScope_Decoder::Setup_Paraer()
21130302-16:14:1:114329265=Decide_CH_Get_Func() : CH[0] b32=1, CH_DataType=2 
21130302-16:14:1:114329296=Decide_CH_Get_Func() : CH[1] b32=1, CH_DataType=2
21130302-16:14:1:114329312=Decide_CH_Get_Func() : CH[2] b32=1, CH_DataType=2
21130302-16:14:1:114329328=Decide_CH_Get_Func() : CH[3] b32=1, CH_DataType=2
21130302-16:14:1:114329343=Decide_CH_Get_Func() : CH[4] b32=1, CH_DataType=2
21130302-16:14:1:114329359=Decide_CH_Get_Func() : CH[5] b32=1, CH_DataType=2
21130302-16:14:1:114329375=Decide_CH_Get_Func() : CH[6] b32=1, CH_DataType=2
21130302-16:14:1:114329390=Enter CScope_Decoder::resetScpDecoder() OK
21130302-16:14:1:114329421=   call m_pScpCom->WriteScopeCmd_Start()
21130302-16:14:1:114329437=CH1 P0-4 nCmdVal=0xC598(50584)

21130302-16:14:1:114329453=Enter COMM_HCT::Write_N_RTU()
21130302-16:14:2:114329468=CH2 P0-6 nCmdVal=0xC59A(50586)

21130302-16:14:2:114329500=Enter COMM_HCT::Write_N_RTU()
21130302-16:14:2:114329531=CH3 P0-5 nCmdVal=0xC598(50584)

21130302-16:14:2:114329546=Enter COMM_HCT::Write_N_RTU()
21130302-16:14:2:114329562=CH4 P0-7 nCmdVal=0xC59A(50586)

21130302-16:14:2:114329578=Enter COMM_HCT::Write_N_RTU()
21130302-16:14:2:114329609=CH5 P0-65 nCmdVal=0xC59C(50588)

21130302-16:14:2:114329625=Enter COMM_HCT::Write_N_RTU()
21130302-16:14:2:114329656=CH6 P0-67 nCmdVal=0xC5AA(50602)

21130302-16:14:2:114329671=Enter COMM_HCT::Write_N_RTU()
21130302-16:14:2:114329687=CH7 P0-66 nCmdVal=0xC59C(50588)

21130302-16:14:2:114329734=Enter COMM_HCT::Write_N_RTU()
21130302-16:14:2:114329765=CH8 P0-68 nCmdVal=0xC5AA(50602)

21130302-16:14:2:114329781=Enter COMM_HCT::Write_N_RTU()
21130302-16:14:2:114329796=Enter CSCOPE_COMM::Write_CH_Cmd() OK
21130302-16:14:2:114329812=Enter CSCOPE_WORKER::WriteScopeCmd_Start() OK
21130302-16:14:2:114329843=Enter CASD_SCOPE::Scope_Run() OK! 
21130302-16:14:2:114329859=Enter API ASD_Scope_Run() OK
21130302-16:14:4:114332343=Enter API ASD_Scope_Reset_Before_Run() Port[0x0000000C]
21130302-16:14:4:114332359=Enter CASD_SCOPE::Scope_Reset_Before_Run() 
21130302-16:14:4:114332390=Enter CSCOPE_WORKER::Scope_Reset_CH_Before_Run() 
21130302-16:14:4:114332406=Enter CSCOPE_COMM::resetScpComm()
21130302-16:14:4:114332421=COMM_HCT::SetScopeDecoder
21130302-16:14:4:114332453=Enter CSCOPE_COMM::resetScpComm() OK
21130302-16:14:5:114332468=Sample rate=8000, ScopeTimeSec=1, PM_Data_Size=800, 
21130302-16:14:5:114332484=CSCOPE_PACKET_PARSER::initAllocation(8)
21130302-16:14:5:114332515=Enter CScope_Decoder::Setup_Paraer()
21130302-16:14:5:114332531=Decide_CH_Get_Func() : CH[0] b32=1, CH_DataType=2 
21130302-16:14:5:114332562=Decide_CH_Get_Func() : CH[1] b32=1, CH_DataType=2
21130302-16:14:5:114332593=Decide_CH_Get_Func() : CH[2] b32=1, CH_DataType=2
21130302-16:14:5:114332609=Decide_CH_Get_Func() : CH[3] b32=1, CH_DataType=2
21130302-16:14:5:114332625=Decide_CH_Get_Func() : CH[4] b32=1, CH_DataType=2
21130302-16:14:5:114332640=Decide_CH_Get_Func() : CH[5] b32=1, CH_DataType=2
21130302-16:14:5:114332656=Decide_CH_Get_Func() : CH[6] b32=1, CH_DataType=2
21130302-16:14:5:114332671=Enter CScope_Decoder::resetScpDecoder() OK
21130302-16:14:5:114332703=Scope_Reset_CH_Before_Run() time=0, 63, 234, 0 
21130302-16:14:5:114332718=Enter CSCOPE_WORKER::Scope_Reset_CH_Before_Run() OK
21130302-16:14:5:114332734=Enter CASD_SCOPE::Scope_Reset_Before_Run() OK! 
21130302-16:14:5:114332750=ASD_Scope_Reset_Before_Run() time=0, 375
21130302-16:14:5:114332781=ASD_Scope_Reset_Before_Run() OK
21130302-16:14:5:114332796=Enter COMM_HCT::Write_N_RTU()
21130302-16:14:11:114339406=Enter COMM_HCT::Write_N_RTU()
21130302-16:14:21:114348515=Enter API ASD_Scope_Stop() Port[0x0000000C]
21130302-16:14:21:114348531=Enter CASD_SCOPE::Scope_Stop()
21130302-16:14:21:114348562=Enter CSCOPE_WORKER::StopScope()
21130302-16:14:21:114348578=Enter CSCOPE_COMM::WriteScopeCmd_Stop()
21130302-16:14:21:114348593=Enter CSCOPE_COMM::Close_ScpCmd()
21130302-16:14:21:114348609=Enter CSCOPE_COMM::StopScope()
21130302-16:14:21:114348625=Enter COMM_HCT::Write_N_RTU()
21130302-16:14:21:114348687=Enter COMM_HCT::Write_N_RTU()
21130302-16:14:21:114348703=mr_pCommASD->Write_N(3,8) time=0, 0
21130302-16:14:21:114348718=Enter CSCOPE_COMM::StopScope() OK
21130302-16:14:21:114348734=CSCOPE_COMM::Close_ScpCmd() time=125, 125
21130302-16:14:21:114348750=Enter CSCOPE_COMM::Close_ScpCmd() OK
21130302-16:14:21:114348765=Enter CSCOPE_COMM::WriteScopeCmd_Stop() OK
21130302-16:14:21:114348781=Enter CSCOPE_WORKER::StopScope() OK
21130302-16:14:21:114348796=Enter CASD_SCOPE::Scope_Stop() OK
21130302-16:14:21:114348812=Enter API ASD_Scope_Reset_Before_Run() Port[0x0000000C]
21130302-16:14:21:114348828=Enter CASD_SCOPE::Scope_Reset_Before_Run() 
21130302-16:14:21:114348843=Enter CSCOPE_WORKER::Scope_Reset_CH_Before_Run() 
21130302-16:14:21:114348859=Enter CSCOPE_COMM::resetScpComm()
21130302-16:14:21:114348875=COMM_HCT::SetScopeDecoder
21130302-16:14:21:114348890=Enter CSCOPE_COMM::resetScpComm() OK
21130302-16:14:21:114348906=Sample rate=8000, ScopeTimeSec=1, PM_Data_Size=800, 
21130302-16:14:21:114348921=CSCOPE_PACKET_PARSER::initAllocation(8)
21130302-16:14:21:114348937=Enter CScope_Decoder::Setup_Paraer()
21130302-16:14:21:114348953=Decide_CH_Get_Func() : CH[0] b32=1, CH_DataType=2 
21130302-16:14:21:114348984=Decide_CH_Get_Func() : CH[1] b32=1, CH_DataType=2
21130302-16:14:21:114349000=Decide_CH_Get_Func() : CH[2] b32=1, CH_DataType=2
21130302-16:14:21:114349015=Decide_CH_Get_Func() : CH[3] b32=1, CH_DataType=2
21130302-16:14:21:114349031=Decide_CH_Get_Func() : CH[4] b32=1, CH_DataType=2
21130302-16:14:21:114349046=Decide_CH_Get_Func() : CH[5] b32=1, CH_DataType=2
21130302-16:14:21:114349062=Decide_CH_Get_Func() : CH[6] b32=1, CH_DataType=2
21130302-16:14:21:114349078=Enter CScope_Decoder::resetScpDecoder() OK
21130302-16:14:21:114349109=Scope_Reset_CH_Before_Run() time=0, 47, 203, 0 
21130302-16:14:21:114349125=Enter CSCOPE_WORKER::Scope_Reset_CH_Before_Run() OK
21130302-16:14:21:114349140=Enter CASD_SCOPE::Scope_Reset_Before_Run() OK! 
21130302-16:14:21:114349156=ASD_Scope_Reset_Before_Run() time=0, 312
21130302-16:14:21:114349171=ASD_Scope_Reset_Before_Run() OK
21130302-16:15:12:114399703=Enter COMM_HCT::Write_N_RTU()
21130302-16:15:21:114408890=Enter API ASD_Scope_Stop() Port[0x0000000C]
21130302-16:15:21:114408906=Enter CASD_SCOPE::Scope_Stop()
21130302-16:15:21:114408921=Enter CSCOPE_WORKER::StopScope()
21130302-16:15:21:114408937=Enter CSCOPE_COMM::WriteScopeCmd_Stop()
21130302-16:15:21:114408953=Enter CSCOPE_COMM::Close_ScpCmd()
21130302-16:15:21:114408968=Enter CSCOPE_COMM::StopScope()
21130302-16:15:21:114408984=Enter COMM_HCT::Write_N_RTU()
21130302-16:15:21:114409046=Enter COMM_HCT::Write_N_RTU()
21130302-16:15:21:114409078=mr_pCommASD->Write_N(3,8) time=16, 16
21130302-16:15:21:114409093=Enter CSCOPE_COMM::StopScope() OK
21130302-16:15:21:114409109=CSCOPE_COMM::Close_ScpCmd() time=140, 140
21130302-16:15:21:114409125=Enter CSCOPE_COMM::Close_ScpCmd() OK
21130302-16:15:21:114409140=Enter CSCOPE_COMM::WriteScopeCmd_Stop() OK
21130302-16:15:21:114409156=Enter CSCOPE_WORKER::StopScope() OK
21130302-16:15:21:114409171=Enter CASD_SCOPE::Scope_Stop() OK
21130302-16:15:21:114409187=Enter API ASD_Scope_Reset_Before_Run() Port[0x0000000C]
21130302-16:15:21:114409203=Enter CASD_SCOPE::Scope_Reset_Before_Run() 
21130302-16:15:21:114409234=Enter CSCOPE_WORKER::Scope_Reset_CH_Before_Run() 
21130302-16:15:21:114409250=Enter CSCOPE_COMM::resetScpComm()
21130302-16:15:21:114409265=COMM_HCT::SetScopeDecoder
21130302-16:15:21:114409281=Enter CSCOPE_COMM::resetScpComm() OK
21130302-16:15:21:114409296=Sample rate=8000, ScopeTimeSec=1, PM_Data_Size=800, 
21130302-16:15:21:114409312=CSCOPE_PACKET_PARSER::initAllocation(8)
21130302-16:15:21:114409343=Enter CScope_Decoder::Setup_Paraer()
21130302-16:15:21:114409359=Decide_CH_Get_Func() : CH[0] b32=1, CH_DataType=2 
21130302-16:15:21:114409390=Decide_CH_Get_Func() : CH[1] b32=1, CH_DataType=2
21130302-16:15:21:114409406=Decide_CH_Get_Func() : CH[2] b32=1, CH_DataType=2
21130302-16:15:21:114409421=Decide_CH_Get_Func() : CH[3] b32=1, CH_DataType=2
21130302-16:15:21:114409437=Decide_CH_Get_Func() : CH[4] b32=1, CH_DataType=2
21130302-16:15:21:114409453=Decide_CH_Get_Func() : CH[5] b32=1, CH_DataType=2
21130302-16:15:22:114409468=Decide_CH_Get_Func() : CH[6] b32=1, CH_DataType=2
21130302-16:15:22:114409484=Enter CScope_Decoder::resetScpDecoder() OK
21130302-16:15:22:114409515=Scope_Reset_CH_Before_Run() time=0, 47, 219, 0 
21130302-16:15:22:114409531=Enter CSCOPE_WORKER::Scope_Reset_CH_Before_Run() OK
21130302-16:15:22:114409546=Enter CASD_SCOPE::Scope_Reset_Before_Run() OK! 
21130302-16:15:22:114409562=ASD_Scope_Reset_Before_Run() time=0, 343
21130302-16:15:22:114409578=ASD_Scope_Reset_Before_Run() OK
21130302-16:16:24:114472234=Enter COMM_HCT::Write_N_RTU()
21130302-16:16:33:114481109=Enter API ASD_Scope_Stop() Port[0x0000000C]
21130302-16:16:33:114481125=Enter CASD_SCOPE::Scope_Stop()
21130302-16:16:33:114481156=Enter CSCOPE_WORKER::StopScope()
21130302-16:16:33:114481171=Enter CSCOPE_COMM::WriteScopeCmd_Stop()
21130302-16:16:33:114481187=Enter CSCOPE_COMM::Close_ScpCmd()
21130302-16:16:33:114481203=Enter CSCOPE_COMM::StopScope()
21130302-16:16:33:114481218=Enter COMM_HCT::Write_N_RTU()
21130302-16:16:33:114481281=Enter COMM_HCT::Write_N_RTU()
21130302-16:16:33:114481296=mr_pCommASD->Write_N(3,8) time=0, 0
21130302-16:16:33:114481312=Enter CSCOPE_COMM::StopScope() OK
21130302-16:16:33:114481328=CSCOPE_COMM::Close_ScpCmd() time=125, 125
21130302-16:16:33:114481343=Enter CSCOPE_COMM::Close_ScpCmd() OK
21130302-16:16:33:114481359=Enter CSCOPE_COMM::WriteScopeCmd_Stop() OK
21130302-16:16:33:114481375=Enter CSCOPE_WORKER::StopScope() OK
21130302-16:16:33:114481390=Enter CASD_SCOPE::Scope_Stop() OK
21130302-16:16:33:114481406=Enter API ASD_Scope_Reset_Before_Run() Port[0x0000000C]
21130302-16:16:33:114481421=Enter CASD_SCOPE::Scope_Reset_Before_Run() 
21130302-16:16:33:114481437=Enter CSCOPE_WORKER::Scope_Reset_CH_Before_Run() 
21130302-16:16:33:114481453=Enter CSCOPE_COMM::resetScpComm()
21130302-16:16:34:114481468=COMM_HCT::SetScopeDecoder
21130302-16:16:34:114481484=Enter CSCOPE_COMM::resetScpComm() OK
21130302-16:16:34:114481500=Sample rate=8000, ScopeTimeSec=1, PM_Data_Size=800, 
21130302-16:16:34:114481515=CSCOPE_PACKET_PARSER::initAllocation(8)
21130302-16:16:34:114481546=Enter CScope_Decoder::Setup_Paraer()
21130302-16:16:34:114481562=Decide_CH_Get_Func() : CH[0] b32=1, CH_DataType=2 
21130302-16:16:34:114481593=Decide_CH_Get_Func() : CH[1] b32=1, CH_DataType=2
21130302-16:16:34:114481609=Decide_CH_Get_Func() : CH[2] b32=1, CH_DataType=2
21130302-16:16:34:114481625=Decide_CH_Get_Func() : CH[3] b32=1, CH_DataType=2
21130302-16:16:34:114481640=Decide_CH_Get_Func() : CH[4] b32=1, CH_DataType=2
21130302-16:16:34:114481656=Decide_CH_Get_Func() : CH[5] b32=1, CH_DataType=2
21130302-16:16:34:114481671=Decide_CH_Get_Func() : CH[6] b32=1, CH_DataType=2
21130302-16:16:34:114481687=Enter CScope_Decoder::resetScpDecoder() OK
21130302-16:16:34:114481718=Scope_Reset_CH_Before_Run() time=0, 47, 219, 0 
21130302-16:16:34:114481734=Enter CSCOPE_WORKER::Scope_Reset_CH_Before_Run() OK
21130302-16:16:34:114481750=Enter CASD_SCOPE::Scope_Reset_Before_Run() OK! 
21130302-16:16:34:114481765=ASD_Scope_Reset_Before_Run() time=0, 329
21130302-16:16:34:114481781=ASD_Scope_Reset_Before_Run() OK
