[Trace]
AppStart332745953=21130421-13:59:13 : APP StartDLL() 1.1.0.10(build20210909)
21130421-13:59:13:332745968=Enter API ASD_Allocate_Scope() Port[0x0000000C]  Ver=1.1.0.10(build20210909)
21130421-13:59:13:332746109=Port Allocated OK!
21130421-13:59:13:332746140=Enter API ASD_Open_COMM_HCTL() Com[12]
21130421-13:59:13:332746156=ASD_Open_COMM_HCTL() exception! :Open HCTL COMM failed!
AppStart332761171=21130421-13:59:28 : APP StartDLL() 1.1.0.10(build20210909)
21130421-13:59:28:332761171=Enter API ASD_Allocate_Scope() Port[0x0000000C]  Ver=1.1.0.10(build20210909)
21130421-13:59:28:332761218=Port Allocated OK!
21130421-13:59:28:332761234=Enter API ASD_Open_COMM_HCTL() Com[12]
21130421-13:59:28:332761281=ASD_Open_COMM_HCTL() exception! :Open HCTL COMM failed!
AppStart332772781=21130421-13:59:40 : APP StartDLL() 1.1.0.10(build20210909)
21130421-13:59:40:332772796=Enter API ASD_Allocate_Scope() Port[0x0000000C]  Ver=1.1.0.10(build20210909)
21130421-13:59:40:332772812=Port Allocated OK!
21130421-13:59:40:332772828=Enter API ASD_Open_COMM_HCTL() Com[12]
21130421-13:59:40:332772843=DDBUG CCOMM_THREAD::start_thread  1
21130421-13:59:40:332772875=S2 COMM_HCTL::Com_Thread_Start() enter loop......

21130421-13:59:40:332772890=Enter CASD_SCOPE::SetCommObject()
21130421-13:59:40:332772921=initCommScope(): Dev(3, 7, 0), ScoptType=501, CH_Size=8, 
21130421-13:59:40:332772953=Scope_Second=1, Base_Second=20, nBufSize=160001, new_dDSP_Data_Ts=0.125000, strTimeFormat=%0.3f(ms)
21130421-13:59:40:332772968=Enter CASD_SCOPE::Scope_Write_Settings() 
21130421-13:59:40:332772984=Enter CSCOPE_WORKER::Scope_Write_Setting_Before_Run() 
21130421-13:59:40:332773000=Enter CSCOPE_COMM::resetScpComm()
21130421-13:59:40:332773015=COMM_HCT::SetScopeDecoder
21130421-13:59:40:332773031=Enter CSCOPE_COMM::resetScpComm() OK
21130421-13:59:40:332773046=CH[1] is 32Bit=1, CmdVal=0x0C598
21130421-13:59:40:332773062=CH[2] is 32Bit=1, CmdVal=0x0C59A
21130421-13:59:40:332773078=CH[3] is 32Bit=1, CmdVal=0x0C598
21130421-13:59:40:332773093=CH[4] is 32Bit=1, CmdVal=0x0C59A
21130421-13:59:40:332773109=CH[5] is 32Bit=1, CmdVal=0x0C59C
21130421-13:59:40:332773125=CH[6] is 32Bit=1, CmdVal=0x0C5AA
21130421-13:59:40:332773140=CH[7] is 32Bit=1, CmdVal=0x0C59C
21130421-13:59:40:332773156=Enter CSCOPE_WORKER::Arrange_CH_32bit() OK
21130421-13:59:40:332773171=Sample rate=8000, ScopeTimeSec=1, PM_Data_Size=800, 
21130421-13:59:40:332773187=CSCOPE_PACKET_PARSER::initAllocation(8)
21130421-13:59:40:332773203=Enter CScope_Decoder::Setup_Paraer()
21130421-13:59:40:332773218=Decide_CH_Get_Func() : CH[0] b32=1, CH_DataType=2 
21130421-13:59:40:332773234=Decide_CH_Get_Func() : CH[1] b32=1, CH_DataType=2
21130421-13:59:40:332773250=Decide_CH_Get_Func() : CH[2] b32=1, CH_DataType=2
21130421-13:59:40:332773265=Decide_CH_Get_Func() : CH[3] b32=1, CH_DataType=2
21130421-13:59:40:332773281=Decide_CH_Get_Func() : CH[4] b32=1, CH_DataType=2
21130421-13:59:40:332773296=Decide_CH_Get_Func() : CH[5] b32=1, CH_DataType=2
21130421-13:59:40:332773312=Decide_CH_Get_Func() : CH[6] b32=1, CH_DataType=2
21130421-13:59:40:332773328=Enter CScope_Decoder::resetScpDecoder() OK
21130421-13:59:40:332773343=   call m_pScpCom->WriteScopeCmd_Start()
21130421-13:59:40:332773359=CH1 P0-4 nCmdVal=0xC598(50584)

21130421-13:59:40:332773375=CH2 P0-6 nCmdVal=0xC59A(50586)

21130421-13:59:40:332773390=CH3 P0-5 nCmdVal=0xC598(50584)

21130421-13:59:40:332773406=CH4 P0-7 nCmdVal=0xC59A(50586)

21130421-13:59:40:332773421=CH5 P0-65 nCmdVal=0xC59C(50588)

21130421-13:59:40:332773437=CH6 P0-67 nCmdVal=0xC5AA(50602)

21130421-13:59:40:332773453=CH7 P0-66 nCmdVal=0xC59C(50588)

21130421-13:59:40:332773468=CH8 P0-68 nCmdVal=0xC5AA(50602)

21130421-13:59:40:332773484=Enter COMM_HCT::Write_N_RTU()
21130421-13:59:41:332773500=Enter CSCOPE_COMM::Write_CH_Cmd() OK
21130421-13:59:41:332773531=Enter CSCOPE_WORKER::WriteScopeCmd_Start() OK
21130421-13:59:41:332773546=Enter CASD_SCOPE::Scope_Run() OK! 
21130421-13:59:41:332773562=Enter API ASD_Scope_Run() OK
21130421-13:59:44:332776734=Enter CASD_SCOPE::Scope_Reset_Before_Run() 
21130421-13:59:44:332776765=Enter CSCOPE_WORKER::Scope_Reset_CH_Before_Run() 
21130421-13:59:44:332776781=Enter CSCOPE_COMM::resetScpComm()
21130421-13:59:44:332776796=COMM_HCT::SetScopeDecoder
21130421-13:59:44:332776812=Enter CSCOPE_COMM::resetScpComm() OK
21130421-13:59:44:332776828=Enter CScope_Decoder::resetScpDecoder() 
21130421-13:59:44:332776843=Sample rate=8000, ScopeTimeSec=1, PM_Data_Size=800,
21130421-13:59:44:332776859=CSCOPE_PACKET_PARSER::initAllocation(8)
21130421-13:59:44:332776875=Enter CScope_Decoder::Setup_Paraer()
21130421-13:59:44:332776890=Decide_CH_Get_Func() : CH[0] b32=1, CH_DataType=2 
21130421-13:59:44:332776921=Decide_CH_Get_Func() : CH[1] b32=1, CH_DataType=2
21130421-13:59:44:332776937=Decide_CH_Get_Func() : CH[2] b32=1, CH_DataType=2
21130421-13:59:44:332776953=Decide_CH_Get_Func() : CH[3] b32=1, CH_DataType=2
21130421-13:59:44:332776968=Decide_CH_Get_Func() : CH[4] b32=1, CH_DataType=2
21130421-13:59:44:332776984=Decide_CH_Get_Func() : CH[5] b32=1, CH_DataType=2
21130421-13:59:44:332777000=Decide_CH_Get_Func() : CH[6] b32=1, CH_DataType=2
21130421-13:59:44:332777015=Enter CScope_Decoder::resetScpDecoder() OK
21130421-13:59:44:332777046=Scope_Reset_CH_Before_Run() time=0, 47, 219, 0 
21130421-13:59:44:332777062=Enter CSCOPE_WORKER::Scope_Reset_CH_Before_Run() OK
21130421-13:59:44:332777078=Enter CASD_SCOPE::Scope_Reset_Before_Run() OK! 
21130421-13:59:44:332777093=ASD_Scope_Reset_Before_Run() time=0, 344
21130421-13:59:44:332777109=ASD_Scope_Reset_Before_Run() OK
21130421-13:59:44:332777125=Enter COMM_HCT::Write_N_RTU()
21130421-14:0:32:332825343=Enter COMM_HCT::Write_N_RTU()
21130421-14:0:51:332843593=Enter API ASD_Scope_Stop() Port[0x0000000C]
21130421-14:0:51:332843609=Enter CASD_SCOPE::Scope_Stop()
21130421-14:0:51:332843625=Enter CSCOPE_WORKER::StopScope()
21130421-14:0:51:332843640=Enter CSCOPE_COMM::WriteScopeCmd_Stop()
21130421-14:0:51:332843656=Enter CSCOPE_COMM::Close_ScpCmd()
21130421-14:0:51:332843671=Enter CSCOPE_COMM::StopScope()
21130421-14:0:51:332843687=Enter COMM_HCT::Write_N_RTU()
21130421-14:0:51:332843750=Enter COMM_HCT::Write_N_RTU()
21130421-14:0:51:332843765=mr_pCommASD->Write_N(3,8) time=0, 0
21130421-14:0:51:332843781=Enter CSCOPE_COMM::StopScope() OK
21130421-14:0:51:332843796=CSCOPE_COMM::Close_ScpCmd() time=125, 125
21130421-14:0:51:332843812=Enter CSCOPE_COMM::Close_ScpCmd() OK
21130421-14:0:51:332843828=Enter CSCOPE_COMM::WriteScopeCmd_Stop() OK
21130421-14:0:51:332843843=Enter CSCOPE_WORKER::StopScope() OK
21130421-14:0:51:332843859=Enter CASD_SCOPE::Scope_Stop() OK
21130421-14:0:51:332843875=Enter API ASD_Scope_Reset_Before_Run() Port[0x0000000C]
21130421-14:0:51:332843890=Enter CASD_SCOPE::Scope_Reset_Before_Run() 
21130421-14:0:51:332843906=Enter CSCOPE_WORKER::Scope_Reset_CH_Before_Run() 
21130421-14:0:51:332843921=Enter CSCOPE_COMM::resetScpComm()
21130421-14:0:51:332843937=COMM_HCT::SetScopeDecoder
21130421-14:0:51:332843953=Enter CSCOPE_COMM::resetScpComm() OK
21130421-14:0:51:332843968=Sample rate=8000, ScopeTimeSec=1, PM_Data_Size=800, 
21130421-14:0:51:332843984=CSCOPE_PACKET_PARSER::initAllocation(8)
21130421-14:0:51:332844000=Enter CScope_Decoder::Setup_Paraer()
21130421-14:0:51:332844015=Decide_CH_Get_Func() : CH[0] b32=1, CH_DataType=2 
21130421-14:0:51:332844046=Decide_CH_Get_Func() : CH[1] b32=1, CH_DataType=2
21130421-14:0:51:332844062=Decide_CH_Get_Func() : CH[2] b32=1, CH_DataType=2
21130421-14:0:51:332844078=Decide_CH_Get_Func() : CH[3] b32=1, CH_DataType=2
21130421-14:0:51:332844093=Decide_CH_Get_Func() : CH[4] b32=1, CH_DataType=2
21130421-14:0:51:332844109=Decide_CH_Get_Func() : CH[5] b32=1, CH_DataType=2
21130421-14:0:51:332844125=Decide_CH_Get_Func() : CH[6] b32=1, CH_DataType=2
21130421-14:0:51:332844140=Enter CScope_Decoder::resetScpDecoder() OK
21130421-14:0:51:332844171=Scope_Reset_CH_Before_Run() time=0, 47, 203, 0 
21130421-14:0:51:332844187=Enter CSCOPE_WORKER::Scope_Reset_CH_Before_Run() OK
21130421-14:0:51:332844203=Enter CASD_SCOPE::Scope_Reset_Before_Run() OK! 
21130421-14:0:51:332844218=ASD_Scope_Reset_Before_Run() time=0, 313
21130421-14:0:51:332844234=ASD_Scope_Reset_Before_Run() OK
21130421-14:4:25:333057500=Enter COMM_HCT::Write_N_RTU()
21130421-14:4:30:333063234=Enter API ASD_Scope_Stop() Port[0x0000000C]
21130421-14:4:30:333063250=Enter CASD_SCOPE::Scope_Stop()
21130421-14:4:30:333063265=Enter CSCOPE_WORKER::StopScope()
21130421-14:4:30:333063281=Enter CSCOPE_COMM::WriteScopeCmd_Stop()
21130421-14:4:30:333063296=Enter CSCOPE_COMM::Close_ScpCmd()
21130421-14:4:30:333063312=Enter CSCOPE_COMM::StopScope()
21130421-14:4:30:333063328=Enter COMM_HCT::Write_N_RTU()
21130421-14:4:30:333063390=Enter COMM_HCT::Write_N_RTU()
21130421-14:4:30:333063406=mr_pCommASD->Write_N(3,8) time=0, 0
21130421-14:4:30:333063421=Enter CSCOPE_COMM::StopScope() OK
21130421-14:4:30:333063437=CSCOPE_COMM::Close_ScpCmd() time=125, 125
21130421-14:4:30:333063453=Enter CSCOPE_COMM::Close_ScpCmd() OK
21130421-14:4:30:333063468=Enter CSCOPE_COMM::WriteScopeCmd_Stop() OK
21130421-14:4:30:333063484=Enter CSCOPE_WORKER::StopScope() OK
21130421-14:4:31:333063500=Enter CASD_SCOPE::Scope_Stop() OK
21130421-14:4:31:333063515=Enter API ASD_Scope_Reset_Before_Run() Port[0x0000000C]
21130421-14:4:31:333063531=Enter CASD_SCOPE::Scope_Reset_Before_Run() 
21130421-14:4:31:333063546=Enter CSCOPE_WORKER::Scope_Reset_CH_Before_Run() 
21130421-14:4:31:333063562=Enter CSCOPE_COMM::resetScpComm()
21130421-14:4:31:333063578=COMM_HCT::SetScopeDecoder
21130421-14:4:31:333063593=Enter CSCOPE_COMM::resetScpComm() OK
21130421-14:4:31:333063609=Sample rate=8000, ScopeTimeSec=1, PM_Data_Size=800, 
21130421-14:4:31:333063625=CSCOPE_PACKET_PARSER::initAllocation(8)
21130421-14:4:31:333063640=Enter CScope_Decoder::Setup_Paraer()
21130421-14:4:31:333063656=Decide_CH_Get_Func() : CH[0] b32=1, CH_DataType=2 
21130421-14:4:31:333063687=Decide_CH_Get_Func() : CH[1] b32=1, CH_DataType=2
21130421-14:4:31:333063703=Decide_CH_Get_Func() : CH[2] b32=1, CH_DataType=2
21130421-14:4:31:333063718=Decide_CH_Get_Func() : CH[3] b32=1, CH_DataType=2
21130421-14:4:31:333063734=Decide_CH_Get_Func() : CH[4] b32=1, CH_DataType=2
21130421-14:4:31:333063750=Decide_CH_Get_Func() : CH[5] b32=1, CH_DataType=2
21130421-14:4:31:333063765=Decide_CH_Get_Func() : CH[6] b32=1, CH_DataType=2
21130421-14:4:31:333063781=Enter CScope_Decoder::resetScpDecoder() OK
21130421-14:4:31:333063812=Scope_Reset_CH_Before_Run() time=0, 47, 203, 0 
21130421-14:4:31:333063828=Enter CSCOPE_WORKER::Scope_Reset_CH_Before_Run() OK
21130421-14:4:31:333063843=Enter CASD_SCOPE::Scope_Reset_Before_Run() OK! 
21130421-14:4:31:333063859=ASD_Scope_Reset_Before_Run() time=0, 312
21130421-14:4:31:333063875=ASD_Scope_Reset_Before_Run() OK
21130421-14:9:49:333382421=Enter COMM_HCT::Write_N_RTU()
21130421-14:10:8:333400593=Enter API ASD_Scope_Stop() Port[0x0000000C]
21130421-14:10:8:333400609=Enter CASD_SCOPE::Scope_Stop()
21130421-14:10:8:333400625=Enter CSCOPE_WORKER::StopScope()
21130421-14:10:8:333400640=Enter CSCOPE_COMM::WriteScopeCmd_Stop()
21130421-14:10:8:333400656=Enter CSCOPE_COMM::Close_ScpCmd()
21130421-14:10:8:333400671=Enter CSCOPE_COMM::StopScope()
21130421-14:10:8:333400687=Enter COMM_HCT::Write_N_RTU()
21130421-14:10:8:333400750=Enter COMM_HCT::Write_N_RTU()
21130421-14:10:8:333400765=mr_pCommASD->Write_N(3,8) time=0, 0
21130421-14:10:8:333400781=Enter CSCOPE_COMM::StopScope() OK
21130421-14:10:8:333400796=CSCOPE_COMM::Close_ScpCmd() time=125, 125
21130421-14:10:8:333400812=Enter CSCOPE_COMM::Close_ScpCmd() OK
21130421-14:10:8:333400828=Enter CSCOPE_COMM::WriteScopeCmd_Stop() OK
21130421-14:10:8:333400843=Enter CSCOPE_WORKER::StopScope() OK
21130421-14:10:8:333400859=Enter CASD_SCOPE::Scope_Stop() OK
21130421-14:10:8:333400875=Enter API ASD_Scope_Reset_Before_Run() Port[0x0000000C]
21130421-14:10:8:333400890=Enter CASD_SCOPE::Scope_Reset_Before_Run() 
21130421-14:10:8:333400906=Enter CSCOPE_WORKER::Scope_Reset_CH_Before_Run() 
21130421-14:10:8:333400921=Enter CSCOPE_COMM::resetScpComm()
21130421-14:10:8:333400937=COMM_HCT::SetScopeDecoder
21130421-14:10:8:333400953=Enter CSCOPE_COMM::resetScpComm() OK
21130421-14:10:8:333400968=Sample rate=8000, ScopeTimeSec=1, PM_Data_Size=800, 
21130421-14:10:8:333400984=CSCOPE_PACKET_PARSER::initAllocation(8)
21130421-14:10:8:333401000=Enter CScope_Decoder::Setup_Paraer()
21130421-14:10:8:333401015=Decide_CH_Get_Func() : CH[0] b32=1, CH_DataType=2 
21130421-14:10:8:333401046=Decide_CH_Get_Func() : CH[1] b32=1, CH_DataType=2
21130421-14:10:8:333401062=Decide_CH_Get_Func() : CH[2] b32=1, CH_DataType=2
21130421-14:10:8:333401078=Decide_CH_Get_Func() : CH[3] b32=1, CH_DataType=2
21130421-14:10:8:333401093=Decide_CH_Get_Func() : CH[4] b32=1, CH_DataType=2
21130421-14:10:8:333401109=Decide_CH_Get_Func() : CH[5] b32=1, CH_DataType=2
21130421-14:10:8:333401125=Decide_CH_Get_Func() : CH[6] b32=1, CH_DataType=2
21130421-14:10:8:333401140=Enter CScope_Decoder::resetScpDecoder() OK
21130421-14:10:8:333401171=Scope_Reset_CH_Before_Run() time=0, 47, 203, 0 
21130421-14:10:8:333401187=Enter CSCOPE_WORKER::Scope_Reset_CH_Before_Run() OK
21130421-14:10:8:333401203=Enter CASD_SCOPE::Scope_Reset_Before_Run() OK! 
21130421-14:10:8:333401218=ASD_Scope_Reset_Before_Run() time=0, 328
21130421-14:10:8:333401234=ASD_Scope_Reset_Before_Run() OK
21130421-14:10:55:333448453=Enter COMM_HCT::Write_N_RTU()
21130421-14:11:0:333453171=Enter API ASD_Scope_Stop() Port[0x0000000C]
21130421-14:11:0:333453187=Enter CASD_SCOPE::Scope_Stop()
21130421-14:11:0:333453218=Enter CSCOPE_WORKER::StopScope()
21130421-14:11:0:333453234=Enter CSCOPE_COMM::WriteScopeCmd_Stop()
21130421-14:11:0:333453250=Enter CSCOPE_COMM::Close_ScpCmd()
21130421-14:11:0:333453265=Enter CSCOPE_COMM::StopScope()
21130421-14:11:0:333453281=Enter COMM_HCT::Write_N_RTU()
21130421-14:11:0:333453343=Enter COMM_HCT::Write_N_RTU()
21130421-14:11:0:333453359=mr_pCommASD->Write_N(3,8) time=0, 0
21130421-14:11:0:333453375=Enter CSCOPE_COMM::StopScope() OK
21130421-14:11:0:333453390=CSCOPE_COMM::Close_ScpCmd() time=125, 125
21130421-14:11:0:333453406=Enter CSCOPE_COMM::Close_ScpCmd() OK
21130421-14:11:0:333453421=Enter CSCOPE_COMM::WriteScopeCmd_Stop() OK
21130421-14:11:0:333453437=Enter CSCOPE_WORKER::StopScope() OK
21130421-14:11:0:333453453=Enter CASD_SCOPE::Scope_Stop() OK
21130421-14:11:1:333453468=Enter API ASD_Scope_Reset_Before_Run() Port[0x0000000C]
21130421-14:11:1:333453484=Enter CASD_SCOPE::Scope_Reset_Before_Run() 
21130421-14:11:1:333453500=Enter CSCOPE_WORKER::Scope_Reset_CH_Before_Run() 
21130421-14:11:1:333453515=Enter CSCOPE_COMM::resetScpComm()
21130421-14:11:1:333453531=COMM_HCT::SetScopeDecoder
21130421-14:11:1:333453546=Enter CSCOPE_COMM::resetScpComm() OK
21130421-14:11:1:333453562=Sample rate=8000, ScopeTimeSec=1, PM_Data_Size=800, 
21130421-14:11:1:333453578=CSCOPE_PACKET_PARSER::initAllocation(8)
21130421-14:11:1:333453593=Enter CScope_Decoder::Setup_Paraer()
21130421-14:11:1:333453609=Decide_CH_Get_Func() : CH[0] b32=1, CH_DataType=2 
21130421-14:11:1:333453640=Decide_CH_Get_Func() : CH[1] b32=1, CH_DataType=2
21130421-14:11:1:333453656=Decide_CH_Get_Func() : CH[2] b32=1, CH_DataType=2
21130421-14:11:1:333453671=Decide_CH_Get_Func() : CH[3] b32=1, CH_DataType=2
21130421-14:11:1:333453687=Decide_CH_Get_Func() : CH[4] b32=1, CH_DataType=2
21130421-14:11:1:333453703=Decide_CH_Get_Func() : CH[5] b32=1, CH_DataType=2
21130421-14:11:1:333453718=Decide_CH_Get_Func() : CH[6] b32=1, CH_DataType=2
21130421-14:11:1:333453734=Enter CScope_Decoder::resetScpDecoder() OK
21130421-14:11:1:333453765=Scope_Reset_CH_Before_Run() time=0, 46, 204, 0 
21130421-14:11:1:333453781=Enter CSCOPE_WORKER::Scope_Reset_CH_Before_Run() OK
21130421-14:11:1:333453796=Enter CASD_SCOPE::Scope_Reset_Before_Run() OK! 
21130421-14:11:1:333453812=ASD_Scope_Reset_Before_Run() time=0, 328
21130421-14:11:1:333453828=ASD_Scope_Reset_Before_Run() OK
21130421-14:12:6:333518515=Enter COMM_HCT::Write_N_RTU()
21130421-14:12:31:333543734=Enter API ASD_Scope_Stop() Port[0x0000000C]
21130421-14:12:31:333543796=Enter CASD_SCOPE::Scope_Stop()
21130421-14:12:31:333543875=Enter CSCOPE_WORKER::StopScope()
21130421-14:12:31:333543890=Enter CSCOPE_COMM::WriteScopeCmd_Stop()
21130421-14:12:31:333543937=Enter CSCOPE_COMM::Close_ScpCmd()
21130421-14:12:31:333544000=Enter CSCOPE_COMM::StopScope()
21130421-14:12:31:333544031=Enter COMM_HCT::Write_N_RTU()
21130421-14:12:31:333544093=Enter COMM_HCT::Write_N_RTU()
21130421-14:12:31:333544140=mr_pCommASD->Write_N(3,8) time=32, 32
21130421-14:12:31:333544156=Enter CSCOPE_COMM::StopScope() OK
21130421-14:12:31:333544203=CSCOPE_COMM::Close_ScpCmd() time=203, 203
21130421-14:12:31:333544265=Enter CSCOPE_COMM::Close_ScpCmd() OK
21130421-14:12:31:333544296=Enter CSCOPE_COMM::WriteScopeCmd_Stop() OK
21130421-14:12:31:333544328=Enter CSCOPE_WORKER::StopScope() OK
21130421-14:12:31:333544375=Enter CASD_SCOPE::Scope_Stop() OK
21130421-14:12:31:333544406= API ASD_Scope_Stop() OK
21130421-14:12:31:333544421=Enter API ASD_Close_COMM() Port[0x0000000C]
21130421-14:12:31:333544453=Call CASD_SCOPE::Close_COMM()
21130421-14:12:32:333544484=COMM_HCTL::Com_Thread_Start() loop end! 

21130421-14:12:32:333544578=Enter API ASD_Free_Scope() Port[0x0000000C]
21130421-14:12:32:333544609=Call CASD_SCOPE::Close_COMM()
21130421-14:12:32:333544640=Call CASD_SCOPE::Close_COMM()
AppEnd333544656=21130421-14:12:32 : call EndLog Port[0x0000000C]
